[2025-04-16T12:00:23.044+0000] {local_task_job_runner.py:123} INFO - ::group::Pre task execution logs
[2025-04-16T12:00:23.082+0000] {taskinstance.py:2612} INFO - Dependencies all met for dep_context=non-requeueable deps ti=<TaskInstance: extract_raw_data_pipeline.create_raw_schema scheduled__2025-04-15T07:59:00+00:00 [queued]>
[2025-04-16T12:00:23.105+0000] {taskinstance.py:2612} INFO - Dependencies all met for dep_context=requeueable deps ti=<TaskInstance: extract_raw_data_pipeline.create_raw_schema scheduled__2025-04-15T07:59:00+00:00 [queued]>
[2025-04-16T12:00:23.106+0000] {taskinstance.py:2865} INFO - Starting attempt 1 of 1
[2025-04-16T12:00:23.166+0000] {taskinstance.py:2888} INFO - Executing <Task(SQLExecuteQueryOperator): create_raw_schema> on 2025-04-15 07:59:00+00:00
[2025-04-16T12:00:23.178+0000] {warnings.py:112} WARNING - /home/***/.local/lib/python3.12/site-packages/***/task/task_runner/standard_task_runner.py:70: DeprecationWarning: This process (pid=4427) is multi-threaded, use of fork() may lead to deadlocks in the child.
  pid = os.fork()

[2025-04-16T12:00:23.186+0000] {standard_task_runner.py:72} INFO - Started process 4435 to run task
[2025-04-16T12:00:23.187+0000] {standard_task_runner.py:104} INFO - Running: ['***', 'tasks', 'run', 'extract_raw_data_pipeline', 'create_raw_schema', 'scheduled__2025-04-15T07:59:00+00:00', '--job-id', '120', '--raw', '--subdir', 'DAGS_FOLDER/lead_data_pipeline.py', '--cfg-path', '/tmp/tmp87o3xg8a']
[2025-04-16T12:00:23.189+0000] {standard_task_runner.py:105} INFO - Job 120: Subtask create_raw_schema
[2025-04-16T12:00:23.338+0000] {task_command.py:467} INFO - Running <TaskInstance: extract_raw_data_pipeline.create_raw_schema scheduled__2025-04-15T07:59:00+00:00 [running]> on host c0ac39583bd8
[2025-04-16T12:00:23.577+0000] {taskinstance.py:3131} INFO - Exporting env vars: AIRFLOW_CTX_DAG_OWNER='***' AIRFLOW_CTX_DAG_ID='extract_raw_data_pipeline' AIRFLOW_CTX_TASK_ID='create_raw_schema' AIRFLOW_CTX_EXECUTION_DATE='2025-04-15T07:59:00+00:00' AIRFLOW_CTX_TRY_NUMBER='1' AIRFLOW_CTX_DAG_RUN_ID='scheduled__2025-04-15T07:59:00+00:00'
[2025-04-16T12:00:23.580+0000] {taskinstance.py:731} INFO - ::endgroup::
[2025-04-16T12:00:23.618+0000] {sql.py:266} INFO - Executing: CREATE SCHEMA IF NOT EXISTS lead_raw;
[2025-04-16T12:00:23.649+0000] {base.py:84} INFO - Retrieving connection 'postgres_conn'
[2025-04-16T12:00:23.716+0000] {base.py:84} INFO - Retrieving connection 'postgres_conn'
[2025-04-16T12:00:23.723+0000] {sql.py:509} INFO - Running statement: CREATE SCHEMA IF NOT EXISTS lead_raw;, parameters: None
[2025-04-16T12:00:23.750+0000] {taskinstance.py:340} INFO - ::group::Post task execution logs
[2025-04-16T12:00:23.751+0000] {taskinstance.py:352} INFO - Marking task as SUCCESS. dag_id=extract_raw_data_pipeline, task_id=create_raw_schema, run_id=scheduled__2025-04-15T07:59:00+00:00, execution_date=20250415T075900, start_date=20250416T120023, end_date=20250416T120023
[2025-04-16T12:00:23.814+0000] {local_task_job_runner.py:266} INFO - Task exited with return code 0
[2025-04-16T12:00:23.870+0000] {taskinstance.py:3900} INFO - 0 downstream tasks scheduled from follow-on schedule check
[2025-04-16T12:00:23.887+0000] {local_task_job_runner.py:245} INFO - ::endgroup::
