[2025-04-17T07:02:44.863+0000] {local_task_job_runner.py:123} INFO - ::group::Pre task execution logs
[2025-04-17T07:02:44.965+0000] {taskinstance.py:2612} INFO - Dependencies all met for dep_context=non-requeueable deps ti=<TaskInstance: extract_raw_data_pipeline.run_dbt_staging scheduled__2025-04-17T07:01:00+00:00 [queued]>
[2025-04-17T07:02:45.011+0000] {taskinstance.py:2612} INFO - Dependencies all met for dep_context=requeueable deps ti=<TaskInstance: extract_raw_data_pipeline.run_dbt_staging scheduled__2025-04-17T07:01:00+00:00 [queued]>
[2025-04-17T07:02:45.015+0000] {taskinstance.py:2865} INFO - Starting attempt 1 of 1
[2025-04-17T07:02:45.108+0000] {taskinstance.py:2888} INFO - Executing <Task(BashOperator): run_dbt_staging> on 2025-04-17 07:01:00+00:00
[2025-04-17T07:02:45.135+0000] {warnings.py:112} WARNING - /home/***/.local/lib/python3.12/site-packages/***/task/task_runner/standard_task_runner.py:70: DeprecationWarning: This process (pid=12148) is multi-threaded, use of fork() may lead to deadlocks in the child.
  pid = os.fork()

[2025-04-17T07:02:45.146+0000] {standard_task_runner.py:72} INFO - Started process 12157 to run task
[2025-04-17T07:02:45.147+0000] {standard_task_runner.py:104} INFO - Running: ['***', 'tasks', 'run', 'extract_raw_data_pipeline', 'run_dbt_staging', 'scheduled__2025-04-17T07:01:00+00:00', '--job-id', '142', '--raw', '--subdir', 'DAGS_FOLDER/lead_data_pipeline.py', '--cfg-path', '/tmp/tmp63rsddgz']
[2025-04-17T07:02:45.155+0000] {standard_task_runner.py:105} INFO - Job 142: Subtask run_dbt_staging
[2025-04-17T07:02:45.480+0000] {task_command.py:467} INFO - Running <TaskInstance: extract_raw_data_pipeline.run_dbt_staging scheduled__2025-04-17T07:01:00+00:00 [running]> on host c0ac39583bd8
[2025-04-17T07:02:46.054+0000] {taskinstance.py:3131} INFO - Exporting env vars: AIRFLOW_CTX_DAG_OWNER='***' AIRFLOW_CTX_DAG_ID='extract_raw_data_pipeline' AIRFLOW_CTX_TASK_ID='run_dbt_staging' AIRFLOW_CTX_EXECUTION_DATE='2025-04-17T07:01:00+00:00' AIRFLOW_CTX_TRY_NUMBER='1' AIRFLOW_CTX_DAG_RUN_ID='scheduled__2025-04-17T07:01:00+00:00'
[2025-04-17T07:02:46.059+0000] {taskinstance.py:731} INFO - ::endgroup::
[2025-04-17T07:02:46.152+0000] {subprocess.py:63} INFO - Tmp dir root location: /tmp
[2025-04-17T07:02:46.158+0000] {subprocess.py:75} INFO - Running command: ['/usr/bin/bash', '-c', 'set -x; cd /opt/***/dbt && dbt run --select tag:staging']
[2025-04-17T07:02:46.208+0000] {subprocess.py:86} INFO - Output:
[2025-04-17T07:02:46.219+0000] {subprocess.py:93} INFO - + cd /opt/***/dbt
[2025-04-17T07:02:46.223+0000] {subprocess.py:93} INFO - + dbt run --select tag:staging
[2025-04-17T07:09:20.728+0000] {job.py:229} INFO - Heartbeat recovered after 390.46 seconds
[2025-04-17T07:09:22.809+0000] {subprocess.py:93} INFO - [0m07:09:22  Running with dbt=1.8.0
[2025-04-17T07:09:23.158+0000] {subprocess.py:93} INFO - [0m07:09:23  Registered adapter: postgres=1.8.2
[2025-04-17T07:09:23.684+0000] {subprocess.py:93} INFO - [0m07:09:23  Found 9 models, 10 sources, 428 macros
[2025-04-17T07:09:23.698+0000] {subprocess.py:93} INFO - [0m07:09:23
[2025-04-17T07:09:23.843+0000] {subprocess.py:93} INFO - [0m07:09:23  Concurrency: 1 threads (target='dev')
[2025-04-17T07:09:23.844+0000] {subprocess.py:93} INFO - [0m07:09:23
[2025-04-17T07:09:23.856+0000] {subprocess.py:93} INFO - [0m07:09:23  1 of 5 START sql table model lead_staging.dim_address .......................... [RUN]
[2025-04-17T07:09:31.657+0000] {subprocess.py:93} INFO - [0m07:09:31  1 of 5 OK created sql table model lead_staging.dim_address ..................... [[32mSELECT 3108892[0m in 7.79s]
[2025-04-17T07:09:31.677+0000] {subprocess.py:93} INFO - [0m07:09:31  2 of 5 START sql table model lead_staging.dim_date ............................. [RUN]
[2025-04-17T07:16:01.787+0000] {job.py:229} INFO - Heartbeat recovered after 380.63 seconds
[2025-04-17T07:28:06.608+0000] {job.py:229} INFO - Heartbeat recovered after 678.09 seconds
[2025-04-17T07:30:05.089+0000] {subprocess.py:93} INFO - [0m07:30:05  2 of 5 OK created sql table model lead_staging.dim_date ........................ [[32mSELECT 3319244[0m in 1233.41s]
[2025-04-17T07:30:05.093+0000] {subprocess.py:93} INFO - [0m07:30:05  3 of 5 START sql table model lead_staging.dim_finance .......................... [RUN]
[2025-04-17T07:30:32.233+0000] {subprocess.py:93} INFO - [0m07:30:32  3 of 5 OK created sql table model lead_staging.dim_finance ..................... [[32mSELECT 4376994[0m in 27.14s]
[2025-04-17T07:30:32.236+0000] {subprocess.py:93} INFO - [0m07:30:32  4 of 5 START sql table model lead_staging.dim_person ........................... [RUN]
[2025-04-17T07:33:20.754+0000] {subprocess.py:93} INFO - [0m07:33:20  4 of 5 OK created sql table model lead_staging.dim_person ...................... [[32mSELECT 4590259[0m in 168.51s]
[2025-04-17T07:33:20.760+0000] {subprocess.py:93} INFO - [0m07:33:20  5 of 5 START sql table model lead_staging.fact_network_usage ................... [RUN]
[2025-04-17T07:34:38.175+0000] {subprocess.py:93} INFO - [0m07:34:38  5 of 5 OK created sql table model lead_staging.fact_network_usage .............. [[32mSELECT 5234791[0m in 77.41s]
[2025-04-17T07:34:38.206+0000] {subprocess.py:93} INFO - [0m07:34:38
[2025-04-17T07:34:38.207+0000] {subprocess.py:93} INFO - [0m07:34:38  Finished running 5 table models in 0 hours 25 minutes and 14.50 seconds (1514.50s).
[2025-04-17T07:34:38.285+0000] {subprocess.py:93} INFO - [0m07:34:38
[2025-04-17T07:34:38.286+0000] {subprocess.py:93} INFO - [0m07:34:38  [32mCompleted successfully[0m
[2025-04-17T07:34:38.287+0000] {subprocess.py:93} INFO - [0m07:34:38
[2025-04-17T07:34:38.288+0000] {subprocess.py:93} INFO - [0m07:34:38  Done. PASS=5 WARN=0 ERROR=0 SKIP=0 TOTAL=5
[2025-04-17T07:34:39.486+0000] {subprocess.py:97} INFO - Command exited with return code 0
[2025-04-17T07:34:39.590+0000] {taskinstance.py:340} INFO - ::group::Post task execution logs
[2025-04-17T07:34:39.591+0000] {taskinstance.py:352} INFO - Marking task as SUCCESS. dag_id=extract_raw_data_pipeline, task_id=run_dbt_staging, run_id=scheduled__2025-04-17T07:01:00+00:00, execution_date=20250417T070100, start_date=20250417T070244, end_date=20250417T073439
[2025-04-17T07:34:39.629+0000] {local_task_job_runner.py:266} INFO - Task exited with return code 0
[2025-04-17T07:34:39.660+0000] {taskinstance.py:3900} INFO - 1 downstream tasks scheduled from follow-on schedule check
[2025-04-17T07:34:39.672+0000] {local_task_job_runner.py:245} INFO - ::endgroup::
