[2025-04-14T10:21:15.503+0000] {local_task_job_runner.py:123} INFO - ::group::Pre task execution logs
[2025-04-14T10:21:15.519+0000] {taskinstance.py:2612} INFO - Dependencies all met for dep_context=non-requeueable deps ti=<TaskInstance: extract_raw_data_pipeline.run_dbt_trusted manual__2025-04-14T10:21:04.298934+00:00 [queued]>
[2025-04-14T10:21:15.527+0000] {taskinstance.py:2612} INFO - Dependencies all met for dep_context=requeueable deps ti=<TaskInstance: extract_raw_data_pipeline.run_dbt_trusted manual__2025-04-14T10:21:04.298934+00:00 [queued]>
[2025-04-14T10:21:15.527+0000] {taskinstance.py:2865} INFO - Starting attempt 1 of 1
[2025-04-14T10:21:15.540+0000] {taskinstance.py:2888} INFO - Executing <Task(BashOperator): run_dbt_trusted> on 2025-04-14 10:21:04.298934+00:00
[2025-04-14T10:21:15.545+0000] {warnings.py:112} WARNING - /home/***/.local/lib/python3.12/site-packages/***/task/task_runner/standard_task_runner.py:70: DeprecationWarning: This process (pid=283) is multi-threaded, use of fork() may lead to deadlocks in the child.
  pid = os.fork()

[2025-04-14T10:21:15.546+0000] {standard_task_runner.py:72} INFO - Started process 285 to run task
[2025-04-14T10:21:15.547+0000] {standard_task_runner.py:104} INFO - Running: ['***', 'tasks', 'run', 'extract_raw_data_pipeline', 'run_dbt_trusted', 'manual__2025-04-14T10:21:04.298934+00:00', '--job-id', '42', '--raw', '--subdir', 'DAGS_FOLDER/lead_data_pipeline.py', '--cfg-path', '/tmp/tmpdodisl0j']
[2025-04-14T10:21:15.548+0000] {standard_task_runner.py:105} INFO - Job 42: Subtask run_dbt_trusted
[2025-04-14T10:21:15.591+0000] {task_command.py:467} INFO - Running <TaskInstance: extract_raw_data_pipeline.run_dbt_trusted manual__2025-04-14T10:21:04.298934+00:00 [running]> on host 9276b9d03819
[2025-04-14T10:21:15.666+0000] {taskinstance.py:3131} INFO - Exporting env vars: AIRFLOW_CTX_DAG_OWNER='***' AIRFLOW_CTX_DAG_ID='extract_raw_data_pipeline' AIRFLOW_CTX_TASK_ID='run_dbt_trusted' AIRFLOW_CTX_EXECUTION_DATE='2025-04-14T10:21:04.298934+00:00' AIRFLOW_CTX_TRY_NUMBER='1' AIRFLOW_CTX_DAG_RUN_ID='manual__2025-04-14T10:21:04.298934+00:00'
[2025-04-14T10:21:15.667+0000] {taskinstance.py:731} INFO - ::endgroup::
[2025-04-14T10:21:15.680+0000] {subprocess.py:63} INFO - Tmp dir root location: /tmp
[2025-04-14T10:21:15.681+0000] {subprocess.py:75} INFO - Running command: ['/usr/bin/bash', '-c', 'set -x; cd /opt/***/dbt && dbt run --select tag:trusted']
[2025-04-14T10:21:15.690+0000] {subprocess.py:86} INFO - Output:
[2025-04-14T10:21:15.693+0000] {subprocess.py:93} INFO - + cd /opt/***/dbt
[2025-04-14T10:21:15.693+0000] {subprocess.py:93} INFO - + dbt run --select tag:trusted
[2025-04-14T10:21:17.740+0000] {subprocess.py:93} INFO - [0m10:21:17  Running with dbt=1.8.0
[2025-04-14T10:21:18.000+0000] {subprocess.py:93} INFO - [0m10:21:18  Registered adapter: postgres=1.8.2
[2025-04-14T10:21:18.360+0000] {subprocess.py:93} INFO - [0m10:21:18  Found 9 models, 10 sources, 428 macros
[2025-04-14T10:21:18.362+0000] {subprocess.py:93} INFO - [0m10:21:18
[2025-04-14T10:21:18.477+0000] {subprocess.py:93} INFO - [0m10:21:18  Concurrency: 1 threads (target='dev')
[2025-04-14T10:21:18.478+0000] {subprocess.py:93} INFO - [0m10:21:18
[2025-04-14T10:21:18.489+0000] {subprocess.py:93} INFO - [0m10:21:18  1 of 4 START sql table model lead_trusted.non_pii_data ......................... [RUN]
[2025-04-14T10:21:20.391+0000] {subprocess.py:93} INFO - [0m10:21:20  1 of 4 OK created sql table model lead_trusted.non_pii_data .................... [[32mSELECT 102322[0m in 1.90s]
[2025-04-14T10:21:20.394+0000] {subprocess.py:93} INFO - [0m10:21:20  2 of 4 START sql table model lead_trusted.payment_data ......................... [RUN]
[2025-04-14T10:21:20.991+0000] {subprocess.py:93} INFO - [0m10:21:20  2 of 4 OK created sql table model lead_trusted.payment_data .................... [[32mSELECT 102322[0m in 0.60s]
[2025-04-14T10:21:20.994+0000] {subprocess.py:93} INFO - [0m10:21:20  3 of 4 START sql table model lead_trusted.pii_data ............................. [RUN]
[2025-04-14T10:21:23.024+0000] {subprocess.py:93} INFO - [0m10:21:23  3 of 4 OK created sql table model lead_trusted.pii_data ........................ [[32mSELECT 102322[0m in 2.03s]
[2025-04-14T10:21:23.027+0000] {subprocess.py:93} INFO - [0m10:21:23  4 of 4 START sql table model lead_trusted.technical_data ....................... [RUN]
[2025-04-14T10:21:23.653+0000] {subprocess.py:93} INFO - [0m10:21:23  4 of 4 OK created sql table model lead_trusted.technical_data .................. [[32mSELECT 102322[0m in 0.62s]
[2025-04-14T10:21:23.668+0000] {subprocess.py:93} INFO - [0m10:21:23
[2025-04-14T10:21:23.669+0000] {subprocess.py:93} INFO - [0m10:21:23  Finished running 4 table models in 0 hours 0 minutes and 5.30 seconds (5.30s).
[2025-04-14T10:21:23.725+0000] {subprocess.py:93} INFO - [0m10:21:23
[2025-04-14T10:21:23.726+0000] {subprocess.py:93} INFO - [0m10:21:23  [32mCompleted successfully[0m
[2025-04-14T10:21:23.727+0000] {subprocess.py:93} INFO - [0m10:21:23
[2025-04-14T10:21:23.728+0000] {subprocess.py:93} INFO - [0m10:21:23  Done. PASS=4 WARN=0 ERROR=0 SKIP=0 TOTAL=4
[2025-04-14T10:21:24.540+0000] {subprocess.py:97} INFO - Command exited with return code 0
[2025-04-14T10:21:24.567+0000] {taskinstance.py:340} INFO - ::group::Post task execution logs
[2025-04-14T10:21:24.568+0000] {taskinstance.py:352} INFO - Marking task as SUCCESS. dag_id=extract_raw_data_pipeline, task_id=run_dbt_trusted, run_id=manual__2025-04-14T10:21:04.298934+00:00, execution_date=20250414T102104, start_date=20250414T102115, end_date=20250414T102124
[2025-04-14T10:21:24.610+0000] {local_task_job_runner.py:266} INFO - Task exited with return code 0
[2025-04-14T10:21:24.623+0000] {taskinstance.py:3900} INFO - 0 downstream tasks scheduled from follow-on schedule check
[2025-04-14T10:21:24.625+0000] {local_task_job_runner.py:245} INFO - ::endgroup::
