[2025-05-06T13:54:54.251+0000] {local_task_job_runner.py:123} INFO - ::group::Pre task execution logs
[2025-05-06T13:54:54.268+0000] {taskinstance.py:2612} INFO - Dependencies all met for dep_context=non-requeueable deps ti=<TaskInstance: extract_raw_data_pipeline2.load_raw_data scheduled__2025-05-05T00:00:00+00:00 [queued]>
[2025-05-06T13:54:54.278+0000] {taskinstance.py:2612} INFO - Dependencies all met for dep_context=requeueable deps ti=<TaskInstance: extract_raw_data_pipeline2.load_raw_data scheduled__2025-05-05T00:00:00+00:00 [queued]>
[2025-05-06T13:54:54.279+0000] {taskinstance.py:2865} INFO - Starting attempt 1 of 1
[2025-05-06T13:54:54.291+0000] {taskinstance.py:2888} INFO - Executing <Task(SQLExecuteQueryOperator): load_raw_data> on 2025-05-05 00:00:00+00:00
[2025-05-06T13:54:54.296+0000] {warnings.py:112} WARNING - /home/***/.local/lib/python3.12/site-packages/***/task/task_runner/standard_task_runner.py:70: DeprecationWarning: This process (pid=1337) is multi-threaded, use of fork() may lead to deadlocks in the child.
  pid = os.fork()

[2025-05-06T13:54:54.298+0000] {standard_task_runner.py:72} INFO - Started process 1384 to run task
[2025-05-06T13:54:54.298+0000] {standard_task_runner.py:104} INFO - Running: ['***', 'tasks', 'run', 'extract_raw_data_pipeline2', 'load_raw_data', 'scheduled__2025-05-05T00:00:00+00:00', '--job-id', '28', '--raw', '--subdir', 'DAGS_FOLDER/lead_data_pipeline copy.py', '--cfg-path', '/tmp/tmpt75pya34']
[2025-05-06T13:54:54.300+0000] {standard_task_runner.py:105} INFO - Job 28: Subtask load_raw_data
[2025-05-06T13:54:54.347+0000] {task_command.py:467} INFO - Running <TaskInstance: extract_raw_data_pipeline2.load_raw_data scheduled__2025-05-05T00:00:00+00:00 [running]> on host c4a5e29a95f8
[2025-05-06T13:54:54.424+0000] {taskinstance.py:3131} INFO - Exporting env vars: AIRFLOW_CTX_DAG_OWNER='***' AIRFLOW_CTX_DAG_ID='extract_raw_data_pipeline2' AIRFLOW_CTX_TASK_ID='load_raw_data' AIRFLOW_CTX_EXECUTION_DATE='2025-05-05T00:00:00+00:00' AIRFLOW_CTX_TRY_NUMBER='1' AIRFLOW_CTX_DAG_RUN_ID='scheduled__2025-05-05T00:00:00+00:00'
[2025-05-06T13:54:54.425+0000] {taskinstance.py:731} INFO - ::endgroup::
[2025-05-06T13:54:54.439+0000] {sql.py:266} INFO - Executing: 
    COPY lead_raw.raw_batch_data(
    person_name, user_name, email, personal_number, birth_date,
    address, phone, mac_address, ip_address, iban, accessed_at,
    session_duration, download_speed, upload_speed, consumed_traffic, unique_id, is_current
    ) 
    FROM '/opt/***/data/raw_data.csv' 
    DELIMITER ',' 
    CSV HEADER;
    
[2025-05-06T13:54:54.449+0000] {base.py:84} INFO - Retrieving connection 'postgres_conn'
[2025-05-06T13:54:54.458+0000] {base.py:84} INFO - Retrieving connection 'postgres_conn'
[2025-05-06T13:54:54.462+0000] {sql.py:509} INFO - Running statement: 
    COPY lead_raw.raw_batch_data(
    person_name, user_name, email, personal_number, birth_date,
    address, phone, mac_address, ip_address, iban, accessed_at,
    session_duration, download_speed, upload_speed, consumed_traffic, unique_id, is_current
    ) 
    FROM '/opt/***/data/raw_data.csv' 
    DELIMITER ',' 
    CSV HEADER;
    , parameters: None
[2025-05-06T13:54:54.465+0000] {sql.py:518} INFO - Rows affected: 46
[2025-05-06T13:54:54.476+0000] {taskinstance.py:340} INFO - ::group::Post task execution logs
[2025-05-06T13:54:54.476+0000] {taskinstance.py:352} INFO - Marking task as SUCCESS. dag_id=extract_raw_data_pipeline2, task_id=load_raw_data, run_id=scheduled__2025-05-05T00:00:00+00:00, execution_date=20250505T000000, start_date=20250506T135454, end_date=20250506T135454
[2025-05-06T13:54:54.514+0000] {local_task_job_runner.py:266} INFO - Task exited with return code 0
[2025-05-06T13:54:54.538+0000] {taskinstance.py:3900} INFO - 1 downstream tasks scheduled from follow-on schedule check
[2025-05-06T13:54:54.540+0000] {local_task_job_runner.py:245} INFO - ::endgroup::
