[2025-05-06T13:54:52.740+0000] {local_task_job_runner.py:123} INFO - ::group::Pre task execution logs
[2025-05-06T13:54:52.757+0000] {taskinstance.py:2612} INFO - Dependencies all met for dep_context=non-requeueable deps ti=<TaskInstance: extract_raw_data_pipeline2.create_raw_table scheduled__2025-05-05T00:00:00+00:00 [queued]>
[2025-05-06T13:54:52.764+0000] {taskinstance.py:2612} INFO - Dependencies all met for dep_context=requeueable deps ti=<TaskInstance: extract_raw_data_pipeline2.create_raw_table scheduled__2025-05-05T00:00:00+00:00 [queued]>
[2025-05-06T13:54:52.765+0000] {taskinstance.py:2865} INFO - Starting attempt 1 of 1
[2025-05-06T13:54:52.777+0000] {taskinstance.py:2888} INFO - Executing <Task(SQLExecuteQueryOperator): create_raw_table> on 2025-05-05 00:00:00+00:00
[2025-05-06T13:54:52.782+0000] {warnings.py:112} WARNING - /home/***/.local/lib/python3.12/site-packages/***/task/task_runner/standard_task_runner.py:70: DeprecationWarning: This process (pid=1318) is multi-threaded, use of fork() may lead to deadlocks in the child.
  pid = os.fork()

[2025-05-06T13:54:52.784+0000] {standard_task_runner.py:72} INFO - Started process 1334 to run task
[2025-05-06T13:54:52.784+0000] {standard_task_runner.py:104} INFO - Running: ['***', 'tasks', 'run', 'extract_raw_data_pipeline2', 'create_raw_table', 'scheduled__2025-05-05T00:00:00+00:00', '--job-id', '27', '--raw', '--subdir', 'DAGS_FOLDER/lead_data_pipeline copy.py', '--cfg-path', '/tmp/tmppw3exgue']
[2025-05-06T13:54:52.786+0000] {standard_task_runner.py:105} INFO - Job 27: Subtask create_raw_table
[2025-05-06T13:54:52.831+0000] {task_command.py:467} INFO - Running <TaskInstance: extract_raw_data_pipeline2.create_raw_table scheduled__2025-05-05T00:00:00+00:00 [running]> on host c4a5e29a95f8
[2025-05-06T13:54:52.906+0000] {taskinstance.py:3131} INFO - Exporting env vars: AIRFLOW_CTX_DAG_OWNER='***' AIRFLOW_CTX_DAG_ID='extract_raw_data_pipeline2' AIRFLOW_CTX_TASK_ID='create_raw_table' AIRFLOW_CTX_EXECUTION_DATE='2025-05-05T00:00:00+00:00' AIRFLOW_CTX_TRY_NUMBER='1' AIRFLOW_CTX_DAG_RUN_ID='scheduled__2025-05-05T00:00:00+00:00'
[2025-05-06T13:54:52.907+0000] {taskinstance.py:731} INFO - ::endgroup::
[2025-05-06T13:54:52.920+0000] {sql.py:266} INFO - Executing: 
        CREATE TABLE IF NOT EXISTS lead_raw.raw_batch_data (
            person_name VARCHAR(100),
            user_name VARCHAR(100),
            email VARCHAR(100),
            personal_number VARCHAR(100), 
            birth_date VARCHAR(100), 
            address VARCHAR(100),
            phone VARCHAR(100), 
            mac_address VARCHAR(100),
            ip_address VARCHAR(100),
            iban VARCHAR(100),
            accessed_at TIMESTAMP,
            session_duration INT,
            download_speed INT,
            upload_speed INT,
            consumed_traffic INT,
            unique_id VARCHAR(100),
            is_current BOOLEAN DEFAULT TRUE
        );
    
[2025-05-06T13:54:52.930+0000] {base.py:84} INFO - Retrieving connection 'postgres_conn'
[2025-05-06T13:54:52.939+0000] {base.py:84} INFO - Retrieving connection 'postgres_conn'
[2025-05-06T13:54:52.942+0000] {sql.py:509} INFO - Running statement: 
        CREATE TABLE IF NOT EXISTS lead_raw.raw_batch_data (
            person_name VARCHAR(100),
            user_name VARCHAR(100),
            email VARCHAR(100),
            personal_number VARCHAR(100), 
            birth_date VARCHAR(100), 
            address VARCHAR(100),
            phone VARCHAR(100), 
            mac_address VARCHAR(100),
            ip_address VARCHAR(100),
            iban VARCHAR(100),
            accessed_at TIMESTAMP,
            session_duration INT,
            download_speed INT,
            upload_speed INT,
            consumed_traffic INT,
            unique_id VARCHAR(100),
            is_current BOOLEAN DEFAULT TRUE
        );
    , parameters: None
[2025-05-06T13:54:52.953+0000] {taskinstance.py:340} INFO - ::group::Post task execution logs
[2025-05-06T13:54:52.953+0000] {taskinstance.py:352} INFO - Marking task as SUCCESS. dag_id=extract_raw_data_pipeline2, task_id=create_raw_table, run_id=scheduled__2025-05-05T00:00:00+00:00, execution_date=20250505T000000, start_date=20250506T135452, end_date=20250506T135452
[2025-05-06T13:54:53.001+0000] {local_task_job_runner.py:266} INFO - Task exited with return code 0
[2025-05-06T13:54:53.025+0000] {taskinstance.py:3900} INFO - 1 downstream tasks scheduled from follow-on schedule check
[2025-05-06T13:54:53.027+0000] {local_task_job_runner.py:245} INFO - ::endgroup::
