[2025-04-17T07:16:08.034+0000] {local_task_job_runner.py:123} INFO - ::group::Pre task execution logs
[2025-04-17T07:16:08.060+0000] {taskinstance.py:2612} INFO - Dependencies all met for dep_context=non-requeueable deps ti=<TaskInstance: extract_raw_data_pipeline.create_raw_table scheduled__2025-04-17T07:15:00+00:00 [queued]>
[2025-04-17T07:16:08.069+0000] {taskinstance.py:2612} INFO - Dependencies all met for dep_context=requeueable deps ti=<TaskInstance: extract_raw_data_pipeline.create_raw_table scheduled__2025-04-17T07:15:00+00:00 [queued]>
[2025-04-17T07:16:08.069+0000] {taskinstance.py:2865} INFO - Starting attempt 1 of 1
[2025-04-17T07:16:08.089+0000] {taskinstance.py:2888} INFO - Executing <Task(SQLExecuteQueryOperator): create_raw_table> on 2025-04-17 07:15:00+00:00
[2025-04-17T07:16:08.094+0000] {warnings.py:112} WARNING - /home/***/.local/lib/python3.12/site-packages/***/task/task_runner/standard_task_runner.py:70: DeprecationWarning: This process (pid=12289) is multi-threaded, use of fork() may lead to deadlocks in the child.
  pid = os.fork()

[2025-04-17T07:16:08.096+0000] {standard_task_runner.py:72} INFO - Started process 12291 to run task
[2025-04-17T07:16:08.097+0000] {standard_task_runner.py:104} INFO - Running: ['***', 'tasks', 'run', 'extract_raw_data_pipeline', 'create_raw_table', 'scheduled__2025-04-17T07:15:00+00:00', '--job-id', '154', '--raw', '--subdir', 'DAGS_FOLDER/lead_data_pipeline.py', '--cfg-path', '/tmp/tmpadx0d9hs']
[2025-04-17T07:16:08.098+0000] {standard_task_runner.py:105} INFO - Job 154: Subtask create_raw_table
[2025-04-17T07:16:08.152+0000] {task_command.py:467} INFO - Running <TaskInstance: extract_raw_data_pipeline.create_raw_table scheduled__2025-04-17T07:15:00+00:00 [running]> on host c0ac39583bd8
[2025-04-17T07:16:08.256+0000] {taskinstance.py:3131} INFO - Exporting env vars: AIRFLOW_CTX_DAG_OWNER='***' AIRFLOW_CTX_DAG_ID='extract_raw_data_pipeline' AIRFLOW_CTX_TASK_ID='create_raw_table' AIRFLOW_CTX_EXECUTION_DATE='2025-04-17T07:15:00+00:00' AIRFLOW_CTX_TRY_NUMBER='1' AIRFLOW_CTX_DAG_RUN_ID='scheduled__2025-04-17T07:15:00+00:00'
[2025-04-17T07:16:08.257+0000] {taskinstance.py:731} INFO - ::endgroup::
[2025-04-17T07:16:08.271+0000] {sql.py:266} INFO - Executing: 
        CREATE TABLE IF NOT EXISTS lead_raw.raw_batch_data (
            person_name VARCHAR(100),
            user_name VARCHAR(100),
            email VARCHAR(100),
            personal_number NUMERIC, 
            birth_date VARCHAR(100), 
            address VARCHAR(100),
            phone VARCHAR(100), 
            mac_address VARCHAR(100),
            ip_address VARCHAR(100),
            iban VARCHAR(100),
            accessed_at TIMESTAMP,
            session_duration INT,
            download_speed INT,
            upload_speed INT,
            consumed_traffic INT,
            unique_id VARCHAR(100)
        );
    
[2025-04-17T07:16:08.280+0000] {base.py:84} INFO - Retrieving connection 'postgres_conn'
[2025-04-17T07:16:08.290+0000] {base.py:84} INFO - Retrieving connection 'postgres_conn'
[2025-04-17T07:16:08.295+0000] {sql.py:509} INFO - Running statement: 
        CREATE TABLE IF NOT EXISTS lead_raw.raw_batch_data (
            person_name VARCHAR(100),
            user_name VARCHAR(100),
            email VARCHAR(100),
            personal_number NUMERIC, 
            birth_date VARCHAR(100), 
            address VARCHAR(100),
            phone VARCHAR(100), 
            mac_address VARCHAR(100),
            ip_address VARCHAR(100),
            iban VARCHAR(100),
            accessed_at TIMESTAMP,
            session_duration INT,
            download_speed INT,
            upload_speed INT,
            consumed_traffic INT,
            unique_id VARCHAR(100)
        );
    , parameters: None
[2025-04-17T07:16:08.308+0000] {taskinstance.py:340} INFO - ::group::Post task execution logs
[2025-04-17T07:16:08.309+0000] {taskinstance.py:352} INFO - Marking task as SUCCESS. dag_id=extract_raw_data_pipeline, task_id=create_raw_table, run_id=scheduled__2025-04-17T07:15:00+00:00, execution_date=20250417T071500, start_date=20250417T071608, end_date=20250417T071608
[2025-04-17T07:16:08.355+0000] {local_task_job_runner.py:266} INFO - Task exited with return code 0
[2025-04-17T07:16:08.381+0000] {taskinstance.py:3900} INFO - 1 downstream tasks scheduled from follow-on schedule check
[2025-04-17T07:16:08.390+0000] {local_task_job_runner.py:245} INFO - ::endgroup::
