[2025-04-14T10:19:51.650+0000] {local_task_job_runner.py:123} INFO - ::group::Pre task execution logs
[2025-04-14T10:19:51.666+0000] {taskinstance.py:2612} INFO - Dependencies all met for dep_context=non-requeueable deps ti=<TaskInstance: extract_raw_data_pipeline.run_dbt_staging manual__2025-04-14T10:19:45.212126+00:00 [queued]>
[2025-04-14T10:19:51.674+0000] {taskinstance.py:2612} INFO - Dependencies all met for dep_context=requeueable deps ti=<TaskInstance: extract_raw_data_pipeline.run_dbt_staging manual__2025-04-14T10:19:45.212126+00:00 [queued]>
[2025-04-14T10:19:51.674+0000] {taskinstance.py:2865} INFO - Starting attempt 1 of 1
[2025-04-14T10:19:51.686+0000] {taskinstance.py:2888} INFO - Executing <Task(BashOperator): run_dbt_staging> on 2025-04-14 10:19:45.212126+00:00
[2025-04-14T10:19:51.691+0000] {warnings.py:112} WARNING - /home/***/.local/lib/python3.12/site-packages/***/task/task_runner/standard_task_runner.py:70: DeprecationWarning: This process (pid=164) is multi-threaded, use of fork() may lead to deadlocks in the child.
  pid = os.fork()

[2025-04-14T10:19:51.693+0000] {standard_task_runner.py:72} INFO - Started process 166 to run task
[2025-04-14T10:19:51.693+0000] {standard_task_runner.py:104} INFO - Running: ['***', 'tasks', 'run', 'extract_raw_data_pipeline', 'run_dbt_staging', 'manual__2025-04-14T10:19:45.212126+00:00', '--job-id', '33', '--raw', '--subdir', 'DAGS_FOLDER/lead_data_pipeline.py', '--cfg-path', '/tmp/tmppr7e0fka']
[2025-04-14T10:19:51.695+0000] {standard_task_runner.py:105} INFO - Job 33: Subtask run_dbt_staging
[2025-04-14T10:19:51.738+0000] {task_command.py:467} INFO - Running <TaskInstance: extract_raw_data_pipeline.run_dbt_staging manual__2025-04-14T10:19:45.212126+00:00 [running]> on host 9276b9d03819
[2025-04-14T10:19:51.814+0000] {taskinstance.py:3131} INFO - Exporting env vars: AIRFLOW_CTX_DAG_OWNER='***' AIRFLOW_CTX_DAG_ID='extract_raw_data_pipeline' AIRFLOW_CTX_TASK_ID='run_dbt_staging' AIRFLOW_CTX_EXECUTION_DATE='2025-04-14T10:19:45.212126+00:00' AIRFLOW_CTX_TRY_NUMBER='1' AIRFLOW_CTX_DAG_RUN_ID='manual__2025-04-14T10:19:45.212126+00:00'
[2025-04-14T10:19:51.815+0000] {taskinstance.py:731} INFO - ::endgroup::
[2025-04-14T10:19:51.828+0000] {subprocess.py:63} INFO - Tmp dir root location: /tmp
[2025-04-14T10:19:51.829+0000] {subprocess.py:75} INFO - Running command: ['/usr/bin/bash', '-c', 'set -x; cd /opt/***/dbt && dbt run --select tag:staging']
[2025-04-14T10:19:51.837+0000] {subprocess.py:86} INFO - Output:
[2025-04-14T10:19:51.839+0000] {subprocess.py:93} INFO - + cd /opt/***/dbt
[2025-04-14T10:19:51.840+0000] {subprocess.py:93} INFO - + dbt run --select tag:staging
[2025-04-14T10:19:54.007+0000] {subprocess.py:93} INFO - [0m10:19:54  Running with dbt=1.8.0
[2025-04-14T10:19:54.287+0000] {subprocess.py:93} INFO - [0m10:19:54  Registered adapter: postgres=1.8.2
[2025-04-14T10:19:54.700+0000] {subprocess.py:93} INFO - [0m10:19:54  Found 9 models, 10 sources, 428 macros
[2025-04-14T10:19:54.703+0000] {subprocess.py:93} INFO - [0m10:19:54
[2025-04-14T10:19:54.836+0000] {subprocess.py:93} INFO - [0m10:19:54  Concurrency: 1 threads (target='dev')
[2025-04-14T10:19:54.837+0000] {subprocess.py:93} INFO - [0m10:19:54
[2025-04-14T10:19:54.849+0000] {subprocess.py:93} INFO - [0m10:19:54  1 of 5 START sql table model lead_staging.dim_address .......................... [RUN]
[2025-04-14T10:19:55.134+0000] {subprocess.py:93} INFO - [0m10:19:55  1 of 5 OK created sql table model lead_staging.dim_address ..................... [[32mSELECT 101388[0m in 0.28s]
[2025-04-14T10:19:55.137+0000] {subprocess.py:93} INFO - [0m10:19:55  2 of 5 START sql table model lead_staging.dim_date ............................. [RUN]
[2025-04-14T10:19:55.273+0000] {subprocess.py:93} INFO - [0m10:19:55  2 of 5 OK created sql table model lead_staging.dim_date ........................ [[32mSELECT 101388[0m in 0.13s]
[2025-04-14T10:19:55.276+0000] {subprocess.py:93} INFO - [0m10:19:55  3 of 5 START sql table model lead_staging.dim_finance .......................... [RUN]
[2025-04-14T10:19:55.438+0000] {subprocess.py:93} INFO - [0m10:19:55  3 of 5 OK created sql table model lead_staging.dim_finance ..................... [[32mSELECT 101388[0m in 0.16s]
[2025-04-14T10:19:55.441+0000] {subprocess.py:93} INFO - [0m10:19:55  4 of 5 START sql table model lead_staging.dim_person ........................... [RUN]
[2025-04-14T10:19:55.651+0000] {subprocess.py:93} INFO - [0m10:19:55  4 of 5 OK created sql table model lead_staging.dim_person ...................... [[32mSELECT 101388[0m in 0.21s]
[2025-04-14T10:19:55.653+0000] {subprocess.py:93} INFO - [0m10:19:55  5 of 5 START sql table model lead_staging.fact_network_usage ................... [RUN]
[2025-04-14T10:19:55.815+0000] {subprocess.py:93} INFO - [0m10:19:55  5 of 5 OK created sql table model lead_staging.fact_network_usage .............. [[32mSELECT 101388[0m in 0.16s]
[2025-04-14T10:19:55.831+0000] {subprocess.py:93} INFO - [0m10:19:55
[2025-04-14T10:19:55.832+0000] {subprocess.py:93} INFO - [0m10:19:55  Finished running 5 table models in 0 hours 0 minutes and 1.13 seconds (1.13s).
[2025-04-14T10:19:55.890+0000] {subprocess.py:93} INFO - [0m10:19:55
[2025-04-14T10:19:55.891+0000] {subprocess.py:93} INFO - [0m10:19:55  [32mCompleted successfully[0m
[2025-04-14T10:19:55.892+0000] {subprocess.py:93} INFO - [0m10:19:55
[2025-04-14T10:19:55.893+0000] {subprocess.py:93} INFO - [0m10:19:55  Done. PASS=5 WARN=0 ERROR=0 SKIP=0 TOTAL=5
[2025-04-14T10:19:56.831+0000] {subprocess.py:97} INFO - Command exited with return code 0
[2025-04-14T10:19:56.856+0000] {taskinstance.py:340} INFO - ::group::Post task execution logs
[2025-04-14T10:19:56.857+0000] {taskinstance.py:352} INFO - Marking task as SUCCESS. dag_id=extract_raw_data_pipeline, task_id=run_dbt_staging, run_id=manual__2025-04-14T10:19:45.212126+00:00, execution_date=20250414T101945, start_date=20250414T101951, end_date=20250414T101956
[2025-04-14T10:19:56.901+0000] {local_task_job_runner.py:266} INFO - Task exited with return code 0
[2025-04-14T10:19:56.919+0000] {taskinstance.py:3900} INFO - 1 downstream tasks scheduled from follow-on schedule check
[2025-04-14T10:19:56.921+0000] {local_task_job_runner.py:245} INFO - ::endgroup::
