[2025-04-14T10:17:39.123+0000] {processor.py:186} INFO - Started process (PID=38) to work on /opt/airflow/dags/lead_data_pipeline.py
[2025-04-14T10:17:39.124+0000] {processor.py:914} INFO - Processing file /opt/airflow/dags/lead_data_pipeline.py for tasks to queue
[2025-04-14T10:17:39.127+0000] {logging_mixin.py:190} INFO - [2025-04-14T10:17:39.127+0000] {dagbag.py:588} INFO - Filling up the DagBag from /opt/airflow/dags/lead_data_pipeline.py
[2025-04-14T10:17:39.452+0000] {processor.py:925} INFO - DAG(s) 'extract_raw_data_pipeline' retrieved from /opt/airflow/dags/lead_data_pipeline.py
[2025-04-14T10:17:39.489+0000] {logging_mixin.py:190} INFO - [2025-04-14T10:17:39.489+0000] {dag.py:3239} INFO - Sync 1 DAGs
[2025-04-14T10:17:39.512+0000] {logging_mixin.py:190} INFO - [2025-04-14T10:17:39.512+0000] {dag.py:4180} INFO - Setting next_dagrun for extract_raw_data_pipeline to 2025-04-14 07:58:00+00:00, run_after=2025-04-14 07:59:00+00:00
[2025-04-14T10:17:39.533+0000] {processor.py:208} INFO - Processing /opt/airflow/dags/lead_data_pipeline.py took 0.416 seconds
[2025-04-14T10:18:09.733+0000] {processor.py:186} INFO - Started process (PID=54) to work on /opt/airflow/dags/lead_data_pipeline.py
[2025-04-14T10:18:09.735+0000] {processor.py:914} INFO - Processing file /opt/airflow/dags/lead_data_pipeline.py for tasks to queue
[2025-04-14T10:18:09.738+0000] {logging_mixin.py:190} INFO - [2025-04-14T10:18:09.737+0000] {dagbag.py:588} INFO - Filling up the DagBag from /opt/airflow/dags/lead_data_pipeline.py
[2025-04-14T10:18:10.111+0000] {processor.py:925} INFO - DAG(s) 'extract_raw_data_pipeline' retrieved from /opt/airflow/dags/lead_data_pipeline.py
[2025-04-14T10:18:10.134+0000] {logging_mixin.py:190} INFO - [2025-04-14T10:18:10.134+0000] {dag.py:3239} INFO - Sync 1 DAGs
[2025-04-14T10:18:10.157+0000] {logging_mixin.py:190} INFO - [2025-04-14T10:18:10.157+0000] {dag.py:4180} INFO - Setting next_dagrun for extract_raw_data_pipeline to 2025-04-14 07:59:00+00:00, run_after=2025-04-15 07:00:00+00:00
[2025-04-14T10:18:10.174+0000] {processor.py:208} INFO - Processing /opt/airflow/dags/lead_data_pipeline.py took 0.448 seconds
[2025-04-14T10:18:40.356+0000] {processor.py:186} INFO - Started process (PID=62) to work on /opt/airflow/dags/lead_data_pipeline.py
[2025-04-14T10:18:40.357+0000] {processor.py:914} INFO - Processing file /opt/airflow/dags/lead_data_pipeline.py for tasks to queue
[2025-04-14T10:18:40.359+0000] {logging_mixin.py:190} INFO - [2025-04-14T10:18:40.359+0000] {dagbag.py:588} INFO - Filling up the DagBag from /opt/airflow/dags/lead_data_pipeline.py
[2025-04-14T10:18:40.652+0000] {processor.py:925} INFO - DAG(s) 'extract_raw_data_pipeline' retrieved from /opt/airflow/dags/lead_data_pipeline.py
[2025-04-14T10:18:40.676+0000] {logging_mixin.py:190} INFO - [2025-04-14T10:18:40.676+0000] {dag.py:3239} INFO - Sync 1 DAGs
[2025-04-14T10:18:40.698+0000] {logging_mixin.py:190} INFO - [2025-04-14T10:18:40.698+0000] {dag.py:4180} INFO - Setting next_dagrun for extract_raw_data_pipeline to 2025-04-14 07:59:00+00:00, run_after=2025-04-15 07:00:00+00:00
[2025-04-14T10:18:40.715+0000] {processor.py:208} INFO - Processing /opt/airflow/dags/lead_data_pipeline.py took 0.366 seconds
[2025-04-14T10:19:10.925+0000] {processor.py:186} INFO - Started process (PID=70) to work on /opt/airflow/dags/lead_data_pipeline.py
[2025-04-14T10:19:10.926+0000] {processor.py:914} INFO - Processing file /opt/airflow/dags/lead_data_pipeline.py for tasks to queue
[2025-04-14T10:19:10.929+0000] {logging_mixin.py:190} INFO - [2025-04-14T10:19:10.929+0000] {dagbag.py:588} INFO - Filling up the DagBag from /opt/airflow/dags/lead_data_pipeline.py
[2025-04-14T10:19:11.237+0000] {processor.py:925} INFO - DAG(s) 'extract_raw_data_pipeline' retrieved from /opt/airflow/dags/lead_data_pipeline.py
[2025-04-14T10:19:11.263+0000] {logging_mixin.py:190} INFO - [2025-04-14T10:19:11.263+0000] {dag.py:3239} INFO - Sync 1 DAGs
[2025-04-14T10:19:11.287+0000] {logging_mixin.py:190} INFO - [2025-04-14T10:19:11.286+0000] {dag.py:4180} INFO - Setting next_dagrun for extract_raw_data_pipeline to 2025-04-14 07:59:00+00:00, run_after=2025-04-15 07:00:00+00:00
[2025-04-14T10:19:11.306+0000] {processor.py:208} INFO - Processing /opt/airflow/dags/lead_data_pipeline.py took 0.387 seconds
[2025-04-14T10:19:41.519+0000] {processor.py:186} INFO - Started process (PID=78) to work on /opt/airflow/dags/lead_data_pipeline.py
[2025-04-14T10:19:41.520+0000] {processor.py:914} INFO - Processing file /opt/airflow/dags/lead_data_pipeline.py for tasks to queue
[2025-04-14T10:19:41.522+0000] {logging_mixin.py:190} INFO - [2025-04-14T10:19:41.522+0000] {dagbag.py:588} INFO - Filling up the DagBag from /opt/airflow/dags/lead_data_pipeline.py
[2025-04-14T10:19:41.811+0000] {processor.py:925} INFO - DAG(s) 'extract_raw_data_pipeline' retrieved from /opt/airflow/dags/lead_data_pipeline.py
[2025-04-14T10:19:41.833+0000] {logging_mixin.py:190} INFO - [2025-04-14T10:19:41.832+0000] {dag.py:3239} INFO - Sync 1 DAGs
[2025-04-14T10:19:41.852+0000] {logging_mixin.py:190} INFO - [2025-04-14T10:19:41.852+0000] {dag.py:4180} INFO - Setting next_dagrun for extract_raw_data_pipeline to 2025-04-14 07:59:00+00:00, run_after=2025-04-15 07:00:00+00:00
[2025-04-14T10:19:41.869+0000] {processor.py:208} INFO - Processing /opt/airflow/dags/lead_data_pipeline.py took 0.357 seconds
[2025-04-14T10:20:12.068+0000] {processor.py:186} INFO - Started process (PID=91) to work on /opt/airflow/dags/lead_data_pipeline.py
[2025-04-14T10:20:12.069+0000] {processor.py:914} INFO - Processing file /opt/airflow/dags/lead_data_pipeline.py for tasks to queue
[2025-04-14T10:20:12.073+0000] {logging_mixin.py:190} INFO - [2025-04-14T10:20:12.071+0000] {dagbag.py:588} INFO - Filling up the DagBag from /opt/airflow/dags/lead_data_pipeline.py
[2025-04-14T10:20:12.523+0000] {processor.py:925} INFO - DAG(s) 'extract_raw_data_pipeline' retrieved from /opt/airflow/dags/lead_data_pipeline.py
[2025-04-14T10:20:12.547+0000] {logging_mixin.py:190} INFO - [2025-04-14T10:20:12.546+0000] {dag.py:3239} INFO - Sync 1 DAGs
[2025-04-14T10:20:12.595+0000] {logging_mixin.py:190} INFO - [2025-04-14T10:20:12.594+0000] {dag.py:4180} INFO - Setting next_dagrun for extract_raw_data_pipeline to 2025-04-14 07:59:00+00:00, run_after=2025-04-15 07:00:00+00:00
[2025-04-14T10:20:12.612+0000] {processor.py:208} INFO - Processing /opt/airflow/dags/lead_data_pipeline.py took 0.551 seconds
[2025-04-14T10:20:42.842+0000] {processor.py:186} INFO - Started process (PID=103) to work on /opt/airflow/dags/lead_data_pipeline.py
[2025-04-14T10:20:42.843+0000] {processor.py:914} INFO - Processing file /opt/airflow/dags/lead_data_pipeline.py for tasks to queue
[2025-04-14T10:20:42.846+0000] {logging_mixin.py:190} INFO - [2025-04-14T10:20:42.845+0000] {dagbag.py:588} INFO - Filling up the DagBag from /opt/airflow/dags/lead_data_pipeline.py
[2025-04-14T10:20:43.163+0000] {processor.py:925} INFO - DAG(s) 'extract_raw_data_pipeline' retrieved from /opt/airflow/dags/lead_data_pipeline.py
[2025-04-14T10:20:43.186+0000] {logging_mixin.py:190} INFO - [2025-04-14T10:20:43.186+0000] {dag.py:3239} INFO - Sync 1 DAGs
[2025-04-14T10:20:43.205+0000] {logging_mixin.py:190} INFO - [2025-04-14T10:20:43.205+0000] {dag.py:4180} INFO - Setting next_dagrun for extract_raw_data_pipeline to 2025-04-14 07:59:00+00:00, run_after=2025-04-15 07:00:00+00:00
[2025-04-14T10:20:43.223+0000] {processor.py:208} INFO - Processing /opt/airflow/dags/lead_data_pipeline.py took 0.389 seconds
[2025-04-14T10:21:13.441+0000] {processor.py:186} INFO - Started process (PID=115) to work on /opt/airflow/dags/lead_data_pipeline.py
[2025-04-14T10:21:13.442+0000] {processor.py:914} INFO - Processing file /opt/airflow/dags/lead_data_pipeline.py for tasks to queue
[2025-04-14T10:21:13.445+0000] {logging_mixin.py:190} INFO - [2025-04-14T10:21:13.445+0000] {dagbag.py:588} INFO - Filling up the DagBag from /opt/airflow/dags/lead_data_pipeline.py
[2025-04-14T10:21:13.748+0000] {processor.py:925} INFO - DAG(s) 'extract_raw_data_pipeline' retrieved from /opt/airflow/dags/lead_data_pipeline.py
[2025-04-14T10:21:13.770+0000] {logging_mixin.py:190} INFO - [2025-04-14T10:21:13.770+0000] {dag.py:3239} INFO - Sync 1 DAGs
[2025-04-14T10:21:13.791+0000] {logging_mixin.py:190} INFO - [2025-04-14T10:21:13.791+0000] {dag.py:4180} INFO - Setting next_dagrun for extract_raw_data_pipeline to 2025-04-14 07:59:00+00:00, run_after=2025-04-15 07:00:00+00:00
[2025-04-14T10:21:13.807+0000] {processor.py:208} INFO - Processing /opt/airflow/dags/lead_data_pipeline.py took 0.372 seconds
[2025-04-14T10:21:44.005+0000] {processor.py:186} INFO - Started process (PID=127) to work on /opt/airflow/dags/lead_data_pipeline.py
[2025-04-14T10:21:44.006+0000] {processor.py:914} INFO - Processing file /opt/airflow/dags/lead_data_pipeline.py for tasks to queue
[2025-04-14T10:21:44.009+0000] {logging_mixin.py:190} INFO - [2025-04-14T10:21:44.008+0000] {dagbag.py:588} INFO - Filling up the DagBag from /opt/airflow/dags/lead_data_pipeline.py
[2025-04-14T10:21:44.297+0000] {processor.py:925} INFO - DAG(s) 'extract_raw_data_pipeline' retrieved from /opt/airflow/dags/lead_data_pipeline.py
[2025-04-14T10:21:44.320+0000] {logging_mixin.py:190} INFO - [2025-04-14T10:21:44.320+0000] {dag.py:3239} INFO - Sync 1 DAGs
[2025-04-14T10:21:44.343+0000] {logging_mixin.py:190} INFO - [2025-04-14T10:21:44.343+0000] {dag.py:4180} INFO - Setting next_dagrun for extract_raw_data_pipeline to 2025-04-14 07:59:00+00:00, run_after=2025-04-15 07:00:00+00:00
[2025-04-14T10:21:44.363+0000] {processor.py:208} INFO - Processing /opt/airflow/dags/lead_data_pipeline.py took 0.365 seconds
[2025-04-14T10:22:14.579+0000] {processor.py:186} INFO - Started process (PID=135) to work on /opt/airflow/dags/lead_data_pipeline.py
[2025-04-14T10:22:14.581+0000] {processor.py:914} INFO - Processing file /opt/airflow/dags/lead_data_pipeline.py for tasks to queue
[2025-04-14T10:22:14.584+0000] {logging_mixin.py:190} INFO - [2025-04-14T10:22:14.584+0000] {dagbag.py:588} INFO - Filling up the DagBag from /opt/airflow/dags/lead_data_pipeline.py
[2025-04-14T10:22:14.872+0000] {processor.py:925} INFO - DAG(s) 'extract_raw_data_pipeline' retrieved from /opt/airflow/dags/lead_data_pipeline.py
[2025-04-14T10:22:14.895+0000] {logging_mixin.py:190} INFO - [2025-04-14T10:22:14.895+0000] {dag.py:3239} INFO - Sync 1 DAGs
[2025-04-14T10:22:14.917+0000] {logging_mixin.py:190} INFO - [2025-04-14T10:22:14.917+0000] {dag.py:4180} INFO - Setting next_dagrun for extract_raw_data_pipeline to 2025-04-14 07:59:00+00:00, run_after=2025-04-15 07:00:00+00:00
[2025-04-14T10:22:14.933+0000] {processor.py:208} INFO - Processing /opt/airflow/dags/lead_data_pipeline.py took 0.362 seconds
[2025-04-14T10:22:32.691+0000] {processor.py:186} INFO - Started process (PID=143) to work on /opt/airflow/dags/lead_data_pipeline.py
[2025-04-14T10:22:32.692+0000] {processor.py:914} INFO - Processing file /opt/airflow/dags/lead_data_pipeline.py for tasks to queue
[2025-04-14T10:22:32.695+0000] {logging_mixin.py:190} INFO - [2025-04-14T10:22:32.694+0000] {dagbag.py:588} INFO - Filling up the DagBag from /opt/airflow/dags/lead_data_pipeline.py
[2025-04-14T10:22:32.991+0000] {processor.py:925} INFO - DAG(s) 'extract_raw_data_pipeline' retrieved from /opt/airflow/dags/lead_data_pipeline.py
[2025-04-14T10:22:33.014+0000] {logging_mixin.py:190} INFO - [2025-04-14T10:22:33.014+0000] {dag.py:3239} INFO - Sync 1 DAGs
[2025-04-14T10:22:33.037+0000] {logging_mixin.py:190} INFO - [2025-04-14T10:22:33.036+0000] {dag.py:4180} INFO - Setting next_dagrun for extract_raw_data_pipeline to 2025-04-14 07:59:00+00:00, run_after=2025-04-15 07:00:00+00:00
[2025-04-14T10:22:33.055+0000] {processor.py:208} INFO - Processing /opt/airflow/dags/lead_data_pipeline.py took 0.371 seconds
[2025-04-14T10:23:03.266+0000] {processor.py:186} INFO - Started process (PID=155) to work on /opt/airflow/dags/lead_data_pipeline.py
[2025-04-14T10:23:03.267+0000] {processor.py:914} INFO - Processing file /opt/airflow/dags/lead_data_pipeline.py for tasks to queue
[2025-04-14T10:23:03.270+0000] {logging_mixin.py:190} INFO - [2025-04-14T10:23:03.270+0000] {dagbag.py:588} INFO - Filling up the DagBag from /opt/airflow/dags/lead_data_pipeline.py
[2025-04-14T10:23:03.586+0000] {processor.py:925} INFO - DAG(s) 'extract_raw_data_pipeline' retrieved from /opt/airflow/dags/lead_data_pipeline.py
[2025-04-14T10:23:03.610+0000] {logging_mixin.py:190} INFO - [2025-04-14T10:23:03.609+0000] {dag.py:3239} INFO - Sync 1 DAGs
[2025-04-14T10:23:03.633+0000] {logging_mixin.py:190} INFO - [2025-04-14T10:23:03.632+0000] {dag.py:4180} INFO - Setting next_dagrun for extract_raw_data_pipeline to 2025-04-14 07:59:00+00:00, run_after=2025-04-15 07:00:00+00:00
[2025-04-14T10:23:03.651+0000] {processor.py:208} INFO - Processing /opt/airflow/dags/lead_data_pipeline.py took 0.391 seconds
[2025-04-14T10:23:33.831+0000] {processor.py:186} INFO - Started process (PID=163) to work on /opt/airflow/dags/lead_data_pipeline.py
[2025-04-14T10:23:33.832+0000] {processor.py:914} INFO - Processing file /opt/airflow/dags/lead_data_pipeline.py for tasks to queue
[2025-04-14T10:23:33.835+0000] {logging_mixin.py:190} INFO - [2025-04-14T10:23:33.834+0000] {dagbag.py:588} INFO - Filling up the DagBag from /opt/airflow/dags/lead_data_pipeline.py
[2025-04-14T10:23:34.237+0000] {processor.py:925} INFO - DAG(s) 'extract_raw_data_pipeline' retrieved from /opt/airflow/dags/lead_data_pipeline.py
[2025-04-14T10:23:34.261+0000] {logging_mixin.py:190} INFO - [2025-04-14T10:23:34.261+0000] {dag.py:3239} INFO - Sync 1 DAGs
[2025-04-14T10:23:34.288+0000] {logging_mixin.py:190} INFO - [2025-04-14T10:23:34.287+0000] {dag.py:4180} INFO - Setting next_dagrun for extract_raw_data_pipeline to 2025-04-14 07:59:00+00:00, run_after=2025-04-15 07:00:00+00:00
[2025-04-14T10:23:34.307+0000] {processor.py:208} INFO - Processing /opt/airflow/dags/lead_data_pipeline.py took 0.484 seconds
[2025-04-14T10:24:04.498+0000] {processor.py:186} INFO - Started process (PID=175) to work on /opt/airflow/dags/lead_data_pipeline.py
[2025-04-14T10:24:04.499+0000] {processor.py:914} INFO - Processing file /opt/airflow/dags/lead_data_pipeline.py for tasks to queue
[2025-04-14T10:24:04.501+0000] {logging_mixin.py:190} INFO - [2025-04-14T10:24:04.501+0000] {dagbag.py:588} INFO - Filling up the DagBag from /opt/airflow/dags/lead_data_pipeline.py
[2025-04-14T10:24:04.790+0000] {processor.py:925} INFO - DAG(s) 'extract_raw_data_pipeline' retrieved from /opt/airflow/dags/lead_data_pipeline.py
[2025-04-14T10:24:04.810+0000] {logging_mixin.py:190} INFO - [2025-04-14T10:24:04.810+0000] {dag.py:3239} INFO - Sync 1 DAGs
[2025-04-14T10:24:04.829+0000] {logging_mixin.py:190} INFO - [2025-04-14T10:24:04.829+0000] {dag.py:4180} INFO - Setting next_dagrun for extract_raw_data_pipeline to 2025-04-14 07:59:00+00:00, run_after=2025-04-15 07:00:00+00:00
[2025-04-14T10:24:04.843+0000] {processor.py:208} INFO - Processing /opt/airflow/dags/lead_data_pipeline.py took 0.351 seconds
[2025-04-14T10:24:35.035+0000] {processor.py:186} INFO - Started process (PID=183) to work on /opt/airflow/dags/lead_data_pipeline.py
[2025-04-14T10:24:35.037+0000] {processor.py:914} INFO - Processing file /opt/airflow/dags/lead_data_pipeline.py for tasks to queue
[2025-04-14T10:24:35.040+0000] {logging_mixin.py:190} INFO - [2025-04-14T10:24:35.039+0000] {dagbag.py:588} INFO - Filling up the DagBag from /opt/airflow/dags/lead_data_pipeline.py
[2025-04-14T10:24:35.439+0000] {processor.py:925} INFO - DAG(s) 'extract_raw_data_pipeline' retrieved from /opt/airflow/dags/lead_data_pipeline.py
[2025-04-14T10:24:35.470+0000] {logging_mixin.py:190} INFO - [2025-04-14T10:24:35.469+0000] {dag.py:3239} INFO - Sync 1 DAGs
[2025-04-14T10:24:35.493+0000] {logging_mixin.py:190} INFO - [2025-04-14T10:24:35.493+0000] {dag.py:4180} INFO - Setting next_dagrun for extract_raw_data_pipeline to 2025-04-14 07:59:00+00:00, run_after=2025-04-15 07:00:00+00:00
[2025-04-14T10:24:35.578+0000] {processor.py:208} INFO - Processing /opt/airflow/dags/lead_data_pipeline.py took 0.552 seconds
[2025-04-14T10:25:05.895+0000] {processor.py:186} INFO - Started process (PID=191) to work on /opt/airflow/dags/lead_data_pipeline.py
[2025-04-14T10:25:05.897+0000] {processor.py:914} INFO - Processing file /opt/airflow/dags/lead_data_pipeline.py for tasks to queue
[2025-04-14T10:25:05.900+0000] {logging_mixin.py:190} INFO - [2025-04-14T10:25:05.900+0000] {dagbag.py:588} INFO - Filling up the DagBag from /opt/airflow/dags/lead_data_pipeline.py
[2025-04-14T10:25:06.243+0000] {processor.py:925} INFO - DAG(s) 'extract_raw_data_pipeline' retrieved from /opt/airflow/dags/lead_data_pipeline.py
[2025-04-14T10:25:06.266+0000] {logging_mixin.py:190} INFO - [2025-04-14T10:25:06.265+0000] {dag.py:3239} INFO - Sync 1 DAGs
[2025-04-14T10:25:06.284+0000] {logging_mixin.py:190} INFO - [2025-04-14T10:25:06.283+0000] {dag.py:4180} INFO - Setting next_dagrun for extract_raw_data_pipeline to 2025-04-14 07:59:00+00:00, run_after=2025-04-15 07:00:00+00:00
[2025-04-14T10:25:06.298+0000] {processor.py:208} INFO - Processing /opt/airflow/dags/lead_data_pipeline.py took 0.409 seconds
[2025-04-14T10:25:36.397+0000] {processor.py:186} INFO - Started process (PID=199) to work on /opt/airflow/dags/lead_data_pipeline.py
[2025-04-14T10:25:36.399+0000] {processor.py:914} INFO - Processing file /opt/airflow/dags/lead_data_pipeline.py for tasks to queue
[2025-04-14T10:25:36.401+0000] {logging_mixin.py:190} INFO - [2025-04-14T10:25:36.401+0000] {dagbag.py:588} INFO - Filling up the DagBag from /opt/airflow/dags/lead_data_pipeline.py
[2025-04-14T10:25:36.694+0000] {processor.py:925} INFO - DAG(s) 'extract_raw_data_pipeline' retrieved from /opt/airflow/dags/lead_data_pipeline.py
[2025-04-14T10:25:36.715+0000] {logging_mixin.py:190} INFO - [2025-04-14T10:25:36.715+0000] {dag.py:3239} INFO - Sync 1 DAGs
[2025-04-14T10:25:36.735+0000] {logging_mixin.py:190} INFO - [2025-04-14T10:25:36.735+0000] {dag.py:4180} INFO - Setting next_dagrun for extract_raw_data_pipeline to 2025-04-14 07:59:00+00:00, run_after=2025-04-15 07:00:00+00:00
[2025-04-14T10:25:36.752+0000] {processor.py:208} INFO - Processing /opt/airflow/dags/lead_data_pipeline.py took 0.362 seconds
[2025-04-14T10:26:06.896+0000] {processor.py:186} INFO - Started process (PID=207) to work on /opt/airflow/dags/lead_data_pipeline.py
[2025-04-14T10:26:06.897+0000] {processor.py:914} INFO - Processing file /opt/airflow/dags/lead_data_pipeline.py for tasks to queue
[2025-04-14T10:26:06.901+0000] {logging_mixin.py:190} INFO - [2025-04-14T10:26:06.900+0000] {dagbag.py:588} INFO - Filling up the DagBag from /opt/airflow/dags/lead_data_pipeline.py
[2025-04-14T10:26:07.247+0000] {processor.py:925} INFO - DAG(s) 'extract_raw_data_pipeline' retrieved from /opt/airflow/dags/lead_data_pipeline.py
[2025-04-14T10:26:07.268+0000] {logging_mixin.py:190} INFO - [2025-04-14T10:26:07.268+0000] {dag.py:3239} INFO - Sync 1 DAGs
[2025-04-14T10:26:07.289+0000] {logging_mixin.py:190} INFO - [2025-04-14T10:26:07.289+0000] {dag.py:4180} INFO - Setting next_dagrun for extract_raw_data_pipeline to 2025-04-14 07:59:00+00:00, run_after=2025-04-15 07:00:00+00:00
[2025-04-14T10:26:07.304+0000] {processor.py:208} INFO - Processing /opt/airflow/dags/lead_data_pipeline.py took 0.417 seconds
[2025-04-14T10:26:37.519+0000] {processor.py:186} INFO - Started process (PID=215) to work on /opt/airflow/dags/lead_data_pipeline.py
[2025-04-14T10:26:37.520+0000] {processor.py:914} INFO - Processing file /opt/airflow/dags/lead_data_pipeline.py for tasks to queue
[2025-04-14T10:26:37.523+0000] {logging_mixin.py:190} INFO - [2025-04-14T10:26:37.523+0000] {dagbag.py:588} INFO - Filling up the DagBag from /opt/airflow/dags/lead_data_pipeline.py
[2025-04-14T10:26:37.805+0000] {processor.py:925} INFO - DAG(s) 'extract_raw_data_pipeline' retrieved from /opt/airflow/dags/lead_data_pipeline.py
[2025-04-14T10:26:37.833+0000] {logging_mixin.py:190} INFO - [2025-04-14T10:26:37.833+0000] {dag.py:3239} INFO - Sync 1 DAGs
[2025-04-14T10:26:37.854+0000] {logging_mixin.py:190} INFO - [2025-04-14T10:26:37.854+0000] {dag.py:4180} INFO - Setting next_dagrun for extract_raw_data_pipeline to 2025-04-14 07:59:00+00:00, run_after=2025-04-15 07:00:00+00:00
[2025-04-14T10:26:37.870+0000] {processor.py:208} INFO - Processing /opt/airflow/dags/lead_data_pipeline.py took 0.357 seconds
[2025-04-14T10:27:08.083+0000] {processor.py:186} INFO - Started process (PID=223) to work on /opt/airflow/dags/lead_data_pipeline.py
[2025-04-14T10:27:08.085+0000] {processor.py:914} INFO - Processing file /opt/airflow/dags/lead_data_pipeline.py for tasks to queue
[2025-04-14T10:27:08.087+0000] {logging_mixin.py:190} INFO - [2025-04-14T10:27:08.087+0000] {dagbag.py:588} INFO - Filling up the DagBag from /opt/airflow/dags/lead_data_pipeline.py
[2025-04-14T10:27:08.377+0000] {processor.py:925} INFO - DAG(s) 'extract_raw_data_pipeline' retrieved from /opt/airflow/dags/lead_data_pipeline.py
[2025-04-14T10:27:08.396+0000] {logging_mixin.py:190} INFO - [2025-04-14T10:27:08.396+0000] {dag.py:3239} INFO - Sync 1 DAGs
[2025-04-14T10:27:08.417+0000] {logging_mixin.py:190} INFO - [2025-04-14T10:27:08.417+0000] {dag.py:4180} INFO - Setting next_dagrun for extract_raw_data_pipeline to 2025-04-14 07:59:00+00:00, run_after=2025-04-15 07:00:00+00:00
[2025-04-14T10:27:08.435+0000] {processor.py:208} INFO - Processing /opt/airflow/dags/lead_data_pipeline.py took 0.356 seconds
[2025-04-14T12:00:55.637+0000] {processor.py:186} INFO - Started process (PID=38) to work on /opt/airflow/dags/lead_data_pipeline.py
[2025-04-14T12:00:55.639+0000] {processor.py:914} INFO - Processing file /opt/airflow/dags/lead_data_pipeline.py for tasks to queue
[2025-04-14T12:00:55.641+0000] {logging_mixin.py:190} INFO - [2025-04-14T12:00:55.641+0000] {dagbag.py:588} INFO - Filling up the DagBag from /opt/airflow/dags/lead_data_pipeline.py
[2025-04-14T12:00:55.982+0000] {processor.py:925} INFO - DAG(s) 'extract_raw_data_pipeline' retrieved from /opt/airflow/dags/lead_data_pipeline.py
[2025-04-14T12:00:56.019+0000] {logging_mixin.py:190} INFO - [2025-04-14T12:00:56.019+0000] {dag.py:3239} INFO - Sync 1 DAGs
[2025-04-14T12:00:56.044+0000] {logging_mixin.py:190} INFO - [2025-04-14T12:00:56.044+0000] {dag.py:4180} INFO - Setting next_dagrun for extract_raw_data_pipeline to 2025-04-14 07:59:00+00:00, run_after=2025-04-15 07:00:00+00:00
[2025-04-14T12:00:56.065+0000] {processor.py:208} INFO - Processing /opt/airflow/dags/lead_data_pipeline.py took 0.434 seconds
[2025-04-14T12:01:26.266+0000] {processor.py:186} INFO - Started process (PID=46) to work on /opt/airflow/dags/lead_data_pipeline.py
[2025-04-14T12:01:26.267+0000] {processor.py:914} INFO - Processing file /opt/airflow/dags/lead_data_pipeline.py for tasks to queue
[2025-04-14T12:01:26.270+0000] {logging_mixin.py:190} INFO - [2025-04-14T12:01:26.270+0000] {dagbag.py:588} INFO - Filling up the DagBag from /opt/airflow/dags/lead_data_pipeline.py
[2025-04-14T12:01:26.557+0000] {processor.py:925} INFO - DAG(s) 'extract_raw_data_pipeline' retrieved from /opt/airflow/dags/lead_data_pipeline.py
[2025-04-14T12:01:26.578+0000] {logging_mixin.py:190} INFO - [2025-04-14T12:01:26.578+0000] {dag.py:3239} INFO - Sync 1 DAGs
[2025-04-14T12:01:26.599+0000] {logging_mixin.py:190} INFO - [2025-04-14T12:01:26.598+0000] {dag.py:4180} INFO - Setting next_dagrun for extract_raw_data_pipeline to 2025-04-14 07:59:00+00:00, run_after=2025-04-15 07:00:00+00:00
[2025-04-14T12:01:26.614+0000] {processor.py:208} INFO - Processing /opt/airflow/dags/lead_data_pipeline.py took 0.355 seconds
[2025-04-14T12:01:56.822+0000] {processor.py:186} INFO - Started process (PID=54) to work on /opt/airflow/dags/lead_data_pipeline.py
[2025-04-14T12:01:56.824+0000] {processor.py:914} INFO - Processing file /opt/airflow/dags/lead_data_pipeline.py for tasks to queue
[2025-04-14T12:01:56.826+0000] {logging_mixin.py:190} INFO - [2025-04-14T12:01:56.826+0000] {dagbag.py:588} INFO - Filling up the DagBag from /opt/airflow/dags/lead_data_pipeline.py
[2025-04-14T12:01:57.123+0000] {processor.py:925} INFO - DAG(s) 'extract_raw_data_pipeline' retrieved from /opt/airflow/dags/lead_data_pipeline.py
[2025-04-14T12:01:57.145+0000] {logging_mixin.py:190} INFO - [2025-04-14T12:01:57.145+0000] {dag.py:3239} INFO - Sync 1 DAGs
[2025-04-14T12:01:57.165+0000] {logging_mixin.py:190} INFO - [2025-04-14T12:01:57.165+0000] {dag.py:4180} INFO - Setting next_dagrun for extract_raw_data_pipeline to 2025-04-14 07:59:00+00:00, run_after=2025-04-15 07:00:00+00:00
[2025-04-14T12:01:57.182+0000] {processor.py:208} INFO - Processing /opt/airflow/dags/lead_data_pipeline.py took 0.367 seconds
[2025-04-14T12:02:27.400+0000] {processor.py:186} INFO - Started process (PID=62) to work on /opt/airflow/dags/lead_data_pipeline.py
[2025-04-14T12:02:27.402+0000] {processor.py:914} INFO - Processing file /opt/airflow/dags/lead_data_pipeline.py for tasks to queue
[2025-04-14T12:02:27.404+0000] {logging_mixin.py:190} INFO - [2025-04-14T12:02:27.404+0000] {dagbag.py:588} INFO - Filling up the DagBag from /opt/airflow/dags/lead_data_pipeline.py
[2025-04-14T12:02:27.703+0000] {processor.py:925} INFO - DAG(s) 'extract_raw_data_pipeline' retrieved from /opt/airflow/dags/lead_data_pipeline.py
[2025-04-14T12:02:27.724+0000] {logging_mixin.py:190} INFO - [2025-04-14T12:02:27.724+0000] {dag.py:3239} INFO - Sync 1 DAGs
[2025-04-14T12:02:27.743+0000] {logging_mixin.py:190} INFO - [2025-04-14T12:02:27.743+0000] {dag.py:4180} INFO - Setting next_dagrun for extract_raw_data_pipeline to 2025-04-14 07:59:00+00:00, run_after=2025-04-15 07:00:00+00:00
[2025-04-14T12:02:27.758+0000] {processor.py:208} INFO - Processing /opt/airflow/dags/lead_data_pipeline.py took 0.365 seconds
[2025-04-14T12:02:57.973+0000] {processor.py:186} INFO - Started process (PID=70) to work on /opt/airflow/dags/lead_data_pipeline.py
[2025-04-14T12:02:57.976+0000] {processor.py:914} INFO - Processing file /opt/airflow/dags/lead_data_pipeline.py for tasks to queue
[2025-04-14T12:02:57.979+0000] {logging_mixin.py:190} INFO - [2025-04-14T12:02:57.978+0000] {dagbag.py:588} INFO - Filling up the DagBag from /opt/airflow/dags/lead_data_pipeline.py
[2025-04-14T12:02:58.327+0000] {processor.py:925} INFO - DAG(s) 'extract_raw_data_pipeline' retrieved from /opt/airflow/dags/lead_data_pipeline.py
[2025-04-14T12:02:58.349+0000] {logging_mixin.py:190} INFO - [2025-04-14T12:02:58.348+0000] {dag.py:3239} INFO - Sync 1 DAGs
[2025-04-14T12:02:58.368+0000] {logging_mixin.py:190} INFO - [2025-04-14T12:02:58.368+0000] {dag.py:4180} INFO - Setting next_dagrun for extract_raw_data_pipeline to 2025-04-14 07:59:00+00:00, run_after=2025-04-15 07:00:00+00:00
[2025-04-14T12:02:58.385+0000] {processor.py:208} INFO - Processing /opt/airflow/dags/lead_data_pipeline.py took 0.419 seconds
[2025-04-14T12:03:28.593+0000] {processor.py:186} INFO - Started process (PID=78) to work on /opt/airflow/dags/lead_data_pipeline.py
[2025-04-14T12:03:28.594+0000] {processor.py:914} INFO - Processing file /opt/airflow/dags/lead_data_pipeline.py for tasks to queue
[2025-04-14T12:03:28.597+0000] {logging_mixin.py:190} INFO - [2025-04-14T12:03:28.597+0000] {dagbag.py:588} INFO - Filling up the DagBag from /opt/airflow/dags/lead_data_pipeline.py
[2025-04-14T12:03:28.880+0000] {processor.py:925} INFO - DAG(s) 'extract_raw_data_pipeline' retrieved from /opt/airflow/dags/lead_data_pipeline.py
[2025-04-14T12:03:28.901+0000] {logging_mixin.py:190} INFO - [2025-04-14T12:03:28.901+0000] {dag.py:3239} INFO - Sync 1 DAGs
[2025-04-14T12:03:28.922+0000] {logging_mixin.py:190} INFO - [2025-04-14T12:03:28.922+0000] {dag.py:4180} INFO - Setting next_dagrun for extract_raw_data_pipeline to 2025-04-14 07:59:00+00:00, run_after=2025-04-15 07:00:00+00:00
[2025-04-14T12:03:28.938+0000] {processor.py:208} INFO - Processing /opt/airflow/dags/lead_data_pipeline.py took 0.351 seconds
[2025-04-14T12:03:59.151+0000] {processor.py:186} INFO - Started process (PID=86) to work on /opt/airflow/dags/lead_data_pipeline.py
[2025-04-14T12:03:59.152+0000] {processor.py:914} INFO - Processing file /opt/airflow/dags/lead_data_pipeline.py for tasks to queue
[2025-04-14T12:03:59.155+0000] {logging_mixin.py:190} INFO - [2025-04-14T12:03:59.154+0000] {dagbag.py:588} INFO - Filling up the DagBag from /opt/airflow/dags/lead_data_pipeline.py
[2025-04-14T12:03:59.451+0000] {processor.py:925} INFO - DAG(s) 'extract_raw_data_pipeline' retrieved from /opt/airflow/dags/lead_data_pipeline.py
[2025-04-14T12:03:59.473+0000] {logging_mixin.py:190} INFO - [2025-04-14T12:03:59.473+0000] {dag.py:3239} INFO - Sync 1 DAGs
[2025-04-14T12:03:59.493+0000] {logging_mixin.py:190} INFO - [2025-04-14T12:03:59.493+0000] {dag.py:4180} INFO - Setting next_dagrun for extract_raw_data_pipeline to 2025-04-14 07:59:00+00:00, run_after=2025-04-15 07:00:00+00:00
[2025-04-14T12:03:59.508+0000] {processor.py:208} INFO - Processing /opt/airflow/dags/lead_data_pipeline.py took 0.365 seconds
[2025-04-14T12:04:29.718+0000] {processor.py:186} INFO - Started process (PID=94) to work on /opt/airflow/dags/lead_data_pipeline.py
[2025-04-14T12:04:29.719+0000] {processor.py:914} INFO - Processing file /opt/airflow/dags/lead_data_pipeline.py for tasks to queue
[2025-04-14T12:04:29.722+0000] {logging_mixin.py:190} INFO - [2025-04-14T12:04:29.721+0000] {dagbag.py:588} INFO - Filling up the DagBag from /opt/airflow/dags/lead_data_pipeline.py
[2025-04-14T12:04:30.013+0000] {processor.py:925} INFO - DAG(s) 'extract_raw_data_pipeline' retrieved from /opt/airflow/dags/lead_data_pipeline.py
[2025-04-14T12:04:30.035+0000] {logging_mixin.py:190} INFO - [2025-04-14T12:04:30.035+0000] {dag.py:3239} INFO - Sync 1 DAGs
[2025-04-14T12:04:30.056+0000] {logging_mixin.py:190} INFO - [2025-04-14T12:04:30.056+0000] {dag.py:4180} INFO - Setting next_dagrun for extract_raw_data_pipeline to 2025-04-14 07:59:00+00:00, run_after=2025-04-15 07:00:00+00:00
[2025-04-14T12:04:30.072+0000] {processor.py:208} INFO - Processing /opt/airflow/dags/lead_data_pipeline.py took 0.361 seconds
[2025-04-14T12:05:00.295+0000] {processor.py:186} INFO - Started process (PID=102) to work on /opt/airflow/dags/lead_data_pipeline.py
[2025-04-14T12:05:00.296+0000] {processor.py:914} INFO - Processing file /opt/airflow/dags/lead_data_pipeline.py for tasks to queue
[2025-04-14T12:05:00.299+0000] {logging_mixin.py:190} INFO - [2025-04-14T12:05:00.299+0000] {dagbag.py:588} INFO - Filling up the DagBag from /opt/airflow/dags/lead_data_pipeline.py
[2025-04-14T12:05:00.593+0000] {processor.py:925} INFO - DAG(s) 'extract_raw_data_pipeline' retrieved from /opt/airflow/dags/lead_data_pipeline.py
[2025-04-14T12:05:00.614+0000] {logging_mixin.py:190} INFO - [2025-04-14T12:05:00.614+0000] {dag.py:3239} INFO - Sync 1 DAGs
[2025-04-14T12:05:00.634+0000] {logging_mixin.py:190} INFO - [2025-04-14T12:05:00.634+0000] {dag.py:4180} INFO - Setting next_dagrun for extract_raw_data_pipeline to 2025-04-14 07:59:00+00:00, run_after=2025-04-15 07:00:00+00:00
[2025-04-14T12:05:00.651+0000] {processor.py:208} INFO - Processing /opt/airflow/dags/lead_data_pipeline.py took 0.363 seconds
[2025-04-14T12:05:30.863+0000] {processor.py:186} INFO - Started process (PID=110) to work on /opt/airflow/dags/lead_data_pipeline.py
[2025-04-14T12:05:30.864+0000] {processor.py:914} INFO - Processing file /opt/airflow/dags/lead_data_pipeline.py for tasks to queue
[2025-04-14T12:05:30.867+0000] {logging_mixin.py:190} INFO - [2025-04-14T12:05:30.867+0000] {dagbag.py:588} INFO - Filling up the DagBag from /opt/airflow/dags/lead_data_pipeline.py
[2025-04-14T12:05:31.166+0000] {processor.py:925} INFO - DAG(s) 'extract_raw_data_pipeline' retrieved from /opt/airflow/dags/lead_data_pipeline.py
[2025-04-14T12:05:31.189+0000] {logging_mixin.py:190} INFO - [2025-04-14T12:05:31.189+0000] {dag.py:3239} INFO - Sync 1 DAGs
[2025-04-14T12:05:31.213+0000] {logging_mixin.py:190} INFO - [2025-04-14T12:05:31.212+0000] {dag.py:4180} INFO - Setting next_dagrun for extract_raw_data_pipeline to 2025-04-14 07:59:00+00:00, run_after=2025-04-15 07:00:00+00:00
[2025-04-14T12:05:31.229+0000] {processor.py:208} INFO - Processing /opt/airflow/dags/lead_data_pipeline.py took 0.373 seconds
[2025-04-14T12:06:01.439+0000] {processor.py:186} INFO - Started process (PID=118) to work on /opt/airflow/dags/lead_data_pipeline.py
[2025-04-14T12:06:01.440+0000] {processor.py:914} INFO - Processing file /opt/airflow/dags/lead_data_pipeline.py for tasks to queue
[2025-04-14T12:06:01.443+0000] {logging_mixin.py:190} INFO - [2025-04-14T12:06:01.442+0000] {dagbag.py:588} INFO - Filling up the DagBag from /opt/airflow/dags/lead_data_pipeline.py
[2025-04-14T12:06:01.739+0000] {processor.py:925} INFO - DAG(s) 'extract_raw_data_pipeline' retrieved from /opt/airflow/dags/lead_data_pipeline.py
[2025-04-14T12:06:01.764+0000] {logging_mixin.py:190} INFO - [2025-04-14T12:06:01.763+0000] {dag.py:3239} INFO - Sync 1 DAGs
[2025-04-14T12:06:01.785+0000] {logging_mixin.py:190} INFO - [2025-04-14T12:06:01.784+0000] {dag.py:4180} INFO - Setting next_dagrun for extract_raw_data_pipeline to 2025-04-14 07:59:00+00:00, run_after=2025-04-15 07:00:00+00:00
[2025-04-14T12:06:01.801+0000] {processor.py:208} INFO - Processing /opt/airflow/dags/lead_data_pipeline.py took 0.369 seconds
[2025-04-14T12:06:32.021+0000] {processor.py:186} INFO - Started process (PID=126) to work on /opt/airflow/dags/lead_data_pipeline.py
[2025-04-14T12:06:32.022+0000] {processor.py:914} INFO - Processing file /opt/airflow/dags/lead_data_pipeline.py for tasks to queue
[2025-04-14T12:06:32.025+0000] {logging_mixin.py:190} INFO - [2025-04-14T12:06:32.024+0000] {dagbag.py:588} INFO - Filling up the DagBag from /opt/airflow/dags/lead_data_pipeline.py
[2025-04-14T12:06:32.331+0000] {processor.py:925} INFO - DAG(s) 'extract_raw_data_pipeline' retrieved from /opt/airflow/dags/lead_data_pipeline.py
[2025-04-14T12:06:32.355+0000] {logging_mixin.py:190} INFO - [2025-04-14T12:06:32.354+0000] {dag.py:3239} INFO - Sync 1 DAGs
[2025-04-14T12:06:32.376+0000] {logging_mixin.py:190} INFO - [2025-04-14T12:06:32.375+0000] {dag.py:4180} INFO - Setting next_dagrun for extract_raw_data_pipeline to 2025-04-14 07:59:00+00:00, run_after=2025-04-15 07:00:00+00:00
[2025-04-14T12:06:32.392+0000] {processor.py:208} INFO - Processing /opt/airflow/dags/lead_data_pipeline.py took 0.378 seconds
[2025-04-14T12:07:02.603+0000] {processor.py:186} INFO - Started process (PID=134) to work on /opt/airflow/dags/lead_data_pipeline.py
[2025-04-14T12:07:02.605+0000] {processor.py:914} INFO - Processing file /opt/airflow/dags/lead_data_pipeline.py for tasks to queue
[2025-04-14T12:07:02.608+0000] {logging_mixin.py:190} INFO - [2025-04-14T12:07:02.608+0000] {dagbag.py:588} INFO - Filling up the DagBag from /opt/airflow/dags/lead_data_pipeline.py
[2025-04-14T12:07:02.906+0000] {processor.py:925} INFO - DAG(s) 'extract_raw_data_pipeline' retrieved from /opt/airflow/dags/lead_data_pipeline.py
[2025-04-14T12:07:02.927+0000] {logging_mixin.py:190} INFO - [2025-04-14T12:07:02.927+0000] {dag.py:3239} INFO - Sync 1 DAGs
[2025-04-14T12:07:02.948+0000] {logging_mixin.py:190} INFO - [2025-04-14T12:07:02.947+0000] {dag.py:4180} INFO - Setting next_dagrun for extract_raw_data_pipeline to 2025-04-14 07:59:00+00:00, run_after=2025-04-15 07:00:00+00:00
[2025-04-14T12:07:02.964+0000] {processor.py:208} INFO - Processing /opt/airflow/dags/lead_data_pipeline.py took 0.369 seconds
[2025-04-14T12:07:33.190+0000] {processor.py:186} INFO - Started process (PID=142) to work on /opt/airflow/dags/lead_data_pipeline.py
[2025-04-14T12:07:33.191+0000] {processor.py:914} INFO - Processing file /opt/airflow/dags/lead_data_pipeline.py for tasks to queue
[2025-04-14T12:07:33.195+0000] {logging_mixin.py:190} INFO - [2025-04-14T12:07:33.194+0000] {dagbag.py:588} INFO - Filling up the DagBag from /opt/airflow/dags/lead_data_pipeline.py
[2025-04-14T12:07:33.487+0000] {processor.py:925} INFO - DAG(s) 'extract_raw_data_pipeline' retrieved from /opt/airflow/dags/lead_data_pipeline.py
[2025-04-14T12:07:33.509+0000] {logging_mixin.py:190} INFO - [2025-04-14T12:07:33.508+0000] {dag.py:3239} INFO - Sync 1 DAGs
[2025-04-14T12:07:33.529+0000] {logging_mixin.py:190} INFO - [2025-04-14T12:07:33.529+0000] {dag.py:4180} INFO - Setting next_dagrun for extract_raw_data_pipeline to 2025-04-14 07:59:00+00:00, run_after=2025-04-15 07:00:00+00:00
[2025-04-14T12:07:33.545+0000] {processor.py:208} INFO - Processing /opt/airflow/dags/lead_data_pipeline.py took 0.362 seconds
[2025-04-14T12:08:03.748+0000] {processor.py:186} INFO - Started process (PID=150) to work on /opt/airflow/dags/lead_data_pipeline.py
[2025-04-14T12:08:03.749+0000] {processor.py:914} INFO - Processing file /opt/airflow/dags/lead_data_pipeline.py for tasks to queue
[2025-04-14T12:08:03.752+0000] {logging_mixin.py:190} INFO - [2025-04-14T12:08:03.752+0000] {dagbag.py:588} INFO - Filling up the DagBag from /opt/airflow/dags/lead_data_pipeline.py
[2025-04-14T12:08:04.044+0000] {processor.py:925} INFO - DAG(s) 'extract_raw_data_pipeline' retrieved from /opt/airflow/dags/lead_data_pipeline.py
[2025-04-14T12:08:04.067+0000] {logging_mixin.py:190} INFO - [2025-04-14T12:08:04.067+0000] {dag.py:3239} INFO - Sync 1 DAGs
[2025-04-14T12:08:04.086+0000] {logging_mixin.py:190} INFO - [2025-04-14T12:08:04.086+0000] {dag.py:4180} INFO - Setting next_dagrun for extract_raw_data_pipeline to 2025-04-14 07:59:00+00:00, run_after=2025-04-15 07:00:00+00:00
[2025-04-14T12:08:04.102+0000] {processor.py:208} INFO - Processing /opt/airflow/dags/lead_data_pipeline.py took 0.360 seconds
[2025-04-14T12:08:34.312+0000] {processor.py:186} INFO - Started process (PID=158) to work on /opt/airflow/dags/lead_data_pipeline.py
[2025-04-14T12:08:34.313+0000] {processor.py:914} INFO - Processing file /opt/airflow/dags/lead_data_pipeline.py for tasks to queue
[2025-04-14T12:08:34.315+0000] {logging_mixin.py:190} INFO - [2025-04-14T12:08:34.315+0000] {dagbag.py:588} INFO - Filling up the DagBag from /opt/airflow/dags/lead_data_pipeline.py
[2025-04-14T12:08:34.612+0000] {processor.py:925} INFO - DAG(s) 'extract_raw_data_pipeline' retrieved from /opt/airflow/dags/lead_data_pipeline.py
[2025-04-14T12:08:34.633+0000] {logging_mixin.py:190} INFO - [2025-04-14T12:08:34.633+0000] {dag.py:3239} INFO - Sync 1 DAGs
[2025-04-14T12:08:34.653+0000] {logging_mixin.py:190} INFO - [2025-04-14T12:08:34.653+0000] {dag.py:4180} INFO - Setting next_dagrun for extract_raw_data_pipeline to 2025-04-14 07:59:00+00:00, run_after=2025-04-15 07:00:00+00:00
[2025-04-14T12:08:34.669+0000] {processor.py:208} INFO - Processing /opt/airflow/dags/lead_data_pipeline.py took 0.363 seconds
[2025-04-14T12:09:04.883+0000] {processor.py:186} INFO - Started process (PID=166) to work on /opt/airflow/dags/lead_data_pipeline.py
[2025-04-14T12:09:04.884+0000] {processor.py:914} INFO - Processing file /opt/airflow/dags/lead_data_pipeline.py for tasks to queue
[2025-04-14T12:09:04.887+0000] {logging_mixin.py:190} INFO - [2025-04-14T12:09:04.887+0000] {dagbag.py:588} INFO - Filling up the DagBag from /opt/airflow/dags/lead_data_pipeline.py
[2025-04-14T12:09:05.182+0000] {processor.py:925} INFO - DAG(s) 'extract_raw_data_pipeline' retrieved from /opt/airflow/dags/lead_data_pipeline.py
[2025-04-14T12:09:05.204+0000] {logging_mixin.py:190} INFO - [2025-04-14T12:09:05.203+0000] {dag.py:3239} INFO - Sync 1 DAGs
[2025-04-14T12:09:05.224+0000] {logging_mixin.py:190} INFO - [2025-04-14T12:09:05.224+0000] {dag.py:4180} INFO - Setting next_dagrun for extract_raw_data_pipeline to 2025-04-14 07:59:00+00:00, run_after=2025-04-15 07:00:00+00:00
[2025-04-14T12:09:05.240+0000] {processor.py:208} INFO - Processing /opt/airflow/dags/lead_data_pipeline.py took 0.364 seconds
[2025-04-14T12:09:35.446+0000] {processor.py:186} INFO - Started process (PID=174) to work on /opt/airflow/dags/lead_data_pipeline.py
[2025-04-14T12:09:35.447+0000] {processor.py:914} INFO - Processing file /opt/airflow/dags/lead_data_pipeline.py for tasks to queue
[2025-04-14T12:09:35.450+0000] {logging_mixin.py:190} INFO - [2025-04-14T12:09:35.449+0000] {dagbag.py:588} INFO - Filling up the DagBag from /opt/airflow/dags/lead_data_pipeline.py
[2025-04-14T12:09:35.739+0000] {processor.py:925} INFO - DAG(s) 'extract_raw_data_pipeline' retrieved from /opt/airflow/dags/lead_data_pipeline.py
[2025-04-14T12:09:35.761+0000] {logging_mixin.py:190} INFO - [2025-04-14T12:09:35.761+0000] {dag.py:3239} INFO - Sync 1 DAGs
[2025-04-14T12:09:35.783+0000] {logging_mixin.py:190} INFO - [2025-04-14T12:09:35.783+0000] {dag.py:4180} INFO - Setting next_dagrun for extract_raw_data_pipeline to 2025-04-14 07:59:00+00:00, run_after=2025-04-15 07:00:00+00:00
[2025-04-14T12:09:35.799+0000] {processor.py:208} INFO - Processing /opt/airflow/dags/lead_data_pipeline.py took 0.360 seconds
[2025-04-14T12:10:06.010+0000] {processor.py:186} INFO - Started process (PID=182) to work on /opt/airflow/dags/lead_data_pipeline.py
[2025-04-14T12:10:06.012+0000] {processor.py:914} INFO - Processing file /opt/airflow/dags/lead_data_pipeline.py for tasks to queue
[2025-04-14T12:10:06.014+0000] {logging_mixin.py:190} INFO - [2025-04-14T12:10:06.014+0000] {dagbag.py:588} INFO - Filling up the DagBag from /opt/airflow/dags/lead_data_pipeline.py
[2025-04-14T12:10:06.306+0000] {processor.py:925} INFO - DAG(s) 'extract_raw_data_pipeline' retrieved from /opt/airflow/dags/lead_data_pipeline.py
[2025-04-14T12:10:06.327+0000] {logging_mixin.py:190} INFO - [2025-04-14T12:10:06.327+0000] {dag.py:3239} INFO - Sync 1 DAGs
[2025-04-14T12:10:06.347+0000] {logging_mixin.py:190} INFO - [2025-04-14T12:10:06.346+0000] {dag.py:4180} INFO - Setting next_dagrun for extract_raw_data_pipeline to 2025-04-14 07:59:00+00:00, run_after=2025-04-15 07:00:00+00:00
[2025-04-14T12:10:06.362+0000] {processor.py:208} INFO - Processing /opt/airflow/dags/lead_data_pipeline.py took 0.358 seconds
[2025-04-14T12:10:36.582+0000] {processor.py:186} INFO - Started process (PID=190) to work on /opt/airflow/dags/lead_data_pipeline.py
[2025-04-14T12:10:36.583+0000] {processor.py:914} INFO - Processing file /opt/airflow/dags/lead_data_pipeline.py for tasks to queue
[2025-04-14T12:10:36.586+0000] {logging_mixin.py:190} INFO - [2025-04-14T12:10:36.586+0000] {dagbag.py:588} INFO - Filling up the DagBag from /opt/airflow/dags/lead_data_pipeline.py
[2025-04-14T12:10:36.880+0000] {processor.py:925} INFO - DAG(s) 'extract_raw_data_pipeline' retrieved from /opt/airflow/dags/lead_data_pipeline.py
[2025-04-14T12:10:36.901+0000] {logging_mixin.py:190} INFO - [2025-04-14T12:10:36.901+0000] {dag.py:3239} INFO - Sync 1 DAGs
[2025-04-14T12:10:36.921+0000] {logging_mixin.py:190} INFO - [2025-04-14T12:10:36.920+0000] {dag.py:4180} INFO - Setting next_dagrun for extract_raw_data_pipeline to 2025-04-14 07:59:00+00:00, run_after=2025-04-15 07:00:00+00:00
[2025-04-14T12:10:36.936+0000] {processor.py:208} INFO - Processing /opt/airflow/dags/lead_data_pipeline.py took 0.362 seconds
[2025-04-14T12:11:07.180+0000] {processor.py:186} INFO - Started process (PID=198) to work on /opt/airflow/dags/lead_data_pipeline.py
[2025-04-14T12:11:07.181+0000] {processor.py:914} INFO - Processing file /opt/airflow/dags/lead_data_pipeline.py for tasks to queue
[2025-04-14T12:11:07.185+0000] {logging_mixin.py:190} INFO - [2025-04-14T12:11:07.184+0000] {dagbag.py:588} INFO - Filling up the DagBag from /opt/airflow/dags/lead_data_pipeline.py
[2025-04-14T12:11:07.472+0000] {processor.py:925} INFO - DAG(s) 'extract_raw_data_pipeline' retrieved from /opt/airflow/dags/lead_data_pipeline.py
[2025-04-14T12:11:07.494+0000] {logging_mixin.py:190} INFO - [2025-04-14T12:11:07.493+0000] {dag.py:3239} INFO - Sync 1 DAGs
[2025-04-14T12:11:07.513+0000] {logging_mixin.py:190} INFO - [2025-04-14T12:11:07.513+0000] {dag.py:4180} INFO - Setting next_dagrun for extract_raw_data_pipeline to 2025-04-14 07:59:00+00:00, run_after=2025-04-15 07:00:00+00:00
[2025-04-14T12:11:07.529+0000] {processor.py:208} INFO - Processing /opt/airflow/dags/lead_data_pipeline.py took 0.357 seconds
[2025-04-14T12:11:37.748+0000] {processor.py:186} INFO - Started process (PID=206) to work on /opt/airflow/dags/lead_data_pipeline.py
[2025-04-14T12:11:37.749+0000] {processor.py:914} INFO - Processing file /opt/airflow/dags/lead_data_pipeline.py for tasks to queue
[2025-04-14T12:11:37.753+0000] {logging_mixin.py:190} INFO - [2025-04-14T12:11:37.752+0000] {dagbag.py:588} INFO - Filling up the DagBag from /opt/airflow/dags/lead_data_pipeline.py
[2025-04-14T12:11:38.048+0000] {processor.py:925} INFO - DAG(s) 'extract_raw_data_pipeline' retrieved from /opt/airflow/dags/lead_data_pipeline.py
[2025-04-14T12:11:38.069+0000] {logging_mixin.py:190} INFO - [2025-04-14T12:11:38.069+0000] {dag.py:3239} INFO - Sync 1 DAGs
[2025-04-14T12:11:38.093+0000] {logging_mixin.py:190} INFO - [2025-04-14T12:11:38.093+0000] {dag.py:4180} INFO - Setting next_dagrun for extract_raw_data_pipeline to 2025-04-14 07:59:00+00:00, run_after=2025-04-15 07:00:00+00:00
[2025-04-14T12:11:38.108+0000] {processor.py:208} INFO - Processing /opt/airflow/dags/lead_data_pipeline.py took 0.367 seconds
[2025-04-14T12:12:08.329+0000] {processor.py:186} INFO - Started process (PID=220) to work on /opt/airflow/dags/lead_data_pipeline.py
[2025-04-14T12:12:08.330+0000] {processor.py:914} INFO - Processing file /opt/airflow/dags/lead_data_pipeline.py for tasks to queue
[2025-04-14T12:12:08.333+0000] {logging_mixin.py:190} INFO - [2025-04-14T12:12:08.333+0000] {dagbag.py:588} INFO - Filling up the DagBag from /opt/airflow/dags/lead_data_pipeline.py
[2025-04-14T12:12:08.604+0000] {processor.py:925} INFO - DAG(s) 'extract_raw_data_pipeline' retrieved from /opt/airflow/dags/lead_data_pipeline.py
[2025-04-14T12:12:08.624+0000] {logging_mixin.py:190} INFO - [2025-04-14T12:12:08.624+0000] {dag.py:3239} INFO - Sync 1 DAGs
[2025-04-14T12:12:08.644+0000] {logging_mixin.py:190} INFO - [2025-04-14T12:12:08.643+0000] {dag.py:4180} INFO - Setting next_dagrun for extract_raw_data_pipeline to 2025-04-14 07:59:00+00:00, run_after=2025-04-15 07:00:00+00:00
[2025-04-14T12:12:08.662+0000] {processor.py:208} INFO - Processing /opt/airflow/dags/lead_data_pipeline.py took 0.339 seconds
[2025-04-14T12:12:38.872+0000] {processor.py:186} INFO - Started process (PID=228) to work on /opt/airflow/dags/lead_data_pipeline.py
[2025-04-14T12:12:38.873+0000] {processor.py:914} INFO - Processing file /opt/airflow/dags/lead_data_pipeline.py for tasks to queue
[2025-04-14T12:12:38.876+0000] {logging_mixin.py:190} INFO - [2025-04-14T12:12:38.876+0000] {dagbag.py:588} INFO - Filling up the DagBag from /opt/airflow/dags/lead_data_pipeline.py
[2025-04-14T12:12:39.166+0000] {processor.py:925} INFO - DAG(s) 'extract_raw_data_pipeline' retrieved from /opt/airflow/dags/lead_data_pipeline.py
[2025-04-14T12:12:39.187+0000] {logging_mixin.py:190} INFO - [2025-04-14T12:12:39.187+0000] {dag.py:3239} INFO - Sync 1 DAGs
[2025-04-14T12:12:39.206+0000] {logging_mixin.py:190} INFO - [2025-04-14T12:12:39.206+0000] {dag.py:4180} INFO - Setting next_dagrun for extract_raw_data_pipeline to 2025-04-14 07:59:00+00:00, run_after=2025-04-15 07:00:00+00:00
[2025-04-14T12:12:39.222+0000] {processor.py:208} INFO - Processing /opt/airflow/dags/lead_data_pipeline.py took 0.358 seconds
