[2025-04-17T07:42:05.227+0000] {local_task_job_runner.py:123} INFO - ::group::Pre task execution logs
[2025-04-17T07:42:05.244+0000] {taskinstance.py:2612} INFO - Dependencies all met for dep_context=non-requeueable deps ti=<TaskInstance: extract_raw_data_pipeline.run_dbt_staging scheduled__2025-04-17T07:35:00+00:00 [queued]>
[2025-04-17T07:42:05.252+0000] {taskinstance.py:2612} INFO - Dependencies all met for dep_context=requeueable deps ti=<TaskInstance: extract_raw_data_pipeline.run_dbt_staging scheduled__2025-04-17T07:35:00+00:00 [queued]>
[2025-04-17T07:42:05.252+0000] {taskinstance.py:2865} INFO - Starting attempt 1 of 1
[2025-04-17T07:42:05.264+0000] {taskinstance.py:2888} INFO - Executing <Task(BashOperator): run_dbt_staging> on 2025-04-17 07:35:00+00:00
[2025-04-17T07:42:05.270+0000] {warnings.py:112} WARNING - /home/***/.local/lib/python3.12/site-packages/***/task/task_runner/standard_task_runner.py:70: DeprecationWarning: This process (pid=140) is multi-threaded, use of fork() may lead to deadlocks in the child.
  pid = os.fork()

[2025-04-17T07:42:05.272+0000] {standard_task_runner.py:72} INFO - Started process 144 to run task
[2025-04-17T07:42:05.272+0000] {standard_task_runner.py:104} INFO - Running: ['***', 'tasks', 'run', 'extract_raw_data_pipeline', 'run_dbt_staging', 'scheduled__2025-04-17T07:35:00+00:00', '--job-id', '217', '--raw', '--subdir', 'DAGS_FOLDER/lead_data_pipeline.py', '--cfg-path', '/tmp/tmp_ntj9iv2']
[2025-04-17T07:42:05.273+0000] {standard_task_runner.py:105} INFO - Job 217: Subtask run_dbt_staging
[2025-04-17T07:42:05.320+0000] {task_command.py:467} INFO - Running <TaskInstance: extract_raw_data_pipeline.run_dbt_staging scheduled__2025-04-17T07:35:00+00:00 [running]> on host c0ac39583bd8
[2025-04-17T07:42:05.399+0000] {taskinstance.py:3131} INFO - Exporting env vars: AIRFLOW_CTX_DAG_OWNER='***' AIRFLOW_CTX_DAG_ID='extract_raw_data_pipeline' AIRFLOW_CTX_TASK_ID='run_dbt_staging' AIRFLOW_CTX_EXECUTION_DATE='2025-04-17T07:35:00+00:00' AIRFLOW_CTX_TRY_NUMBER='1' AIRFLOW_CTX_DAG_RUN_ID='scheduled__2025-04-17T07:35:00+00:00'
[2025-04-17T07:42:05.400+0000] {taskinstance.py:731} INFO - ::endgroup::
[2025-04-17T07:42:05.414+0000] {subprocess.py:63} INFO - Tmp dir root location: /tmp
[2025-04-17T07:42:05.415+0000] {subprocess.py:75} INFO - Running command: ['/usr/bin/bash', '-c', 'set -x; cd /opt/***/dbt && dbt run --select tag:staging']
[2025-04-17T07:42:05.425+0000] {subprocess.py:86} INFO - Output:
[2025-04-17T07:42:05.427+0000] {subprocess.py:93} INFO - + cd /opt/***/dbt
[2025-04-17T07:42:05.427+0000] {subprocess.py:93} INFO - + dbt run --select tag:staging
[2025-04-17T07:42:07.891+0000] {subprocess.py:93} INFO - [0m07:42:07  Running with dbt=1.8.0
[2025-04-17T07:42:08.200+0000] {subprocess.py:93} INFO - [0m07:42:08  Registered adapter: postgres=1.8.2
[2025-04-17T07:42:08.740+0000] {subprocess.py:93} INFO - [0m07:42:08  Found 9 models, 10 sources, 428 macros
[2025-04-17T07:42:08.744+0000] {subprocess.py:93} INFO - [0m07:42:08
[2025-04-17T07:42:08.891+0000] {subprocess.py:93} INFO - [0m07:42:08  Concurrency: 1 threads (target='dev')
[2025-04-17T07:42:08.892+0000] {subprocess.py:93} INFO - [0m07:42:08
[2025-04-17T07:42:08.904+0000] {subprocess.py:93} INFO - [0m07:42:08  1 of 5 START sql table model lead_staging.dim_address .......................... [RUN]
[2025-04-17T07:42:18.227+0000] {subprocess.py:93} INFO - [0m07:42:18  1 of 5 OK created sql table model lead_staging.dim_address ..................... [[32mSELECT 6103093[0m in 9.32s]
[2025-04-17T07:42:18.230+0000] {subprocess.py:93} INFO - [0m07:42:18  2 of 5 START sql table model lead_staging.dim_date ............................. [RUN]
[2025-04-17T07:42:29.380+0000] {subprocess.py:93} INFO - [0m07:42:29  2 of 5 OK created sql table model lead_staging.dim_date ........................ [[32mSELECT 6103093[0m in 11.15s]
[2025-04-17T07:42:29.383+0000] {subprocess.py:93} INFO - [0m07:42:29  3 of 5 START sql table model lead_staging.dim_finance .......................... [RUN]
[2025-04-17T07:42:38.366+0000] {subprocess.py:93} INFO - [0m07:42:38  3 of 5 OK created sql table model lead_staging.dim_finance ..................... [[32mSELECT 6103093[0m in 8.98s]
[2025-04-17T07:42:38.371+0000] {subprocess.py:93} INFO - [0m07:42:38  4 of 5 START sql table model lead_staging.dim_person ........................... [RUN]
[2025-04-17T07:42:52.586+0000] {subprocess.py:93} INFO - [0m07:42:52  4 of 5 OK created sql table model lead_staging.dim_person ...................... [[32mSELECT 6103093[0m in 14.21s]
[2025-04-17T07:42:52.589+0000] {subprocess.py:93} INFO - [0m07:42:52  5 of 5 START sql table model lead_staging.fact_network_usage ................... [RUN]
[2025-04-17T07:43:03.477+0000] {subprocess.py:93} INFO - [0m07:43:03  5 of 5 OK created sql table model lead_staging.fact_network_usage .............. [[32mSELECT 6103093[0m in 10.89s]
[2025-04-17T07:43:03.494+0000] {subprocess.py:93} INFO - [0m07:43:03
[2025-04-17T07:43:03.495+0000] {subprocess.py:93} INFO - [0m07:43:03  Finished running 5 table models in 0 hours 0 minutes and 54.75 seconds (54.75s).
[2025-04-17T07:43:03.556+0000] {subprocess.py:93} INFO - [0m07:43:03
[2025-04-17T07:43:03.557+0000] {subprocess.py:93} INFO - [0m07:43:03  [32mCompleted successfully[0m
[2025-04-17T07:43:03.558+0000] {subprocess.py:93} INFO - [0m07:43:03
[2025-04-17T07:43:03.559+0000] {subprocess.py:93} INFO - [0m07:43:03  Done. PASS=5 WARN=0 ERROR=0 SKIP=0 TOTAL=5
[2025-04-17T07:43:04.452+0000] {subprocess.py:97} INFO - Command exited with return code 0
[2025-04-17T07:43:04.484+0000] {taskinstance.py:340} INFO - ::group::Post task execution logs
[2025-04-17T07:43:04.485+0000] {taskinstance.py:352} INFO - Marking task as SUCCESS. dag_id=extract_raw_data_pipeline, task_id=run_dbt_staging, run_id=scheduled__2025-04-17T07:35:00+00:00, execution_date=20250417T073500, start_date=20250417T074205, end_date=20250417T074304
[2025-04-17T07:43:04.519+0000] {local_task_job_runner.py:266} INFO - Task exited with return code 0
[2025-04-17T07:43:04.540+0000] {taskinstance.py:3900} INFO - 1 downstream tasks scheduled from follow-on schedule check
[2025-04-17T07:43:04.545+0000] {local_task_job_runner.py:245} INFO - ::endgroup::
