[2025-04-14T10:24:29.545+0000] {local_task_job_runner.py:123} INFO - ::group::Pre task execution logs
[2025-04-14T10:24:29.561+0000] {taskinstance.py:2612} INFO - Dependencies all met for dep_context=non-requeueable deps ti=<TaskInstance: extract_raw_data_pipeline.run_dbt_trusted manual__2025-04-14T10:23:46.914768+00:00 [queued]>
[2025-04-14T10:24:29.570+0000] {taskinstance.py:2612} INFO - Dependencies all met for dep_context=requeueable deps ti=<TaskInstance: extract_raw_data_pipeline.run_dbt_trusted manual__2025-04-14T10:23:46.914768+00:00 [queued]>
[2025-04-14T10:24:29.570+0000] {taskinstance.py:2865} INFO - Starting attempt 1 of 1
[2025-04-14T10:24:29.585+0000] {taskinstance.py:2888} INFO - Executing <Task(BashOperator): run_dbt_trusted> on 2025-04-14 10:23:46.914768+00:00
[2025-04-14T10:24:29.590+0000] {warnings.py:112} WARNING - /home/***/.local/lib/python3.12/site-packages/***/task/task_runner/standard_task_runner.py:70: DeprecationWarning: This process (pid=469) is multi-threaded, use of fork() may lead to deadlocks in the child.
  pid = os.fork()

[2025-04-14T10:24:29.592+0000] {standard_task_runner.py:72} INFO - Started process 471 to run task
[2025-04-14T10:24:29.592+0000] {standard_task_runner.py:104} INFO - Running: ['***', 'tasks', 'run', 'extract_raw_data_pipeline', 'run_dbt_trusted', 'manual__2025-04-14T10:23:46.914768+00:00', '--job-id', '56', '--raw', '--subdir', 'DAGS_FOLDER/lead_data_pipeline.py', '--cfg-path', '/tmp/tmp86vk22b6']
[2025-04-14T10:24:29.593+0000] {standard_task_runner.py:105} INFO - Job 56: Subtask run_dbt_trusted
[2025-04-14T10:24:29.637+0000] {task_command.py:467} INFO - Running <TaskInstance: extract_raw_data_pipeline.run_dbt_trusted manual__2025-04-14T10:23:46.914768+00:00 [running]> on host 9276b9d03819
[2025-04-14T10:24:29.716+0000] {taskinstance.py:3131} INFO - Exporting env vars: AIRFLOW_CTX_DAG_OWNER='***' AIRFLOW_CTX_DAG_ID='extract_raw_data_pipeline' AIRFLOW_CTX_TASK_ID='run_dbt_trusted' AIRFLOW_CTX_EXECUTION_DATE='2025-04-14T10:23:46.914768+00:00' AIRFLOW_CTX_TRY_NUMBER='1' AIRFLOW_CTX_DAG_RUN_ID='manual__2025-04-14T10:23:46.914768+00:00'
[2025-04-14T10:24:29.717+0000] {taskinstance.py:731} INFO - ::endgroup::
[2025-04-14T10:24:29.731+0000] {subprocess.py:63} INFO - Tmp dir root location: /tmp
[2025-04-14T10:24:29.732+0000] {subprocess.py:75} INFO - Running command: ['/usr/bin/bash', '-c', 'set -x; cd /opt/***/dbt && dbt run --select tag:trusted']
[2025-04-14T10:24:29.742+0000] {subprocess.py:86} INFO - Output:
[2025-04-14T10:24:29.744+0000] {subprocess.py:93} INFO - + cd /opt/***/dbt
[2025-04-14T10:24:29.744+0000] {subprocess.py:93} INFO - + dbt run --select tag:trusted
[2025-04-14T10:24:31.796+0000] {subprocess.py:93} INFO - [0m10:24:31  Running with dbt=1.8.0
[2025-04-14T10:24:32.086+0000] {subprocess.py:93} INFO - [0m10:24:32  Registered adapter: postgres=1.8.2
[2025-04-14T10:24:32.475+0000] {subprocess.py:93} INFO - [0m10:24:32  Found 9 models, 10 sources, 428 macros
[2025-04-14T10:24:32.478+0000] {subprocess.py:93} INFO - [0m10:24:32
[2025-04-14T10:24:32.602+0000] {subprocess.py:93} INFO - [0m10:24:32  Concurrency: 1 threads (target='dev')
[2025-04-14T10:24:32.603+0000] {subprocess.py:93} INFO - [0m10:24:32
[2025-04-14T10:24:32.614+0000] {subprocess.py:93} INFO - [0m10:24:32  1 of 4 START sql table model lead_trusted.non_pii_data ......................... [RUN]
[2025-04-14T10:24:40.398+0000] {subprocess.py:93} INFO - [0m10:24:40  1 of 4 OK created sql table model lead_trusted.non_pii_data .................... [[32mSELECT 403438[0m in 7.78s]
[2025-04-14T10:24:40.401+0000] {subprocess.py:93} INFO - [0m10:24:40  2 of 4 START sql table model lead_trusted.payment_data ......................... [RUN]
[2025-04-14T10:24:42.989+0000] {subprocess.py:93} INFO - [0m10:24:42  2 of 4 OK created sql table model lead_trusted.payment_data .................... [[32mSELECT 403438[0m in 2.59s]
[2025-04-14T10:24:42.992+0000] {subprocess.py:93} INFO - [0m10:24:42  3 of 4 START sql table model lead_trusted.pii_data ............................. [RUN]
[2025-04-14T10:24:50.644+0000] {subprocess.py:93} INFO - [0m10:24:50  3 of 4 OK created sql table model lead_trusted.pii_data ........................ [[32mSELECT 403438[0m in 7.65s]
[2025-04-14T10:24:50.647+0000] {subprocess.py:93} INFO - [0m10:24:50  4 of 4 START sql table model lead_trusted.technical_data ....................... [RUN]
[2025-04-14T10:24:53.741+0000] {subprocess.py:93} INFO - [0m10:24:53  4 of 4 OK created sql table model lead_trusted.technical_data .................. [[32mSELECT 403438[0m in 3.09s]
[2025-04-14T10:24:53.756+0000] {subprocess.py:93} INFO - [0m10:24:53
[2025-04-14T10:24:53.757+0000] {subprocess.py:93} INFO - [0m10:24:53  Finished running 4 table models in 0 hours 0 minutes and 21.28 seconds (21.28s).
[2025-04-14T10:24:53.813+0000] {subprocess.py:93} INFO - [0m10:24:53
[2025-04-14T10:24:53.814+0000] {subprocess.py:93} INFO - [0m10:24:53  [32mCompleted successfully[0m
[2025-04-14T10:24:53.814+0000] {subprocess.py:93} INFO - [0m10:24:53
[2025-04-14T10:24:53.815+0000] {subprocess.py:93} INFO - [0m10:24:53  Done. PASS=4 WARN=0 ERROR=0 SKIP=0 TOTAL=4
[2025-04-14T10:24:54.680+0000] {subprocess.py:97} INFO - Command exited with return code 0
[2025-04-14T10:24:54.710+0000] {taskinstance.py:340} INFO - ::group::Post task execution logs
[2025-04-14T10:24:54.711+0000] {taskinstance.py:352} INFO - Marking task as SUCCESS. dag_id=extract_raw_data_pipeline, task_id=run_dbt_trusted, run_id=manual__2025-04-14T10:23:46.914768+00:00, execution_date=20250414T102346, start_date=20250414T102429, end_date=20250414T102454
[2025-04-14T10:24:54.730+0000] {local_task_job_runner.py:266} INFO - Task exited with return code 0
[2025-04-14T10:24:54.745+0000] {taskinstance.py:3900} INFO - 0 downstream tasks scheduled from follow-on schedule check
[2025-04-14T10:24:54.746+0000] {local_task_job_runner.py:245} INFO - ::endgroup::
