[2025-04-14T10:23:16.939+0000] {local_task_job_runner.py:123} INFO - ::group::Pre task execution logs
[2025-04-14T10:23:16.954+0000] {taskinstance.py:2612} INFO - Dependencies all met for dep_context=non-requeueable deps ti=<TaskInstance: extract_raw_data_pipeline.run_dbt_staging manual__2025-04-14T10:22:40.281719+00:00 [queued]>
[2025-04-14T10:23:16.962+0000] {taskinstance.py:2612} INFO - Dependencies all met for dep_context=requeueable deps ti=<TaskInstance: extract_raw_data_pipeline.run_dbt_staging manual__2025-04-14T10:22:40.281719+00:00 [queued]>
[2025-04-14T10:23:16.963+0000] {taskinstance.py:2865} INFO - Starting attempt 1 of 1
[2025-04-14T10:23:16.977+0000] {taskinstance.py:2888} INFO - Executing <Task(BashOperator): run_dbt_staging> on 2025-04-14 10:22:40.281719+00:00
[2025-04-14T10:23:16.982+0000] {warnings.py:112} WARNING - /home/***/.local/lib/python3.12/site-packages/***/task/task_runner/standard_task_runner.py:70: DeprecationWarning: This process (pid=374) is multi-threaded, use of fork() may lead to deadlocks in the child.
  pid = os.fork()

[2025-04-14T10:23:16.983+0000] {standard_task_runner.py:72} INFO - Started process 376 to run task
[2025-04-14T10:23:16.984+0000] {standard_task_runner.py:104} INFO - Running: ['***', 'tasks', 'run', 'extract_raw_data_pipeline', 'run_dbt_staging', 'manual__2025-04-14T10:22:40.281719+00:00', '--job-id', '49', '--raw', '--subdir', 'DAGS_FOLDER/lead_data_pipeline.py', '--cfg-path', '/tmp/tmpofdq1rry']
[2025-04-14T10:23:16.985+0000] {standard_task_runner.py:105} INFO - Job 49: Subtask run_dbt_staging
[2025-04-14T10:23:17.026+0000] {task_command.py:467} INFO - Running <TaskInstance: extract_raw_data_pipeline.run_dbt_staging manual__2025-04-14T10:22:40.281719+00:00 [running]> on host 9276b9d03819
[2025-04-14T10:23:17.113+0000] {taskinstance.py:3131} INFO - Exporting env vars: AIRFLOW_CTX_DAG_OWNER='***' AIRFLOW_CTX_DAG_ID='extract_raw_data_pipeline' AIRFLOW_CTX_TASK_ID='run_dbt_staging' AIRFLOW_CTX_EXECUTION_DATE='2025-04-14T10:22:40.281719+00:00' AIRFLOW_CTX_TRY_NUMBER='1' AIRFLOW_CTX_DAG_RUN_ID='manual__2025-04-14T10:22:40.281719+00:00'
[2025-04-14T10:23:17.114+0000] {taskinstance.py:731} INFO - ::endgroup::
[2025-04-14T10:23:17.129+0000] {subprocess.py:63} INFO - Tmp dir root location: /tmp
[2025-04-14T10:23:17.130+0000] {subprocess.py:75} INFO - Running command: ['/usr/bin/bash', '-c', 'set -x; cd /opt/***/dbt && dbt run --select tag:staging']
[2025-04-14T10:23:17.142+0000] {subprocess.py:86} INFO - Output:
[2025-04-14T10:23:17.144+0000] {subprocess.py:93} INFO - + cd /opt/***/dbt
[2025-04-14T10:23:17.145+0000] {subprocess.py:93} INFO - + dbt run --select tag:staging
[2025-04-14T10:23:19.377+0000] {subprocess.py:93} INFO - [0m10:23:19  Running with dbt=1.8.0
[2025-04-14T10:23:19.748+0000] {subprocess.py:93} INFO - [0m10:23:19  Registered adapter: postgres=1.8.2
[2025-04-14T10:23:20.217+0000] {subprocess.py:93} INFO - [0m10:23:20  Found 9 models, 10 sources, 428 macros
[2025-04-14T10:23:20.221+0000] {subprocess.py:93} INFO - [0m10:23:20
[2025-04-14T10:23:20.382+0000] {subprocess.py:93} INFO - [0m10:23:20  Concurrency: 1 threads (target='dev')
[2025-04-14T10:23:20.383+0000] {subprocess.py:93} INFO - [0m10:23:20
[2025-04-14T10:23:20.399+0000] {subprocess.py:93} INFO - [0m10:23:20  1 of 5 START sql table model lead_staging.dim_address .......................... [RUN]
[2025-04-14T10:23:20.829+0000] {subprocess.py:93} INFO - [0m10:23:20  1 of 5 OK created sql table model lead_staging.dim_address ..................... [[32mSELECT 202694[0m in 0.43s]
[2025-04-14T10:23:20.832+0000] {subprocess.py:93} INFO - [0m10:23:20  2 of 5 START sql table model lead_staging.dim_date ............................. [RUN]
[2025-04-14T10:23:21.070+0000] {subprocess.py:93} INFO - [0m10:23:21  2 of 5 OK created sql table model lead_staging.dim_date ........................ [[32mSELECT 202694[0m in 0.24s]
[2025-04-14T10:23:21.073+0000] {subprocess.py:93} INFO - [0m10:23:21  3 of 5 START sql table model lead_staging.dim_finance .......................... [RUN]
[2025-04-14T10:23:21.345+0000] {subprocess.py:93} INFO - [0m10:23:21  3 of 5 OK created sql table model lead_staging.dim_finance ..................... [[32mSELECT 202694[0m in 0.27s]
[2025-04-14T10:23:21.348+0000] {subprocess.py:93} INFO - [0m10:23:21  4 of 5 START sql table model lead_staging.dim_person ........................... [RUN]
[2025-04-14T10:23:21.768+0000] {subprocess.py:93} INFO - [0m10:23:21  4 of 5 OK created sql table model lead_staging.dim_person ...................... [[32mSELECT 202694[0m in 0.42s]
[2025-04-14T10:23:21.771+0000] {subprocess.py:93} INFO - [0m10:23:21  5 of 5 START sql table model lead_staging.fact_network_usage ................... [RUN]
[2025-04-14T10:23:22.018+0000] {subprocess.py:93} INFO - [0m10:23:22  5 of 5 OK created sql table model lead_staging.fact_network_usage .............. [[32mSELECT 202694[0m in 0.25s]
[2025-04-14T10:23:22.033+0000] {subprocess.py:93} INFO - [0m10:23:22
[2025-04-14T10:23:22.034+0000] {subprocess.py:93} INFO - [0m10:23:22  Finished running 5 table models in 0 hours 0 minutes and 1.81 seconds (1.81s).
[2025-04-14T10:23:22.092+0000] {subprocess.py:93} INFO - [0m10:23:22
[2025-04-14T10:23:22.093+0000] {subprocess.py:93} INFO - [0m10:23:22  [32mCompleted successfully[0m
[2025-04-14T10:23:22.094+0000] {subprocess.py:93} INFO - [0m10:23:22
[2025-04-14T10:23:22.095+0000] {subprocess.py:93} INFO - [0m10:23:22  Done. PASS=5 WARN=0 ERROR=0 SKIP=0 TOTAL=5
[2025-04-14T10:23:22.959+0000] {subprocess.py:97} INFO - Command exited with return code 0
[2025-04-14T10:23:22.985+0000] {taskinstance.py:340} INFO - ::group::Post task execution logs
[2025-04-14T10:23:22.986+0000] {taskinstance.py:352} INFO - Marking task as SUCCESS. dag_id=extract_raw_data_pipeline, task_id=run_dbt_staging, run_id=manual__2025-04-14T10:22:40.281719+00:00, execution_date=20250414T102240, start_date=20250414T102316, end_date=20250414T102322
[2025-04-14T10:23:23.032+0000] {local_task_job_runner.py:266} INFO - Task exited with return code 0
[2025-04-14T10:23:23.050+0000] {taskinstance.py:3900} INFO - 1 downstream tasks scheduled from follow-on schedule check
[2025-04-14T10:23:23.051+0000] {local_task_job_runner.py:245} INFO - ::endgroup::
