[2025-04-13T10:44:27.712+0000] {processor.py:186} INFO - Started process (PID=38) to work on /opt/airflow/dags/lead_data_pipeline.py
[2025-04-13T10:44:27.714+0000] {processor.py:914} INFO - Processing file /opt/airflow/dags/lead_data_pipeline.py for tasks to queue
[2025-04-13T10:44:27.716+0000] {logging_mixin.py:190} INFO - [2025-04-13T10:44:27.716+0000] {dagbag.py:588} INFO - Filling up the DagBag from /opt/airflow/dags/lead_data_pipeline.py
[2025-04-13T10:44:28.055+0000] {processor.py:925} INFO - DAG(s) 'extract_raw_data_pipeline' retrieved from /opt/airflow/dags/lead_data_pipeline.py
[2025-04-13T10:44:28.287+0000] {logging_mixin.py:190} INFO - [2025-04-13T10:44:28.286+0000] {override.py:1900} INFO - Created Permission View: can delete on DAG:extract_raw_data_pipeline
[2025-04-13T10:44:28.297+0000] {logging_mixin.py:190} INFO - [2025-04-13T10:44:28.296+0000] {override.py:1900} INFO - Created Permission View: can edit on DAG:extract_raw_data_pipeline
[2025-04-13T10:44:28.304+0000] {logging_mixin.py:190} INFO - [2025-04-13T10:44:28.303+0000] {override.py:1900} INFO - Created Permission View: can read on DAG:extract_raw_data_pipeline
[2025-04-13T10:44:28.312+0000] {logging_mixin.py:190} INFO - [2025-04-13T10:44:28.311+0000] {override.py:1900} INFO - Created Permission View: can delete on DAG Run:extract_raw_data_pipeline
[2025-04-13T10:44:28.319+0000] {logging_mixin.py:190} INFO - [2025-04-13T10:44:28.319+0000] {override.py:1900} INFO - Created Permission View: can create on DAG Run:extract_raw_data_pipeline
[2025-04-13T10:44:28.327+0000] {logging_mixin.py:190} INFO - [2025-04-13T10:44:28.326+0000] {override.py:1900} INFO - Created Permission View: menu access on DAG Run:extract_raw_data_pipeline
[2025-04-13T10:44:28.333+0000] {logging_mixin.py:190} INFO - [2025-04-13T10:44:28.333+0000] {override.py:1900} INFO - Created Permission View: can read on DAG Run:extract_raw_data_pipeline
[2025-04-13T10:44:28.334+0000] {logging_mixin.py:190} INFO - [2025-04-13T10:44:28.334+0000] {dag.py:3239} INFO - Sync 1 DAGs
[2025-04-13T10:44:28.346+0000] {logging_mixin.py:190} INFO - [2025-04-13T10:44:28.345+0000] {dag.py:3262} INFO - Creating ORM DAG for extract_raw_data_pipeline
[2025-04-13T10:44:28.357+0000] {logging_mixin.py:190} INFO - [2025-04-13T10:44:28.356+0000] {dag.py:4180} INFO - Setting next_dagrun for extract_raw_data_pipeline to 2025-04-13 07:58:00+00:00, run_after=2025-04-13 07:59:00+00:00
[2025-04-13T10:44:28.375+0000] {processor.py:208} INFO - Processing /opt/airflow/dags/lead_data_pipeline.py took 0.669 seconds
[2025-04-13T10:44:58.601+0000] {processor.py:186} INFO - Started process (PID=46) to work on /opt/airflow/dags/lead_data_pipeline.py
[2025-04-13T10:44:58.602+0000] {processor.py:914} INFO - Processing file /opt/airflow/dags/lead_data_pipeline.py for tasks to queue
[2025-04-13T10:44:58.605+0000] {logging_mixin.py:190} INFO - [2025-04-13T10:44:58.605+0000] {dagbag.py:588} INFO - Filling up the DagBag from /opt/airflow/dags/lead_data_pipeline.py
[2025-04-13T10:44:58.886+0000] {processor.py:925} INFO - DAG(s) 'extract_raw_data_pipeline' retrieved from /opt/airflow/dags/lead_data_pipeline.py
[2025-04-13T10:44:58.906+0000] {logging_mixin.py:190} INFO - [2025-04-13T10:44:58.906+0000] {dag.py:3239} INFO - Sync 1 DAGs
[2025-04-13T10:44:58.926+0000] {logging_mixin.py:190} INFO - [2025-04-13T10:44:58.926+0000] {dag.py:4180} INFO - Setting next_dagrun for extract_raw_data_pipeline to 2025-04-13 07:58:00+00:00, run_after=2025-04-13 07:59:00+00:00
[2025-04-13T10:44:58.941+0000] {processor.py:208} INFO - Processing /opt/airflow/dags/lead_data_pipeline.py took 0.347 seconds
[2025-04-13T10:45:29.137+0000] {processor.py:186} INFO - Started process (PID=54) to work on /opt/airflow/dags/lead_data_pipeline.py
[2025-04-13T10:45:29.139+0000] {processor.py:914} INFO - Processing file /opt/airflow/dags/lead_data_pipeline.py for tasks to queue
[2025-04-13T10:45:29.143+0000] {logging_mixin.py:190} INFO - [2025-04-13T10:45:29.142+0000] {dagbag.py:588} INFO - Filling up the DagBag from /opt/airflow/dags/lead_data_pipeline.py
[2025-04-13T10:45:29.669+0000] {processor.py:925} INFO - DAG(s) 'extract_raw_data_pipeline' retrieved from /opt/airflow/dags/lead_data_pipeline.py
[2025-04-13T10:45:29.694+0000] {logging_mixin.py:190} INFO - [2025-04-13T10:45:29.694+0000] {dag.py:3239} INFO - Sync 1 DAGs
[2025-04-13T10:45:29.718+0000] {logging_mixin.py:190} INFO - [2025-04-13T10:45:29.718+0000] {dag.py:4180} INFO - Setting next_dagrun for extract_raw_data_pipeline to 2025-04-13 07:58:00+00:00, run_after=2025-04-13 07:59:00+00:00
[2025-04-13T10:45:29.735+0000] {processor.py:208} INFO - Processing /opt/airflow/dags/lead_data_pipeline.py took 0.610 seconds
[2025-04-13T10:45:59.941+0000] {processor.py:186} INFO - Started process (PID=68) to work on /opt/airflow/dags/lead_data_pipeline.py
[2025-04-13T10:45:59.942+0000] {processor.py:914} INFO - Processing file /opt/airflow/dags/lead_data_pipeline.py for tasks to queue
[2025-04-13T10:45:59.945+0000] {logging_mixin.py:190} INFO - [2025-04-13T10:45:59.944+0000] {dagbag.py:588} INFO - Filling up the DagBag from /opt/airflow/dags/lead_data_pipeline.py
[2025-04-13T10:46:00.364+0000] {processor.py:925} INFO - DAG(s) 'extract_raw_data_pipeline' retrieved from /opt/airflow/dags/lead_data_pipeline.py
[2025-04-13T10:46:00.390+0000] {logging_mixin.py:190} INFO - [2025-04-13T10:46:00.390+0000] {dag.py:3239} INFO - Sync 1 DAGs
[2025-04-13T10:46:00.416+0000] {logging_mixin.py:190} INFO - [2025-04-13T10:46:00.415+0000] {dag.py:4180} INFO - Setting next_dagrun for extract_raw_data_pipeline to 2025-04-13 07:59:00+00:00, run_after=2025-04-14 07:00:00+00:00
[2025-04-13T10:46:00.434+0000] {processor.py:208} INFO - Processing /opt/airflow/dags/lead_data_pipeline.py took 0.501 seconds
[2025-04-13T10:46:30.519+0000] {processor.py:186} INFO - Started process (PID=76) to work on /opt/airflow/dags/lead_data_pipeline.py
[2025-04-13T10:46:30.520+0000] {processor.py:914} INFO - Processing file /opt/airflow/dags/lead_data_pipeline.py for tasks to queue
[2025-04-13T10:46:30.523+0000] {logging_mixin.py:190} INFO - [2025-04-13T10:46:30.523+0000] {dagbag.py:588} INFO - Filling up the DagBag from /opt/airflow/dags/lead_data_pipeline.py
[2025-04-13T10:46:30.825+0000] {processor.py:925} INFO - DAG(s) 'extract_raw_data_pipeline' retrieved from /opt/airflow/dags/lead_data_pipeline.py
[2025-04-13T10:46:30.847+0000] {logging_mixin.py:190} INFO - [2025-04-13T10:46:30.847+0000] {dag.py:3239} INFO - Sync 1 DAGs
[2025-04-13T10:46:30.868+0000] {logging_mixin.py:190} INFO - [2025-04-13T10:46:30.868+0000] {dag.py:4180} INFO - Setting next_dagrun for extract_raw_data_pipeline to 2025-04-13 07:59:00+00:00, run_after=2025-04-14 07:00:00+00:00
[2025-04-13T10:46:30.887+0000] {processor.py:208} INFO - Processing /opt/airflow/dags/lead_data_pipeline.py took 0.374 seconds
[2025-04-13T10:47:01.104+0000] {processor.py:186} INFO - Started process (PID=84) to work on /opt/airflow/dags/lead_data_pipeline.py
[2025-04-13T10:47:01.105+0000] {processor.py:914} INFO - Processing file /opt/airflow/dags/lead_data_pipeline.py for tasks to queue
[2025-04-13T10:47:01.108+0000] {logging_mixin.py:190} INFO - [2025-04-13T10:47:01.108+0000] {dagbag.py:588} INFO - Filling up the DagBag from /opt/airflow/dags/lead_data_pipeline.py
[2025-04-13T10:47:01.397+0000] {processor.py:925} INFO - DAG(s) 'extract_raw_data_pipeline' retrieved from /opt/airflow/dags/lead_data_pipeline.py
[2025-04-13T10:47:01.417+0000] {logging_mixin.py:190} INFO - [2025-04-13T10:47:01.417+0000] {dag.py:3239} INFO - Sync 1 DAGs
[2025-04-13T10:47:01.437+0000] {logging_mixin.py:190} INFO - [2025-04-13T10:47:01.437+0000] {dag.py:4180} INFO - Setting next_dagrun for extract_raw_data_pipeline to 2025-04-13 07:59:00+00:00, run_after=2025-04-14 07:00:00+00:00
[2025-04-13T10:47:01.452+0000] {processor.py:208} INFO - Processing /opt/airflow/dags/lead_data_pipeline.py took 0.356 seconds
[2025-04-13T10:47:31.654+0000] {processor.py:186} INFO - Started process (PID=96) to work on /opt/airflow/dags/lead_data_pipeline.py
[2025-04-13T10:47:31.655+0000] {processor.py:914} INFO - Processing file /opt/airflow/dags/lead_data_pipeline.py for tasks to queue
[2025-04-13T10:47:31.658+0000] {logging_mixin.py:190} INFO - [2025-04-13T10:47:31.657+0000] {dagbag.py:588} INFO - Filling up the DagBag from /opt/airflow/dags/lead_data_pipeline.py
[2025-04-13T10:47:31.933+0000] {processor.py:925} INFO - DAG(s) 'extract_raw_data_pipeline' retrieved from /opt/airflow/dags/lead_data_pipeline.py
[2025-04-13T10:47:31.955+0000] {logging_mixin.py:190} INFO - [2025-04-13T10:47:31.955+0000] {dag.py:3239} INFO - Sync 1 DAGs
[2025-04-13T10:47:31.973+0000] {logging_mixin.py:190} INFO - [2025-04-13T10:47:31.973+0000] {dag.py:4180} INFO - Setting next_dagrun for extract_raw_data_pipeline to 2025-04-13 07:59:00+00:00, run_after=2025-04-14 07:00:00+00:00
[2025-04-13T10:47:31.989+0000] {processor.py:208} INFO - Processing /opt/airflow/dags/lead_data_pipeline.py took 0.341 seconds
[2025-04-13T10:48:02.182+0000] {processor.py:186} INFO - Started process (PID=104) to work on /opt/airflow/dags/lead_data_pipeline.py
[2025-04-13T10:48:02.183+0000] {processor.py:914} INFO - Processing file /opt/airflow/dags/lead_data_pipeline.py for tasks to queue
[2025-04-13T10:48:02.186+0000] {logging_mixin.py:190} INFO - [2025-04-13T10:48:02.186+0000] {dagbag.py:588} INFO - Filling up the DagBag from /opt/airflow/dags/lead_data_pipeline.py
[2025-04-13T10:48:02.493+0000] {processor.py:925} INFO - DAG(s) 'extract_raw_data_pipeline' retrieved from /opt/airflow/dags/lead_data_pipeline.py
[2025-04-13T10:48:02.514+0000] {logging_mixin.py:190} INFO - [2025-04-13T10:48:02.514+0000] {dag.py:3239} INFO - Sync 1 DAGs
[2025-04-13T10:48:02.534+0000] {logging_mixin.py:190} INFO - [2025-04-13T10:48:02.534+0000] {dag.py:4180} INFO - Setting next_dagrun for extract_raw_data_pipeline to 2025-04-13 07:59:00+00:00, run_after=2025-04-14 07:00:00+00:00
[2025-04-13T10:48:02.552+0000] {processor.py:208} INFO - Processing /opt/airflow/dags/lead_data_pipeline.py took 0.378 seconds
[2025-04-13T10:48:32.774+0000] {processor.py:186} INFO - Started process (PID=112) to work on /opt/airflow/dags/lead_data_pipeline.py
[2025-04-13T10:48:32.776+0000] {processor.py:914} INFO - Processing file /opt/airflow/dags/lead_data_pipeline.py for tasks to queue
[2025-04-13T10:48:32.778+0000] {logging_mixin.py:190} INFO - [2025-04-13T10:48:32.778+0000] {dagbag.py:588} INFO - Filling up the DagBag from /opt/airflow/dags/lead_data_pipeline.py
[2025-04-13T10:48:33.086+0000] {processor.py:925} INFO - DAG(s) 'extract_raw_data_pipeline' retrieved from /opt/airflow/dags/lead_data_pipeline.py
[2025-04-13T10:48:33.108+0000] {logging_mixin.py:190} INFO - [2025-04-13T10:48:33.108+0000] {dag.py:3239} INFO - Sync 1 DAGs
[2025-04-13T10:48:33.128+0000] {logging_mixin.py:190} INFO - [2025-04-13T10:48:33.128+0000] {dag.py:4180} INFO - Setting next_dagrun for extract_raw_data_pipeline to 2025-04-13 07:59:00+00:00, run_after=2025-04-14 07:00:00+00:00
[2025-04-13T10:48:33.145+0000] {processor.py:208} INFO - Processing /opt/airflow/dags/lead_data_pipeline.py took 0.377 seconds
[2025-04-13T10:49:03.368+0000] {processor.py:186} INFO - Started process (PID=120) to work on /opt/airflow/dags/lead_data_pipeline.py
[2025-04-13T10:49:03.369+0000] {processor.py:914} INFO - Processing file /opt/airflow/dags/lead_data_pipeline.py for tasks to queue
[2025-04-13T10:49:03.372+0000] {logging_mixin.py:190} INFO - [2025-04-13T10:49:03.371+0000] {dagbag.py:588} INFO - Filling up the DagBag from /opt/airflow/dags/lead_data_pipeline.py
[2025-04-13T10:49:03.665+0000] {processor.py:925} INFO - DAG(s) 'extract_raw_data_pipeline' retrieved from /opt/airflow/dags/lead_data_pipeline.py
[2025-04-13T10:49:03.689+0000] {logging_mixin.py:190} INFO - [2025-04-13T10:49:03.689+0000] {dag.py:3239} INFO - Sync 1 DAGs
[2025-04-13T10:49:03.713+0000] {logging_mixin.py:190} INFO - [2025-04-13T10:49:03.713+0000] {dag.py:4180} INFO - Setting next_dagrun for extract_raw_data_pipeline to 2025-04-13 07:59:00+00:00, run_after=2025-04-14 07:00:00+00:00
[2025-04-13T10:49:03.732+0000] {processor.py:208} INFO - Processing /opt/airflow/dags/lead_data_pipeline.py took 0.371 seconds
[2025-04-13T10:49:33.967+0000] {processor.py:186} INFO - Started process (PID=128) to work on /opt/airflow/dags/lead_data_pipeline.py
[2025-04-13T10:49:33.968+0000] {processor.py:914} INFO - Processing file /opt/airflow/dags/lead_data_pipeline.py for tasks to queue
[2025-04-13T10:49:33.971+0000] {logging_mixin.py:190} INFO - [2025-04-13T10:49:33.970+0000] {dagbag.py:588} INFO - Filling up the DagBag from /opt/airflow/dags/lead_data_pipeline.py
[2025-04-13T10:49:34.266+0000] {processor.py:925} INFO - DAG(s) 'extract_raw_data_pipeline' retrieved from /opt/airflow/dags/lead_data_pipeline.py
[2025-04-13T10:49:34.290+0000] {logging_mixin.py:190} INFO - [2025-04-13T10:49:34.290+0000] {dag.py:3239} INFO - Sync 1 DAGs
[2025-04-13T10:49:34.312+0000] {logging_mixin.py:190} INFO - [2025-04-13T10:49:34.311+0000] {dag.py:4180} INFO - Setting next_dagrun for extract_raw_data_pipeline to 2025-04-13 07:59:00+00:00, run_after=2025-04-14 07:00:00+00:00
[2025-04-13T10:49:34.331+0000] {processor.py:208} INFO - Processing /opt/airflow/dags/lead_data_pipeline.py took 0.371 seconds
[2025-04-13T10:50:04.555+0000] {processor.py:186} INFO - Started process (PID=136) to work on /opt/airflow/dags/lead_data_pipeline.py
[2025-04-13T10:50:04.556+0000] {processor.py:914} INFO - Processing file /opt/airflow/dags/lead_data_pipeline.py for tasks to queue
[2025-04-13T10:50:04.559+0000] {logging_mixin.py:190} INFO - [2025-04-13T10:50:04.558+0000] {dagbag.py:588} INFO - Filling up the DagBag from /opt/airflow/dags/lead_data_pipeline.py
[2025-04-13T10:50:04.849+0000] {processor.py:925} INFO - DAG(s) 'extract_raw_data_pipeline' retrieved from /opt/airflow/dags/lead_data_pipeline.py
[2025-04-13T10:50:04.871+0000] {logging_mixin.py:190} INFO - [2025-04-13T10:50:04.871+0000] {dag.py:3239} INFO - Sync 1 DAGs
[2025-04-13T10:50:04.892+0000] {logging_mixin.py:190} INFO - [2025-04-13T10:50:04.892+0000] {dag.py:4180} INFO - Setting next_dagrun for extract_raw_data_pipeline to 2025-04-13 07:59:00+00:00, run_after=2025-04-14 07:00:00+00:00
[2025-04-13T10:50:04.907+0000] {processor.py:208} INFO - Processing /opt/airflow/dags/lead_data_pipeline.py took 0.359 seconds
[2025-04-13T10:50:35.135+0000] {processor.py:186} INFO - Started process (PID=144) to work on /opt/airflow/dags/lead_data_pipeline.py
[2025-04-13T10:50:35.137+0000] {processor.py:914} INFO - Processing file /opt/airflow/dags/lead_data_pipeline.py for tasks to queue
[2025-04-13T10:50:35.140+0000] {logging_mixin.py:190} INFO - [2025-04-13T10:50:35.140+0000] {dagbag.py:588} INFO - Filling up the DagBag from /opt/airflow/dags/lead_data_pipeline.py
[2025-04-13T10:50:35.418+0000] {processor.py:925} INFO - DAG(s) 'extract_raw_data_pipeline' retrieved from /opt/airflow/dags/lead_data_pipeline.py
[2025-04-13T10:50:35.437+0000] {logging_mixin.py:190} INFO - [2025-04-13T10:50:35.437+0000] {dag.py:3239} INFO - Sync 1 DAGs
[2025-04-13T10:50:35.454+0000] {logging_mixin.py:190} INFO - [2025-04-13T10:50:35.454+0000] {dag.py:4180} INFO - Setting next_dagrun for extract_raw_data_pipeline to 2025-04-13 07:59:00+00:00, run_after=2025-04-14 07:00:00+00:00
[2025-04-13T10:50:35.469+0000] {processor.py:208} INFO - Processing /opt/airflow/dags/lead_data_pipeline.py took 0.342 seconds
[2025-04-13T10:51:05.689+0000] {processor.py:186} INFO - Started process (PID=152) to work on /opt/airflow/dags/lead_data_pipeline.py
[2025-04-13T10:51:05.690+0000] {processor.py:914} INFO - Processing file /opt/airflow/dags/lead_data_pipeline.py for tasks to queue
[2025-04-13T10:51:05.693+0000] {logging_mixin.py:190} INFO - [2025-04-13T10:51:05.693+0000] {dagbag.py:588} INFO - Filling up the DagBag from /opt/airflow/dags/lead_data_pipeline.py
[2025-04-13T10:51:05.990+0000] {processor.py:925} INFO - DAG(s) 'extract_raw_data_pipeline' retrieved from /opt/airflow/dags/lead_data_pipeline.py
[2025-04-13T10:51:06.011+0000] {logging_mixin.py:190} INFO - [2025-04-13T10:51:06.010+0000] {dag.py:3239} INFO - Sync 1 DAGs
[2025-04-13T10:51:06.031+0000] {logging_mixin.py:190} INFO - [2025-04-13T10:51:06.030+0000] {dag.py:4180} INFO - Setting next_dagrun for extract_raw_data_pipeline to 2025-04-13 07:59:00+00:00, run_after=2025-04-14 07:00:00+00:00
[2025-04-13T10:51:06.044+0000] {processor.py:208} INFO - Processing /opt/airflow/dags/lead_data_pipeline.py took 0.363 seconds
[2025-04-13T10:51:36.253+0000] {processor.py:186} INFO - Started process (PID=160) to work on /opt/airflow/dags/lead_data_pipeline.py
[2025-04-13T10:51:36.255+0000] {processor.py:914} INFO - Processing file /opt/airflow/dags/lead_data_pipeline.py for tasks to queue
[2025-04-13T10:51:36.257+0000] {logging_mixin.py:190} INFO - [2025-04-13T10:51:36.257+0000] {dagbag.py:588} INFO - Filling up the DagBag from /opt/airflow/dags/lead_data_pipeline.py
[2025-04-13T10:51:36.563+0000] {processor.py:925} INFO - DAG(s) 'extract_raw_data_pipeline' retrieved from /opt/airflow/dags/lead_data_pipeline.py
[2025-04-13T10:51:36.586+0000] {logging_mixin.py:190} INFO - [2025-04-13T10:51:36.586+0000] {dag.py:3239} INFO - Sync 1 DAGs
[2025-04-13T10:51:36.607+0000] {logging_mixin.py:190} INFO - [2025-04-13T10:51:36.606+0000] {dag.py:4180} INFO - Setting next_dagrun for extract_raw_data_pipeline to 2025-04-13 07:59:00+00:00, run_after=2025-04-14 07:00:00+00:00
[2025-04-13T10:51:36.623+0000] {processor.py:208} INFO - Processing /opt/airflow/dags/lead_data_pipeline.py took 0.376 seconds
[2025-04-13T10:52:06.838+0000] {processor.py:186} INFO - Started process (PID=168) to work on /opt/airflow/dags/lead_data_pipeline.py
[2025-04-13T10:52:06.839+0000] {processor.py:914} INFO - Processing file /opt/airflow/dags/lead_data_pipeline.py for tasks to queue
[2025-04-13T10:52:06.842+0000] {logging_mixin.py:190} INFO - [2025-04-13T10:52:06.841+0000] {dagbag.py:588} INFO - Filling up the DagBag from /opt/airflow/dags/lead_data_pipeline.py
[2025-04-13T10:52:07.147+0000] {processor.py:925} INFO - DAG(s) 'extract_raw_data_pipeline' retrieved from /opt/airflow/dags/lead_data_pipeline.py
[2025-04-13T10:52:07.168+0000] {logging_mixin.py:190} INFO - [2025-04-13T10:52:07.168+0000] {dag.py:3239} INFO - Sync 1 DAGs
[2025-04-13T10:52:07.189+0000] {logging_mixin.py:190} INFO - [2025-04-13T10:52:07.189+0000] {dag.py:4180} INFO - Setting next_dagrun for extract_raw_data_pipeline to 2025-04-13 07:59:00+00:00, run_after=2025-04-14 07:00:00+00:00
[2025-04-13T10:52:07.206+0000] {processor.py:208} INFO - Processing /opt/airflow/dags/lead_data_pipeline.py took 0.375 seconds
[2025-04-13T10:52:37.416+0000] {processor.py:186} INFO - Started process (PID=176) to work on /opt/airflow/dags/lead_data_pipeline.py
[2025-04-13T10:52:37.418+0000] {processor.py:914} INFO - Processing file /opt/airflow/dags/lead_data_pipeline.py for tasks to queue
[2025-04-13T10:52:37.421+0000] {logging_mixin.py:190} INFO - [2025-04-13T10:52:37.420+0000] {dagbag.py:588} INFO - Filling up the DagBag from /opt/airflow/dags/lead_data_pipeline.py
[2025-04-13T10:52:37.745+0000] {processor.py:925} INFO - DAG(s) 'extract_raw_data_pipeline' retrieved from /opt/airflow/dags/lead_data_pipeline.py
[2025-04-13T10:52:37.779+0000] {logging_mixin.py:190} INFO - [2025-04-13T10:52:37.779+0000] {dag.py:3239} INFO - Sync 1 DAGs
[2025-04-13T10:52:37.817+0000] {logging_mixin.py:190} INFO - [2025-04-13T10:52:37.817+0000] {dag.py:4180} INFO - Setting next_dagrun for extract_raw_data_pipeline to 2025-04-13 07:59:00+00:00, run_after=2025-04-14 07:00:00+00:00
[2025-04-13T10:52:37.836+0000] {processor.py:208} INFO - Processing /opt/airflow/dags/lead_data_pipeline.py took 0.426 seconds
[2025-04-13T10:52:42.899+0000] {processor.py:186} INFO - Started process (PID=184) to work on /opt/airflow/dags/lead_data_pipeline.py
[2025-04-13T10:52:42.900+0000] {processor.py:914} INFO - Processing file /opt/airflow/dags/lead_data_pipeline.py for tasks to queue
[2025-04-13T10:52:42.903+0000] {logging_mixin.py:190} INFO - [2025-04-13T10:52:42.902+0000] {dagbag.py:588} INFO - Filling up the DagBag from /opt/airflow/dags/lead_data_pipeline.py
[2025-04-13T10:52:43.196+0000] {processor.py:925} INFO - DAG(s) 'extract_raw_data_pipeline' retrieved from /opt/airflow/dags/lead_data_pipeline.py
[2025-04-13T10:52:43.217+0000] {logging_mixin.py:190} INFO - [2025-04-13T10:52:43.216+0000] {dag.py:3239} INFO - Sync 1 DAGs
[2025-04-13T10:52:43.237+0000] {logging_mixin.py:190} INFO - [2025-04-13T10:52:43.237+0000] {dag.py:4180} INFO - Setting next_dagrun for extract_raw_data_pipeline to 2025-04-13 07:59:00+00:00, run_after=2025-04-14 07:00:00+00:00
[2025-04-13T10:52:43.254+0000] {processor.py:208} INFO - Processing /opt/airflow/dags/lead_data_pipeline.py took 0.364 seconds
[2025-04-13T10:52:50.091+0000] {processor.py:186} INFO - Started process (PID=186) to work on /opt/airflow/dags/lead_data_pipeline.py
[2025-04-13T10:52:50.093+0000] {processor.py:914} INFO - Processing file /opt/airflow/dags/lead_data_pipeline.py for tasks to queue
[2025-04-13T10:52:50.096+0000] {logging_mixin.py:190} INFO - [2025-04-13T10:52:50.096+0000] {dagbag.py:588} INFO - Filling up the DagBag from /opt/airflow/dags/lead_data_pipeline.py
[2025-04-13T10:52:50.257+0000] {processor.py:925} INFO - DAG(s) 'extract_raw_data_pipeline' retrieved from /opt/airflow/dags/lead_data_pipeline.py
[2025-04-13T10:52:50.282+0000] {logging_mixin.py:190} INFO - [2025-04-13T10:52:50.282+0000] {dag.py:3239} INFO - Sync 1 DAGs
[2025-04-13T10:52:50.307+0000] {logging_mixin.py:190} INFO - [2025-04-13T10:52:50.307+0000] {dag.py:4180} INFO - Setting next_dagrun for extract_raw_data_pipeline to 2025-04-13 07:59:00+00:00, run_after=2025-04-14 07:00:00+00:00
[2025-04-13T10:52:50.323+0000] {processor.py:208} INFO - Processing /opt/airflow/dags/lead_data_pipeline.py took 0.240 seconds
[2025-04-13T10:53:20.498+0000] {processor.py:186} INFO - Started process (PID=198) to work on /opt/airflow/dags/lead_data_pipeline.py
[2025-04-13T10:53:20.499+0000] {processor.py:914} INFO - Processing file /opt/airflow/dags/lead_data_pipeline.py for tasks to queue
[2025-04-13T10:53:20.502+0000] {logging_mixin.py:190} INFO - [2025-04-13T10:53:20.501+0000] {dagbag.py:588} INFO - Filling up the DagBag from /opt/airflow/dags/lead_data_pipeline.py
[2025-04-13T10:53:20.629+0000] {processor.py:925} INFO - DAG(s) 'extract_raw_data_pipeline' retrieved from /opt/airflow/dags/lead_data_pipeline.py
[2025-04-13T10:53:20.650+0000] {logging_mixin.py:190} INFO - [2025-04-13T10:53:20.650+0000] {dag.py:3239} INFO - Sync 1 DAGs
[2025-04-13T10:53:20.669+0000] {logging_mixin.py:190} INFO - [2025-04-13T10:53:20.669+0000] {dag.py:4180} INFO - Setting next_dagrun for extract_raw_data_pipeline to 2025-04-13 07:59:00+00:00, run_after=2025-04-14 07:00:00+00:00
[2025-04-13T10:53:20.683+0000] {processor.py:208} INFO - Processing /opt/airflow/dags/lead_data_pipeline.py took 0.190 seconds
[2025-04-13T10:53:50.761+0000] {processor.py:186} INFO - Started process (PID=206) to work on /opt/airflow/dags/lead_data_pipeline.py
[2025-04-13T10:53:50.763+0000] {processor.py:914} INFO - Processing file /opt/airflow/dags/lead_data_pipeline.py for tasks to queue
[2025-04-13T10:53:50.766+0000] {logging_mixin.py:190} INFO - [2025-04-13T10:53:50.765+0000] {dagbag.py:588} INFO - Filling up the DagBag from /opt/airflow/dags/lead_data_pipeline.py
[2025-04-13T10:53:50.917+0000] {processor.py:925} INFO - DAG(s) 'extract_raw_data_pipeline' retrieved from /opt/airflow/dags/lead_data_pipeline.py
[2025-04-13T10:53:50.942+0000] {logging_mixin.py:190} INFO - [2025-04-13T10:53:50.942+0000] {dag.py:3239} INFO - Sync 1 DAGs
[2025-04-13T10:53:50.966+0000] {logging_mixin.py:190} INFO - [2025-04-13T10:53:50.965+0000] {dag.py:4180} INFO - Setting next_dagrun for extract_raw_data_pipeline to 2025-04-13 07:59:00+00:00, run_after=2025-04-14 07:00:00+00:00
[2025-04-13T10:53:50.983+0000] {processor.py:208} INFO - Processing /opt/airflow/dags/lead_data_pipeline.py took 0.229 seconds
[2025-04-13T10:54:21.109+0000] {processor.py:186} INFO - Started process (PID=214) to work on /opt/airflow/dags/lead_data_pipeline.py
[2025-04-13T10:54:21.110+0000] {processor.py:914} INFO - Processing file /opt/airflow/dags/lead_data_pipeline.py for tasks to queue
[2025-04-13T10:54:21.113+0000] {logging_mixin.py:190} INFO - [2025-04-13T10:54:21.113+0000] {dagbag.py:588} INFO - Filling up the DagBag from /opt/airflow/dags/lead_data_pipeline.py
[2025-04-13T10:54:21.269+0000] {processor.py:925} INFO - DAG(s) 'extract_raw_data_pipeline' retrieved from /opt/airflow/dags/lead_data_pipeline.py
[2025-04-13T10:54:21.294+0000] {logging_mixin.py:190} INFO - [2025-04-13T10:54:21.294+0000] {dag.py:3239} INFO - Sync 1 DAGs
[2025-04-13T10:54:21.318+0000] {logging_mixin.py:190} INFO - [2025-04-13T10:54:21.318+0000] {dag.py:4180} INFO - Setting next_dagrun for extract_raw_data_pipeline to 2025-04-13 07:59:00+00:00, run_after=2025-04-14 07:00:00+00:00
[2025-04-13T10:54:21.338+0000] {processor.py:208} INFO - Processing /opt/airflow/dags/lead_data_pipeline.py took 0.236 seconds
[2025-04-13T10:54:51.420+0000] {processor.py:186} INFO - Started process (PID=222) to work on /opt/airflow/dags/lead_data_pipeline.py
[2025-04-13T10:54:51.421+0000] {processor.py:914} INFO - Processing file /opt/airflow/dags/lead_data_pipeline.py for tasks to queue
[2025-04-13T10:54:51.424+0000] {logging_mixin.py:190} INFO - [2025-04-13T10:54:51.424+0000] {dagbag.py:588} INFO - Filling up the DagBag from /opt/airflow/dags/lead_data_pipeline.py
[2025-04-13T10:54:51.578+0000] {processor.py:925} INFO - DAG(s) 'extract_raw_data_pipeline' retrieved from /opt/airflow/dags/lead_data_pipeline.py
[2025-04-13T10:54:51.604+0000] {logging_mixin.py:190} INFO - [2025-04-13T10:54:51.604+0000] {dag.py:3239} INFO - Sync 1 DAGs
[2025-04-13T10:54:51.631+0000] {logging_mixin.py:190} INFO - [2025-04-13T10:54:51.631+0000] {dag.py:4180} INFO - Setting next_dagrun for extract_raw_data_pipeline to 2025-04-13 07:59:00+00:00, run_after=2025-04-14 07:00:00+00:00
[2025-04-13T10:54:51.649+0000] {processor.py:208} INFO - Processing /opt/airflow/dags/lead_data_pipeline.py took 0.238 seconds
[2025-04-13T10:55:21.766+0000] {processor.py:186} INFO - Started process (PID=230) to work on /opt/airflow/dags/lead_data_pipeline.py
[2025-04-13T10:55:21.768+0000] {processor.py:914} INFO - Processing file /opt/airflow/dags/lead_data_pipeline.py for tasks to queue
[2025-04-13T10:55:21.771+0000] {logging_mixin.py:190} INFO - [2025-04-13T10:55:21.771+0000] {dagbag.py:588} INFO - Filling up the DagBag from /opt/airflow/dags/lead_data_pipeline.py
[2025-04-13T10:55:21.932+0000] {processor.py:925} INFO - DAG(s) 'extract_raw_data_pipeline' retrieved from /opt/airflow/dags/lead_data_pipeline.py
[2025-04-13T10:55:21.961+0000] {logging_mixin.py:190} INFO - [2025-04-13T10:55:21.961+0000] {dag.py:3239} INFO - Sync 1 DAGs
[2025-04-13T10:55:21.989+0000] {logging_mixin.py:190} INFO - [2025-04-13T10:55:21.989+0000] {dag.py:4180} INFO - Setting next_dagrun for extract_raw_data_pipeline to 2025-04-13 07:59:00+00:00, run_after=2025-04-14 07:00:00+00:00
[2025-04-13T10:55:22.011+0000] {processor.py:208} INFO - Processing /opt/airflow/dags/lead_data_pipeline.py took 0.253 seconds
[2025-04-13T10:55:52.055+0000] {processor.py:186} INFO - Started process (PID=238) to work on /opt/airflow/dags/lead_data_pipeline.py
[2025-04-13T10:55:52.056+0000] {processor.py:914} INFO - Processing file /opt/airflow/dags/lead_data_pipeline.py for tasks to queue
[2025-04-13T10:55:52.059+0000] {logging_mixin.py:190} INFO - [2025-04-13T10:55:52.059+0000] {dagbag.py:588} INFO - Filling up the DagBag from /opt/airflow/dags/lead_data_pipeline.py
[2025-04-13T10:55:52.199+0000] {processor.py:925} INFO - DAG(s) 'extract_raw_data_pipeline' retrieved from /opt/airflow/dags/lead_data_pipeline.py
[2025-04-13T10:55:52.222+0000] {logging_mixin.py:190} INFO - [2025-04-13T10:55:52.222+0000] {dag.py:3239} INFO - Sync 1 DAGs
[2025-04-13T10:55:52.245+0000] {logging_mixin.py:190} INFO - [2025-04-13T10:55:52.244+0000] {dag.py:4180} INFO - Setting next_dagrun for extract_raw_data_pipeline to 2025-04-13 07:59:00+00:00, run_after=2025-04-14 07:00:00+00:00
[2025-04-13T10:55:52.261+0000] {processor.py:208} INFO - Processing /opt/airflow/dags/lead_data_pipeline.py took 0.214 seconds
[2025-04-13T10:56:22.458+0000] {processor.py:186} INFO - Started process (PID=246) to work on /opt/airflow/dags/lead_data_pipeline.py
[2025-04-13T10:56:22.460+0000] {processor.py:914} INFO - Processing file /opt/airflow/dags/lead_data_pipeline.py for tasks to queue
[2025-04-13T10:56:22.463+0000] {logging_mixin.py:190} INFO - [2025-04-13T10:56:22.462+0000] {dagbag.py:588} INFO - Filling up the DagBag from /opt/airflow/dags/lead_data_pipeline.py
[2025-04-13T10:56:22.600+0000] {processor.py:925} INFO - DAG(s) 'extract_raw_data_pipeline' retrieved from /opt/airflow/dags/lead_data_pipeline.py
[2025-04-13T10:56:22.621+0000] {logging_mixin.py:190} INFO - [2025-04-13T10:56:22.621+0000] {dag.py:3239} INFO - Sync 1 DAGs
[2025-04-13T10:56:22.643+0000] {logging_mixin.py:190} INFO - [2025-04-13T10:56:22.643+0000] {dag.py:4180} INFO - Setting next_dagrun for extract_raw_data_pipeline to 2025-04-13 07:59:00+00:00, run_after=2025-04-14 07:00:00+00:00
[2025-04-13T10:56:22.661+0000] {processor.py:208} INFO - Processing /opt/airflow/dags/lead_data_pipeline.py took 0.210 seconds
[2025-04-13T10:56:28.724+0000] {processor.py:186} INFO - Started process (PID=248) to work on /opt/airflow/dags/lead_data_pipeline.py
[2025-04-13T10:56:28.725+0000] {processor.py:914} INFO - Processing file /opt/airflow/dags/lead_data_pipeline.py for tasks to queue
[2025-04-13T10:56:28.728+0000] {logging_mixin.py:190} INFO - [2025-04-13T10:56:28.728+0000] {dagbag.py:588} INFO - Filling up the DagBag from /opt/airflow/dags/lead_data_pipeline.py
[2025-04-13T10:56:28.894+0000] {processor.py:925} INFO - DAG(s) 'extract_raw_data_pipeline' retrieved from /opt/airflow/dags/lead_data_pipeline.py
[2025-04-13T10:56:28.919+0000] {logging_mixin.py:190} INFO - [2025-04-13T10:56:28.919+0000] {dag.py:3239} INFO - Sync 1 DAGs
[2025-04-13T10:56:28.941+0000] {logging_mixin.py:190} INFO - [2025-04-13T10:56:28.941+0000] {dag.py:4180} INFO - Setting next_dagrun for extract_raw_data_pipeline to 2025-04-13 07:59:00+00:00, run_after=2025-04-14 07:00:00+00:00
[2025-04-13T10:56:28.961+0000] {processor.py:208} INFO - Processing /opt/airflow/dags/lead_data_pipeline.py took 0.244 seconds
[2025-04-13T10:56:59.146+0000] {processor.py:186} INFO - Started process (PID=261) to work on /opt/airflow/dags/lead_data_pipeline.py
[2025-04-13T10:56:59.147+0000] {processor.py:914} INFO - Processing file /opt/airflow/dags/lead_data_pipeline.py for tasks to queue
[2025-04-13T10:56:59.149+0000] {logging_mixin.py:190} INFO - [2025-04-13T10:56:59.149+0000] {dagbag.py:588} INFO - Filling up the DagBag from /opt/airflow/dags/lead_data_pipeline.py
[2025-04-13T10:56:59.289+0000] {processor.py:925} INFO - DAG(s) 'extract_raw_data_pipeline' retrieved from /opt/airflow/dags/lead_data_pipeline.py
[2025-04-13T10:56:59.313+0000] {logging_mixin.py:190} INFO - [2025-04-13T10:56:59.313+0000] {dag.py:3239} INFO - Sync 1 DAGs
[2025-04-13T10:56:59.334+0000] {logging_mixin.py:190} INFO - [2025-04-13T10:56:59.333+0000] {dag.py:4180} INFO - Setting next_dagrun for extract_raw_data_pipeline to 2025-04-13 07:59:00+00:00, run_after=2025-04-14 07:00:00+00:00
[2025-04-13T10:56:59.349+0000] {processor.py:208} INFO - Processing /opt/airflow/dags/lead_data_pipeline.py took 0.209 seconds
[2025-04-13T10:57:29.522+0000] {processor.py:186} INFO - Started process (PID=269) to work on /opt/airflow/dags/lead_data_pipeline.py
[2025-04-13T10:57:29.523+0000] {processor.py:914} INFO - Processing file /opt/airflow/dags/lead_data_pipeline.py for tasks to queue
[2025-04-13T10:57:29.526+0000] {logging_mixin.py:190} INFO - [2025-04-13T10:57:29.526+0000] {dagbag.py:588} INFO - Filling up the DagBag from /opt/airflow/dags/lead_data_pipeline.py
[2025-04-13T10:57:29.687+0000] {processor.py:925} INFO - DAG(s) 'extract_raw_data_pipeline' retrieved from /opt/airflow/dags/lead_data_pipeline.py
[2025-04-13T10:57:29.714+0000] {logging_mixin.py:190} INFO - [2025-04-13T10:57:29.714+0000] {dag.py:3239} INFO - Sync 1 DAGs
[2025-04-13T10:57:29.738+0000] {logging_mixin.py:190} INFO - [2025-04-13T10:57:29.738+0000] {dag.py:4180} INFO - Setting next_dagrun for extract_raw_data_pipeline to 2025-04-13 07:59:00+00:00, run_after=2025-04-14 07:00:00+00:00
[2025-04-13T10:57:29.758+0000] {processor.py:208} INFO - Processing /opt/airflow/dags/lead_data_pipeline.py took 0.242 seconds
[2025-04-13T10:57:59.976+0000] {processor.py:186} INFO - Started process (PID=277) to work on /opt/airflow/dags/lead_data_pipeline.py
[2025-04-13T10:57:59.978+0000] {processor.py:914} INFO - Processing file /opt/airflow/dags/lead_data_pipeline.py for tasks to queue
[2025-04-13T10:57:59.981+0000] {logging_mixin.py:190} INFO - [2025-04-13T10:57:59.980+0000] {dagbag.py:588} INFO - Filling up the DagBag from /opt/airflow/dags/lead_data_pipeline.py
[2025-04-13T10:58:00.153+0000] {processor.py:925} INFO - DAG(s) 'extract_raw_data_pipeline' retrieved from /opt/airflow/dags/lead_data_pipeline.py
[2025-04-13T10:58:00.181+0000] {logging_mixin.py:190} INFO - [2025-04-13T10:58:00.181+0000] {dag.py:3239} INFO - Sync 1 DAGs
[2025-04-13T10:58:00.207+0000] {logging_mixin.py:190} INFO - [2025-04-13T10:58:00.207+0000] {dag.py:4180} INFO - Setting next_dagrun for extract_raw_data_pipeline to 2025-04-13 07:59:00+00:00, run_after=2025-04-14 07:00:00+00:00
[2025-04-13T10:58:00.225+0000] {processor.py:208} INFO - Processing /opt/airflow/dags/lead_data_pipeline.py took 0.256 seconds
[2025-04-13T10:58:30.441+0000] {processor.py:186} INFO - Started process (PID=285) to work on /opt/airflow/dags/lead_data_pipeline.py
[2025-04-13T10:58:30.442+0000] {processor.py:914} INFO - Processing file /opt/airflow/dags/lead_data_pipeline.py for tasks to queue
[2025-04-13T10:58:30.445+0000] {logging_mixin.py:190} INFO - [2025-04-13T10:58:30.445+0000] {dagbag.py:588} INFO - Filling up the DagBag from /opt/airflow/dags/lead_data_pipeline.py
[2025-04-13T10:58:30.602+0000] {processor.py:925} INFO - DAG(s) 'extract_raw_data_pipeline' retrieved from /opt/airflow/dags/lead_data_pipeline.py
[2025-04-13T10:58:30.629+0000] {logging_mixin.py:190} INFO - [2025-04-13T10:58:30.629+0000] {dag.py:3239} INFO - Sync 1 DAGs
[2025-04-13T10:58:30.654+0000] {logging_mixin.py:190} INFO - [2025-04-13T10:58:30.653+0000] {dag.py:4180} INFO - Setting next_dagrun for extract_raw_data_pipeline to 2025-04-13 07:59:00+00:00, run_after=2025-04-14 07:00:00+00:00
[2025-04-13T10:58:30.673+0000] {processor.py:208} INFO - Processing /opt/airflow/dags/lead_data_pipeline.py took 0.239 seconds
[2025-04-13T10:59:00.898+0000] {processor.py:186} INFO - Started process (PID=293) to work on /opt/airflow/dags/lead_data_pipeline.py
[2025-04-13T10:59:00.899+0000] {processor.py:914} INFO - Processing file /opt/airflow/dags/lead_data_pipeline.py for tasks to queue
[2025-04-13T10:59:00.903+0000] {logging_mixin.py:190} INFO - [2025-04-13T10:59:00.902+0000] {dagbag.py:588} INFO - Filling up the DagBag from /opt/airflow/dags/lead_data_pipeline.py
[2025-04-13T10:59:01.052+0000] {processor.py:925} INFO - DAG(s) 'extract_raw_data_pipeline' retrieved from /opt/airflow/dags/lead_data_pipeline.py
[2025-04-13T10:59:01.076+0000] {logging_mixin.py:190} INFO - [2025-04-13T10:59:01.076+0000] {dag.py:3239} INFO - Sync 1 DAGs
[2025-04-13T10:59:01.099+0000] {logging_mixin.py:190} INFO - [2025-04-13T10:59:01.099+0000] {dag.py:4180} INFO - Setting next_dagrun for extract_raw_data_pipeline to 2025-04-13 07:59:00+00:00, run_after=2025-04-14 07:00:00+00:00
[2025-04-13T10:59:01.116+0000] {processor.py:208} INFO - Processing /opt/airflow/dags/lead_data_pipeline.py took 0.226 seconds
[2025-04-13T10:59:31.350+0000] {processor.py:186} INFO - Started process (PID=301) to work on /opt/airflow/dags/lead_data_pipeline.py
[2025-04-13T10:59:31.351+0000] {processor.py:914} INFO - Processing file /opt/airflow/dags/lead_data_pipeline.py for tasks to queue
[2025-04-13T10:59:31.353+0000] {logging_mixin.py:190} INFO - [2025-04-13T10:59:31.353+0000] {dagbag.py:588} INFO - Filling up the DagBag from /opt/airflow/dags/lead_data_pipeline.py
[2025-04-13T10:59:31.492+0000] {processor.py:925} INFO - DAG(s) 'extract_raw_data_pipeline' retrieved from /opt/airflow/dags/lead_data_pipeline.py
[2025-04-13T10:59:31.516+0000] {logging_mixin.py:190} INFO - [2025-04-13T10:59:31.516+0000] {dag.py:3239} INFO - Sync 1 DAGs
[2025-04-13T10:59:31.538+0000] {logging_mixin.py:190} INFO - [2025-04-13T10:59:31.538+0000] {dag.py:4180} INFO - Setting next_dagrun for extract_raw_data_pipeline to 2025-04-13 07:59:00+00:00, run_after=2025-04-14 07:00:00+00:00
[2025-04-13T10:59:31.553+0000] {processor.py:208} INFO - Processing /opt/airflow/dags/lead_data_pipeline.py took 0.210 seconds
[2025-04-13T11:00:01.768+0000] {processor.py:186} INFO - Started process (PID=309) to work on /opt/airflow/dags/lead_data_pipeline.py
[2025-04-13T11:00:01.769+0000] {processor.py:914} INFO - Processing file /opt/airflow/dags/lead_data_pipeline.py for tasks to queue
[2025-04-13T11:00:01.772+0000] {logging_mixin.py:190} INFO - [2025-04-13T11:00:01.772+0000] {dagbag.py:588} INFO - Filling up the DagBag from /opt/airflow/dags/lead_data_pipeline.py
[2025-04-13T11:00:01.912+0000] {processor.py:925} INFO - DAG(s) 'extract_raw_data_pipeline' retrieved from /opt/airflow/dags/lead_data_pipeline.py
[2025-04-13T11:00:01.935+0000] {logging_mixin.py:190} INFO - [2025-04-13T11:00:01.935+0000] {dag.py:3239} INFO - Sync 1 DAGs
[2025-04-13T11:00:01.955+0000] {logging_mixin.py:190} INFO - [2025-04-13T11:00:01.955+0000] {dag.py:4180} INFO - Setting next_dagrun for extract_raw_data_pipeline to 2025-04-13 07:59:00+00:00, run_after=2025-04-14 07:00:00+00:00
[2025-04-13T11:00:01.970+0000] {processor.py:208} INFO - Processing /opt/airflow/dags/lead_data_pipeline.py took 0.209 seconds
[2025-04-13T11:00:32.207+0000] {processor.py:186} INFO - Started process (PID=317) to work on /opt/airflow/dags/lead_data_pipeline.py
[2025-04-13T11:00:32.208+0000] {processor.py:914} INFO - Processing file /opt/airflow/dags/lead_data_pipeline.py for tasks to queue
[2025-04-13T11:00:32.211+0000] {logging_mixin.py:190} INFO - [2025-04-13T11:00:32.211+0000] {dagbag.py:588} INFO - Filling up the DagBag from /opt/airflow/dags/lead_data_pipeline.py
[2025-04-13T11:00:32.351+0000] {processor.py:925} INFO - DAG(s) 'extract_raw_data_pipeline' retrieved from /opt/airflow/dags/lead_data_pipeline.py
[2025-04-13T11:00:32.374+0000] {logging_mixin.py:190} INFO - [2025-04-13T11:00:32.374+0000] {dag.py:3239} INFO - Sync 1 DAGs
[2025-04-13T11:00:32.396+0000] {logging_mixin.py:190} INFO - [2025-04-13T11:00:32.395+0000] {dag.py:4180} INFO - Setting next_dagrun for extract_raw_data_pipeline to 2025-04-13 07:59:00+00:00, run_after=2025-04-14 07:00:00+00:00
[2025-04-13T11:00:32.411+0000] {processor.py:208} INFO - Processing /opt/airflow/dags/lead_data_pipeline.py took 0.212 seconds
[2025-04-13T11:01:02.637+0000] {processor.py:186} INFO - Started process (PID=325) to work on /opt/airflow/dags/lead_data_pipeline.py
[2025-04-13T11:01:02.638+0000] {processor.py:914} INFO - Processing file /opt/airflow/dags/lead_data_pipeline.py for tasks to queue
[2025-04-13T11:01:02.641+0000] {logging_mixin.py:190} INFO - [2025-04-13T11:01:02.640+0000] {dagbag.py:588} INFO - Filling up the DagBag from /opt/airflow/dags/lead_data_pipeline.py
[2025-04-13T11:01:02.793+0000] {processor.py:925} INFO - DAG(s) 'extract_raw_data_pipeline' retrieved from /opt/airflow/dags/lead_data_pipeline.py
[2025-04-13T11:01:02.819+0000] {logging_mixin.py:190} INFO - [2025-04-13T11:01:02.819+0000] {dag.py:3239} INFO - Sync 1 DAGs
[2025-04-13T11:01:02.844+0000] {logging_mixin.py:190} INFO - [2025-04-13T11:01:02.843+0000] {dag.py:4180} INFO - Setting next_dagrun for extract_raw_data_pipeline to 2025-04-13 07:59:00+00:00, run_after=2025-04-14 07:00:00+00:00
[2025-04-13T11:01:02.862+0000] {processor.py:208} INFO - Processing /opt/airflow/dags/lead_data_pipeline.py took 0.231 seconds
[2025-04-13T11:01:33.082+0000] {processor.py:186} INFO - Started process (PID=333) to work on /opt/airflow/dags/lead_data_pipeline.py
[2025-04-13T11:01:33.083+0000] {processor.py:914} INFO - Processing file /opt/airflow/dags/lead_data_pipeline.py for tasks to queue
[2025-04-13T11:01:33.086+0000] {logging_mixin.py:190} INFO - [2025-04-13T11:01:33.086+0000] {dagbag.py:588} INFO - Filling up the DagBag from /opt/airflow/dags/lead_data_pipeline.py
[2025-04-13T11:01:33.220+0000] {processor.py:925} INFO - DAG(s) 'extract_raw_data_pipeline' retrieved from /opt/airflow/dags/lead_data_pipeline.py
[2025-04-13T11:01:33.245+0000] {logging_mixin.py:190} INFO - [2025-04-13T11:01:33.245+0000] {dag.py:3239} INFO - Sync 1 DAGs
[2025-04-13T11:01:33.269+0000] {logging_mixin.py:190} INFO - [2025-04-13T11:01:33.268+0000] {dag.py:4180} INFO - Setting next_dagrun for extract_raw_data_pipeline to 2025-04-13 07:59:00+00:00, run_after=2025-04-14 07:00:00+00:00
[2025-04-13T11:01:33.287+0000] {processor.py:208} INFO - Processing /opt/airflow/dags/lead_data_pipeline.py took 0.211 seconds
[2025-04-13T11:02:03.513+0000] {processor.py:186} INFO - Started process (PID=341) to work on /opt/airflow/dags/lead_data_pipeline.py
[2025-04-13T11:02:03.514+0000] {processor.py:914} INFO - Processing file /opt/airflow/dags/lead_data_pipeline.py for tasks to queue
[2025-04-13T11:02:03.518+0000] {logging_mixin.py:190} INFO - [2025-04-13T11:02:03.518+0000] {dagbag.py:588} INFO - Filling up the DagBag from /opt/airflow/dags/lead_data_pipeline.py
[2025-04-13T11:02:03.708+0000] {processor.py:925} INFO - DAG(s) 'extract_raw_data_pipeline' retrieved from /opt/airflow/dags/lead_data_pipeline.py
[2025-04-13T11:02:03.733+0000] {logging_mixin.py:190} INFO - [2025-04-13T11:02:03.733+0000] {dag.py:3239} INFO - Sync 1 DAGs
[2025-04-13T11:02:03.755+0000] {logging_mixin.py:190} INFO - [2025-04-13T11:02:03.755+0000] {dag.py:4180} INFO - Setting next_dagrun for extract_raw_data_pipeline to 2025-04-13 07:59:00+00:00, run_after=2025-04-14 07:00:00+00:00
[2025-04-13T11:02:03.770+0000] {processor.py:208} INFO - Processing /opt/airflow/dags/lead_data_pipeline.py took 0.265 seconds
[2025-04-13T11:02:33.993+0000] {processor.py:186} INFO - Started process (PID=349) to work on /opt/airflow/dags/lead_data_pipeline.py
[2025-04-13T11:02:33.994+0000] {processor.py:914} INFO - Processing file /opt/airflow/dags/lead_data_pipeline.py for tasks to queue
[2025-04-13T11:02:33.997+0000] {logging_mixin.py:190} INFO - [2025-04-13T11:02:33.996+0000] {dagbag.py:588} INFO - Filling up the DagBag from /opt/airflow/dags/lead_data_pipeline.py
[2025-04-13T11:02:34.164+0000] {processor.py:925} INFO - DAG(s) 'extract_raw_data_pipeline' retrieved from /opt/airflow/dags/lead_data_pipeline.py
[2025-04-13T11:02:34.195+0000] {logging_mixin.py:190} INFO - [2025-04-13T11:02:34.194+0000] {dag.py:3239} INFO - Sync 1 DAGs
[2025-04-13T11:02:34.218+0000] {logging_mixin.py:190} INFO - [2025-04-13T11:02:34.218+0000] {dag.py:4180} INFO - Setting next_dagrun for extract_raw_data_pipeline to 2025-04-13 07:59:00+00:00, run_after=2025-04-14 07:00:00+00:00
[2025-04-13T11:02:34.236+0000] {processor.py:208} INFO - Processing /opt/airflow/dags/lead_data_pipeline.py took 0.250 seconds
[2025-04-13T11:03:04.457+0000] {processor.py:186} INFO - Started process (PID=357) to work on /opt/airflow/dags/lead_data_pipeline.py
[2025-04-13T11:03:04.458+0000] {processor.py:914} INFO - Processing file /opt/airflow/dags/lead_data_pipeline.py for tasks to queue
[2025-04-13T11:03:04.461+0000] {logging_mixin.py:190} INFO - [2025-04-13T11:03:04.461+0000] {dagbag.py:588} INFO - Filling up the DagBag from /opt/airflow/dags/lead_data_pipeline.py
[2025-04-13T11:03:04.595+0000] {processor.py:925} INFO - DAG(s) 'extract_raw_data_pipeline' retrieved from /opt/airflow/dags/lead_data_pipeline.py
[2025-04-13T11:03:04.616+0000] {logging_mixin.py:190} INFO - [2025-04-13T11:03:04.616+0000] {dag.py:3239} INFO - Sync 1 DAGs
[2025-04-13T11:03:04.636+0000] {logging_mixin.py:190} INFO - [2025-04-13T11:03:04.636+0000] {dag.py:4180} INFO - Setting next_dagrun for extract_raw_data_pipeline to 2025-04-13 07:59:00+00:00, run_after=2025-04-14 07:00:00+00:00
[2025-04-13T11:03:04.652+0000] {processor.py:208} INFO - Processing /opt/airflow/dags/lead_data_pipeline.py took 0.201 seconds
[2025-04-13T11:03:34.685+0000] {processor.py:186} INFO - Started process (PID=365) to work on /opt/airflow/dags/lead_data_pipeline.py
[2025-04-13T11:03:34.686+0000] {processor.py:914} INFO - Processing file /opt/airflow/dags/lead_data_pipeline.py for tasks to queue
[2025-04-13T11:03:34.689+0000] {logging_mixin.py:190} INFO - [2025-04-13T11:03:34.689+0000] {dagbag.py:588} INFO - Filling up the DagBag from /opt/airflow/dags/lead_data_pipeline.py
[2025-04-13T11:03:34.952+0000] {processor.py:925} INFO - DAG(s) 'extract_raw_data_pipeline' retrieved from /opt/airflow/dags/lead_data_pipeline.py
[2025-04-13T11:03:34.979+0000] {logging_mixin.py:190} INFO - [2025-04-13T11:03:34.978+0000] {dag.py:3239} INFO - Sync 1 DAGs
[2025-04-13T11:03:35.006+0000] {logging_mixin.py:190} INFO - [2025-04-13T11:03:35.006+0000] {dag.py:4180} INFO - Setting next_dagrun for extract_raw_data_pipeline to 2025-04-13 07:59:00+00:00, run_after=2025-04-14 07:00:00+00:00
[2025-04-13T11:03:35.026+0000] {processor.py:208} INFO - Processing /opt/airflow/dags/lead_data_pipeline.py took 0.347 seconds
[2025-04-13T11:04:05.180+0000] {processor.py:186} INFO - Started process (PID=373) to work on /opt/airflow/dags/lead_data_pipeline.py
[2025-04-13T11:04:05.181+0000] {processor.py:914} INFO - Processing file /opt/airflow/dags/lead_data_pipeline.py for tasks to queue
[2025-04-13T11:04:05.184+0000] {logging_mixin.py:190} INFO - [2025-04-13T11:04:05.184+0000] {dagbag.py:588} INFO - Filling up the DagBag from /opt/airflow/dags/lead_data_pipeline.py
[2025-04-13T11:04:05.332+0000] {processor.py:925} INFO - DAG(s) 'extract_raw_data_pipeline' retrieved from /opt/airflow/dags/lead_data_pipeline.py
[2025-04-13T11:04:05.357+0000] {logging_mixin.py:190} INFO - [2025-04-13T11:04:05.357+0000] {dag.py:3239} INFO - Sync 1 DAGs
[2025-04-13T11:04:05.380+0000] {logging_mixin.py:190} INFO - [2025-04-13T11:04:05.380+0000] {dag.py:4180} INFO - Setting next_dagrun for extract_raw_data_pipeline to 2025-04-13 07:59:00+00:00, run_after=2025-04-14 07:00:00+00:00
[2025-04-13T11:04:05.400+0000] {processor.py:208} INFO - Processing /opt/airflow/dags/lead_data_pipeline.py took 0.226 seconds
[2025-04-13T11:04:35.463+0000] {processor.py:186} INFO - Started process (PID=381) to work on /opt/airflow/dags/lead_data_pipeline.py
[2025-04-13T11:04:35.464+0000] {processor.py:914} INFO - Processing file /opt/airflow/dags/lead_data_pipeline.py for tasks to queue
[2025-04-13T11:04:35.467+0000] {logging_mixin.py:190} INFO - [2025-04-13T11:04:35.466+0000] {dagbag.py:588} INFO - Filling up the DagBag from /opt/airflow/dags/lead_data_pipeline.py
[2025-04-13T11:04:35.633+0000] {processor.py:925} INFO - DAG(s) 'extract_raw_data_pipeline' retrieved from /opt/airflow/dags/lead_data_pipeline.py
[2025-04-13T11:04:35.658+0000] {logging_mixin.py:190} INFO - [2025-04-13T11:04:35.657+0000] {dag.py:3239} INFO - Sync 1 DAGs
[2025-04-13T11:04:35.682+0000] {logging_mixin.py:190} INFO - [2025-04-13T11:04:35.681+0000] {dag.py:4180} INFO - Setting next_dagrun for extract_raw_data_pipeline to 2025-04-13 07:59:00+00:00, run_after=2025-04-14 07:00:00+00:00
[2025-04-13T11:04:35.701+0000] {processor.py:208} INFO - Processing /opt/airflow/dags/lead_data_pipeline.py took 0.246 seconds
[2025-04-13T11:05:05.802+0000] {processor.py:186} INFO - Started process (PID=389) to work on /opt/airflow/dags/lead_data_pipeline.py
[2025-04-13T11:05:05.804+0000] {processor.py:914} INFO - Processing file /opt/airflow/dags/lead_data_pipeline.py for tasks to queue
[2025-04-13T11:05:05.807+0000] {logging_mixin.py:190} INFO - [2025-04-13T11:05:05.806+0000] {dagbag.py:588} INFO - Filling up the DagBag from /opt/airflow/dags/lead_data_pipeline.py
[2025-04-13T11:05:06.021+0000] {processor.py:925} INFO - DAG(s) 'extract_raw_data_pipeline' retrieved from /opt/airflow/dags/lead_data_pipeline.py
[2025-04-13T11:05:06.054+0000] {logging_mixin.py:190} INFO - [2025-04-13T11:05:06.054+0000] {dag.py:3239} INFO - Sync 1 DAGs
[2025-04-13T11:05:06.082+0000] {logging_mixin.py:190} INFO - [2025-04-13T11:05:06.082+0000] {dag.py:4180} INFO - Setting next_dagrun for extract_raw_data_pipeline to 2025-04-13 07:59:00+00:00, run_after=2025-04-14 07:00:00+00:00
[2025-04-13T11:05:06.100+0000] {processor.py:208} INFO - Processing /opt/airflow/dags/lead_data_pipeline.py took 0.306 seconds
