[2025-05-05T14:11:46.548+0000] {local_task_job_runner.py:123} INFO - ::group::Pre task execution logs
[2025-05-05T14:11:46.566+0000] {taskinstance.py:2612} INFO - Dependencies all met for dep_context=non-requeueable deps ti=<TaskInstance: extract_raw_data_pipeline.run_dbt_staging manual__2025-05-05T14:11:12.723936+00:00 [queued]>
[2025-05-05T14:11:46.575+0000] {taskinstance.py:2612} INFO - Dependencies all met for dep_context=requeueable deps ti=<TaskInstance: extract_raw_data_pipeline.run_dbt_staging manual__2025-05-05T14:11:12.723936+00:00 [queued]>
[2025-05-05T14:11:46.576+0000] {taskinstance.py:2865} INFO - Starting attempt 1 of 1
[2025-05-05T14:11:46.589+0000] {taskinstance.py:2888} INFO - Executing <Task(BashOperator): run_dbt_staging> on 2025-05-05 14:11:12.723936+00:00
[2025-05-05T14:11:46.594+0000] {warnings.py:112} WARNING - /home/***/.local/lib/python3.12/site-packages/***/task/task_runner/standard_task_runner.py:70: DeprecationWarning: This process (pid=1090) is multi-threaded, use of fork() may lead to deadlocks in the child.
  pid = os.fork()

[2025-05-05T14:11:46.596+0000] {standard_task_runner.py:72} INFO - Started process 1106 to run task
[2025-05-05T14:11:46.596+0000] {standard_task_runner.py:104} INFO - Running: ['***', 'tasks', 'run', 'extract_raw_data_pipeline', 'run_dbt_staging', 'manual__2025-05-05T14:11:12.723936+00:00', '--job-id', '23', '--raw', '--subdir', 'DAGS_FOLDER/lead_data_pipeline.py', '--cfg-path', '/tmp/tmpkjajo4md']
[2025-05-05T14:11:46.598+0000] {standard_task_runner.py:105} INFO - Job 23: Subtask run_dbt_staging
[2025-05-05T14:11:46.645+0000] {task_command.py:467} INFO - Running <TaskInstance: extract_raw_data_pipeline.run_dbt_staging manual__2025-05-05T14:11:12.723936+00:00 [running]> on host 433e63c87a30
[2025-05-05T14:11:46.732+0000] {taskinstance.py:3131} INFO - Exporting env vars: AIRFLOW_CTX_DAG_OWNER='***' AIRFLOW_CTX_DAG_ID='extract_raw_data_pipeline' AIRFLOW_CTX_TASK_ID='run_dbt_staging' AIRFLOW_CTX_EXECUTION_DATE='2025-05-05T14:11:12.723936+00:00' AIRFLOW_CTX_TRY_NUMBER='1' AIRFLOW_CTX_DAG_RUN_ID='manual__2025-05-05T14:11:12.723936+00:00'
[2025-05-05T14:11:46.733+0000] {taskinstance.py:731} INFO - ::endgroup::
[2025-05-05T14:11:46.749+0000] {subprocess.py:63} INFO - Tmp dir root location: /tmp
[2025-05-05T14:11:46.750+0000] {subprocess.py:75} INFO - Running command: ['/usr/bin/bash', '-c', 'set -x; cd /opt/***/dbt && dbt run --select tag:staging']
[2025-05-05T14:11:46.760+0000] {subprocess.py:86} INFO - Output:
[2025-05-05T14:11:46.762+0000] {subprocess.py:93} INFO - + cd /opt/***/dbt
[2025-05-05T14:11:46.763+0000] {subprocess.py:93} INFO - + dbt run --select tag:staging
[2025-05-05T14:11:48.890+0000] {subprocess.py:93} INFO - [0m14:11:48  Running with dbt=1.8.0
[2025-05-05T14:11:49.166+0000] {subprocess.py:93} INFO - [0m14:11:49  Registered adapter: postgres=1.8.2
[2025-05-05T14:11:49.574+0000] {subprocess.py:93} INFO - [0m14:11:49  Found 9 models, 10 sources, 428 macros
[2025-05-05T14:11:49.577+0000] {subprocess.py:93} INFO - [0m14:11:49
[2025-05-05T14:11:49.723+0000] {subprocess.py:93} INFO - [0m14:11:49  Concurrency: 1 threads (target='dev')
[2025-05-05T14:11:49.724+0000] {subprocess.py:93} INFO - [0m14:11:49
[2025-05-05T14:11:49.735+0000] {subprocess.py:93} INFO - [0m14:11:49  1 of 5 START sql table model lead_staging.dim_address .......................... [RUN]
[2025-05-05T14:11:49.970+0000] {subprocess.py:93} INFO - [0m14:11:49  1 of 5 OK created sql table model lead_staging.dim_address ..................... [[32mSELECT 100372[0m in 0.23s]
[2025-05-05T14:11:49.973+0000] {subprocess.py:93} INFO - [0m14:11:49  2 of 5 START sql table model lead_staging.dim_date ............................. [RUN]
[2025-05-05T14:11:50.096+0000] {subprocess.py:93} INFO - [0m14:11:50  2 of 5 OK created sql table model lead_staging.dim_date ........................ [[32mSELECT 100372[0m in 0.12s]
[2025-05-05T14:11:50.099+0000] {subprocess.py:93} INFO - [0m14:11:50  3 of 5 START sql table model lead_staging.dim_finance .......................... [RUN]
[2025-05-05T14:11:50.225+0000] {subprocess.py:93} INFO - [0m14:11:50  3 of 5 OK created sql table model lead_staging.dim_finance ..................... [[32mSELECT 100372[0m in 0.12s]
[2025-05-05T14:11:50.228+0000] {subprocess.py:93} INFO - [0m14:11:50  4 of 5 START sql table model lead_staging.dim_person ........................... [RUN]
[2025-05-05T14:11:50.384+0000] {subprocess.py:93} INFO - [0m14:11:50  4 of 5 OK created sql table model lead_staging.dim_person ...................... [[32mSELECT 100372[0m in 0.15s]
[2025-05-05T14:11:50.387+0000] {subprocess.py:93} INFO - [0m14:11:50  5 of 5 START sql table model lead_staging.fact_network_usage ................... [RUN]
[2025-05-05T14:11:50.514+0000] {subprocess.py:93} INFO - [0m14:11:50  5 of 5 OK created sql table model lead_staging.fact_network_usage .............. [[32mSELECT 100372[0m in 0.13s]
[2025-05-05T14:11:50.530+0000] {subprocess.py:93} INFO - [0m14:11:50
[2025-05-05T14:11:50.531+0000] {subprocess.py:93} INFO - [0m14:11:50  Finished running 5 table models in 0 hours 0 minutes and 0.95 seconds (0.95s).
[2025-05-05T14:11:50.591+0000] {subprocess.py:93} INFO - [0m14:11:50
[2025-05-05T14:11:50.592+0000] {subprocess.py:93} INFO - [0m14:11:50  [32mCompleted successfully[0m
[2025-05-05T14:11:50.593+0000] {subprocess.py:93} INFO - [0m14:11:50
[2025-05-05T14:11:50.593+0000] {subprocess.py:93} INFO - [0m14:11:50  Done. PASS=5 WARN=0 ERROR=0 SKIP=0 TOTAL=5
[2025-05-05T14:11:51.537+0000] {subprocess.py:97} INFO - Command exited with return code 0
[2025-05-05T14:11:51.562+0000] {taskinstance.py:340} INFO - ::group::Post task execution logs
[2025-05-05T14:11:51.563+0000] {taskinstance.py:352} INFO - Marking task as SUCCESS. dag_id=extract_raw_data_pipeline, task_id=run_dbt_staging, run_id=manual__2025-05-05T14:11:12.723936+00:00, execution_date=20250505T141112, start_date=20250505T141146, end_date=20250505T141151
[2025-05-05T14:11:51.602+0000] {local_task_job_runner.py:266} INFO - Task exited with return code 0
[2025-05-05T14:11:51.621+0000] {taskinstance.py:3900} INFO - 1 downstream tasks scheduled from follow-on schedule check
[2025-05-05T14:11:51.623+0000] {local_task_job_runner.py:245} INFO - ::endgroup::
