[2025-05-06T13:31:24.706+0000] {local_task_job_runner.py:123} INFO - ::group::Pre task execution logs
[2025-05-06T13:31:24.727+0000] {taskinstance.py:2612} INFO - Dependencies all met for dep_context=non-requeueable deps ti=<TaskInstance: extract_raw_data_pipeline2.create_raw_schema manual__2025-05-06T13:31:23.718428+00:00 [queued]>
[2025-05-06T13:31:24.737+0000] {taskinstance.py:2612} INFO - Dependencies all met for dep_context=requeueable deps ti=<TaskInstance: extract_raw_data_pipeline2.create_raw_schema manual__2025-05-06T13:31:23.718428+00:00 [queued]>
[2025-05-06T13:31:24.737+0000] {taskinstance.py:2865} INFO - Starting attempt 1 of 1
[2025-05-06T13:31:24.753+0000] {taskinstance.py:2888} INFO - Executing <Task(SQLExecuteQueryOperator): create_raw_schema> on 2025-05-06 13:31:23.718428+00:00
[2025-05-06T13:31:24.759+0000] {warnings.py:112} WARNING - /home/***/.local/lib/python3.12/site-packages/***/task/task_runner/standard_task_runner.py:70: DeprecationWarning: This process (pid=530) is multi-threaded, use of fork() may lead to deadlocks in the child.
  pid = os.fork()

[2025-05-06T13:31:24.763+0000] {standard_task_runner.py:72} INFO - Started process 564 to run task
[2025-05-06T13:31:24.765+0000] {standard_task_runner.py:104} INFO - Running: ['***', 'tasks', 'run', 'extract_raw_data_pipeline2', 'create_raw_schema', 'manual__2025-05-06T13:31:23.718428+00:00', '--job-id', '10', '--raw', '--subdir', 'DAGS_FOLDER/lead_data_pipeline copy.py', '--cfg-path', '/tmp/tmp_okhyq3k']
[2025-05-06T13:31:24.766+0000] {standard_task_runner.py:105} INFO - Job 10: Subtask create_raw_schema
[2025-05-06T13:31:24.835+0000] {task_command.py:467} INFO - Running <TaskInstance: extract_raw_data_pipeline2.create_raw_schema manual__2025-05-06T13:31:23.718428+00:00 [running]> on host c4a5e29a95f8
[2025-05-06T13:31:24.932+0000] {taskinstance.py:3131} INFO - Exporting env vars: AIRFLOW_CTX_DAG_OWNER='***' AIRFLOW_CTX_DAG_ID='extract_raw_data_pipeline2' AIRFLOW_CTX_TASK_ID='create_raw_schema' AIRFLOW_CTX_EXECUTION_DATE='2025-05-06T13:31:23.718428+00:00' AIRFLOW_CTX_TRY_NUMBER='1' AIRFLOW_CTX_DAG_RUN_ID='manual__2025-05-06T13:31:23.718428+00:00'
[2025-05-06T13:31:24.934+0000] {taskinstance.py:731} INFO - ::endgroup::
[2025-05-06T13:31:24.950+0000] {sql.py:266} INFO - Executing: CREATE SCHEMA IF NOT EXISTS lead_raw;
[2025-05-06T13:31:24.963+0000] {base.py:84} INFO - Retrieving connection 'postgres_conn'
[2025-05-06T13:31:24.977+0000] {base.py:84} INFO - Retrieving connection 'postgres_conn'
[2025-05-06T13:31:24.983+0000] {sql.py:509} INFO - Running statement: CREATE SCHEMA IF NOT EXISTS lead_raw;, parameters: None
[2025-05-06T13:31:24.996+0000] {taskinstance.py:340} INFO - ::group::Post task execution logs
[2025-05-06T13:31:24.997+0000] {taskinstance.py:352} INFO - Marking task as SUCCESS. dag_id=extract_raw_data_pipeline2, task_id=create_raw_schema, run_id=manual__2025-05-06T13:31:23.718428+00:00, execution_date=20250506T133123, start_date=20250506T133124, end_date=20250506T133124
[2025-05-06T13:31:25.021+0000] {local_task_job_runner.py:266} INFO - Task exited with return code 0
[2025-05-06T13:31:25.052+0000] {taskinstance.py:3900} INFO - 0 downstream tasks scheduled from follow-on schedule check
[2025-05-06T13:31:25.054+0000] {local_task_job_runner.py:245} INFO - ::endgroup::
