[2025-04-17T07:02:06.639+0000] {local_task_job_runner.py:123} INFO - ::group::Pre task execution logs
[2025-04-17T07:02:06.740+0000] {taskinstance.py:2612} INFO - Dependencies all met for dep_context=non-requeueable deps ti=<TaskInstance: extract_raw_data_pipeline.extract_raw_data scheduled__2025-04-17T07:01:00+00:00 [queued]>
[2025-04-17T07:02:06.792+0000] {taskinstance.py:2612} INFO - Dependencies all met for dep_context=requeueable deps ti=<TaskInstance: extract_raw_data_pipeline.extract_raw_data scheduled__2025-04-17T07:01:00+00:00 [queued]>
[2025-04-17T07:02:06.795+0000] {taskinstance.py:2865} INFO - Starting attempt 1 of 1
[2025-04-17T07:02:06.885+0000] {taskinstance.py:2888} INFO - Executing <Task(PythonOperator): extract_raw_data> on 2025-04-17 07:01:00+00:00
[2025-04-17T07:02:06.915+0000] {warnings.py:112} WARNING - /home/***/.local/lib/python3.12/site-packages/***/task/task_runner/standard_task_runner.py:70: DeprecationWarning: This process (pid=12102) is multi-threaded, use of fork() may lead to deadlocks in the child.
  pid = os.fork()

[2025-04-17T07:02:06.933+0000] {standard_task_runner.py:72} INFO - Started process 12114 to run task
[2025-04-17T07:02:06.941+0000] {standard_task_runner.py:104} INFO - Running: ['***', 'tasks', 'run', 'extract_raw_data_pipeline', 'extract_raw_data', 'scheduled__2025-04-17T07:01:00+00:00', '--job-id', '139', '--raw', '--subdir', 'DAGS_FOLDER/lead_data_pipeline.py', '--cfg-path', '/tmp/tmp58pmpsio']
[2025-04-17T07:02:06.950+0000] {standard_task_runner.py:105} INFO - Job 139: Subtask extract_raw_data
[2025-04-17T07:02:07.325+0000] {task_command.py:467} INFO - Running <TaskInstance: extract_raw_data_pipeline.extract_raw_data scheduled__2025-04-17T07:01:00+00:00 [running]> on host c0ac39583bd8
[2025-04-17T07:02:07.965+0000] {taskinstance.py:3131} INFO - Exporting env vars: AIRFLOW_CTX_DAG_OWNER='***' AIRFLOW_CTX_DAG_ID='extract_raw_data_pipeline' AIRFLOW_CTX_TASK_ID='extract_raw_data' AIRFLOW_CTX_EXECUTION_DATE='2025-04-17T07:01:00+00:00' AIRFLOW_CTX_TRY_NUMBER='1' AIRFLOW_CTX_DAG_RUN_ID='scheduled__2025-04-17T07:01:00+00:00'
[2025-04-17T07:02:07.974+0000] {taskinstance.py:731} INFO - ::endgroup::
[2025-04-17T07:02:08.093+0000] {lead_data_pipeline.py:146} INFO - Started batch processing for 2025-04-17.
[2025-04-17T07:02:08.099+0000] {lead_data_pipeline.py:35} INFO - Created synthetic data for RO country code.
[2025-04-17T07:02:09.011+0000] {lead_data_pipeline.py:103} INFO - Written 279 records to the CSV file.
[2025-04-17T07:02:17.036+0000] {lead_data_pipeline.py:119} INFO - Added UUID to the dataset.
[2025-04-17T07:02:18.804+0000] {lead_data_pipeline.py:138} INFO - Updated accessed timestamp.
[2025-04-17T07:02:18.811+0000] {lead_data_pipeline.py:154} INFO - Finished batch processing 2025-04-17.
[2025-04-17T07:02:18.814+0000] {python.py:240} INFO - Done. Returned value was: None
[2025-04-17T07:02:18.886+0000] {taskinstance.py:340} INFO - ::group::Post task execution logs
[2025-04-17T07:02:18.890+0000] {taskinstance.py:352} INFO - Marking task as SUCCESS. dag_id=extract_raw_data_pipeline, task_id=extract_raw_data, run_id=scheduled__2025-04-17T07:01:00+00:00, execution_date=20250417T070100, start_date=20250417T070206, end_date=20250417T070218
[2025-04-17T07:02:19.074+0000] {local_task_job_runner.py:266} INFO - Task exited with return code 0
[2025-04-17T07:02:19.226+0000] {taskinstance.py:3900} INFO - 1 downstream tasks scheduled from follow-on schedule check
[2025-04-17T07:02:19.252+0000] {local_task_job_runner.py:245} INFO - ::endgroup::
