[2025-04-17T08:03:11.719+0000] {local_task_job_runner.py:123} INFO - ::group::Pre task execution logs
[2025-04-17T08:03:11.738+0000] {taskinstance.py:2612} INFO - Dependencies all met for dep_context=non-requeueable deps ti=<TaskInstance: extract_raw_data_pipeline.run_dbt_staging manual__2025-04-17T08:03:04.798673+00:00 [queued]>
[2025-04-17T08:03:11.750+0000] {taskinstance.py:2612} INFO - Dependencies all met for dep_context=requeueable deps ti=<TaskInstance: extract_raw_data_pipeline.run_dbt_staging manual__2025-04-17T08:03:04.798673+00:00 [queued]>
[2025-04-17T08:03:11.751+0000] {taskinstance.py:2865} INFO - Starting attempt 1 of 1
[2025-04-17T08:03:11.764+0000] {taskinstance.py:2888} INFO - Executing <Task(BashOperator): run_dbt_staging> on 2025-04-17 08:03:04.798673+00:00
[2025-04-17T08:03:11.769+0000] {warnings.py:112} WARNING - /home/***/.local/lib/python3.12/site-packages/***/task/task_runner/standard_task_runner.py:70: DeprecationWarning: This process (pid=223) is multi-threaded, use of fork() may lead to deadlocks in the child.
  pid = os.fork()

[2025-04-17T08:03:11.771+0000] {standard_task_runner.py:72} INFO - Started process 225 to run task
[2025-04-17T08:03:11.771+0000] {standard_task_runner.py:104} INFO - Running: ['***', 'tasks', 'run', 'extract_raw_data_pipeline', 'run_dbt_staging', 'manual__2025-04-17T08:03:04.798673+00:00', '--job-id', '13', '--raw', '--subdir', 'DAGS_FOLDER/lead_data_pipeline.py', '--cfg-path', '/tmp/tmp23lskh13']
[2025-04-17T08:03:11.772+0000] {standard_task_runner.py:105} INFO - Job 13: Subtask run_dbt_staging
[2025-04-17T08:03:11.820+0000] {task_command.py:467} INFO - Running <TaskInstance: extract_raw_data_pipeline.run_dbt_staging manual__2025-04-17T08:03:04.798673+00:00 [running]> on host ce366e4f219f
[2025-04-17T08:03:11.898+0000] {taskinstance.py:3131} INFO - Exporting env vars: AIRFLOW_CTX_DAG_OWNER='***' AIRFLOW_CTX_DAG_ID='extract_raw_data_pipeline' AIRFLOW_CTX_TASK_ID='run_dbt_staging' AIRFLOW_CTX_EXECUTION_DATE='2025-04-17T08:03:04.798673+00:00' AIRFLOW_CTX_TRY_NUMBER='1' AIRFLOW_CTX_DAG_RUN_ID='manual__2025-04-17T08:03:04.798673+00:00'
[2025-04-17T08:03:11.900+0000] {taskinstance.py:731} INFO - ::endgroup::
[2025-04-17T08:03:11.914+0000] {subprocess.py:63} INFO - Tmp dir root location: /tmp
[2025-04-17T08:03:11.915+0000] {subprocess.py:75} INFO - Running command: ['/usr/bin/bash', '-c', 'set -x; cd /opt/***/dbt && dbt run --select tag:staging']
[2025-04-17T08:03:11.926+0000] {subprocess.py:86} INFO - Output:
[2025-04-17T08:03:11.928+0000] {subprocess.py:93} INFO - + cd /opt/***/dbt
[2025-04-17T08:03:11.928+0000] {subprocess.py:93} INFO - + dbt run --select tag:staging
[2025-04-17T08:03:14.667+0000] {subprocess.py:93} INFO - [0m08:03:14  Running with dbt=1.8.0
[2025-04-17T08:03:14.963+0000] {subprocess.py:93} INFO - [0m08:03:14  Registered adapter: postgres=1.8.2
[2025-04-17T08:03:15.395+0000] {subprocess.py:93} INFO - [0m08:03:15  Found 9 models, 10 sources, 428 macros
[2025-04-17T08:03:15.398+0000] {subprocess.py:93} INFO - [0m08:03:15
[2025-04-17T08:03:15.542+0000] {subprocess.py:93} INFO - [0m08:03:15  Concurrency: 1 threads (target='dev')
[2025-04-17T08:03:15.543+0000] {subprocess.py:93} INFO - [0m08:03:15
[2025-04-17T08:03:15.554+0000] {subprocess.py:93} INFO - [0m08:03:15  1 of 5 START sql table model lead_staging.dim_address .......................... [RUN]
[2025-04-17T08:03:15.999+0000] {subprocess.py:93} INFO - [0m08:03:15  1 of 5 OK created sql table model lead_staging.dim_address ..................... [[32mSELECT 227459[0m in 0.44s]
[2025-04-17T08:03:16.003+0000] {subprocess.py:93} INFO - [0m08:03:16  2 of 5 START sql table model lead_staging.dim_date ............................. [RUN]
[2025-04-17T08:03:16.228+0000] {subprocess.py:93} INFO - [0m08:03:16  2 of 5 OK created sql table model lead_staging.dim_date ........................ [[32mSELECT 227459[0m in 0.22s]
[2025-04-17T08:03:16.231+0000] {subprocess.py:93} INFO - [0m08:03:16  3 of 5 START sql table model lead_staging.dim_finance .......................... [RUN]
[2025-04-17T08:03:16.481+0000] {subprocess.py:93} INFO - [0m08:03:16  3 of 5 OK created sql table model lead_staging.dim_finance ..................... [[32mSELECT 227459[0m in 0.25s]
[2025-04-17T08:03:16.483+0000] {subprocess.py:93} INFO - [0m08:03:16  4 of 5 START sql table model lead_staging.dim_person ........................... [RUN]
[2025-04-17T08:03:16.820+0000] {subprocess.py:93} INFO - [0m08:03:16  4 of 5 OK created sql table model lead_staging.dim_person ...................... [[32mSELECT 227459[0m in 0.33s]
[2025-04-17T08:03:16.822+0000] {subprocess.py:93} INFO - [0m08:03:16  5 of 5 START sql table model lead_staging.fact_network_usage ................... [RUN]
[2025-04-17T08:03:17.060+0000] {subprocess.py:93} INFO - [0m08:03:17  5 of 5 OK created sql table model lead_staging.fact_network_usage .............. [[32mSELECT 227459[0m in 0.24s]
[2025-04-17T08:03:17.074+0000] {subprocess.py:93} INFO - [0m08:03:17
[2025-04-17T08:03:17.075+0000] {subprocess.py:93} INFO - [0m08:03:17  Finished running 5 table models in 0 hours 0 minutes and 1.67 seconds (1.67s).
[2025-04-17T08:03:17.129+0000] {subprocess.py:93} INFO - [0m08:03:17
[2025-04-17T08:03:17.129+0000] {subprocess.py:93} INFO - [0m08:03:17  [32mCompleted successfully[0m
[2025-04-17T08:03:17.130+0000] {subprocess.py:93} INFO - [0m08:03:17
[2025-04-17T08:03:17.132+0000] {subprocess.py:93} INFO - [0m08:03:17  Done. PASS=5 WARN=0 ERROR=0 SKIP=0 TOTAL=5
[2025-04-17T08:03:18.049+0000] {subprocess.py:97} INFO - Command exited with return code 0
[2025-04-17T08:03:18.073+0000] {taskinstance.py:340} INFO - ::group::Post task execution logs
[2025-04-17T08:03:18.074+0000] {taskinstance.py:352} INFO - Marking task as SUCCESS. dag_id=extract_raw_data_pipeline, task_id=run_dbt_staging, run_id=manual__2025-04-17T08:03:04.798673+00:00, execution_date=20250417T080304, start_date=20250417T080311, end_date=20250417T080318
[2025-04-17T08:03:18.120+0000] {local_task_job_runner.py:266} INFO - Task exited with return code 0
[2025-04-17T08:03:18.139+0000] {taskinstance.py:3900} INFO - 1 downstream tasks scheduled from follow-on schedule check
[2025-04-17T08:03:18.141+0000] {local_task_job_runner.py:245} INFO - ::endgroup::
