[2025-04-17T07:41:56.853+0000] {local_task_job_runner.py:123} INFO - ::group::Pre task execution logs
[2025-04-17T07:41:56.871+0000] {taskinstance.py:2612} INFO - Dependencies all met for dep_context=non-requeueable deps ti=<TaskInstance: extract_raw_data_pipeline.extract_raw_data scheduled__2025-04-17T07:40:00+00:00 [queued]>
[2025-04-17T07:41:56.881+0000] {taskinstance.py:2612} INFO - Dependencies all met for dep_context=requeueable deps ti=<TaskInstance: extract_raw_data_pipeline.extract_raw_data scheduled__2025-04-17T07:40:00+00:00 [queued]>
[2025-04-17T07:41:56.881+0000] {taskinstance.py:2865} INFO - Starting attempt 1 of 1
[2025-04-17T07:41:56.897+0000] {taskinstance.py:2888} INFO - Executing <Task(PythonOperator): extract_raw_data> on 2025-04-17 07:40:00+00:00
[2025-04-17T07:41:56.903+0000] {warnings.py:112} WARNING - /home/***/.local/lib/python3.12/site-packages/***/task/task_runner/standard_task_runner.py:70: DeprecationWarning: This process (pid=56) is multi-threaded, use of fork() may lead to deadlocks in the child.
  pid = os.fork()

[2025-04-17T07:41:56.906+0000] {standard_task_runner.py:72} INFO - Started process 63 to run task
[2025-04-17T07:41:56.906+0000] {standard_task_runner.py:104} INFO - Running: ['***', 'tasks', 'run', 'extract_raw_data_pipeline', 'extract_raw_data', 'scheduled__2025-04-17T07:40:00+00:00', '--job-id', '208', '--raw', '--subdir', 'DAGS_FOLDER/lead_data_pipeline.py', '--cfg-path', '/tmp/tmpzonur3q0']
[2025-04-17T07:41:56.908+0000] {standard_task_runner.py:105} INFO - Job 208: Subtask extract_raw_data
[2025-04-17T07:41:56.963+0000] {task_command.py:467} INFO - Running <TaskInstance: extract_raw_data_pipeline.extract_raw_data scheduled__2025-04-17T07:40:00+00:00 [running]> on host c0ac39583bd8
[2025-04-17T07:41:57.066+0000] {taskinstance.py:3131} INFO - Exporting env vars: AIRFLOW_CTX_DAG_OWNER='***' AIRFLOW_CTX_DAG_ID='extract_raw_data_pipeline' AIRFLOW_CTX_TASK_ID='extract_raw_data' AIRFLOW_CTX_EXECUTION_DATE='2025-04-17T07:40:00+00:00' AIRFLOW_CTX_TRY_NUMBER='1' AIRFLOW_CTX_DAG_RUN_ID='scheduled__2025-04-17T07:40:00+00:00'
[2025-04-17T07:41:57.067+0000] {taskinstance.py:731} INFO - ::endgroup::
[2025-04-17T07:41:57.094+0000] {lead_data_pipeline.py:146} INFO - Started batch processing for 2025-04-17.
[2025-04-17T07:41:57.095+0000] {lead_data_pipeline.py:35} INFO - Created synthetic data for RO country code.
[2025-04-17T07:41:57.542+0000] {lead_data_pipeline.py:103} INFO - Written 1049 records to the CSV file.
[2025-04-17T07:41:58.881+0000] {lead_data_pipeline.py:119} INFO - Added UUID to the dataset.
[2025-04-17T07:41:59.015+0000] {local_task_job_runner.py:266} INFO - Task exited with return code -7
[2025-04-17T07:41:59.039+0000] {taskinstance.py:3900} INFO - 0 downstream tasks scheduled from follow-on schedule check
[2025-04-17T07:41:59.040+0000] {local_task_job_runner.py:245} INFO - ::endgroup::
