[2025-04-17T07:16:16.418+0000] {local_task_job_runner.py:123} INFO - ::group::Pre task execution logs
[2025-04-17T07:16:16.520+0000] {taskinstance.py:2612} INFO - Dependencies all met for dep_context=non-requeueable deps ti=<TaskInstance: extract_raw_data_pipeline.run_dbt_staging scheduled__2025-04-17T07:15:00+00:00 [queued]>
[2025-04-17T07:16:16.566+0000] {taskinstance.py:2612} INFO - Dependencies all met for dep_context=requeueable deps ti=<TaskInstance: extract_raw_data_pipeline.run_dbt_staging scheduled__2025-04-17T07:15:00+00:00 [queued]>
[2025-04-17T07:16:16.569+0000] {taskinstance.py:2865} INFO - Starting attempt 1 of 1
[2025-04-17T07:16:16.636+0000] {taskinstance.py:2888} INFO - Executing <Task(BashOperator): run_dbt_staging> on 2025-04-17 07:15:00+00:00
[2025-04-17T07:16:16.663+0000] {warnings.py:112} WARNING - /home/***/.local/lib/python3.12/site-packages/***/task/task_runner/standard_task_runner.py:70: DeprecationWarning: This process (pid=12301) is multi-threaded, use of fork() may lead to deadlocks in the child.
  pid = os.fork()

[2025-04-17T07:16:16.673+0000] {standard_task_runner.py:72} INFO - Started process 12305 to run task
[2025-04-17T07:16:16.675+0000] {standard_task_runner.py:104} INFO - Running: ['***', 'tasks', 'run', 'extract_raw_data_pipeline', 'run_dbt_staging', 'scheduled__2025-04-17T07:15:00+00:00', '--job-id', '158', '--raw', '--subdir', 'DAGS_FOLDER/lead_data_pipeline.py', '--cfg-path', '/tmp/tmpbaqt3m82']
[2025-04-17T07:16:16.683+0000] {standard_task_runner.py:105} INFO - Job 158: Subtask run_dbt_staging
[2025-04-17T07:16:16.948+0000] {task_command.py:467} INFO - Running <TaskInstance: extract_raw_data_pipeline.run_dbt_staging scheduled__2025-04-17T07:15:00+00:00 [running]> on host c0ac39583bd8
[2025-04-17T07:16:17.504+0000] {taskinstance.py:3131} INFO - Exporting env vars: AIRFLOW_CTX_DAG_OWNER='***' AIRFLOW_CTX_DAG_ID='extract_raw_data_pipeline' AIRFLOW_CTX_TASK_ID='run_dbt_staging' AIRFLOW_CTX_EXECUTION_DATE='2025-04-17T07:15:00+00:00' AIRFLOW_CTX_TRY_NUMBER='1' AIRFLOW_CTX_DAG_RUN_ID='scheduled__2025-04-17T07:15:00+00:00'
[2025-04-17T07:16:17.510+0000] {taskinstance.py:731} INFO - ::endgroup::
[2025-04-17T07:16:17.600+0000] {subprocess.py:63} INFO - Tmp dir root location: /tmp
[2025-04-17T07:16:17.606+0000] {subprocess.py:75} INFO - Running command: ['/usr/bin/bash', '-c', 'set -x; cd /opt/***/dbt && dbt run --select tag:staging']
[2025-04-17T07:16:17.651+0000] {subprocess.py:86} INFO - Output:
[2025-04-17T07:16:17.684+0000] {subprocess.py:93} INFO - + cd /opt/***/dbt
[2025-04-17T07:16:17.688+0000] {subprocess.py:93} INFO - + dbt run --select tag:staging
[2025-04-17T07:16:32.280+0000] {subprocess.py:93} INFO - [0m07:16:32  Running with dbt=1.8.0
[2025-04-17T07:16:34.706+0000] {subprocess.py:93} INFO - [0m07:16:34  Registered adapter: postgres=1.8.2
[2025-04-17T07:16:37.693+0000] {subprocess.py:93} INFO - [0m07:16:37  Found 9 models, 10 sources, 428 macros
[2025-04-17T07:16:37.723+0000] {subprocess.py:93} INFO - [0m07:16:37
[2025-04-17T07:16:38.703+0000] {subprocess.py:93} INFO - [0m07:16:38  Concurrency: 1 threads (target='dev')
[2025-04-17T07:16:38.709+0000] {subprocess.py:93} INFO - [0m07:16:38
[2025-04-17T07:16:38.794+0000] {subprocess.py:93} INFO - [0m07:16:38  1 of 5 START sql table model lead_staging.dim_address .......................... [RUN]
[2025-04-17T07:28:06.613+0000] {job.py:229} INFO - Heartbeat recovered after 679.09 seconds
