[2025-04-17T07:28:15.095+0000] {local_task_job_runner.py:123} INFO - ::group::Pre task execution logs
[2025-04-17T07:28:15.110+0000] {taskinstance.py:2612} INFO - Dependencies all met for dep_context=non-requeueable deps ti=<TaskInstance: extract_raw_data_pipeline.run_dbt_staging scheduled__2025-04-17T07:16:00+00:00 [queued]>
[2025-04-17T07:28:15.117+0000] {taskinstance.py:2612} INFO - Dependencies all met for dep_context=requeueable deps ti=<TaskInstance: extract_raw_data_pipeline.run_dbt_staging scheduled__2025-04-17T07:16:00+00:00 [queued]>
[2025-04-17T07:28:15.118+0000] {taskinstance.py:2865} INFO - Starting attempt 1 of 1
[2025-04-17T07:28:15.128+0000] {taskinstance.py:2888} INFO - Executing <Task(BashOperator): run_dbt_staging> on 2025-04-17 07:16:00+00:00
[2025-04-17T07:28:15.133+0000] {warnings.py:112} WARNING - /home/***/.local/lib/python3.12/site-packages/***/task/task_runner/standard_task_runner.py:70: DeprecationWarning: This process (pid=12409) is multi-threaded, use of fork() may lead to deadlocks in the child.
  pid = os.fork()

[2025-04-17T07:28:15.134+0000] {standard_task_runner.py:72} INFO - Started process 12411 to run task
[2025-04-17T07:28:15.135+0000] {standard_task_runner.py:104} INFO - Running: ['***', 'tasks', 'run', 'extract_raw_data_pipeline', 'run_dbt_staging', 'scheduled__2025-04-17T07:16:00+00:00', '--job-id', '167', '--raw', '--subdir', 'DAGS_FOLDER/lead_data_pipeline.py', '--cfg-path', '/tmp/tmphqiynhhg']
[2025-04-17T07:28:15.136+0000] {standard_task_runner.py:105} INFO - Job 167: Subtask run_dbt_staging
[2025-04-17T07:28:15.178+0000] {task_command.py:467} INFO - Running <TaskInstance: extract_raw_data_pipeline.run_dbt_staging scheduled__2025-04-17T07:16:00+00:00 [running]> on host c0ac39583bd8
[2025-04-17T07:28:15.249+0000] {taskinstance.py:3131} INFO - Exporting env vars: AIRFLOW_CTX_DAG_OWNER='***' AIRFLOW_CTX_DAG_ID='extract_raw_data_pipeline' AIRFLOW_CTX_TASK_ID='run_dbt_staging' AIRFLOW_CTX_EXECUTION_DATE='2025-04-17T07:16:00+00:00' AIRFLOW_CTX_TRY_NUMBER='1' AIRFLOW_CTX_DAG_RUN_ID='scheduled__2025-04-17T07:16:00+00:00'
[2025-04-17T07:28:15.250+0000] {taskinstance.py:731} INFO - ::endgroup::
[2025-04-17T07:28:15.262+0000] {subprocess.py:63} INFO - Tmp dir root location: /tmp
[2025-04-17T07:28:15.263+0000] {subprocess.py:75} INFO - Running command: ['/usr/bin/bash', '-c', 'set -x; cd /opt/***/dbt && dbt run --select tag:staging']
[2025-04-17T07:28:15.270+0000] {subprocess.py:86} INFO - Output:
[2025-04-17T07:28:15.272+0000] {subprocess.py:93} INFO - + cd /opt/***/dbt
[2025-04-17T07:28:15.273+0000] {subprocess.py:93} INFO - + dbt run --select tag:staging
[2025-04-17T07:28:23.788+0000] {subprocess.py:93} INFO - [0m07:28:23  Running with dbt=1.8.0
[2025-04-17T07:28:25.412+0000] {subprocess.py:93} INFO - [0m07:28:25  Registered adapter: postgres=1.8.2
[2025-04-17T07:28:28.454+0000] {subprocess.py:93} INFO - [0m07:28:28  Found 9 models, 10 sources, 428 macros
[2025-04-17T07:28:28.481+0000] {subprocess.py:93} INFO - [0m07:28:28
[2025-04-17T07:28:29.425+0000] {subprocess.py:93} INFO - [0m07:28:29  Concurrency: 1 threads (target='dev')
[2025-04-17T07:28:29.427+0000] {subprocess.py:93} INFO - [0m07:28:29
[2025-04-17T07:28:29.447+0000] {subprocess.py:93} INFO - [0m07:28:29  1 of 5 START sql table model lead_staging.dim_address .......................... [RUN]
[2025-04-17T07:33:20.801+0000] {subprocess.py:93} INFO - [0m07:33:20  1 of 5 OK created sql table model lead_staging.dim_address ..................... [[32mSELECT 4164290[0m in 291.35s]
[2025-04-17T07:33:20.807+0000] {subprocess.py:93} INFO - [0m07:33:20  2 of 5 START sql table model lead_staging.dim_date ............................. [RUN]
[2025-04-17T07:34:38.167+0000] {subprocess.py:93} INFO - [0m07:34:38  2 of 5 OK created sql table model lead_staging.dim_date ........................ [[32mSELECT 5234791[0m in 77.36s]
[2025-04-17T07:34:38.170+0000] {subprocess.py:93} INFO - [0m07:34:38  3 of 5 START sql table model lead_staging.dim_finance .......................... [RUN]
