[2025-05-05T14:29:00.422+0000] {local_task_job_runner.py:123} INFO - ::group::Pre task execution logs
[2025-05-05T14:29:00.439+0000] {taskinstance.py:2612} INFO - Dependencies all met for dep_context=non-requeueable deps ti=<TaskInstance: extract_raw_data_pipeline.run_dbt_trusted manual__2025-05-05T14:28:16.197969+00:00 [queued]>
[2025-05-05T14:29:00.448+0000] {taskinstance.py:2612} INFO - Dependencies all met for dep_context=requeueable deps ti=<TaskInstance: extract_raw_data_pipeline.run_dbt_trusted manual__2025-05-05T14:28:16.197969+00:00 [queued]>
[2025-05-05T14:29:00.449+0000] {taskinstance.py:2865} INFO - Starting attempt 1 of 1
[2025-05-05T14:29:00.461+0000] {taskinstance.py:2888} INFO - Executing <Task(BashOperator): run_dbt_trusted> on 2025-05-05 14:28:16.197969+00:00
[2025-05-05T14:29:00.466+0000] {warnings.py:112} WARNING - /home/***/.local/lib/python3.12/site-packages/***/task/task_runner/standard_task_runner.py:70: DeprecationWarning: This process (pid=2010) is multi-threaded, use of fork() may lead to deadlocks in the child.
  pid = os.fork()

[2025-05-05T14:29:00.467+0000] {standard_task_runner.py:72} INFO - Started process 2026 to run task
[2025-05-05T14:29:00.468+0000] {standard_task_runner.py:104} INFO - Running: ['***', 'tasks', 'run', 'extract_raw_data_pipeline', 'run_dbt_trusted', 'manual__2025-05-05T14:28:16.197969+00:00', '--job-id', '54', '--raw', '--subdir', 'DAGS_FOLDER/lead_data_pipeline.py', '--cfg-path', '/tmp/tmpfbim0hk2']
[2025-05-05T14:29:00.469+0000] {standard_task_runner.py:105} INFO - Job 54: Subtask run_dbt_trusted
[2025-05-05T14:29:00.512+0000] {task_command.py:467} INFO - Running <TaskInstance: extract_raw_data_pipeline.run_dbt_trusted manual__2025-05-05T14:28:16.197969+00:00 [running]> on host 433e63c87a30
[2025-05-05T14:29:00.593+0000] {taskinstance.py:3131} INFO - Exporting env vars: AIRFLOW_CTX_DAG_OWNER='***' AIRFLOW_CTX_DAG_ID='extract_raw_data_pipeline' AIRFLOW_CTX_TASK_ID='run_dbt_trusted' AIRFLOW_CTX_EXECUTION_DATE='2025-05-05T14:28:16.197969+00:00' AIRFLOW_CTX_TRY_NUMBER='1' AIRFLOW_CTX_DAG_RUN_ID='manual__2025-05-05T14:28:16.197969+00:00'
[2025-05-05T14:29:00.594+0000] {taskinstance.py:731} INFO - ::endgroup::
[2025-05-05T14:29:00.609+0000] {subprocess.py:63} INFO - Tmp dir root location: /tmp
[2025-05-05T14:29:00.610+0000] {subprocess.py:75} INFO - Running command: ['/usr/bin/bash', '-c', 'set -x; cd /opt/***/dbt && dbt run --select tag:trusted']
[2025-05-05T14:29:00.619+0000] {subprocess.py:86} INFO - Output:
[2025-05-05T14:29:00.620+0000] {subprocess.py:93} INFO - + cd /opt/***/dbt
[2025-05-05T14:29:00.621+0000] {subprocess.py:93} INFO - + dbt run --select tag:trusted
[2025-05-05T14:29:03.057+0000] {subprocess.py:93} INFO - [0m14:29:03  Running with dbt=1.8.0
[2025-05-05T14:29:03.372+0000] {subprocess.py:93} INFO - [0m14:29:03  Registered adapter: postgres=1.8.2
[2025-05-05T14:29:03.797+0000] {subprocess.py:93} INFO - [0m14:29:03  Found 9 models, 10 sources, 428 macros
[2025-05-05T14:29:03.800+0000] {subprocess.py:93} INFO - [0m14:29:03
[2025-05-05T14:29:03.936+0000] {subprocess.py:93} INFO - [0m14:29:03  Concurrency: 1 threads (target='dev')
[2025-05-05T14:29:03.937+0000] {subprocess.py:93} INFO - [0m14:29:03
[2025-05-05T14:29:03.949+0000] {subprocess.py:93} INFO - [0m14:29:03  1 of 4 START sql table model lead_trusted.non_pii_data ......................... [RUN]
[2025-05-05T14:29:19.349+0000] {subprocess.py:93} INFO - [0m14:29:19  1 of 4 OK created sql table model lead_trusted.non_pii_data .................... [[32mSELECT 3513020[0m in 15.40s]
[2025-05-05T14:29:19.352+0000] {subprocess.py:93} INFO - [0m14:29:19  2 of 4 START sql table model lead_trusted.payment_data ......................... [RUN]
[2025-05-05T14:29:22.716+0000] {subprocess.py:93} INFO - [0m14:29:22  2 of 4 OK created sql table model lead_trusted.payment_data .................... [[32mSELECT 702604[0m in 3.36s]
[2025-05-05T14:29:22.719+0000] {subprocess.py:93} INFO - [0m14:29:22  3 of 4 START sql table model lead_trusted.pii_data ............................. [RUN]
[2025-05-05T14:29:37.701+0000] {subprocess.py:93} INFO - [0m14:29:37  3 of 4 OK created sql table model lead_trusted.pii_data ........................ [[32mSELECT 3513020[0m in 14.98s]
[2025-05-05T14:29:37.704+0000] {subprocess.py:93} INFO - [0m14:29:37  4 of 4 START sql table model lead_trusted.technical_data ....................... [RUN]
[2025-05-05T14:29:41.321+0000] {subprocess.py:93} INFO - [0m14:29:41  4 of 4 OK created sql table model lead_trusted.technical_data .................. [[32mSELECT 702604[0m in 3.61s]
[2025-05-05T14:29:41.336+0000] {subprocess.py:93} INFO - [0m14:29:41
[2025-05-05T14:29:41.337+0000] {subprocess.py:93} INFO - [0m14:29:41  Finished running 4 table models in 0 hours 0 minutes and 37.53 seconds (37.53s).
[2025-05-05T14:29:41.392+0000] {subprocess.py:93} INFO - [0m14:29:41
[2025-05-05T14:29:41.393+0000] {subprocess.py:93} INFO - [0m14:29:41  [32mCompleted successfully[0m
[2025-05-05T14:29:41.394+0000] {subprocess.py:93} INFO - [0m14:29:41
[2025-05-05T14:29:41.395+0000] {subprocess.py:93} INFO - [0m14:29:41  Done. PASS=4 WARN=0 ERROR=0 SKIP=0 TOTAL=4
[2025-05-05T14:29:42.307+0000] {subprocess.py:97} INFO - Command exited with return code 0
[2025-05-05T14:29:42.334+0000] {taskinstance.py:340} INFO - ::group::Post task execution logs
[2025-05-05T14:29:42.335+0000] {taskinstance.py:352} INFO - Marking task as SUCCESS. dag_id=extract_raw_data_pipeline, task_id=run_dbt_trusted, run_id=manual__2025-05-05T14:28:16.197969+00:00, execution_date=20250505T142816, start_date=20250505T142900, end_date=20250505T142942
[2025-05-05T14:29:42.367+0000] {local_task_job_runner.py:266} INFO - Task exited with return code 0
[2025-05-05T14:29:42.383+0000] {taskinstance.py:3900} INFO - 0 downstream tasks scheduled from follow-on schedule check
[2025-05-05T14:29:42.385+0000] {local_task_job_runner.py:245} INFO - ::endgroup::
