[2025-04-14T10:19:57.743+0000] {local_task_job_runner.py:123} INFO - ::group::Pre task execution logs
[2025-04-14T10:19:57.758+0000] {taskinstance.py:2612} INFO - Dependencies all met for dep_context=non-requeueable deps ti=<TaskInstance: extract_raw_data_pipeline.run_dbt_trusted manual__2025-04-14T10:19:45.212126+00:00 [queued]>
[2025-04-14T10:19:57.766+0000] {taskinstance.py:2612} INFO - Dependencies all met for dep_context=requeueable deps ti=<TaskInstance: extract_raw_data_pipeline.run_dbt_trusted manual__2025-04-14T10:19:45.212126+00:00 [queued]>
[2025-04-14T10:19:57.767+0000] {taskinstance.py:2865} INFO - Starting attempt 1 of 1
[2025-04-14T10:19:57.778+0000] {taskinstance.py:2888} INFO - Executing <Task(BashOperator): run_dbt_trusted> on 2025-04-14 10:19:45.212126+00:00
[2025-04-14T10:19:57.783+0000] {warnings.py:112} WARNING - /home/***/.local/lib/python3.12/site-packages/***/task/task_runner/standard_task_runner.py:70: DeprecationWarning: This process (pid=178) is multi-threaded, use of fork() may lead to deadlocks in the child.
  pid = os.fork()

[2025-04-14T10:19:57.785+0000] {standard_task_runner.py:72} INFO - Started process 180 to run task
[2025-04-14T10:19:57.785+0000] {standard_task_runner.py:104} INFO - Running: ['***', 'tasks', 'run', 'extract_raw_data_pipeline', 'run_dbt_trusted', 'manual__2025-04-14T10:19:45.212126+00:00', '--job-id', '34', '--raw', '--subdir', 'DAGS_FOLDER/lead_data_pipeline.py', '--cfg-path', '/tmp/tmpawss8z2m']
[2025-04-14T10:19:57.786+0000] {standard_task_runner.py:105} INFO - Job 34: Subtask run_dbt_trusted
[2025-04-14T10:19:57.828+0000] {task_command.py:467} INFO - Running <TaskInstance: extract_raw_data_pipeline.run_dbt_trusted manual__2025-04-14T10:19:45.212126+00:00 [running]> on host 9276b9d03819
[2025-04-14T10:19:57.900+0000] {taskinstance.py:3131} INFO - Exporting env vars: AIRFLOW_CTX_DAG_OWNER='***' AIRFLOW_CTX_DAG_ID='extract_raw_data_pipeline' AIRFLOW_CTX_TASK_ID='run_dbt_trusted' AIRFLOW_CTX_EXECUTION_DATE='2025-04-14T10:19:45.212126+00:00' AIRFLOW_CTX_TRY_NUMBER='1' AIRFLOW_CTX_DAG_RUN_ID='manual__2025-04-14T10:19:45.212126+00:00'
[2025-04-14T10:19:57.901+0000] {taskinstance.py:731} INFO - ::endgroup::
[2025-04-14T10:19:57.914+0000] {subprocess.py:63} INFO - Tmp dir root location: /tmp
[2025-04-14T10:19:57.915+0000] {subprocess.py:75} INFO - Running command: ['/usr/bin/bash', '-c', 'set -x; cd /opt/***/dbt && dbt run --select tag:trusted']
[2025-04-14T10:19:57.923+0000] {subprocess.py:86} INFO - Output:
[2025-04-14T10:19:57.926+0000] {subprocess.py:93} INFO - + cd /opt/***/dbt
[2025-04-14T10:19:57.927+0000] {subprocess.py:93} INFO - + dbt run --select tag:trusted
[2025-04-14T10:19:59.842+0000] {subprocess.py:93} INFO - [0m10:19:59  Running with dbt=1.8.0
[2025-04-14T10:20:00.096+0000] {subprocess.py:93} INFO - [0m10:20:00  Registered adapter: postgres=1.8.2
[2025-04-14T10:20:00.433+0000] {subprocess.py:93} INFO - [0m10:20:00  Found 9 models, 10 sources, 428 macros
[2025-04-14T10:20:00.436+0000] {subprocess.py:93} INFO - [0m10:20:00
[2025-04-14T10:20:00.547+0000] {subprocess.py:93} INFO - [0m10:20:00  Concurrency: 1 threads (target='dev')
[2025-04-14T10:20:00.548+0000] {subprocess.py:93} INFO - [0m10:20:00
[2025-04-14T10:20:00.557+0000] {subprocess.py:93} INFO - [0m10:20:00  1 of 4 START sql table model lead_trusted.non_pii_data ......................... [RUN]
[2025-04-14T10:20:02.530+0000] {subprocess.py:93} INFO - [0m10:20:02  1 of 4 OK created sql table model lead_trusted.non_pii_data .................... [[32mSELECT 101388[0m in 1.97s]
[2025-04-14T10:20:02.533+0000] {subprocess.py:93} INFO - [0m10:20:02  2 of 4 START sql table model lead_trusted.payment_data ......................... [RUN]
[2025-04-14T10:20:03.203+0000] {subprocess.py:93} INFO - [0m10:20:03  2 of 4 OK created sql table model lead_trusted.payment_data .................... [[32mSELECT 101388[0m in 0.67s]
[2025-04-14T10:20:03.206+0000] {subprocess.py:93} INFO - [0m10:20:03  3 of 4 START sql table model lead_trusted.pii_data ............................. [RUN]
[2025-04-14T10:20:05.390+0000] {subprocess.py:93} INFO - [0m10:20:05  3 of 4 OK created sql table model lead_trusted.pii_data ........................ [[32mSELECT 101388[0m in 2.18s]
[2025-04-14T10:20:05.393+0000] {subprocess.py:93} INFO - [0m10:20:05  4 of 4 START sql table model lead_trusted.technical_data ....................... [RUN]
[2025-04-14T10:20:06.116+0000] {subprocess.py:93} INFO - [0m10:20:06  4 of 4 OK created sql table model lead_trusted.technical_data .................. [[32mSELECT 101388[0m in 0.72s]
[2025-04-14T10:20:06.131+0000] {subprocess.py:93} INFO - [0m10:20:06
[2025-04-14T10:20:06.132+0000] {subprocess.py:93} INFO - [0m10:20:06  Finished running 4 table models in 0 hours 0 minutes and 5.69 seconds (5.69s).
[2025-04-14T10:20:06.190+0000] {subprocess.py:93} INFO - [0m10:20:06
[2025-04-14T10:20:06.191+0000] {subprocess.py:93} INFO - [0m10:20:06  [32mCompleted successfully[0m
[2025-04-14T10:20:06.192+0000] {subprocess.py:93} INFO - [0m10:20:06
[2025-04-14T10:20:06.193+0000] {subprocess.py:93} INFO - [0m10:20:06  Done. PASS=4 WARN=0 ERROR=0 SKIP=0 TOTAL=4
[2025-04-14T10:20:07.034+0000] {subprocess.py:97} INFO - Command exited with return code 0
[2025-04-14T10:20:07.063+0000] {taskinstance.py:340} INFO - ::group::Post task execution logs
[2025-04-14T10:20:07.063+0000] {taskinstance.py:352} INFO - Marking task as SUCCESS. dag_id=extract_raw_data_pipeline, task_id=run_dbt_trusted, run_id=manual__2025-04-14T10:19:45.212126+00:00, execution_date=20250414T101945, start_date=20250414T101957, end_date=20250414T102007
[2025-04-14T10:20:07.086+0000] {local_task_job_runner.py:266} INFO - Task exited with return code 0
[2025-04-14T10:20:07.102+0000] {taskinstance.py:3900} INFO - 0 downstream tasks scheduled from follow-on schedule check
[2025-04-14T10:20:07.103+0000] {local_task_job_runner.py:245} INFO - ::endgroup::
