[2025-04-17T07:31:10.649+0000] {local_task_job_runner.py:123} INFO - ::group::Pre task execution logs
[2025-04-17T07:31:10.668+0000] {taskinstance.py:2612} INFO - Dependencies all met for dep_context=non-requeueable deps ti=<TaskInstance: extract_raw_data_pipeline.run_dbt_staging scheduled__2025-04-17T07:30:00+00:00 [queued]>
[2025-04-17T07:31:10.678+0000] {taskinstance.py:2612} INFO - Dependencies all met for dep_context=requeueable deps ti=<TaskInstance: extract_raw_data_pipeline.run_dbt_staging scheduled__2025-04-17T07:30:00+00:00 [queued]>
[2025-04-17T07:31:10.679+0000] {taskinstance.py:2865} INFO - Starting attempt 1 of 1
[2025-04-17T07:31:10.691+0000] {taskinstance.py:2888} INFO - Executing <Task(BashOperator): run_dbt_staging> on 2025-04-17 07:30:00+00:00
[2025-04-17T07:31:10.697+0000] {warnings.py:112} WARNING - /home/***/.local/lib/python3.12/site-packages/***/task/task_runner/standard_task_runner.py:70: DeprecationWarning: This process (pid=12610) is multi-threaded, use of fork() may lead to deadlocks in the child.
  pid = os.fork()

[2025-04-17T07:31:10.699+0000] {standard_task_runner.py:72} INFO - Started process 12612 to run task
[2025-04-17T07:31:10.700+0000] {standard_task_runner.py:104} INFO - Running: ['***', 'tasks', 'run', 'extract_raw_data_pipeline', 'run_dbt_staging', 'scheduled__2025-04-17T07:30:00+00:00', '--job-id', '184', '--raw', '--subdir', 'DAGS_FOLDER/lead_data_pipeline.py', '--cfg-path', '/tmp/tmpt7a34lo7']
[2025-04-17T07:31:10.701+0000] {standard_task_runner.py:105} INFO - Job 184: Subtask run_dbt_staging
[2025-04-17T07:31:10.756+0000] {task_command.py:467} INFO - Running <TaskInstance: extract_raw_data_pipeline.run_dbt_staging scheduled__2025-04-17T07:30:00+00:00 [running]> on host c0ac39583bd8
[2025-04-17T07:31:10.851+0000] {taskinstance.py:3131} INFO - Exporting env vars: AIRFLOW_CTX_DAG_OWNER='***' AIRFLOW_CTX_DAG_ID='extract_raw_data_pipeline' AIRFLOW_CTX_TASK_ID='run_dbt_staging' AIRFLOW_CTX_EXECUTION_DATE='2025-04-17T07:30:00+00:00' AIRFLOW_CTX_TRY_NUMBER='1' AIRFLOW_CTX_DAG_RUN_ID='scheduled__2025-04-17T07:30:00+00:00'
[2025-04-17T07:31:10.852+0000] {taskinstance.py:731} INFO - ::endgroup::
[2025-04-17T07:31:10.869+0000] {subprocess.py:63} INFO - Tmp dir root location: /tmp
[2025-04-17T07:31:10.873+0000] {subprocess.py:75} INFO - Running command: ['/usr/bin/bash', '-c', 'set -x; cd /opt/***/dbt && dbt run --select tag:staging']
[2025-04-17T07:31:10.885+0000] {subprocess.py:86} INFO - Output:
[2025-04-17T07:31:10.894+0000] {subprocess.py:93} INFO - + cd /opt/***/dbt
[2025-04-17T07:31:10.895+0000] {subprocess.py:93} INFO - + dbt run --select tag:staging
[2025-04-17T07:31:14.249+0000] {subprocess.py:93} INFO - [0m07:31:14  Running with dbt=1.8.0
[2025-04-17T07:31:14.743+0000] {subprocess.py:93} INFO - [0m07:31:14  Registered adapter: postgres=1.8.2
[2025-04-17T07:31:15.253+0000] {subprocess.py:93} INFO - [0m07:31:15  Found 9 models, 10 sources, 428 macros
[2025-04-17T07:31:15.256+0000] {subprocess.py:93} INFO - [0m07:31:15
[2025-04-17T07:31:15.413+0000] {subprocess.py:93} INFO - [0m07:31:15  Concurrency: 1 threads (target='dev')
[2025-04-17T07:31:15.413+0000] {subprocess.py:93} INFO - [0m07:31:15
[2025-04-17T07:31:15.427+0000] {subprocess.py:93} INFO - [0m07:31:15  1 of 5 START sql table model lead_staging.dim_address .......................... [RUN]
