[2025-05-05T14:05:16.389+0000] {local_task_job_runner.py:123} INFO - ::group::Pre task execution logs
[2025-05-05T14:05:16.405+0000] {taskinstance.py:2612} INFO - Dependencies all met for dep_context=non-requeueable deps ti=<TaskInstance: extract_raw_data_pipeline.run_dbt_staging manual__2025-05-05T14:04:41.840682+00:00 [queued]>
[2025-05-05T14:05:16.412+0000] {taskinstance.py:2612} INFO - Dependencies all met for dep_context=requeueable deps ti=<TaskInstance: extract_raw_data_pipeline.run_dbt_staging manual__2025-05-05T14:04:41.840682+00:00 [queued]>
[2025-05-05T14:05:16.413+0000] {taskinstance.py:2865} INFO - Starting attempt 1 of 1
[2025-05-05T14:05:16.426+0000] {taskinstance.py:2888} INFO - Executing <Task(BashOperator): run_dbt_staging> on 2025-05-05 14:04:41.840682+00:00
[2025-05-05T14:05:16.431+0000] {warnings.py:112} WARNING - /home/***/.local/lib/python3.12/site-packages/***/task/task_runner/standard_task_runner.py:70: DeprecationWarning: This process (pid=812) is multi-threaded, use of fork() may lead to deadlocks in the child.
  pid = os.fork()

[2025-05-05T14:05:16.432+0000] {standard_task_runner.py:72} INFO - Started process 828 to run task
[2025-05-05T14:05:16.433+0000] {standard_task_runner.py:104} INFO - Running: ['***', 'tasks', 'run', 'extract_raw_data_pipeline', 'run_dbt_staging', 'manual__2025-05-05T14:04:41.840682+00:00', '--job-id', '15', '--raw', '--subdir', 'DAGS_FOLDER/lead_data_pipeline.py', '--cfg-path', '/tmp/tmpupt65m33']
[2025-05-05T14:05:16.434+0000] {standard_task_runner.py:105} INFO - Job 15: Subtask run_dbt_staging
[2025-05-05T14:05:16.478+0000] {task_command.py:467} INFO - Running <TaskInstance: extract_raw_data_pipeline.run_dbt_staging manual__2025-05-05T14:04:41.840682+00:00 [running]> on host 433e63c87a30
[2025-05-05T14:05:16.550+0000] {taskinstance.py:3131} INFO - Exporting env vars: AIRFLOW_CTX_DAG_OWNER='***' AIRFLOW_CTX_DAG_ID='extract_raw_data_pipeline' AIRFLOW_CTX_TASK_ID='run_dbt_staging' AIRFLOW_CTX_EXECUTION_DATE='2025-05-05T14:04:41.840682+00:00' AIRFLOW_CTX_TRY_NUMBER='1' AIRFLOW_CTX_DAG_RUN_ID='manual__2025-05-05T14:04:41.840682+00:00'
[2025-05-05T14:05:16.551+0000] {taskinstance.py:731} INFO - ::endgroup::
[2025-05-05T14:05:16.566+0000] {subprocess.py:63} INFO - Tmp dir root location: /tmp
[2025-05-05T14:05:16.567+0000] {subprocess.py:75} INFO - Running command: ['/usr/bin/bash', '-c', 'set -x; cd /opt/***/dbt && dbt run --select tag:staging']
[2025-05-05T14:05:16.577+0000] {subprocess.py:86} INFO - Output:
[2025-05-05T14:05:16.578+0000] {subprocess.py:93} INFO - + cd /opt/***/dbt
[2025-05-05T14:05:16.579+0000] {subprocess.py:93} INFO - + dbt run --select tag:staging
[2025-05-05T14:05:18.749+0000] {subprocess.py:93} INFO - [0m14:05:18  Running with dbt=1.8.0
[2025-05-05T14:05:19.093+0000] {subprocess.py:93} INFO - [0m14:05:19  Registered adapter: postgres=1.8.2
[2025-05-05T14:05:19.489+0000] {subprocess.py:93} INFO - [0m14:05:19  Found 9 models, 10 sources, 428 macros
[2025-05-05T14:05:19.492+0000] {subprocess.py:93} INFO - [0m14:05:19
[2025-05-05T14:05:19.635+0000] {subprocess.py:93} INFO - [0m14:05:19  Concurrency: 1 threads (target='dev')
[2025-05-05T14:05:19.635+0000] {subprocess.py:93} INFO - [0m14:05:19
[2025-05-05T14:05:19.646+0000] {subprocess.py:93} INFO - [0m14:05:19  1 of 5 START sql table model lead_staging.dim_address .......................... [RUN]
[2025-05-05T14:05:19.898+0000] {subprocess.py:93} INFO - [0m14:05:19  1 of 5 OK created sql table model lead_staging.dim_address ..................... [[32mSELECT 100372[0m in 0.25s]
[2025-05-05T14:05:19.901+0000] {subprocess.py:93} INFO - [0m14:05:19  2 of 5 START sql table model lead_staging.dim_date ............................. [RUN]
[2025-05-05T14:05:20.026+0000] {subprocess.py:93} INFO - [0m14:05:20  2 of 5 OK created sql table model lead_staging.dim_date ........................ [[32mSELECT 100372[0m in 0.12s]
[2025-05-05T14:05:20.028+0000] {subprocess.py:93} INFO - [0m14:05:20  3 of 5 START sql table model lead_staging.dim_finance .......................... [RUN]
[2025-05-05T14:05:20.174+0000] {subprocess.py:93} INFO - [0m14:05:20  3 of 5 OK created sql table model lead_staging.dim_finance ..................... [[32mSELECT 100372[0m in 0.14s]
[2025-05-05T14:05:20.177+0000] {subprocess.py:93} INFO - [0m14:05:20  4 of 5 START sql table model lead_staging.dim_person ........................... [RUN]
[2025-05-05T14:05:20.361+0000] {subprocess.py:93} INFO - [0m14:05:20  4 of 5 OK created sql table model lead_staging.dim_person ...................... [[32mSELECT 100372[0m in 0.18s]
[2025-05-05T14:05:20.363+0000] {subprocess.py:93} INFO - [0m14:05:20  5 of 5 START sql table model lead_staging.fact_network_usage ................... [RUN]
[2025-05-05T14:05:20.511+0000] {subprocess.py:93} INFO - [0m14:05:20  5 of 5 OK created sql table model lead_staging.fact_network_usage .............. [[32mSELECT 100372[0m in 0.15s]
[2025-05-05T14:05:20.526+0000] {subprocess.py:93} INFO - [0m14:05:20
[2025-05-05T14:05:20.527+0000] {subprocess.py:93} INFO - [0m14:05:20  Finished running 5 table models in 0 hours 0 minutes and 1.03 seconds (1.03s).
[2025-05-05T14:05:20.587+0000] {subprocess.py:93} INFO - [0m14:05:20
[2025-05-05T14:05:20.588+0000] {subprocess.py:93} INFO - [0m14:05:20  [32mCompleted successfully[0m
[2025-05-05T14:05:20.589+0000] {subprocess.py:93} INFO - [0m14:05:20
[2025-05-05T14:05:20.590+0000] {subprocess.py:93} INFO - [0m14:05:20  Done. PASS=5 WARN=0 ERROR=0 SKIP=0 TOTAL=5
[2025-05-05T14:05:21.539+0000] {subprocess.py:97} INFO - Command exited with return code 0
[2025-05-05T14:05:21.563+0000] {taskinstance.py:340} INFO - ::group::Post task execution logs
[2025-05-05T14:05:21.563+0000] {taskinstance.py:352} INFO - Marking task as SUCCESS. dag_id=extract_raw_data_pipeline, task_id=run_dbt_staging, run_id=manual__2025-05-05T14:04:41.840682+00:00, execution_date=20250505T140441, start_date=20250505T140516, end_date=20250505T140521
[2025-05-05T14:05:21.593+0000] {local_task_job_runner.py:266} INFO - Task exited with return code 0
[2025-05-05T14:05:21.610+0000] {taskinstance.py:3900} INFO - 1 downstream tasks scheduled from follow-on schedule check
[2025-05-05T14:05:21.616+0000] {local_task_job_runner.py:245} INFO - ::endgroup::
