[2025-04-17T07:43:10.347+0000] {local_task_job_runner.py:123} INFO - ::group::Pre task execution logs
[2025-04-17T07:43:10.366+0000] {taskinstance.py:2612} INFO - Dependencies all met for dep_context=non-requeueable deps ti=<TaskInstance: extract_raw_data_pipeline.run_dbt_staging scheduled__2025-04-17T07:42:00+00:00 [queued]>
[2025-04-17T07:43:10.376+0000] {taskinstance.py:2612} INFO - Dependencies all met for dep_context=requeueable deps ti=<TaskInstance: extract_raw_data_pipeline.run_dbt_staging scheduled__2025-04-17T07:42:00+00:00 [queued]>
[2025-04-17T07:43:10.377+0000] {taskinstance.py:2865} INFO - Starting attempt 1 of 1
[2025-04-17T07:43:10.401+0000] {taskinstance.py:2888} INFO - Executing <Task(BashOperator): run_dbt_staging> on 2025-04-17 07:42:00+00:00
[2025-04-17T07:43:10.408+0000] {warnings.py:112} WARNING - /home/***/.local/lib/python3.12/site-packages/***/task/task_runner/standard_task_runner.py:70: DeprecationWarning: This process (pid=225) is multi-threaded, use of fork() may lead to deadlocks in the child.
  pid = os.fork()

[2025-04-17T07:43:10.410+0000] {standard_task_runner.py:72} INFO - Started process 228 to run task
[2025-04-17T07:43:10.410+0000] {standard_task_runner.py:104} INFO - Running: ['***', 'tasks', 'run', 'extract_raw_data_pipeline', 'run_dbt_staging', 'scheduled__2025-04-17T07:42:00+00:00', '--job-id', '225', '--raw', '--subdir', 'DAGS_FOLDER/lead_data_pipeline.py', '--cfg-path', '/tmp/tmpog5cr3an']
[2025-04-17T07:43:10.411+0000] {standard_task_runner.py:105} INFO - Job 225: Subtask run_dbt_staging
[2025-04-17T07:43:10.496+0000] {task_command.py:467} INFO - Running <TaskInstance: extract_raw_data_pipeline.run_dbt_staging scheduled__2025-04-17T07:42:00+00:00 [running]> on host c0ac39583bd8
[2025-04-17T07:43:10.608+0000] {taskinstance.py:3131} INFO - Exporting env vars: AIRFLOW_CTX_DAG_OWNER='***' AIRFLOW_CTX_DAG_ID='extract_raw_data_pipeline' AIRFLOW_CTX_TASK_ID='run_dbt_staging' AIRFLOW_CTX_EXECUTION_DATE='2025-04-17T07:42:00+00:00' AIRFLOW_CTX_TRY_NUMBER='1' AIRFLOW_CTX_DAG_RUN_ID='scheduled__2025-04-17T07:42:00+00:00'
[2025-04-17T07:43:10.610+0000] {taskinstance.py:731} INFO - ::endgroup::
[2025-04-17T07:43:10.626+0000] {subprocess.py:63} INFO - Tmp dir root location: /tmp
[2025-04-17T07:43:10.628+0000] {subprocess.py:75} INFO - Running command: ['/usr/bin/bash', '-c', 'set -x; cd /opt/***/dbt && dbt run --select tag:staging']
[2025-04-17T07:43:10.639+0000] {subprocess.py:86} INFO - Output:
[2025-04-17T07:43:10.641+0000] {subprocess.py:93} INFO - + cd /opt/***/dbt
[2025-04-17T07:43:10.641+0000] {subprocess.py:93} INFO - + dbt run --select tag:staging
[2025-04-17T07:43:12.967+0000] {subprocess.py:93} INFO - [0m07:43:12  Running with dbt=1.8.0
[2025-04-17T07:43:13.239+0000] {subprocess.py:93} INFO - [0m07:43:13  Registered adapter: postgres=1.8.2
[2025-04-17T07:43:13.639+0000] {subprocess.py:93} INFO - [0m07:43:13  Found 9 models, 10 sources, 428 macros
[2025-04-17T07:43:13.643+0000] {subprocess.py:93} INFO - [0m07:43:13
[2025-04-17T07:43:13.793+0000] {subprocess.py:93} INFO - [0m07:43:13  Concurrency: 1 threads (target='dev')
[2025-04-17T07:43:13.793+0000] {subprocess.py:93} INFO - [0m07:43:13
[2025-04-17T07:43:13.805+0000] {subprocess.py:93} INFO - [0m07:43:13  1 of 5 START sql table model lead_staging.dim_address .......................... [RUN]
[2025-04-17T07:47:17.368+0000] {subprocess.py:93} INFO - [0m07:47:17  1 of 5 OK created sql table model lead_staging.dim_address ..................... [[32mSELECT 6321899[0m in 243.56s]
[2025-04-17T07:47:17.373+0000] {subprocess.py:93} INFO - [0m07:47:17  2 of 5 START sql table model lead_staging.dim_date ............................. [RUN]
