[2025-04-17T07:47:09.331+0000] {local_task_job_runner.py:123} INFO - ::group::Pre task execution logs
[2025-04-17T07:47:09.351+0000] {taskinstance.py:2612} INFO - Dependencies all met for dep_context=non-requeueable deps ti=<TaskInstance: extract_raw_data_pipeline.run_dbt_staging scheduled__2025-04-17T07:46:00+00:00 [queued]>
[2025-04-17T07:47:09.360+0000] {taskinstance.py:2612} INFO - Dependencies all met for dep_context=requeueable deps ti=<TaskInstance: extract_raw_data_pipeline.run_dbt_staging scheduled__2025-04-17T07:46:00+00:00 [queued]>
[2025-04-17T07:47:09.361+0000] {taskinstance.py:2865} INFO - Starting attempt 1 of 1
[2025-04-17T07:47:09.380+0000] {taskinstance.py:2888} INFO - Executing <Task(BashOperator): run_dbt_staging> on 2025-04-17 07:46:00+00:00
[2025-04-17T07:47:09.386+0000] {warnings.py:112} WARNING - /home/***/.local/lib/python3.12/site-packages/***/task/task_runner/standard_task_runner.py:70: DeprecationWarning: This process (pid=603) is multi-threaded, use of fork() may lead to deadlocks in the child.
  pid = os.fork()

[2025-04-17T07:47:09.388+0000] {standard_task_runner.py:72} INFO - Started process 605 to run task
[2025-04-17T07:47:09.388+0000] {standard_task_runner.py:104} INFO - Running: ['***', 'tasks', 'run', 'extract_raw_data_pipeline', 'run_dbt_staging', 'scheduled__2025-04-17T07:46:00+00:00', '--job-id', '259', '--raw', '--subdir', 'DAGS_FOLDER/lead_data_pipeline.py', '--cfg-path', '/tmp/tmps90djbey']
[2025-04-17T07:47:09.390+0000] {standard_task_runner.py:105} INFO - Job 259: Subtask run_dbt_staging
[2025-04-17T07:47:09.442+0000] {task_command.py:467} INFO - Running <TaskInstance: extract_raw_data_pipeline.run_dbt_staging scheduled__2025-04-17T07:46:00+00:00 [running]> on host c0ac39583bd8
[2025-04-17T07:47:09.546+0000] {taskinstance.py:3131} INFO - Exporting env vars: AIRFLOW_CTX_DAG_OWNER='***' AIRFLOW_CTX_DAG_ID='extract_raw_data_pipeline' AIRFLOW_CTX_TASK_ID='run_dbt_staging' AIRFLOW_CTX_EXECUTION_DATE='2025-04-17T07:46:00+00:00' AIRFLOW_CTX_TRY_NUMBER='1' AIRFLOW_CTX_DAG_RUN_ID='scheduled__2025-04-17T07:46:00+00:00'
[2025-04-17T07:47:09.547+0000] {taskinstance.py:731} INFO - ::endgroup::
[2025-04-17T07:47:09.564+0000] {subprocess.py:63} INFO - Tmp dir root location: /tmp
[2025-04-17T07:47:09.569+0000] {subprocess.py:75} INFO - Running command: ['/usr/bin/bash', '-c', 'set -x; cd /opt/***/dbt && dbt run --select tag:staging']
[2025-04-17T07:47:09.584+0000] {subprocess.py:86} INFO - Output:
[2025-04-17T07:47:09.596+0000] {subprocess.py:93} INFO - + cd /opt/***/dbt
[2025-04-17T07:47:09.597+0000] {subprocess.py:93} INFO - + dbt run --select tag:staging
[2025-04-17T07:47:12.574+0000] {subprocess.py:93} INFO - [0m07:47:12  Running with dbt=1.8.0
[2025-04-17T07:47:13.020+0000] {subprocess.py:93} INFO - [0m07:47:13  Registered adapter: postgres=1.8.2
[2025-04-17T07:47:13.536+0000] {subprocess.py:93} INFO - [0m07:47:13  Found 9 models, 10 sources, 428 macros
[2025-04-17T07:47:13.540+0000] {subprocess.py:93} INFO - [0m07:47:13
[2025-04-17T07:47:13.693+0000] {subprocess.py:93} INFO - [0m07:47:13  Concurrency: 1 threads (target='dev')
[2025-04-17T07:47:13.694+0000] {subprocess.py:93} INFO - [0m07:47:13
[2025-04-17T07:47:13.707+0000] {subprocess.py:93} INFO - [0m07:47:13  1 of 5 START sql table model lead_staging.dim_address .......................... [RUN]
