[2025-04-14T10:23:23.725+0000] {local_task_job_runner.py:123} INFO - ::group::Pre task execution logs
[2025-04-14T10:23:23.741+0000] {taskinstance.py:2612} INFO - Dependencies all met for dep_context=non-requeueable deps ti=<TaskInstance: extract_raw_data_pipeline.run_dbt_trusted manual__2025-04-14T10:22:40.281719+00:00 [queued]>
[2025-04-14T10:23:23.749+0000] {taskinstance.py:2612} INFO - Dependencies all met for dep_context=requeueable deps ti=<TaskInstance: extract_raw_data_pipeline.run_dbt_trusted manual__2025-04-14T10:22:40.281719+00:00 [queued]>
[2025-04-14T10:23:23.750+0000] {taskinstance.py:2865} INFO - Starting attempt 1 of 1
[2025-04-14T10:23:23.764+0000] {taskinstance.py:2888} INFO - Executing <Task(BashOperator): run_dbt_trusted> on 2025-04-14 10:22:40.281719+00:00
[2025-04-14T10:23:23.769+0000] {warnings.py:112} WARNING - /home/***/.local/lib/python3.12/site-packages/***/task/task_runner/standard_task_runner.py:70: DeprecationWarning: This process (pid=395) is multi-threaded, use of fork() may lead to deadlocks in the child.
  pid = os.fork()

[2025-04-14T10:23:23.771+0000] {standard_task_runner.py:72} INFO - Started process 397 to run task
[2025-04-14T10:23:23.771+0000] {standard_task_runner.py:104} INFO - Running: ['***', 'tasks', 'run', 'extract_raw_data_pipeline', 'run_dbt_trusted', 'manual__2025-04-14T10:22:40.281719+00:00', '--job-id', '50', '--raw', '--subdir', 'DAGS_FOLDER/lead_data_pipeline.py', '--cfg-path', '/tmp/tmp7_00dmh9']
[2025-04-14T10:23:23.772+0000] {standard_task_runner.py:105} INFO - Job 50: Subtask run_dbt_trusted
[2025-04-14T10:23:23.817+0000] {task_command.py:467} INFO - Running <TaskInstance: extract_raw_data_pipeline.run_dbt_trusted manual__2025-04-14T10:22:40.281719+00:00 [running]> on host 9276b9d03819
[2025-04-14T10:23:23.943+0000] {taskinstance.py:3131} INFO - Exporting env vars: AIRFLOW_CTX_DAG_OWNER='***' AIRFLOW_CTX_DAG_ID='extract_raw_data_pipeline' AIRFLOW_CTX_TASK_ID='run_dbt_trusted' AIRFLOW_CTX_EXECUTION_DATE='2025-04-14T10:22:40.281719+00:00' AIRFLOW_CTX_TRY_NUMBER='1' AIRFLOW_CTX_DAG_RUN_ID='manual__2025-04-14T10:22:40.281719+00:00'
[2025-04-14T10:23:23.944+0000] {taskinstance.py:731} INFO - ::endgroup::
[2025-04-14T10:23:23.959+0000] {subprocess.py:63} INFO - Tmp dir root location: /tmp
[2025-04-14T10:23:23.960+0000] {subprocess.py:75} INFO - Running command: ['/usr/bin/bash', '-c', 'set -x; cd /opt/***/dbt && dbt run --select tag:trusted']
[2025-04-14T10:23:23.971+0000] {subprocess.py:86} INFO - Output:
[2025-04-14T10:23:23.973+0000] {subprocess.py:93} INFO - + cd /opt/***/dbt
[2025-04-14T10:23:23.973+0000] {subprocess.py:93} INFO - + dbt run --select tag:trusted
[2025-04-14T10:23:25.949+0000] {subprocess.py:93} INFO - [0m10:23:25  Running with dbt=1.8.0
[2025-04-14T10:23:26.246+0000] {subprocess.py:93} INFO - [0m10:23:26  Registered adapter: postgres=1.8.2
[2025-04-14T10:23:26.629+0000] {subprocess.py:93} INFO - [0m10:23:26  Found 9 models, 10 sources, 428 macros
[2025-04-14T10:23:26.632+0000] {subprocess.py:93} INFO - [0m10:23:26
[2025-04-14T10:23:26.748+0000] {subprocess.py:93} INFO - [0m10:23:26  Concurrency: 1 threads (target='dev')
[2025-04-14T10:23:26.749+0000] {subprocess.py:93} INFO - [0m10:23:26
[2025-04-14T10:23:26.759+0000] {subprocess.py:93} INFO - [0m10:23:26  1 of 4 START sql table model lead_trusted.non_pii_data ......................... [RUN]
[2025-04-14T10:23:30.456+0000] {subprocess.py:93} INFO - [0m10:23:30  1 of 4 OK created sql table model lead_trusted.non_pii_data .................... [[32mSELECT 202694[0m in 3.69s]
[2025-04-14T10:23:30.459+0000] {subprocess.py:93} INFO - [0m10:23:30  2 of 4 START sql table model lead_trusted.payment_data ......................... [RUN]
[2025-04-14T10:23:30.897+0000] {subprocess.py:93} INFO - [0m10:23:30  2 of 4 OK created sql table model lead_trusted.payment_data .................... [[32mSELECT 202694[0m in 0.44s]
[2025-04-14T10:23:30.900+0000] {subprocess.py:93} INFO - [0m10:23:30  3 of 4 START sql table model lead_trusted.pii_data ............................. [RUN]
[2025-04-14T10:23:31.880+0000] {subprocess.py:93} INFO - [0m10:23:31  3 of 4 OK created sql table model lead_trusted.pii_data ........................ [[32mSELECT 202694[0m in 0.98s]
[2025-04-14T10:23:31.882+0000] {subprocess.py:93} INFO - [0m10:23:31  4 of 4 START sql table model lead_trusted.technical_data ....................... [RUN]
[2025-04-14T10:23:32.422+0000] {subprocess.py:93} INFO - [0m10:23:32  4 of 4 OK created sql table model lead_trusted.technical_data .................. [[32mSELECT 202694[0m in 0.54s]
[2025-04-14T10:23:32.437+0000] {subprocess.py:93} INFO - [0m10:23:32
[2025-04-14T10:23:32.438+0000] {subprocess.py:93} INFO - [0m10:23:32  Finished running 4 table models in 0 hours 0 minutes and 5.80 seconds (5.80s).
[2025-04-14T10:23:32.494+0000] {subprocess.py:93} INFO - [0m10:23:32
[2025-04-14T10:23:32.495+0000] {subprocess.py:93} INFO - [0m10:23:32  [32mCompleted successfully[0m
[2025-04-14T10:23:32.496+0000] {subprocess.py:93} INFO - [0m10:23:32
[2025-04-14T10:23:32.497+0000] {subprocess.py:93} INFO - [0m10:23:32  Done. PASS=4 WARN=0 ERROR=0 SKIP=0 TOTAL=4
[2025-04-14T10:23:33.339+0000] {subprocess.py:97} INFO - Command exited with return code 0
[2025-04-14T10:23:33.365+0000] {taskinstance.py:340} INFO - ::group::Post task execution logs
[2025-04-14T10:23:33.366+0000] {taskinstance.py:352} INFO - Marking task as SUCCESS. dag_id=extract_raw_data_pipeline, task_id=run_dbt_trusted, run_id=manual__2025-04-14T10:22:40.281719+00:00, execution_date=20250414T102240, start_date=20250414T102323, end_date=20250414T102333
[2025-04-14T10:23:33.393+0000] {local_task_job_runner.py:266} INFO - Task exited with return code 0
[2025-04-14T10:23:33.408+0000] {taskinstance.py:3900} INFO - 0 downstream tasks scheduled from follow-on schedule check
[2025-04-14T10:23:33.409+0000] {local_task_job_runner.py:245} INFO - ::endgroup::
