[2025-04-17T07:33:01.650+0000] {local_task_job_runner.py:123} INFO - ::group::Pre task execution logs
[2025-04-17T07:33:01.683+0000] {taskinstance.py:2612} INFO - Dependencies all met for dep_context=non-requeueable deps ti=<TaskInstance: extract_raw_data_pipeline.extract_raw_data scheduled__2025-04-17T07:32:00+00:00 [queued]>
[2025-04-17T07:33:01.695+0000] {taskinstance.py:2612} INFO - Dependencies all met for dep_context=requeueable deps ti=<TaskInstance: extract_raw_data_pipeline.extract_raw_data scheduled__2025-04-17T07:32:00+00:00 [queued]>
[2025-04-17T07:33:01.696+0000] {taskinstance.py:2865} INFO - Starting attempt 1 of 1
[2025-04-17T07:33:01.718+0000] {taskinstance.py:2888} INFO - Executing <Task(PythonOperator): extract_raw_data> on 2025-04-17 07:32:00+00:00
[2025-04-17T07:33:01.725+0000] {warnings.py:112} WARNING - /home/***/.local/lib/python3.12/site-packages/***/task/task_runner/standard_task_runner.py:70: DeprecationWarning: This process (pid=12691) is multi-threaded, use of fork() may lead to deadlocks in the child.
  pid = os.fork()

[2025-04-17T07:33:01.728+0000] {standard_task_runner.py:72} INFO - Started process 12693 to run task
[2025-04-17T07:33:01.728+0000] {standard_task_runner.py:104} INFO - Running: ['***', 'tasks', 'run', 'extract_raw_data_pipeline', 'extract_raw_data', 'scheduled__2025-04-17T07:32:00+00:00', '--job-id', '190', '--raw', '--subdir', 'DAGS_FOLDER/lead_data_pipeline.py', '--cfg-path', '/tmp/tmp3nyg8etc']
[2025-04-17T07:33:01.729+0000] {standard_task_runner.py:105} INFO - Job 190: Subtask extract_raw_data
[2025-04-17T07:33:01.790+0000] {task_command.py:467} INFO - Running <TaskInstance: extract_raw_data_pipeline.extract_raw_data scheduled__2025-04-17T07:32:00+00:00 [running]> on host c0ac39583bd8
[2025-04-17T07:33:01.914+0000] {taskinstance.py:3131} INFO - Exporting env vars: AIRFLOW_CTX_DAG_OWNER='***' AIRFLOW_CTX_DAG_ID='extract_raw_data_pipeline' AIRFLOW_CTX_TASK_ID='extract_raw_data' AIRFLOW_CTX_EXECUTION_DATE='2025-04-17T07:32:00+00:00' AIRFLOW_CTX_TRY_NUMBER='1' AIRFLOW_CTX_DAG_RUN_ID='scheduled__2025-04-17T07:32:00+00:00'
[2025-04-17T07:33:01.915+0000] {taskinstance.py:731} INFO - ::endgroup::
[2025-04-17T07:33:01.943+0000] {lead_data_pipeline.py:146} INFO - Started batch processing for 2025-04-17.
[2025-04-17T07:33:01.943+0000] {lead_data_pipeline.py:35} INFO - Created synthetic data for RO country code.
[2025-04-17T07:33:02.407+0000] {lead_data_pipeline.py:103} INFO - Written 1096 records to the CSV file.
[2025-04-17T07:33:03.715+0000] {lead_data_pipeline.py:119} INFO - Added UUID to the dataset.
[2025-04-17T07:33:04.042+0000] {lead_data_pipeline.py:138} INFO - Updated accessed timestamp.
[2025-04-17T07:33:04.044+0000] {lead_data_pipeline.py:154} INFO - Finished batch processing 2025-04-17.
[2025-04-17T07:33:04.044+0000] {python.py:240} INFO - Done. Returned value was: None
[2025-04-17T07:33:04.059+0000] {taskinstance.py:340} INFO - ::group::Post task execution logs
[2025-04-17T07:33:04.060+0000] {taskinstance.py:352} INFO - Marking task as SUCCESS. dag_id=extract_raw_data_pipeline, task_id=extract_raw_data, run_id=scheduled__2025-04-17T07:32:00+00:00, execution_date=20250417T073200, start_date=20250417T073301, end_date=20250417T073304
[2025-04-17T07:33:04.153+0000] {local_task_job_runner.py:266} INFO - Task exited with return code 0
[2025-04-17T07:33:04.183+0000] {taskinstance.py:3900} INFO - 0 downstream tasks scheduled from follow-on schedule check
[2025-04-17T07:33:04.193+0000] {local_task_job_runner.py:245} INFO - ::endgroup::
