[2025-04-17T07:49:02.491+0000] {local_task_job_runner.py:123} INFO - ::group::Pre task execution logs
[2025-04-17T07:49:02.514+0000] {taskinstance.py:2612} INFO - Dependencies all met for dep_context=non-requeueable deps ti=<TaskInstance: extract_raw_data_pipeline.create_raw_schema scheduled__2025-04-17T07:48:00+00:00 [queued]>
[2025-04-17T07:49:02.530+0000] {taskinstance.py:2612} INFO - Dependencies all met for dep_context=requeueable deps ti=<TaskInstance: extract_raw_data_pipeline.create_raw_schema scheduled__2025-04-17T07:48:00+00:00 [queued]>
[2025-04-17T07:49:02.531+0000] {taskinstance.py:2865} INFO - Starting attempt 1 of 1
[2025-04-17T07:49:02.556+0000] {taskinstance.py:2888} INFO - Executing <Task(SQLExecuteQueryOperator): create_raw_schema> on 2025-04-17 07:48:00+00:00
[2025-04-17T07:49:02.563+0000] {warnings.py:112} WARNING - /home/***/.local/lib/python3.12/site-packages/***/task/task_runner/standard_task_runner.py:70: DeprecationWarning: This process (pid=706) is multi-threaded, use of fork() may lead to deadlocks in the child.
  pid = os.fork()

[2025-04-17T07:49:02.566+0000] {standard_task_runner.py:72} INFO - Started process 711 to run task
[2025-04-17T07:49:02.566+0000] {standard_task_runner.py:104} INFO - Running: ['***', 'tasks', 'run', 'extract_raw_data_pipeline', 'create_raw_schema', 'scheduled__2025-04-17T07:48:00+00:00', '--job-id', '267', '--raw', '--subdir', 'DAGS_FOLDER/lead_data_pipeline.py', '--cfg-path', '/tmp/tmp3yuhqr63']
[2025-04-17T07:49:02.568+0000] {standard_task_runner.py:105} INFO - Job 267: Subtask create_raw_schema
[2025-04-17T07:49:02.642+0000] {task_command.py:467} INFO - Running <TaskInstance: extract_raw_data_pipeline.create_raw_schema scheduled__2025-04-17T07:48:00+00:00 [running]> on host c0ac39583bd8
[2025-04-17T07:49:02.786+0000] {taskinstance.py:3131} INFO - Exporting env vars: AIRFLOW_CTX_DAG_OWNER='***' AIRFLOW_CTX_DAG_ID='extract_raw_data_pipeline' AIRFLOW_CTX_TASK_ID='create_raw_schema' AIRFLOW_CTX_EXECUTION_DATE='2025-04-17T07:48:00+00:00' AIRFLOW_CTX_TRY_NUMBER='1' AIRFLOW_CTX_DAG_RUN_ID='scheduled__2025-04-17T07:48:00+00:00'
[2025-04-17T07:49:02.787+0000] {taskinstance.py:731} INFO - ::endgroup::
[2025-04-17T07:49:02.804+0000] {sql.py:266} INFO - Executing: CREATE SCHEMA IF NOT EXISTS lead_raw;
[2025-04-17T07:49:02.826+0000] {base.py:84} INFO - Retrieving connection 'postgres_conn'
[2025-04-17T07:49:02.843+0000] {base.py:84} INFO - Retrieving connection 'postgres_conn'
[2025-04-17T07:49:02.849+0000] {sql.py:509} INFO - Running statement: CREATE SCHEMA IF NOT EXISTS lead_raw;, parameters: None
[2025-04-17T07:49:02.874+0000] {taskinstance.py:340} INFO - ::group::Post task execution logs
[2025-04-17T07:49:02.875+0000] {taskinstance.py:352} INFO - Marking task as SUCCESS. dag_id=extract_raw_data_pipeline, task_id=create_raw_schema, run_id=scheduled__2025-04-17T07:48:00+00:00, execution_date=20250417T074800, start_date=20250417T074902, end_date=20250417T074902
[2025-04-17T07:49:02.906+0000] {local_task_job_runner.py:266} INFO - Task exited with return code 0
[2025-04-17T07:49:02.938+0000] {taskinstance.py:3900} INFO - 0 downstream tasks scheduled from follow-on schedule check
[2025-04-17T07:49:02.944+0000] {local_task_job_runner.py:245} INFO - ::endgroup::
