[2025-05-05T14:28:17.018+0000] {local_task_job_runner.py:123} INFO - ::group::Pre task execution logs
[2025-05-05T14:28:17.034+0000] {taskinstance.py:2612} INFO - Dependencies all met for dep_context=non-requeueable deps ti=<TaskInstance: extract_raw_data_pipeline.extract_raw_data manual__2025-05-05T14:28:16.197969+00:00 [queued]>
[2025-05-05T14:28:17.043+0000] {taskinstance.py:2612} INFO - Dependencies all met for dep_context=requeueable deps ti=<TaskInstance: extract_raw_data_pipeline.extract_raw_data manual__2025-05-05T14:28:16.197969+00:00 [queued]>
[2025-05-05T14:28:17.044+0000] {taskinstance.py:2865} INFO - Starting attempt 1 of 1
[2025-05-05T14:28:17.057+0000] {taskinstance.py:2888} INFO - Executing <Task(PythonOperator): extract_raw_data> on 2025-05-05 14:28:16.197969+00:00
[2025-05-05T14:28:17.062+0000] {warnings.py:112} WARNING - /home/***/.local/lib/python3.12/site-packages/***/task/task_runner/standard_task_runner.py:70: DeprecationWarning: This process (pid=1903) is multi-threaded, use of fork() may lead to deadlocks in the child.
  pid = os.fork()

[2025-05-05T14:28:17.064+0000] {standard_task_runner.py:72} INFO - Started process 1935 to run task
[2025-05-05T14:28:17.064+0000] {standard_task_runner.py:104} INFO - Running: ['***', 'tasks', 'run', 'extract_raw_data_pipeline', 'extract_raw_data', 'manual__2025-05-05T14:28:16.197969+00:00', '--job-id', '49', '--raw', '--subdir', 'DAGS_FOLDER/lead_data_pipeline.py', '--cfg-path', '/tmp/tmp20b09ekz']
[2025-05-05T14:28:17.066+0000] {standard_task_runner.py:105} INFO - Job 49: Subtask extract_raw_data
[2025-05-05T14:28:17.112+0000] {task_command.py:467} INFO - Running <TaskInstance: extract_raw_data_pipeline.extract_raw_data manual__2025-05-05T14:28:16.197969+00:00 [running]> on host 433e63c87a30
[2025-05-05T14:28:17.194+0000] {taskinstance.py:3131} INFO - Exporting env vars: AIRFLOW_CTX_DAG_OWNER='***' AIRFLOW_CTX_DAG_ID='extract_raw_data_pipeline' AIRFLOW_CTX_TASK_ID='extract_raw_data' AIRFLOW_CTX_EXECUTION_DATE='2025-05-05T14:28:16.197969+00:00' AIRFLOW_CTX_TRY_NUMBER='1' AIRFLOW_CTX_DAG_RUN_ID='manual__2025-05-05T14:28:16.197969+00:00'
[2025-05-05T14:28:17.195+0000] {taskinstance.py:731} INFO - ::endgroup::
[2025-05-05T14:28:17.210+0000] {lead_data_pipeline.py:173} INFO - Started batch processing for 2025-05-05.
[2025-05-05T14:28:17.211+0000] {lead_data_pipeline.py:34} INFO - Created synthetic data for RO country code.
[2025-05-05T14:28:48.247+0000] {lead_data_pipeline.py:102} INFO - Written 100372 records to the CSV file.
[2025-05-05T14:28:48.248+0000] {lead_data_pipeline.py:181} INFO - Finished batch processing 2025-05-05.
[2025-05-05T14:28:48.249+0000] {python.py:240} INFO - Done. Returned value was: None
[2025-05-05T14:28:48.260+0000] {taskinstance.py:340} INFO - ::group::Post task execution logs
[2025-05-05T14:28:48.261+0000] {taskinstance.py:352} INFO - Marking task as SUCCESS. dag_id=extract_raw_data_pipeline, task_id=extract_raw_data, run_id=manual__2025-05-05T14:28:16.197969+00:00, execution_date=20250505T142816, start_date=20250505T142817, end_date=20250505T142848
[2025-05-05T14:28:48.283+0000] {local_task_job_runner.py:266} INFO - Task exited with return code 0
[2025-05-05T14:28:48.310+0000] {taskinstance.py:3900} INFO - 1 downstream tasks scheduled from follow-on schedule check
[2025-05-05T14:28:48.311+0000] {local_task_job_runner.py:245} INFO - ::endgroup::
