[2025-04-17T07:45:04.135+0000] {local_task_job_runner.py:123} INFO - ::group::Pre task execution logs
[2025-04-17T07:45:04.172+0000] {taskinstance.py:2612} INFO - Dependencies all met for dep_context=non-requeueable deps ti=<TaskInstance: extract_raw_data_pipeline.extract_raw_data scheduled__2025-04-15T07:59:00+00:00 [queued]>
[2025-04-17T07:45:04.187+0000] {taskinstance.py:2612} INFO - Dependencies all met for dep_context=requeueable deps ti=<TaskInstance: extract_raw_data_pipeline.extract_raw_data scheduled__2025-04-15T07:59:00+00:00 [queued]>
[2025-04-17T07:45:04.188+0000] {taskinstance.py:2865} INFO - Starting attempt 2 of 2
[2025-04-17T07:45:04.219+0000] {taskinstance.py:2888} INFO - Executing <Task(PythonOperator): extract_raw_data> on 2025-04-15 07:59:00+00:00
[2025-04-17T07:45:04.226+0000] {warnings.py:112} WARNING - /home/***/.local/lib/python3.12/site-packages/***/task/task_runner/standard_task_runner.py:70: DeprecationWarning: This process (pid=336) is multi-threaded, use of fork() may lead to deadlocks in the child.
  pid = os.fork()

[2025-04-17T07:45:04.229+0000] {standard_task_runner.py:72} INFO - Started process 340 to run task
[2025-04-17T07:45:04.228+0000] {standard_task_runner.py:104} INFO - Running: ['***', 'tasks', 'run', 'extract_raw_data_pipeline', 'extract_raw_data', 'scheduled__2025-04-15T07:59:00+00:00', '--job-id', '232', '--raw', '--subdir', 'DAGS_FOLDER/lead_data_pipeline.py', '--cfg-path', '/tmp/tmpyvtno1fz']
[2025-04-17T07:45:04.230+0000] {standard_task_runner.py:105} INFO - Job 232: Subtask extract_raw_data
[2025-04-17T07:45:04.290+0000] {task_command.py:467} INFO - Running <TaskInstance: extract_raw_data_pipeline.extract_raw_data scheduled__2025-04-15T07:59:00+00:00 [running]> on host c0ac39583bd8
[2025-04-17T07:45:04.418+0000] {taskinstance.py:3131} INFO - Exporting env vars: AIRFLOW_CTX_DAG_OWNER='***' AIRFLOW_CTX_DAG_ID='extract_raw_data_pipeline' AIRFLOW_CTX_TASK_ID='extract_raw_data' AIRFLOW_CTX_EXECUTION_DATE='2025-04-15T07:59:00+00:00' AIRFLOW_CTX_TRY_NUMBER='2' AIRFLOW_CTX_DAG_RUN_ID='scheduled__2025-04-15T07:59:00+00:00'
[2025-04-17T07:45:04.419+0000] {taskinstance.py:731} INFO - ::endgroup::
[2025-04-17T07:45:04.445+0000] {lead_data_pipeline.py:146} INFO - Started batch processing for 2025-04-17.
[2025-04-17T07:45:04.446+0000] {lead_data_pipeline.py:35} INFO - Created synthetic data for RO country code.
[2025-04-17T07:45:04.597+0000] {lead_data_pipeline.py:103} INFO - Written 251 records to the CSV file.
[2025-04-17T07:45:06.058+0000] {lead_data_pipeline.py:119} INFO - Added UUID to the dataset.
[2025-04-17T07:45:06.598+0000] {lead_data_pipeline.py:138} INFO - Updated accessed timestamp.
[2025-04-17T07:45:06.601+0000] {lead_data_pipeline.py:154} INFO - Finished batch processing 2025-04-17.
[2025-04-17T07:45:06.602+0000] {python.py:240} INFO - Done. Returned value was: None
[2025-04-17T07:45:06.616+0000] {taskinstance.py:340} INFO - ::group::Post task execution logs
[2025-04-17T07:45:06.617+0000] {taskinstance.py:352} INFO - Marking task as SUCCESS. dag_id=extract_raw_data_pipeline, task_id=extract_raw_data, run_id=scheduled__2025-04-15T07:59:00+00:00, execution_date=20250415T075900, start_date=20250417T074504, end_date=20250417T074506
[2025-04-17T07:45:06.678+0000] {local_task_job_runner.py:266} INFO - Task exited with return code 0
[2025-04-17T07:45:06.721+0000] {taskinstance.py:3900} INFO - 1 downstream tasks scheduled from follow-on schedule check
[2025-04-17T07:45:06.724+0000] {local_task_job_runner.py:245} INFO - ::endgroup::
