[2025-05-05T14:28:52.555+0000] {local_task_job_runner.py:123} INFO - ::group::Pre task execution logs
[2025-05-05T14:28:52.570+0000] {taskinstance.py:2612} INFO - Dependencies all met for dep_context=non-requeueable deps ti=<TaskInstance: extract_raw_data_pipeline.run_dbt_staging manual__2025-05-05T14:28:16.197969+00:00 [queued]>
[2025-05-05T14:28:52.579+0000] {taskinstance.py:2612} INFO - Dependencies all met for dep_context=requeueable deps ti=<TaskInstance: extract_raw_data_pipeline.run_dbt_staging manual__2025-05-05T14:28:16.197969+00:00 [queued]>
[2025-05-05T14:28:52.580+0000] {taskinstance.py:2865} INFO - Starting attempt 1 of 1
[2025-05-05T14:28:52.592+0000] {taskinstance.py:2888} INFO - Executing <Task(BashOperator): run_dbt_staging> on 2025-05-05 14:28:16.197969+00:00
[2025-05-05T14:28:52.597+0000] {warnings.py:112} WARNING - /home/***/.local/lib/python3.12/site-packages/***/task/task_runner/standard_task_runner.py:70: DeprecationWarning: This process (pid=1982) is multi-threaded, use of fork() may lead to deadlocks in the child.
  pid = os.fork()

[2025-05-05T14:28:52.598+0000] {standard_task_runner.py:72} INFO - Started process 1998 to run task
[2025-05-05T14:28:52.598+0000] {standard_task_runner.py:104} INFO - Running: ['***', 'tasks', 'run', 'extract_raw_data_pipeline', 'run_dbt_staging', 'manual__2025-05-05T14:28:16.197969+00:00', '--job-id', '53', '--raw', '--subdir', 'DAGS_FOLDER/lead_data_pipeline.py', '--cfg-path', '/tmp/tmpvl59vkoa']
[2025-05-05T14:28:52.600+0000] {standard_task_runner.py:105} INFO - Job 53: Subtask run_dbt_staging
[2025-05-05T14:28:52.641+0000] {task_command.py:467} INFO - Running <TaskInstance: extract_raw_data_pipeline.run_dbt_staging manual__2025-05-05T14:28:16.197969+00:00 [running]> on host 433e63c87a30
[2025-05-05T14:28:52.718+0000] {taskinstance.py:3131} INFO - Exporting env vars: AIRFLOW_CTX_DAG_OWNER='***' AIRFLOW_CTX_DAG_ID='extract_raw_data_pipeline' AIRFLOW_CTX_TASK_ID='run_dbt_staging' AIRFLOW_CTX_EXECUTION_DATE='2025-05-05T14:28:16.197969+00:00' AIRFLOW_CTX_TRY_NUMBER='1' AIRFLOW_CTX_DAG_RUN_ID='manual__2025-05-05T14:28:16.197969+00:00'
[2025-05-05T14:28:52.719+0000] {taskinstance.py:731} INFO - ::endgroup::
[2025-05-05T14:28:52.734+0000] {subprocess.py:63} INFO - Tmp dir root location: /tmp
[2025-05-05T14:28:52.735+0000] {subprocess.py:75} INFO - Running command: ['/usr/bin/bash', '-c', 'set -x; cd /opt/***/dbt && dbt run --select tag:staging']
[2025-05-05T14:28:52.743+0000] {subprocess.py:86} INFO - Output:
[2025-05-05T14:28:52.745+0000] {subprocess.py:93} INFO - + cd /opt/***/dbt
[2025-05-05T14:28:52.745+0000] {subprocess.py:93} INFO - + dbt run --select tag:staging
[2025-05-05T14:28:54.847+0000] {subprocess.py:93} INFO - [0m14:28:54  Running with dbt=1.8.0
[2025-05-05T14:28:55.092+0000] {subprocess.py:93} INFO - [0m14:28:55  Registered adapter: postgres=1.8.2
[2025-05-05T14:28:55.459+0000] {subprocess.py:93} INFO - [0m14:28:55  Found 9 models, 10 sources, 428 macros
[2025-05-05T14:28:55.463+0000] {subprocess.py:93} INFO - [0m14:28:55
[2025-05-05T14:28:55.582+0000] {subprocess.py:93} INFO - [0m14:28:55  Concurrency: 1 threads (target='dev')
[2025-05-05T14:28:55.583+0000] {subprocess.py:93} INFO - [0m14:28:55
[2025-05-05T14:28:55.594+0000] {subprocess.py:93} INFO - [0m14:28:55  1 of 5 START sql table model lead_staging.dim_address .......................... [RUN]
[2025-05-05T14:28:56.424+0000] {subprocess.py:93} INFO - [0m14:28:56  1 of 5 OK created sql table model lead_staging.dim_address ..................... [[32mSELECT 501860[0m in 0.83s]
[2025-05-05T14:28:56.426+0000] {subprocess.py:93} INFO - [0m14:28:56  2 of 5 START sql table model lead_staging.dim_date ............................. [RUN]
[2025-05-05T14:28:56.934+0000] {subprocess.py:93} INFO - [0m14:28:56  2 of 5 OK created sql table model lead_staging.dim_date ........................ [[32mSELECT 501860[0m in 0.51s]
[2025-05-05T14:28:56.937+0000] {subprocess.py:93} INFO - [0m14:28:56  3 of 5 START sql table model lead_staging.dim_finance .......................... [RUN]
[2025-05-05T14:28:57.461+0000] {subprocess.py:93} INFO - [0m14:28:57  3 of 5 OK created sql table model lead_staging.dim_finance ..................... [[32mSELECT 501860[0m in 0.52s]
[2025-05-05T14:28:57.464+0000] {subprocess.py:93} INFO - [0m14:28:57  4 of 5 START sql table model lead_staging.dim_person ........................... [RUN]
[2025-05-05T14:28:58.190+0000] {subprocess.py:93} INFO - [0m14:28:58  4 of 5 OK created sql table model lead_staging.dim_person ...................... [[32mSELECT 501860[0m in 0.72s]
[2025-05-05T14:28:58.192+0000] {subprocess.py:93} INFO - [0m14:28:58  5 of 5 START sql table model lead_staging.fact_network_usage ................... [RUN]
[2025-05-05T14:28:58.879+0000] {subprocess.py:93} INFO - [0m14:28:58  5 of 5 OK created sql table model lead_staging.fact_network_usage .............. [[32mSELECT 501860[0m in 0.68s]
[2025-05-05T14:28:58.894+0000] {subprocess.py:93} INFO - [0m14:28:58
[2025-05-05T14:28:58.895+0000] {subprocess.py:93} INFO - [0m14:28:58  Finished running 5 table models in 0 hours 0 minutes and 3.43 seconds (3.43s).
[2025-05-05T14:28:58.954+0000] {subprocess.py:93} INFO - [0m14:28:58
[2025-05-05T14:28:58.955+0000] {subprocess.py:93} INFO - [0m14:28:58  [32mCompleted successfully[0m
[2025-05-05T14:28:58.956+0000] {subprocess.py:93} INFO - [0m14:28:58
[2025-05-05T14:28:58.957+0000] {subprocess.py:93} INFO - [0m14:28:58  Done. PASS=5 WARN=0 ERROR=0 SKIP=0 TOTAL=5
[2025-05-05T14:28:59.780+0000] {subprocess.py:97} INFO - Command exited with return code 0
[2025-05-05T14:28:59.806+0000] {taskinstance.py:340} INFO - ::group::Post task execution logs
[2025-05-05T14:28:59.807+0000] {taskinstance.py:352} INFO - Marking task as SUCCESS. dag_id=extract_raw_data_pipeline, task_id=run_dbt_staging, run_id=manual__2025-05-05T14:28:16.197969+00:00, execution_date=20250505T142816, start_date=20250505T142852, end_date=20250505T142859
[2025-05-05T14:28:59.861+0000] {local_task_job_runner.py:266} INFO - Task exited with return code 0
[2025-05-05T14:28:59.884+0000] {taskinstance.py:3900} INFO - 1 downstream tasks scheduled from follow-on schedule check
[2025-05-05T14:28:59.886+0000] {local_task_job_runner.py:245} INFO - ::endgroup::
