[2025-05-06T13:31:24.700+0000] {local_task_job_runner.py:123} INFO - ::group::Pre task execution logs
[2025-05-06T13:31:24.719+0000] {taskinstance.py:2612} INFO - Dependencies all met for dep_context=non-requeueable deps ti=<TaskInstance: extract_raw_data_pipeline2.extract_raw_data manual__2025-05-06T13:31:23.718428+00:00 [queued]>
[2025-05-06T13:31:24.728+0000] {taskinstance.py:2612} INFO - Dependencies all met for dep_context=requeueable deps ti=<TaskInstance: extract_raw_data_pipeline2.extract_raw_data manual__2025-05-06T13:31:23.718428+00:00 [queued]>
[2025-05-06T13:31:24.729+0000] {taskinstance.py:2865} INFO - Starting attempt 1 of 1
[2025-05-06T13:31:24.744+0000] {taskinstance.py:2888} INFO - Executing <Task(PythonOperator): extract_raw_data> on 2025-05-06 13:31:23.718428+00:00
[2025-05-06T13:31:24.750+0000] {warnings.py:112} WARNING - /home/***/.local/lib/python3.12/site-packages/***/task/task_runner/standard_task_runner.py:70: DeprecationWarning: This process (pid=531) is multi-threaded, use of fork() may lead to deadlocks in the child.
  pid = os.fork()

[2025-05-06T13:31:24.753+0000] {standard_task_runner.py:72} INFO - Started process 562 to run task
[2025-05-06T13:31:24.754+0000] {standard_task_runner.py:104} INFO - Running: ['***', 'tasks', 'run', 'extract_raw_data_pipeline2', 'extract_raw_data', 'manual__2025-05-06T13:31:23.718428+00:00', '--job-id', '9', '--raw', '--subdir', 'DAGS_FOLDER/lead_data_pipeline copy.py', '--cfg-path', '/tmp/tmpt_sgnoo_']
[2025-05-06T13:31:24.755+0000] {standard_task_runner.py:105} INFO - Job 9: Subtask extract_raw_data
[2025-05-06T13:31:24.825+0000] {task_command.py:467} INFO - Running <TaskInstance: extract_raw_data_pipeline2.extract_raw_data manual__2025-05-06T13:31:23.718428+00:00 [running]> on host c4a5e29a95f8
[2025-05-06T13:31:24.916+0000] {taskinstance.py:3131} INFO - Exporting env vars: AIRFLOW_CTX_DAG_OWNER='***' AIRFLOW_CTX_DAG_ID='extract_raw_data_pipeline2' AIRFLOW_CTX_TASK_ID='extract_raw_data' AIRFLOW_CTX_EXECUTION_DATE='2025-05-06T13:31:23.718428+00:00' AIRFLOW_CTX_TRY_NUMBER='1' AIRFLOW_CTX_DAG_RUN_ID='manual__2025-05-06T13:31:23.718428+00:00'
[2025-05-06T13:31:24.918+0000] {taskinstance.py:731} INFO - ::endgroup::
[2025-05-06T13:31:24.937+0000] {lead_data_pipeline copy.py:161} INFO - Started batch processing for 2025-05-06.
[2025-05-06T13:31:24.937+0000] {lead_data_pipeline copy.py:35} INFO - Created synthetic data for RO country code.
[2025-05-06T13:35:07.244+0000] {lead_data_pipeline copy.py:125} INFO - Added 100372 new records.
[2025-05-06T13:35:07.978+0000] {lead_data_pipeline copy.py:152} INFO - Exported current data to CSV
[2025-05-06T13:35:07.985+0000] {lead_data_pipeline copy.py:167} INFO - Finished batch processing 2025-05-06.
[2025-05-06T13:35:07.985+0000] {python.py:240} INFO - Done. Returned value was: None
[2025-05-06T13:35:07.997+0000] {taskinstance.py:340} INFO - ::group::Post task execution logs
[2025-05-06T13:35:07.998+0000] {taskinstance.py:352} INFO - Marking task as SUCCESS. dag_id=extract_raw_data_pipeline2, task_id=extract_raw_data, run_id=manual__2025-05-06T13:31:23.718428+00:00, execution_date=20250506T133123, start_date=20250506T133124, end_date=20250506T133507
[2025-05-06T13:35:08.032+0000] {local_task_job_runner.py:266} INFO - Task exited with return code 0
[2025-05-06T13:35:08.055+0000] {taskinstance.py:3900} INFO - 1 downstream tasks scheduled from follow-on schedule check
[2025-05-06T13:35:08.057+0000] {local_task_job_runner.py:245} INFO - ::endgroup::
