[2025-04-17T07:45:38.268+0000] {local_task_job_runner.py:123} INFO - ::group::Pre task execution logs
[2025-04-17T07:45:38.287+0000] {taskinstance.py:2612} INFO - Dependencies all met for dep_context=non-requeueable deps ti=<TaskInstance: extract_raw_data_pipeline.run_dbt_staging scheduled__2025-04-13T07:58:00+00:00 [queued]>
[2025-04-17T07:45:38.297+0000] {taskinstance.py:2612} INFO - Dependencies all met for dep_context=requeueable deps ti=<TaskInstance: extract_raw_data_pipeline.run_dbt_staging scheduled__2025-04-13T07:58:00+00:00 [queued]>
[2025-04-17T07:45:38.297+0000] {taskinstance.py:2865} INFO - Starting attempt 1 of 1
[2025-04-17T07:45:38.316+0000] {taskinstance.py:2888} INFO - Executing <Task(BashOperator): run_dbt_staging> on 2025-04-13 07:58:00+00:00
[2025-04-17T07:45:38.322+0000] {warnings.py:112} WARNING - /home/***/.local/lib/python3.12/site-packages/***/task/task_runner/standard_task_runner.py:70: DeprecationWarning: This process (pid=497) is multi-threaded, use of fork() may lead to deadlocks in the child.
  pid = os.fork()

[2025-04-17T07:45:38.324+0000] {standard_task_runner.py:72} INFO - Started process 499 to run task
[2025-04-17T07:45:38.324+0000] {standard_task_runner.py:104} INFO - Running: ['***', 'tasks', 'run', 'extract_raw_data_pipeline', 'run_dbt_staging', 'scheduled__2025-04-13T07:58:00+00:00', '--job-id', '249', '--raw', '--subdir', 'DAGS_FOLDER/lead_data_pipeline.py', '--cfg-path', '/tmp/tmpwiwssbg0']
[2025-04-17T07:45:38.326+0000] {standard_task_runner.py:105} INFO - Job 249: Subtask run_dbt_staging
[2025-04-17T07:45:38.390+0000] {task_command.py:467} INFO - Running <TaskInstance: extract_raw_data_pipeline.run_dbt_staging scheduled__2025-04-13T07:58:00+00:00 [running]> on host c0ac39583bd8
[2025-04-17T07:45:38.483+0000] {taskinstance.py:3131} INFO - Exporting env vars: AIRFLOW_CTX_DAG_OWNER='***' AIRFLOW_CTX_DAG_ID='extract_raw_data_pipeline' AIRFLOW_CTX_TASK_ID='run_dbt_staging' AIRFLOW_CTX_EXECUTION_DATE='2025-04-13T07:58:00+00:00' AIRFLOW_CTX_TRY_NUMBER='1' AIRFLOW_CTX_DAG_RUN_ID='scheduled__2025-04-13T07:58:00+00:00'
[2025-04-17T07:45:38.485+0000] {taskinstance.py:731} INFO - ::endgroup::
[2025-04-17T07:45:38.502+0000] {subprocess.py:63} INFO - Tmp dir root location: /tmp
[2025-04-17T07:45:38.505+0000] {subprocess.py:75} INFO - Running command: ['/usr/bin/bash', '-c', 'set -x; cd /opt/***/dbt && dbt run --select tag:staging']
[2025-04-17T07:45:38.518+0000] {subprocess.py:86} INFO - Output:
[2025-04-17T07:45:38.524+0000] {subprocess.py:93} INFO - + cd /opt/***/dbt
[2025-04-17T07:45:38.524+0000] {subprocess.py:93} INFO - + dbt run --select tag:staging
[2025-04-17T07:45:41.068+0000] {subprocess.py:93} INFO - [0m07:45:41  Running with dbt=1.8.0
[2025-04-17T07:45:41.408+0000] {subprocess.py:93} INFO - [0m07:45:41  Registered adapter: postgres=1.8.2
[2025-04-17T07:45:41.846+0000] {subprocess.py:93} INFO - [0m07:45:41  Found 9 models, 10 sources, 428 macros
[2025-04-17T07:45:41.850+0000] {subprocess.py:93} INFO - [0m07:45:41
[2025-04-17T07:45:41.975+0000] {subprocess.py:93} INFO - [0m07:45:41  Concurrency: 1 threads (target='dev')
[2025-04-17T07:45:41.975+0000] {subprocess.py:93} INFO - [0m07:45:41
[2025-04-17T07:45:41.988+0000] {subprocess.py:93} INFO - [0m07:45:41  1 of 5 START sql table model lead_staging.dim_address .......................... [RUN]
