[2025-04-13T10:57:10.522+0000] {local_task_job_runner.py:123} INFO - ::group::Pre task execution logs
[2025-04-13T10:57:10.538+0000] {taskinstance.py:2612} INFO - Dependencies all met for dep_context=non-requeueable deps ti=<TaskInstance: extract_raw_data_pipeline.run_dbt_staging manual__2025-04-13T10:56:36.948170+00:00 [queued]>
[2025-04-13T10:57:10.546+0000] {taskinstance.py:2612} INFO - Dependencies all met for dep_context=requeueable deps ti=<TaskInstance: extract_raw_data_pipeline.run_dbt_staging manual__2025-04-13T10:56:36.948170+00:00 [queued]>
[2025-04-13T10:57:10.546+0000] {taskinstance.py:2865} INFO - Starting attempt 1 of 1
[2025-04-13T10:57:10.559+0000] {taskinstance.py:2888} INFO - Executing <Task(BashOperator): run_dbt_staging> on 2025-04-13 10:56:36.948170+00:00
[2025-04-13T10:57:10.564+0000] {warnings.py:112} WARNING - /home/***/.local/lib/python3.12/site-packages/***/task/task_runner/standard_task_runner.py:70: DeprecationWarning: This process (pid=369) is multi-threaded, use of fork() may lead to deadlocks in the child.
  pid = os.fork()

[2025-04-13T10:57:10.566+0000] {standard_task_runner.py:72} INFO - Started process 371 to run task
[2025-04-13T10:57:10.566+0000] {standard_task_runner.py:104} INFO - Running: ['***', 'tasks', 'run', 'extract_raw_data_pipeline', 'run_dbt_staging', 'manual__2025-04-13T10:56:36.948170+00:00', '--job-id', '21', '--raw', '--subdir', 'DAGS_FOLDER/lead_data_pipeline.py', '--cfg-path', '/tmp/tmpc27ahgur']
[2025-04-13T10:57:10.567+0000] {standard_task_runner.py:105} INFO - Job 21: Subtask run_dbt_staging
[2025-04-13T10:57:10.611+0000] {task_command.py:467} INFO - Running <TaskInstance: extract_raw_data_pipeline.run_dbt_staging manual__2025-04-13T10:56:36.948170+00:00 [running]> on host 414b1c8e5c9f
[2025-04-13T10:57:10.685+0000] {taskinstance.py:3131} INFO - Exporting env vars: AIRFLOW_CTX_DAG_OWNER='***' AIRFLOW_CTX_DAG_ID='extract_raw_data_pipeline' AIRFLOW_CTX_TASK_ID='run_dbt_staging' AIRFLOW_CTX_EXECUTION_DATE='2025-04-13T10:56:36.948170+00:00' AIRFLOW_CTX_TRY_NUMBER='1' AIRFLOW_CTX_DAG_RUN_ID='manual__2025-04-13T10:56:36.948170+00:00'
[2025-04-13T10:57:10.686+0000] {taskinstance.py:731} INFO - ::endgroup::
[2025-04-13T10:57:10.706+0000] {subprocess.py:63} INFO - Tmp dir root location: /tmp
[2025-04-13T10:57:10.706+0000] {subprocess.py:75} INFO - Running command: ['/usr/bin/bash', '-c', 'set -x; cd /opt/***/dbt && dbt run --select tag:staging']
[2025-04-13T10:57:10.717+0000] {subprocess.py:86} INFO - Output:
[2025-04-13T10:57:10.723+0000] {subprocess.py:93} INFO - + cd /opt/***/dbt
[2025-04-13T10:57:10.724+0000] {subprocess.py:93} INFO - + dbt run --select tag:staging
[2025-04-13T10:57:13.012+0000] {subprocess.py:93} INFO - [0m10:57:13  Running with dbt=1.8.0
[2025-04-13T10:57:13.348+0000] {subprocess.py:93} INFO - [0m10:57:13  Registered adapter: postgres=1.8.2
[2025-04-13T10:57:13.439+0000] {subprocess.py:93} INFO - [0m10:57:13  Unable to do partial parsing because saved manifest not found. Starting full parse.
[2025-04-13T10:57:14.853+0000] {subprocess.py:93} INFO - [0m10:57:14  Found 9 models, 10 sources, 428 macros
[2025-04-13T10:57:14.856+0000] {subprocess.py:93} INFO - [0m10:57:14
[2025-04-13T10:57:14.999+0000] {subprocess.py:93} INFO - [0m10:57:14  Concurrency: 1 threads (target='dev')
[2025-04-13T10:57:15.000+0000] {subprocess.py:93} INFO - [0m10:57:15
[2025-04-13T10:57:15.011+0000] {subprocess.py:93} INFO - [0m10:57:15  1 of 5 START sql table model lead_staging.dim_address .......................... [RUN]
[2025-04-13T10:57:15.321+0000] {subprocess.py:93} INFO - [0m10:57:15  1 of 5 OK created sql table model lead_staging.dim_address ..................... [[32mSELECT 100372[0m in 0.31s]
[2025-04-13T10:57:15.324+0000] {subprocess.py:93} INFO - [0m10:57:15  2 of 5 START sql table model lead_staging.dim_date ............................. [RUN]
[2025-04-13T10:57:15.451+0000] {subprocess.py:93} INFO - [0m10:57:15  2 of 5 OK created sql table model lead_staging.dim_date ........................ [[32mSELECT 100372[0m in 0.12s]
[2025-04-13T10:57:15.453+0000] {subprocess.py:93} INFO - [0m10:57:15  3 of 5 START sql table model lead_staging.dim_finance .......................... [RUN]
[2025-04-13T10:57:15.599+0000] {subprocess.py:93} INFO - [0m10:57:15  3 of 5 OK created sql table model lead_staging.dim_finance ..................... [[32mSELECT 100372[0m in 0.14s]
[2025-04-13T10:57:15.602+0000] {subprocess.py:93} INFO - [0m10:57:15  4 of 5 START sql table model lead_staging.dim_person ........................... [RUN]
[2025-04-13T10:57:15.822+0000] {subprocess.py:93} INFO - [0m10:57:15  4 of 5 OK created sql table model lead_staging.dim_person ...................... [[32mSELECT 100372[0m in 0.22s]
[2025-04-13T10:57:15.826+0000] {subprocess.py:93} INFO - [0m10:57:15  5 of 5 START sql table model lead_staging.fact_network_usage ................... [RUN]
[2025-04-13T10:57:16.028+0000] {subprocess.py:93} INFO - [0m10:57:16  5 of 5 OK created sql table model lead_staging.fact_network_usage .............. [[32mSELECT 100372[0m in 0.20s]
[2025-04-13T10:57:16.042+0000] {subprocess.py:93} INFO - [0m10:57:16
[2025-04-13T10:57:16.043+0000] {subprocess.py:93} INFO - [0m10:57:16  Finished running 5 table models in 0 hours 0 minutes and 1.19 seconds (1.19s).
[2025-04-13T10:57:16.089+0000] {subprocess.py:93} INFO - [0m10:57:16
[2025-04-13T10:57:16.090+0000] {subprocess.py:93} INFO - [0m10:57:16  [32mCompleted successfully[0m
[2025-04-13T10:57:16.091+0000] {subprocess.py:93} INFO - [0m10:57:16
[2025-04-13T10:57:16.092+0000] {subprocess.py:93} INFO - [0m10:57:16  Done. PASS=5 WARN=0 ERROR=0 SKIP=0 TOTAL=5
[2025-04-13T10:57:17.047+0000] {subprocess.py:97} INFO - Command exited with return code 0
[2025-04-13T10:57:17.073+0000] {taskinstance.py:340} INFO - ::group::Post task execution logs
[2025-04-13T10:57:17.074+0000] {taskinstance.py:352} INFO - Marking task as SUCCESS. dag_id=extract_raw_data_pipeline, task_id=run_dbt_staging, run_id=manual__2025-04-13T10:56:36.948170+00:00, execution_date=20250413T105636, start_date=20250413T105710, end_date=20250413T105717
[2025-04-13T10:57:17.092+0000] {local_task_job_runner.py:266} INFO - Task exited with return code 0
[2025-04-13T10:57:17.111+0000] {taskinstance.py:3900} INFO - 1 downstream tasks scheduled from follow-on schedule check
[2025-04-13T10:57:17.112+0000] {local_task_job_runner.py:245} INFO - ::endgroup::
