[2025-04-13T10:45:35.387+0000] {local_task_job_runner.py:123} INFO - ::group::Pre task execution logs
[2025-04-13T10:45:35.406+0000] {taskinstance.py:2612} INFO - Dependencies all met for dep_context=non-requeueable deps ti=<TaskInstance: extract_raw_data_pipeline.extract_raw_data scheduled__2025-04-13T07:58:00+00:00 [queued]>
[2025-04-13T10:45:35.416+0000] {taskinstance.py:2612} INFO - Dependencies all met for dep_context=requeueable deps ti=<TaskInstance: extract_raw_data_pipeline.extract_raw_data scheduled__2025-04-13T07:58:00+00:00 [queued]>
[2025-04-13T10:45:35.416+0000] {taskinstance.py:2865} INFO - Starting attempt 1 of 1
[2025-04-13T10:45:35.430+0000] {taskinstance.py:2888} INFO - Executing <Task(PythonOperator): extract_raw_data> on 2025-04-13 07:58:00+00:00
[2025-04-13T10:45:35.436+0000] {warnings.py:112} WARNING - /home/***/.local/lib/python3.12/site-packages/***/task/task_runner/standard_task_runner.py:70: DeprecationWarning: This process (pid=70) is multi-threaded, use of fork() may lead to deadlocks in the child.
  pid = os.fork()

[2025-04-13T10:45:35.440+0000] {standard_task_runner.py:72} INFO - Started process 80 to run task
[2025-04-13T10:45:35.439+0000] {standard_task_runner.py:104} INFO - Running: ['***', 'tasks', 'run', 'extract_raw_data_pipeline', 'extract_raw_data', 'scheduled__2025-04-13T07:58:00+00:00', '--job-id', '8', '--raw', '--subdir', 'DAGS_FOLDER/lead_data_pipeline.py', '--cfg-path', '/tmp/tmp7r2riybo']
[2025-04-13T10:45:35.441+0000] {standard_task_runner.py:105} INFO - Job 8: Subtask extract_raw_data
[2025-04-13T10:45:35.518+0000] {task_command.py:467} INFO - Running <TaskInstance: extract_raw_data_pipeline.extract_raw_data scheduled__2025-04-13T07:58:00+00:00 [running]> on host 414b1c8e5c9f
[2025-04-13T10:45:35.612+0000] {taskinstance.py:3131} INFO - Exporting env vars: AIRFLOW_CTX_DAG_OWNER='***' AIRFLOW_CTX_DAG_ID='extract_raw_data_pipeline' AIRFLOW_CTX_TASK_ID='extract_raw_data' AIRFLOW_CTX_EXECUTION_DATE='2025-04-13T07:58:00+00:00' AIRFLOW_CTX_TRY_NUMBER='1' AIRFLOW_CTX_DAG_RUN_ID='scheduled__2025-04-13T07:58:00+00:00'
[2025-04-13T10:45:35.614+0000] {taskinstance.py:731} INFO - ::endgroup::
[2025-04-13T10:45:35.639+0000] {lead_data_pipeline.py:143} INFO - Started batch processing for 2025-04-13.
[2025-04-13T10:45:35.639+0000] {lead_data_pipeline.py:34} INFO - Created synthetic data for RO country code.
[2025-04-13T10:46:06.406+0000] {lead_data_pipeline.py:100} INFO - Written 100372 records to the CSV file.
[2025-04-13T10:46:07.489+0000] {lead_data_pipeline.py:116} INFO - Added UUID to the dataset.
[2025-04-13T10:46:07.494+0000] {lead_data_pipeline.py:151} INFO - Finished batch processing 2025-04-13.
[2025-04-13T10:46:07.494+0000] {python.py:240} INFO - Done. Returned value was: None
[2025-04-13T10:46:07.505+0000] {taskinstance.py:340} INFO - ::group::Post task execution logs
[2025-04-13T10:46:07.505+0000] {taskinstance.py:352} INFO - Marking task as SUCCESS. dag_id=extract_raw_data_pipeline, task_id=extract_raw_data, run_id=scheduled__2025-04-13T07:58:00+00:00, execution_date=20250413T075800, start_date=20250413T104535, end_date=20250413T104607
[2025-04-13T10:46:07.553+0000] {local_task_job_runner.py:266} INFO - Task exited with return code 0
[2025-04-13T10:46:07.567+0000] {taskinstance.py:3900} INFO - 0 downstream tasks scheduled from follow-on schedule check
[2025-04-13T10:46:07.569+0000] {local_task_job_runner.py:245} INFO - ::endgroup::
