[2025-05-06T13:55:05.210+0000] {local_task_job_runner.py:123} INFO - ::group::Pre task execution logs
[2025-05-06T13:55:05.226+0000] {taskinstance.py:2612} INFO - Dependencies all met for dep_context=non-requeueable deps ti=<TaskInstance: extract_raw_data_pipeline2.run_dbt_trusted manual__2025-05-06T13:54:53.464407+00:00 [queued]>
[2025-05-06T13:55:05.236+0000] {taskinstance.py:2612} INFO - Dependencies all met for dep_context=requeueable deps ti=<TaskInstance: extract_raw_data_pipeline2.run_dbt_trusted manual__2025-05-06T13:54:53.464407+00:00 [queued]>
[2025-05-06T13:55:05.236+0000] {taskinstance.py:2865} INFO - Starting attempt 1 of 1
[2025-05-06T13:55:05.249+0000] {taskinstance.py:2888} INFO - Executing <Task(BashOperator): run_dbt_trusted> on 2025-05-06 13:54:53.464407+00:00
[2025-05-06T13:55:05.254+0000] {warnings.py:112} WARNING - /home/***/.local/lib/python3.12/site-packages/***/task/task_runner/standard_task_runner.py:70: DeprecationWarning: This process (pid=1542) is multi-threaded, use of fork() may lead to deadlocks in the child.
  pid = os.fork()

[2025-05-06T13:55:05.255+0000] {standard_task_runner.py:72} INFO - Started process 1564 to run task
[2025-05-06T13:55:05.256+0000] {standard_task_runner.py:104} INFO - Running: ['***', 'tasks', 'run', 'extract_raw_data_pipeline2', 'run_dbt_trusted', 'manual__2025-05-06T13:54:53.464407+00:00', '--job-id', '36', '--raw', '--subdir', 'DAGS_FOLDER/lead_data_pipeline copy.py', '--cfg-path', '/tmp/tmpcivqh9hn']
[2025-05-06T13:55:05.257+0000] {standard_task_runner.py:105} INFO - Job 36: Subtask run_dbt_trusted
[2025-05-06T13:55:05.299+0000] {task_command.py:467} INFO - Running <TaskInstance: extract_raw_data_pipeline2.run_dbt_trusted manual__2025-05-06T13:54:53.464407+00:00 [running]> on host c4a5e29a95f8
[2025-05-06T13:55:05.378+0000] {taskinstance.py:3131} INFO - Exporting env vars: AIRFLOW_CTX_DAG_OWNER='***' AIRFLOW_CTX_DAG_ID='extract_raw_data_pipeline2' AIRFLOW_CTX_TASK_ID='run_dbt_trusted' AIRFLOW_CTX_EXECUTION_DATE='2025-05-06T13:54:53.464407+00:00' AIRFLOW_CTX_TRY_NUMBER='1' AIRFLOW_CTX_DAG_RUN_ID='manual__2025-05-06T13:54:53.464407+00:00'
[2025-05-06T13:55:05.379+0000] {taskinstance.py:731} INFO - ::endgroup::
[2025-05-06T13:55:05.394+0000] {subprocess.py:63} INFO - Tmp dir root location: /tmp
[2025-05-06T13:55:05.395+0000] {subprocess.py:75} INFO - Running command: ['/usr/bin/bash', '-c', 'set -x; cd /opt/***/dbt && dbt run --select tag:trusted']
[2025-05-06T13:55:05.404+0000] {subprocess.py:86} INFO - Output:
[2025-05-06T13:55:05.406+0000] {subprocess.py:93} INFO - + cd /opt/***/dbt
[2025-05-06T13:55:05.406+0000] {subprocess.py:93} INFO - + dbt run --select tag:trusted
[2025-05-06T13:55:07.743+0000] {subprocess.py:93} INFO - [0m13:55:07  Running with dbt=1.8.0
[2025-05-06T13:55:08.062+0000] {subprocess.py:93} INFO - [0m13:55:08  Registered adapter: postgres=1.8.2
[2025-05-06T13:55:08.494+0000] {subprocess.py:93} INFO - [0m13:55:08  Found 9 models, 10 sources, 428 macros
[2025-05-06T13:55:08.498+0000] {subprocess.py:93} INFO - [0m13:55:08
[2025-05-06T13:55:08.620+0000] {subprocess.py:93} INFO - [0m13:55:08  Concurrency: 1 threads (target='dev')
[2025-05-06T13:55:08.621+0000] {subprocess.py:93} INFO - [0m13:55:08
[2025-05-06T13:55:08.632+0000] {subprocess.py:93} INFO - [0m13:55:08  1 of 4 START sql table model lead_trusted.non_pii_data ......................... [RUN]
[2025-05-06T13:55:09.290+0000] {subprocess.py:93} INFO - [0m13:55:09  1 of 4 OK created sql table model lead_trusted.non_pii_data .................... [[32mSELECT 100481[0m in 0.65s]
[2025-05-06T13:55:09.294+0000] {subprocess.py:93} INFO - [0m13:55:09  2 of 4 START sql table model lead_trusted.payment_data ......................... [RUN]
[2025-05-06T13:55:09.562+0000] {subprocess.py:93} INFO - [0m13:55:09  2 of 4 OK created sql table model lead_trusted.payment_data .................... [[32mSELECT 100481[0m in 0.27s]
[2025-05-06T13:55:09.565+0000] {subprocess.py:93} INFO - [0m13:55:09  3 of 4 START sql table model lead_trusted.pii_data ............................. [RUN]
[2025-05-06T13:55:10.253+0000] {subprocess.py:93} INFO - [0m13:55:10  3 of 4 OK created sql table model lead_trusted.pii_data ........................ [[32mSELECT 100481[0m in 0.69s]
[2025-05-06T13:55:10.255+0000] {subprocess.py:93} INFO - [0m13:55:10  4 of 4 START sql table model lead_trusted.technical_data ....................... [RUN]
[2025-05-06T13:55:10.566+0000] {subprocess.py:93} INFO - [0m13:55:10  4 of 4 OK created sql table model lead_trusted.technical_data .................. [[32mSELECT 100481[0m in 0.31s]
[2025-05-06T13:55:10.581+0000] {subprocess.py:93} INFO - [0m13:55:10
[2025-05-06T13:55:10.582+0000] {subprocess.py:93} INFO - [0m13:55:10  Finished running 4 table models in 0 hours 0 minutes and 2.08 seconds (2.08s).
[2025-05-06T13:55:10.638+0000] {subprocess.py:93} INFO - [0m13:55:10
[2025-05-06T13:55:10.640+0000] {subprocess.py:93} INFO - [0m13:55:10  [32mCompleted successfully[0m
[2025-05-06T13:55:10.641+0000] {subprocess.py:93} INFO - [0m13:55:10
[2025-05-06T13:55:10.643+0000] {subprocess.py:93} INFO - [0m13:55:10  Done. PASS=4 WARN=0 ERROR=0 SKIP=0 TOTAL=4
[2025-05-06T13:55:11.460+0000] {subprocess.py:97} INFO - Command exited with return code 0
[2025-05-06T13:55:11.486+0000] {taskinstance.py:340} INFO - ::group::Post task execution logs
[2025-05-06T13:55:11.486+0000] {taskinstance.py:352} INFO - Marking task as SUCCESS. dag_id=extract_raw_data_pipeline2, task_id=run_dbt_trusted, run_id=manual__2025-05-06T13:54:53.464407+00:00, execution_date=20250506T135453, start_date=20250506T135505, end_date=20250506T135511
[2025-05-06T13:55:11.515+0000] {local_task_job_runner.py:266} INFO - Task exited with return code 0
[2025-05-06T13:55:11.528+0000] {taskinstance.py:3900} INFO - 0 downstream tasks scheduled from follow-on schedule check
[2025-05-06T13:55:11.529+0000] {local_task_job_runner.py:245} INFO - ::endgroup::
