[2025-05-05T14:27:07.606+0000] {local_task_job_runner.py:123} INFO - ::group::Pre task execution logs
[2025-05-05T14:27:07.623+0000] {taskinstance.py:2612} INFO - Dependencies all met for dep_context=non-requeueable deps ti=<TaskInstance: extract_raw_data_pipeline.create_raw_schema manual__2025-05-05T14:27:06.656996+00:00 [queued]>
[2025-05-05T14:27:07.633+0000] {taskinstance.py:2612} INFO - Dependencies all met for dep_context=requeueable deps ti=<TaskInstance: extract_raw_data_pipeline.create_raw_schema manual__2025-05-05T14:27:06.656996+00:00 [queued]>
[2025-05-05T14:27:07.634+0000] {taskinstance.py:2865} INFO - Starting attempt 1 of 1
[2025-05-05T14:27:07.647+0000] {taskinstance.py:2888} INFO - Executing <Task(SQLExecuteQueryOperator): create_raw_schema> on 2025-05-05 14:27:06.656996+00:00
[2025-05-05T14:27:07.653+0000] {warnings.py:112} WARNING - /home/***/.local/lib/python3.12/site-packages/***/task/task_runner/standard_task_runner.py:70: DeprecationWarning: This process (pid=1762) is multi-threaded, use of fork() may lead to deadlocks in the child.
  pid = os.fork()

[2025-05-05T14:27:07.654+0000] {standard_task_runner.py:72} INFO - Started process 1793 to run task
[2025-05-05T14:27:07.655+0000] {standard_task_runner.py:104} INFO - Running: ['***', 'tasks', 'run', 'extract_raw_data_pipeline', 'create_raw_schema', 'manual__2025-05-05T14:27:06.656996+00:00', '--job-id', '44', '--raw', '--subdir', 'DAGS_FOLDER/lead_data_pipeline.py', '--cfg-path', '/tmp/tmpg5xczs5u']
[2025-05-05T14:27:07.656+0000] {standard_task_runner.py:105} INFO - Job 44: Subtask create_raw_schema
[2025-05-05T14:27:07.704+0000] {task_command.py:467} INFO - Running <TaskInstance: extract_raw_data_pipeline.create_raw_schema manual__2025-05-05T14:27:06.656996+00:00 [running]> on host 433e63c87a30
[2025-05-05T14:27:07.791+0000] {taskinstance.py:3131} INFO - Exporting env vars: AIRFLOW_CTX_DAG_OWNER='***' AIRFLOW_CTX_DAG_ID='extract_raw_data_pipeline' AIRFLOW_CTX_TASK_ID='create_raw_schema' AIRFLOW_CTX_EXECUTION_DATE='2025-05-05T14:27:06.656996+00:00' AIRFLOW_CTX_TRY_NUMBER='1' AIRFLOW_CTX_DAG_RUN_ID='manual__2025-05-05T14:27:06.656996+00:00'
[2025-05-05T14:27:07.792+0000] {taskinstance.py:731} INFO - ::endgroup::
[2025-05-05T14:27:07.808+0000] {sql.py:266} INFO - Executing: CREATE SCHEMA IF NOT EXISTS lead_raw;
[2025-05-05T14:27:07.817+0000] {base.py:84} INFO - Retrieving connection 'postgres_conn'
[2025-05-05T14:27:07.827+0000] {base.py:84} INFO - Retrieving connection 'postgres_conn'
[2025-05-05T14:27:07.831+0000] {sql.py:509} INFO - Running statement: CREATE SCHEMA IF NOT EXISTS lead_raw;, parameters: None
[2025-05-05T14:27:07.842+0000] {taskinstance.py:340} INFO - ::group::Post task execution logs
[2025-05-05T14:27:07.843+0000] {taskinstance.py:352} INFO - Marking task as SUCCESS. dag_id=extract_raw_data_pipeline, task_id=create_raw_schema, run_id=manual__2025-05-05T14:27:06.656996+00:00, execution_date=20250505T142706, start_date=20250505T142707, end_date=20250505T142707
[2025-05-05T14:27:07.871+0000] {local_task_job_runner.py:266} INFO - Task exited with return code 0
[2025-05-05T14:27:07.893+0000] {taskinstance.py:3900} INFO - 0 downstream tasks scheduled from follow-on schedule check
[2025-05-05T14:27:07.895+0000] {local_task_job_runner.py:245} INFO - ::endgroup::
