[2025-04-17T07:35:05.795+0000] {local_task_job_runner.py:123} INFO - ::group::Pre task execution logs
[2025-04-17T07:35:05.821+0000] {taskinstance.py:2612} INFO - Dependencies all met for dep_context=non-requeueable deps ti=<TaskInstance: extract_raw_data_pipeline.create_raw_table scheduled__2025-04-17T07:34:00+00:00 [queued]>
[2025-04-17T07:35:05.833+0000] {taskinstance.py:2612} INFO - Dependencies all met for dep_context=requeueable deps ti=<TaskInstance: extract_raw_data_pipeline.create_raw_table scheduled__2025-04-17T07:34:00+00:00 [queued]>
[2025-04-17T07:35:05.834+0000] {taskinstance.py:2865} INFO - Starting attempt 1 of 1
[2025-04-17T07:35:05.859+0000] {taskinstance.py:2888} INFO - Executing <Task(SQLExecuteQueryOperator): create_raw_table> on 2025-04-17 07:34:00+00:00
[2025-04-17T07:35:05.868+0000] {warnings.py:112} WARNING - /home/***/.local/lib/python3.12/site-packages/***/task/task_runner/standard_task_runner.py:70: DeprecationWarning: This process (pid=12849) is multi-threaded, use of fork() may lead to deadlocks in the child.
  pid = os.fork()

[2025-04-17T07:35:05.871+0000] {standard_task_runner.py:72} INFO - Started process 12851 to run task
[2025-04-17T07:35:05.872+0000] {standard_task_runner.py:104} INFO - Running: ['***', 'tasks', 'run', 'extract_raw_data_pipeline', 'create_raw_table', 'scheduled__2025-04-17T07:34:00+00:00', '--job-id', '203', '--raw', '--subdir', 'DAGS_FOLDER/lead_data_pipeline.py', '--cfg-path', '/tmp/tmpgca3314x']
[2025-04-17T07:35:05.874+0000] {standard_task_runner.py:105} INFO - Job 203: Subtask create_raw_table
[2025-04-17T07:35:05.944+0000] {task_command.py:467} INFO - Running <TaskInstance: extract_raw_data_pipeline.create_raw_table scheduled__2025-04-17T07:34:00+00:00 [running]> on host c0ac39583bd8
[2025-04-17T07:35:06.221+0000] {taskinstance.py:3131} INFO - Exporting env vars: AIRFLOW_CTX_DAG_OWNER='***' AIRFLOW_CTX_DAG_ID='extract_raw_data_pipeline' AIRFLOW_CTX_TASK_ID='create_raw_table' AIRFLOW_CTX_EXECUTION_DATE='2025-04-17T07:34:00+00:00' AIRFLOW_CTX_TRY_NUMBER='1' AIRFLOW_CTX_DAG_RUN_ID='scheduled__2025-04-17T07:34:00+00:00'
[2025-04-17T07:35:06.223+0000] {taskinstance.py:731} INFO - ::endgroup::
[2025-04-17T07:35:06.245+0000] {sql.py:266} INFO - Executing: 
        CREATE TABLE IF NOT EXISTS lead_raw.raw_batch_data (
            person_name VARCHAR(100),
            user_name VARCHAR(100),
            email VARCHAR(100),
            personal_number NUMERIC, 
            birth_date VARCHAR(100), 
            address VARCHAR(100),
            phone VARCHAR(100), 
            mac_address VARCHAR(100),
            ip_address VARCHAR(100),
            iban VARCHAR(100),
            accessed_at TIMESTAMP,
            session_duration INT,
            download_speed INT,
            upload_speed INT,
            consumed_traffic INT,
            unique_id VARCHAR(100)
        );
    
[2025-04-17T07:35:06.257+0000] {base.py:84} INFO - Retrieving connection 'postgres_conn'
[2025-04-17T07:35:06.273+0000] {base.py:84} INFO - Retrieving connection 'postgres_conn'
[2025-04-17T07:35:06.278+0000] {sql.py:509} INFO - Running statement: 
        CREATE TABLE IF NOT EXISTS lead_raw.raw_batch_data (
            person_name VARCHAR(100),
            user_name VARCHAR(100),
            email VARCHAR(100),
            personal_number NUMERIC, 
            birth_date VARCHAR(100), 
            address VARCHAR(100),
            phone VARCHAR(100), 
            mac_address VARCHAR(100),
            ip_address VARCHAR(100),
            iban VARCHAR(100),
            accessed_at TIMESTAMP,
            session_duration INT,
            download_speed INT,
            upload_speed INT,
            consumed_traffic INT,
            unique_id VARCHAR(100)
        );
    , parameters: None
[2025-04-17T07:35:06.297+0000] {taskinstance.py:340} INFO - ::group::Post task execution logs
[2025-04-17T07:35:06.298+0000] {taskinstance.py:352} INFO - Marking task as SUCCESS. dag_id=extract_raw_data_pipeline, task_id=create_raw_table, run_id=scheduled__2025-04-17T07:34:00+00:00, execution_date=20250417T073400, start_date=20250417T073505, end_date=20250417T073506
[2025-04-17T07:35:06.373+0000] {local_task_job_runner.py:266} INFO - Task exited with return code 0
[2025-04-17T07:35:06.419+0000] {taskinstance.py:3900} INFO - 1 downstream tasks scheduled from follow-on schedule check
[2025-04-17T07:35:06.432+0000] {local_task_job_runner.py:245} INFO - ::endgroup::
