[2025-04-14T10:21:05.411+0000] {local_task_job_runner.py:123} INFO - ::group::Pre task execution logs
[2025-04-14T10:21:05.426+0000] {taskinstance.py:2612} INFO - Dependencies all met for dep_context=non-requeueable deps ti=<TaskInstance: extract_raw_data_pipeline.extract_raw_data manual__2025-04-14T10:21:04.298934+00:00 [queued]>
[2025-04-14T10:21:05.434+0000] {taskinstance.py:2612} INFO - Dependencies all met for dep_context=requeueable deps ti=<TaskInstance: extract_raw_data_pipeline.extract_raw_data manual__2025-04-14T10:21:04.298934+00:00 [queued]>
[2025-04-14T10:21:05.434+0000] {taskinstance.py:2865} INFO - Starting attempt 1 of 1
[2025-04-14T10:21:05.446+0000] {taskinstance.py:2888} INFO - Executing <Task(PythonOperator): extract_raw_data> on 2025-04-14 10:21:04.298934+00:00
[2025-04-14T10:21:05.451+0000] {warnings.py:112} WARNING - /home/***/.local/lib/python3.12/site-packages/***/task/task_runner/standard_task_runner.py:70: DeprecationWarning: This process (pid=230) is multi-threaded, use of fork() may lead to deadlocks in the child.
  pid = os.fork()

[2025-04-14T10:21:05.453+0000] {standard_task_runner.py:72} INFO - Started process 235 to run task
[2025-04-14T10:21:05.453+0000] {standard_task_runner.py:104} INFO - Running: ['***', 'tasks', 'run', 'extract_raw_data_pipeline', 'extract_raw_data', 'manual__2025-04-14T10:21:04.298934+00:00', '--job-id', '37', '--raw', '--subdir', 'DAGS_FOLDER/lead_data_pipeline.py', '--cfg-path', '/tmp/tmp4boxgllx']
[2025-04-14T10:21:05.454+0000] {standard_task_runner.py:105} INFO - Job 37: Subtask extract_raw_data
[2025-04-14T10:21:05.497+0000] {task_command.py:467} INFO - Running <TaskInstance: extract_raw_data_pipeline.extract_raw_data manual__2025-04-14T10:21:04.298934+00:00 [running]> on host 9276b9d03819
[2025-04-14T10:21:05.573+0000] {taskinstance.py:3131} INFO - Exporting env vars: AIRFLOW_CTX_DAG_OWNER='***' AIRFLOW_CTX_DAG_ID='extract_raw_data_pipeline' AIRFLOW_CTX_TASK_ID='extract_raw_data' AIRFLOW_CTX_EXECUTION_DATE='2025-04-14T10:21:04.298934+00:00' AIRFLOW_CTX_TRY_NUMBER='1' AIRFLOW_CTX_DAG_RUN_ID='manual__2025-04-14T10:21:04.298934+00:00'
[2025-04-14T10:21:05.574+0000] {taskinstance.py:731} INFO - ::endgroup::
[2025-04-14T10:21:05.588+0000] {lead_data_pipeline.py:144} INFO - Started batch processing for 2025-04-14.
[2025-04-14T10:21:05.589+0000] {lead_data_pipeline.py:34} INFO - Created synthetic data for RO country code.
[2025-04-14T10:21:05.907+0000] {lead_data_pipeline.py:101} INFO - Written 934 records to the CSV file.
[2025-04-14T10:21:05.942+0000] {lead_data_pipeline.py:117} INFO - Added UUID to the dataset.
[2025-04-14T10:21:05.953+0000] {lead_data_pipeline.py:136} INFO - Updated accessed timestamp.
[2025-04-14T10:21:05.953+0000] {lead_data_pipeline.py:152} INFO - Finished batch processing 2025-04-14.
[2025-04-14T10:21:05.954+0000] {python.py:240} INFO - Done. Returned value was: None
[2025-04-14T10:21:05.965+0000] {taskinstance.py:340} INFO - ::group::Post task execution logs
[2025-04-14T10:21:05.966+0000] {taskinstance.py:352} INFO - Marking task as SUCCESS. dag_id=extract_raw_data_pipeline, task_id=extract_raw_data, run_id=manual__2025-04-14T10:21:04.298934+00:00, execution_date=20250414T102104, start_date=20250414T102105, end_date=20250414T102105
[2025-04-14T10:21:05.991+0000] {local_task_job_runner.py:266} INFO - Task exited with return code 0
[2025-04-14T10:21:06.017+0000] {taskinstance.py:3900} INFO - 1 downstream tasks scheduled from follow-on schedule check
[2025-04-14T10:21:06.018+0000] {local_task_job_runner.py:245} INFO - ::endgroup::
