[2025-04-14T10:24:21.248+0000] {local_task_job_runner.py:123} INFO - ::group::Pre task execution logs
[2025-04-14T10:24:21.264+0000] {taskinstance.py:2612} INFO - Dependencies all met for dep_context=non-requeueable deps ti=<TaskInstance: extract_raw_data_pipeline.run_dbt_staging manual__2025-04-14T10:23:46.914768+00:00 [queued]>
[2025-04-14T10:24:21.273+0000] {taskinstance.py:2612} INFO - Dependencies all met for dep_context=requeueable deps ti=<TaskInstance: extract_raw_data_pipeline.run_dbt_staging manual__2025-04-14T10:23:46.914768+00:00 [queued]>
[2025-04-14T10:24:21.273+0000] {taskinstance.py:2865} INFO - Starting attempt 1 of 1
[2025-04-14T10:24:21.287+0000] {taskinstance.py:2888} INFO - Executing <Task(BashOperator): run_dbt_staging> on 2025-04-14 10:23:46.914768+00:00
[2025-04-14T10:24:21.292+0000] {warnings.py:112} WARNING - /home/***/.local/lib/python3.12/site-packages/***/task/task_runner/standard_task_runner.py:70: DeprecationWarning: This process (pid=448) is multi-threaded, use of fork() may lead to deadlocks in the child.
  pid = os.fork()

[2025-04-14T10:24:21.294+0000] {standard_task_runner.py:72} INFO - Started process 450 to run task
[2025-04-14T10:24:21.294+0000] {standard_task_runner.py:104} INFO - Running: ['***', 'tasks', 'run', 'extract_raw_data_pipeline', 'run_dbt_staging', 'manual__2025-04-14T10:23:46.914768+00:00', '--job-id', '55', '--raw', '--subdir', 'DAGS_FOLDER/lead_data_pipeline.py', '--cfg-path', '/tmp/tmpe951pgk8']
[2025-04-14T10:24:21.295+0000] {standard_task_runner.py:105} INFO - Job 55: Subtask run_dbt_staging
[2025-04-14T10:24:21.337+0000] {task_command.py:467} INFO - Running <TaskInstance: extract_raw_data_pipeline.run_dbt_staging manual__2025-04-14T10:23:46.914768+00:00 [running]> on host 9276b9d03819
[2025-04-14T10:24:21.431+0000] {taskinstance.py:3131} INFO - Exporting env vars: AIRFLOW_CTX_DAG_OWNER='***' AIRFLOW_CTX_DAG_ID='extract_raw_data_pipeline' AIRFLOW_CTX_TASK_ID='run_dbt_staging' AIRFLOW_CTX_EXECUTION_DATE='2025-04-14T10:23:46.914768+00:00' AIRFLOW_CTX_TRY_NUMBER='1' AIRFLOW_CTX_DAG_RUN_ID='manual__2025-04-14T10:23:46.914768+00:00'
[2025-04-14T10:24:21.432+0000] {taskinstance.py:731} INFO - ::endgroup::
[2025-04-14T10:24:21.447+0000] {subprocess.py:63} INFO - Tmp dir root location: /tmp
[2025-04-14T10:24:21.448+0000] {subprocess.py:75} INFO - Running command: ['/usr/bin/bash', '-c', 'set -x; cd /opt/***/dbt && dbt run --select tag:staging']
[2025-04-14T10:24:21.461+0000] {subprocess.py:86} INFO - Output:
[2025-04-14T10:24:21.463+0000] {subprocess.py:93} INFO - + cd /opt/***/dbt
[2025-04-14T10:24:21.464+0000] {subprocess.py:93} INFO - + dbt run --select tag:staging
[2025-04-14T10:24:23.805+0000] {subprocess.py:93} INFO - [0m10:24:23  Running with dbt=1.8.0
[2025-04-14T10:24:24.112+0000] {subprocess.py:93} INFO - [0m10:24:24  Registered adapter: postgres=1.8.2
[2025-04-14T10:24:24.547+0000] {subprocess.py:93} INFO - [0m10:24:24  Found 9 models, 10 sources, 428 macros
[2025-04-14T10:24:24.550+0000] {subprocess.py:93} INFO - [0m10:24:24
[2025-04-14T10:24:24.687+0000] {subprocess.py:93} INFO - [0m10:24:24  Concurrency: 1 threads (target='dev')
[2025-04-14T10:24:24.688+0000] {subprocess.py:93} INFO - [0m10:24:24
[2025-04-14T10:24:24.700+0000] {subprocess.py:93} INFO - [0m10:24:24  1 of 5 START sql table model lead_staging.dim_address .......................... [RUN]
[2025-04-14T10:24:25.454+0000] {subprocess.py:93} INFO - [0m10:24:25  1 of 5 OK created sql table model lead_staging.dim_address ..................... [[32mSELECT 403438[0m in 0.75s]
[2025-04-14T10:24:25.457+0000] {subprocess.py:93} INFO - [0m10:24:25  2 of 5 START sql table model lead_staging.dim_date ............................. [RUN]
[2025-04-14T10:24:25.903+0000] {subprocess.py:93} INFO - [0m10:24:25  2 of 5 OK created sql table model lead_staging.dim_date ........................ [[32mSELECT 403438[0m in 0.44s]
[2025-04-14T10:24:25.905+0000] {subprocess.py:93} INFO - [0m10:24:25  3 of 5 START sql table model lead_staging.dim_finance .......................... [RUN]
[2025-04-14T10:24:26.311+0000] {subprocess.py:93} INFO - [0m10:24:26  3 of 5 OK created sql table model lead_staging.dim_finance ..................... [[32mSELECT 403438[0m in 0.40s]
[2025-04-14T10:24:26.314+0000] {subprocess.py:93} INFO - [0m10:24:26  4 of 5 START sql table model lead_staging.dim_person ........................... [RUN]
[2025-04-14T10:24:26.957+0000] {subprocess.py:93} INFO - [0m10:24:26  4 of 5 OK created sql table model lead_staging.dim_person ...................... [[32mSELECT 403438[0m in 0.64s]
[2025-04-14T10:24:26.960+0000] {subprocess.py:93} INFO - [0m10:24:26  5 of 5 START sql table model lead_staging.fact_network_usage ................... [RUN]
[2025-04-14T10:24:27.649+0000] {subprocess.py:93} INFO - [0m10:24:27  5 of 5 OK created sql table model lead_staging.fact_network_usage .............. [[32mSELECT 403438[0m in 0.69s]
[2025-04-14T10:24:27.666+0000] {subprocess.py:93} INFO - [0m10:24:27
[2025-04-14T10:24:27.666+0000] {subprocess.py:93} INFO - [0m10:24:27  Finished running 5 table models in 0 hours 0 minutes and 3.11 seconds (3.11s).
[2025-04-14T10:24:27.723+0000] {subprocess.py:93} INFO - [0m10:24:27
[2025-04-14T10:24:27.724+0000] {subprocess.py:93} INFO - [0m10:24:27  [32mCompleted successfully[0m
[2025-04-14T10:24:27.725+0000] {subprocess.py:93} INFO - [0m10:24:27
[2025-04-14T10:24:27.726+0000] {subprocess.py:93} INFO - [0m10:24:27  Done. PASS=5 WARN=0 ERROR=0 SKIP=0 TOTAL=5
[2025-04-14T10:24:28.576+0000] {subprocess.py:97} INFO - Command exited with return code 0
[2025-04-14T10:24:28.611+0000] {taskinstance.py:340} INFO - ::group::Post task execution logs
[2025-04-14T10:24:28.613+0000] {taskinstance.py:352} INFO - Marking task as SUCCESS. dag_id=extract_raw_data_pipeline, task_id=run_dbt_staging, run_id=manual__2025-04-14T10:23:46.914768+00:00, execution_date=20250414T102346, start_date=20250414T102421, end_date=20250414T102428
[2025-04-14T10:24:28.666+0000] {local_task_job_runner.py:266} INFO - Task exited with return code 0
[2025-04-14T10:24:28.689+0000] {taskinstance.py:3900} INFO - 1 downstream tasks scheduled from follow-on schedule check
[2025-04-14T10:24:28.691+0000] {local_task_job_runner.py:245} INFO - ::endgroup::
