[2025-05-05T14:27:47.112+0000] {local_task_job_runner.py:123} INFO - ::group::Pre task execution logs
[2025-05-05T14:27:47.128+0000] {taskinstance.py:2612} INFO - Dependencies all met for dep_context=non-requeueable deps ti=<TaskInstance: extract_raw_data_pipeline.run_dbt_trusted manual__2025-05-05T14:27:06.656996+00:00 [queued]>
[2025-05-05T14:27:47.138+0000] {taskinstance.py:2612} INFO - Dependencies all met for dep_context=requeueable deps ti=<TaskInstance: extract_raw_data_pipeline.run_dbt_trusted manual__2025-05-05T14:27:06.656996+00:00 [queued]>
[2025-05-05T14:27:47.138+0000] {taskinstance.py:2865} INFO - Starting attempt 1 of 1
[2025-05-05T14:27:47.150+0000] {taskinstance.py:2888} INFO - Executing <Task(BashOperator): run_dbt_trusted> on 2025-05-05 14:27:06.656996+00:00
[2025-05-05T14:27:47.155+0000] {warnings.py:112} WARNING - /home/***/.local/lib/python3.12/site-packages/***/task/task_runner/standard_task_runner.py:70: DeprecationWarning: This process (pid=1868) is multi-threaded, use of fork() may lead to deadlocks in the child.
  pid = os.fork()

[2025-05-05T14:27:47.157+0000] {standard_task_runner.py:72} INFO - Started process 1884 to run task
[2025-05-05T14:27:47.158+0000] {standard_task_runner.py:104} INFO - Running: ['***', 'tasks', 'run', 'extract_raw_data_pipeline', 'run_dbt_trusted', 'manual__2025-05-05T14:27:06.656996+00:00', '--job-id', '48', '--raw', '--subdir', 'DAGS_FOLDER/lead_data_pipeline.py', '--cfg-path', '/tmp/tmpxkgoiawj']
[2025-05-05T14:27:47.159+0000] {standard_task_runner.py:105} INFO - Job 48: Subtask run_dbt_trusted
[2025-05-05T14:27:47.202+0000] {task_command.py:467} INFO - Running <TaskInstance: extract_raw_data_pipeline.run_dbt_trusted manual__2025-05-05T14:27:06.656996+00:00 [running]> on host 433e63c87a30
[2025-05-05T14:27:47.279+0000] {taskinstance.py:3131} INFO - Exporting env vars: AIRFLOW_CTX_DAG_OWNER='***' AIRFLOW_CTX_DAG_ID='extract_raw_data_pipeline' AIRFLOW_CTX_TASK_ID='run_dbt_trusted' AIRFLOW_CTX_EXECUTION_DATE='2025-05-05T14:27:06.656996+00:00' AIRFLOW_CTX_TRY_NUMBER='1' AIRFLOW_CTX_DAG_RUN_ID='manual__2025-05-05T14:27:06.656996+00:00'
[2025-05-05T14:27:47.280+0000] {taskinstance.py:731} INFO - ::endgroup::
[2025-05-05T14:27:47.294+0000] {subprocess.py:63} INFO - Tmp dir root location: /tmp
[2025-05-05T14:27:47.295+0000] {subprocess.py:75} INFO - Running command: ['/usr/bin/bash', '-c', 'set -x; cd /opt/***/dbt && dbt run --select tag:trusted']
[2025-05-05T14:27:47.304+0000] {subprocess.py:86} INFO - Output:
[2025-05-05T14:27:47.306+0000] {subprocess.py:93} INFO - + cd /opt/***/dbt
[2025-05-05T14:27:47.307+0000] {subprocess.py:93} INFO - + dbt run --select tag:trusted
[2025-05-05T14:27:49.294+0000] {subprocess.py:93} INFO - [0m14:27:49  Running with dbt=1.8.0
[2025-05-05T14:27:49.629+0000] {subprocess.py:93} INFO - [0m14:27:49  Registered adapter: postgres=1.8.2
[2025-05-05T14:27:50.097+0000] {subprocess.py:93} INFO - [0m14:27:50  Found 9 models, 10 sources, 428 macros
[2025-05-05T14:27:50.103+0000] {subprocess.py:93} INFO - [0m14:27:50
[2025-05-05T14:27:50.248+0000] {subprocess.py:93} INFO - [0m14:27:50  Concurrency: 1 threads (target='dev')
[2025-05-05T14:27:50.250+0000] {subprocess.py:93} INFO - [0m14:27:50
[2025-05-05T14:27:50.264+0000] {subprocess.py:93} INFO - [0m14:27:50  1 of 4 START sql table model lead_trusted.non_pii_data ......................... [RUN]
[2025-05-05T14:27:55.878+0000] {subprocess.py:93} INFO - [0m14:27:55  1 of 4 OK created sql table model lead_trusted.non_pii_data .................... [[32mSELECT 301116[0m in 5.61s]
[2025-05-05T14:27:55.881+0000] {subprocess.py:93} INFO - [0m14:27:55  2 of 4 START sql table model lead_trusted.payment_data ......................... [RUN]
[2025-05-05T14:27:57.741+0000] {subprocess.py:93} INFO - [0m14:27:57  2 of 4 OK created sql table model lead_trusted.payment_data .................... [[32mSELECT 301116[0m in 1.86s]
[2025-05-05T14:27:57.744+0000] {subprocess.py:93} INFO - [0m14:27:57  3 of 4 START sql table model lead_trusted.pii_data ............................. [RUN]
[2025-05-05T14:28:03.574+0000] {subprocess.py:93} INFO - [0m14:28:03  3 of 4 OK created sql table model lead_trusted.pii_data ........................ [[32mSELECT 301116[0m in 5.83s]
[2025-05-05T14:28:03.577+0000] {subprocess.py:93} INFO - [0m14:28:03  4 of 4 START sql table model lead_trusted.technical_data ....................... [RUN]
[2025-05-05T14:28:04.088+0000] {subprocess.py:93} INFO - [0m14:28:04  4 of 4 OK created sql table model lead_trusted.technical_data .................. [[32mSELECT 301116[0m in 0.51s]
[2025-05-05T14:28:04.103+0000] {subprocess.py:93} INFO - [0m14:28:04
[2025-05-05T14:28:04.104+0000] {subprocess.py:93} INFO - [0m14:28:04  Finished running 4 table models in 0 hours 0 minutes and 14.00 seconds (14.00s).
[2025-05-05T14:28:04.160+0000] {subprocess.py:93} INFO - [0m14:28:04
[2025-05-05T14:28:04.162+0000] {subprocess.py:93} INFO - [0m14:28:04  [32mCompleted successfully[0m
[2025-05-05T14:28:04.164+0000] {subprocess.py:93} INFO - [0m14:28:04
[2025-05-05T14:28:04.165+0000] {subprocess.py:93} INFO - [0m14:28:04  Done. PASS=4 WARN=0 ERROR=0 SKIP=0 TOTAL=4
[2025-05-05T14:28:05.048+0000] {subprocess.py:97} INFO - Command exited with return code 0
[2025-05-05T14:28:05.072+0000] {taskinstance.py:340} INFO - ::group::Post task execution logs
[2025-05-05T14:28:05.073+0000] {taskinstance.py:352} INFO - Marking task as SUCCESS. dag_id=extract_raw_data_pipeline, task_id=run_dbt_trusted, run_id=manual__2025-05-05T14:27:06.656996+00:00, execution_date=20250505T142706, start_date=20250505T142747, end_date=20250505T142805
[2025-05-05T14:28:05.119+0000] {local_task_job_runner.py:266} INFO - Task exited with return code 0
[2025-05-05T14:28:05.134+0000] {taskinstance.py:3900} INFO - 0 downstream tasks scheduled from follow-on schedule check
[2025-05-05T14:28:05.135+0000] {local_task_job_runner.py:245} INFO - ::endgroup::
