[2025-04-14T10:22:41.812+0000] {local_task_job_runner.py:123} INFO - ::group::Pre task execution logs
[2025-04-14T10:22:41.827+0000] {taskinstance.py:2612} INFO - Dependencies all met for dep_context=non-requeueable deps ti=<TaskInstance: extract_raw_data_pipeline.extract_raw_data manual__2025-04-14T10:22:40.281719+00:00 [queued]>
[2025-04-14T10:22:41.834+0000] {taskinstance.py:2612} INFO - Dependencies all met for dep_context=requeueable deps ti=<TaskInstance: extract_raw_data_pipeline.extract_raw_data manual__2025-04-14T10:22:40.281719+00:00 [queued]>
[2025-04-14T10:22:41.835+0000] {taskinstance.py:2865} INFO - Starting attempt 1 of 1
[2025-04-14T10:22:41.848+0000] {taskinstance.py:2888} INFO - Executing <Task(PythonOperator): extract_raw_data> on 2025-04-14 10:22:40.281719+00:00
[2025-04-14T10:22:41.853+0000] {warnings.py:112} WARNING - /home/***/.local/lib/python3.12/site-packages/***/task/task_runner/standard_task_runner.py:70: DeprecationWarning: This process (pid=335) is multi-threaded, use of fork() may lead to deadlocks in the child.
  pid = os.fork()

[2025-04-14T10:22:41.854+0000] {standard_task_runner.py:72} INFO - Started process 340 to run task
[2025-04-14T10:22:41.855+0000] {standard_task_runner.py:104} INFO - Running: ['***', 'tasks', 'run', 'extract_raw_data_pipeline', 'extract_raw_data', 'manual__2025-04-14T10:22:40.281719+00:00', '--job-id', '46', '--raw', '--subdir', 'DAGS_FOLDER/lead_data_pipeline.py', '--cfg-path', '/tmp/tmpe0a75ya5']
[2025-04-14T10:22:41.856+0000] {standard_task_runner.py:105} INFO - Job 46: Subtask extract_raw_data
[2025-04-14T10:22:41.900+0000] {task_command.py:467} INFO - Running <TaskInstance: extract_raw_data_pipeline.extract_raw_data manual__2025-04-14T10:22:40.281719+00:00 [running]> on host 9276b9d03819
[2025-04-14T10:22:41.979+0000] {taskinstance.py:3131} INFO - Exporting env vars: AIRFLOW_CTX_DAG_OWNER='***' AIRFLOW_CTX_DAG_ID='extract_raw_data_pipeline' AIRFLOW_CTX_TASK_ID='extract_raw_data' AIRFLOW_CTX_EXECUTION_DATE='2025-04-14T10:22:40.281719+00:00' AIRFLOW_CTX_TRY_NUMBER='1' AIRFLOW_CTX_DAG_RUN_ID='manual__2025-04-14T10:22:40.281719+00:00'
[2025-04-14T10:22:41.981+0000] {taskinstance.py:731} INFO - ::endgroup::
[2025-04-14T10:22:41.994+0000] {lead_data_pipeline.py:146} INFO - Started batch processing for 2025-04-14.
[2025-04-14T10:22:41.995+0000] {lead_data_pipeline.py:35} INFO - Created synthetic data for RO country code.
[2025-04-14T10:23:11.364+0000] {lead_data_pipeline.py:103} INFO - Written 100372 records to the CSV file.
[2025-04-14T10:23:11.864+0000] {lead_data_pipeline.py:119} INFO - Added UUID to the dataset.
[2025-04-14T10:23:12.062+0000] {lead_data_pipeline.py:138} INFO - Updated accessed timestamp.
[2025-04-14T10:23:12.063+0000] {lead_data_pipeline.py:154} INFO - Finished batch processing 2025-04-14.
[2025-04-14T10:23:12.063+0000] {python.py:240} INFO - Done. Returned value was: None
[2025-04-14T10:23:12.076+0000] {taskinstance.py:340} INFO - ::group::Post task execution logs
[2025-04-14T10:23:12.078+0000] {taskinstance.py:352} INFO - Marking task as SUCCESS. dag_id=extract_raw_data_pipeline, task_id=extract_raw_data, run_id=manual__2025-04-14T10:22:40.281719+00:00, execution_date=20250414T102240, start_date=20250414T102241, end_date=20250414T102312
[2025-04-14T10:23:12.104+0000] {local_task_job_runner.py:266} INFO - Task exited with return code 0
[2025-04-14T10:23:12.126+0000] {taskinstance.py:3900} INFO - 1 downstream tasks scheduled from follow-on schedule check
[2025-04-14T10:23:12.128+0000] {local_task_job_runner.py:245} INFO - ::endgroup::
