[2025-05-05T14:05:23.100+0000] {local_task_job_runner.py:123} INFO - ::group::Pre task execution logs
[2025-05-05T14:05:23.117+0000] {taskinstance.py:2612} INFO - Dependencies all met for dep_context=non-requeueable deps ti=<TaskInstance: extract_raw_data_pipeline.run_dbt_trusted manual__2025-05-05T14:04:41.840682+00:00 [queued]>
[2025-05-05T14:05:23.132+0000] {taskinstance.py:2612} INFO - Dependencies all met for dep_context=requeueable deps ti=<TaskInstance: extract_raw_data_pipeline.run_dbt_trusted manual__2025-05-05T14:04:41.840682+00:00 [queued]>
[2025-05-05T14:05:23.133+0000] {taskinstance.py:2865} INFO - Starting attempt 1 of 1
[2025-05-05T14:05:23.147+0000] {taskinstance.py:2888} INFO - Executing <Task(BashOperator): run_dbt_trusted> on 2025-05-05 14:04:41.840682+00:00
[2025-05-05T14:05:23.152+0000] {warnings.py:112} WARNING - /home/***/.local/lib/python3.12/site-packages/***/task/task_runner/standard_task_runner.py:70: DeprecationWarning: This process (pid=840) is multi-threaded, use of fork() may lead to deadlocks in the child.
  pid = os.fork()

[2025-05-05T14:05:23.154+0000] {standard_task_runner.py:72} INFO - Started process 856 to run task
[2025-05-05T14:05:23.154+0000] {standard_task_runner.py:104} INFO - Running: ['***', 'tasks', 'run', 'extract_raw_data_pipeline', 'run_dbt_trusted', 'manual__2025-05-05T14:04:41.840682+00:00', '--job-id', '16', '--raw', '--subdir', 'DAGS_FOLDER/lead_data_pipeline.py', '--cfg-path', '/tmp/tmplqlpr9n4']
[2025-05-05T14:05:23.155+0000] {standard_task_runner.py:105} INFO - Job 16: Subtask run_dbt_trusted
[2025-05-05T14:05:23.199+0000] {task_command.py:467} INFO - Running <TaskInstance: extract_raw_data_pipeline.run_dbt_trusted manual__2025-05-05T14:04:41.840682+00:00 [running]> on host 433e63c87a30
[2025-05-05T14:05:23.270+0000] {taskinstance.py:3131} INFO - Exporting env vars: AIRFLOW_CTX_DAG_OWNER='***' AIRFLOW_CTX_DAG_ID='extract_raw_data_pipeline' AIRFLOW_CTX_TASK_ID='run_dbt_trusted' AIRFLOW_CTX_EXECUTION_DATE='2025-05-05T14:04:41.840682+00:00' AIRFLOW_CTX_TRY_NUMBER='1' AIRFLOW_CTX_DAG_RUN_ID='manual__2025-05-05T14:04:41.840682+00:00'
[2025-05-05T14:05:23.271+0000] {taskinstance.py:731} INFO - ::endgroup::
[2025-05-05T14:05:23.284+0000] {subprocess.py:63} INFO - Tmp dir root location: /tmp
[2025-05-05T14:05:23.285+0000] {subprocess.py:75} INFO - Running command: ['/usr/bin/bash', '-c', 'set -x; cd /opt/***/dbt && dbt run --select tag:trusted']
[2025-05-05T14:05:23.294+0000] {subprocess.py:86} INFO - Output:
[2025-05-05T14:05:23.296+0000] {subprocess.py:93} INFO - + cd /opt/***/dbt
[2025-05-05T14:05:23.297+0000] {subprocess.py:93} INFO - + dbt run --select tag:trusted
[2025-05-05T14:05:25.416+0000] {subprocess.py:93} INFO - [0m14:05:25  Running with dbt=1.8.0
[2025-05-05T14:05:25.688+0000] {subprocess.py:93} INFO - [0m14:05:25  Registered adapter: postgres=1.8.2
[2025-05-05T14:05:26.047+0000] {subprocess.py:93} INFO - [0m14:05:26  Found 9 models, 10 sources, 428 macros
[2025-05-05T14:05:26.050+0000] {subprocess.py:93} INFO - [0m14:05:26
[2025-05-05T14:05:26.188+0000] {subprocess.py:93} INFO - [0m14:05:26  Concurrency: 1 threads (target='dev')
[2025-05-05T14:05:26.189+0000] {subprocess.py:93} INFO - [0m14:05:26
[2025-05-05T14:05:26.200+0000] {subprocess.py:93} INFO - [0m14:05:26  1 of 4 START sql table model lead_trusted.non_pii_data ......................... [RUN]
[2025-05-05T14:05:28.473+0000] {subprocess.py:93} INFO - [0m14:05:28  1 of 4 OK created sql table model lead_trusted.non_pii_data .................... [[32mSELECT 100372[0m in 2.27s]
[2025-05-05T14:05:28.475+0000] {subprocess.py:93} INFO - [0m14:05:28  2 of 4 START sql table model lead_trusted.payment_data ......................... [RUN]
[2025-05-05T14:05:29.164+0000] {subprocess.py:93} INFO - [0m14:05:29  2 of 4 OK created sql table model lead_trusted.payment_data .................... [[32mSELECT 100372[0m in 0.69s]
[2025-05-05T14:05:29.169+0000] {subprocess.py:93} INFO - [0m14:05:29  3 of 4 START sql table model lead_trusted.pii_data ............................. [RUN]
[2025-05-05T14:05:31.500+0000] {subprocess.py:93} INFO - [0m14:05:31  3 of 4 OK created sql table model lead_trusted.pii_data ........................ [[32mSELECT 100372[0m in 2.33s]
[2025-05-05T14:05:31.503+0000] {subprocess.py:93} INFO - [0m14:05:31  4 of 4 START sql table model lead_trusted.technical_data ....................... [RUN]
[2025-05-05T14:05:32.259+0000] {subprocess.py:93} INFO - [0m14:05:32  4 of 4 OK created sql table model lead_trusted.technical_data .................. [[32mSELECT 100372[0m in 0.75s]
[2025-05-05T14:05:32.276+0000] {subprocess.py:93} INFO - [0m14:05:32
[2025-05-05T14:05:32.277+0000] {subprocess.py:93} INFO - [0m14:05:32  Finished running 4 table models in 0 hours 0 minutes and 6.22 seconds (6.22s).
[2025-05-05T14:05:32.336+0000] {subprocess.py:93} INFO - [0m14:05:32
[2025-05-05T14:05:32.337+0000] {subprocess.py:93} INFO - [0m14:05:32  [32mCompleted successfully[0m
[2025-05-05T14:05:32.338+0000] {subprocess.py:93} INFO - [0m14:05:32
[2025-05-05T14:05:32.340+0000] {subprocess.py:93} INFO - [0m14:05:32  Done. PASS=4 WARN=0 ERROR=0 SKIP=0 TOTAL=4
[2025-05-05T14:05:33.213+0000] {subprocess.py:97} INFO - Command exited with return code 0
[2025-05-05T14:05:33.239+0000] {taskinstance.py:340} INFO - ::group::Post task execution logs
[2025-05-05T14:05:33.239+0000] {taskinstance.py:352} INFO - Marking task as SUCCESS. dag_id=extract_raw_data_pipeline, task_id=run_dbt_trusted, run_id=manual__2025-05-05T14:04:41.840682+00:00, execution_date=20250505T140441, start_date=20250505T140523, end_date=20250505T140533
[2025-05-05T14:05:33.266+0000] {local_task_job_runner.py:266} INFO - Task exited with return code 0
[2025-05-05T14:05:33.280+0000] {taskinstance.py:3900} INFO - 0 downstream tasks scheduled from follow-on schedule check
[2025-05-05T14:05:33.282+0000] {local_task_job_runner.py:245} INFO - ::endgroup::
