[2025-04-14T10:21:05.411+0000] {local_task_job_runner.py:123} INFO - ::group::Pre task execution logs
[2025-04-14T10:21:05.426+0000] {taskinstance.py:2612} INFO - Dependencies all met for dep_context=non-requeueable deps ti=<TaskInstance: extract_raw_data_pipeline.create_raw_schema manual__2025-04-14T10:21:04.298934+00:00 [queued]>
[2025-04-14T10:21:05.434+0000] {taskinstance.py:2612} INFO - Dependencies all met for dep_context=requeueable deps ti=<TaskInstance: extract_raw_data_pipeline.create_raw_schema manual__2025-04-14T10:21:04.298934+00:00 [queued]>
[2025-04-14T10:21:05.435+0000] {taskinstance.py:2865} INFO - Starting attempt 1 of 1
[2025-04-14T10:21:05.447+0000] {taskinstance.py:2888} INFO - Executing <Task(SQLExecuteQueryOperator): create_raw_schema> on 2025-04-14 10:21:04.298934+00:00
[2025-04-14T10:21:05.451+0000] {warnings.py:112} WARNING - /home/***/.local/lib/python3.12/site-packages/***/task/task_runner/standard_task_runner.py:70: DeprecationWarning: This process (pid=231) is multi-threaded, use of fork() may lead to deadlocks in the child.
  pid = os.fork()

[2025-04-14T10:21:05.453+0000] {standard_task_runner.py:72} INFO - Started process 234 to run task
[2025-04-14T10:21:05.453+0000] {standard_task_runner.py:104} INFO - Running: ['***', 'tasks', 'run', 'extract_raw_data_pipeline', 'create_raw_schema', 'manual__2025-04-14T10:21:04.298934+00:00', '--job-id', '38', '--raw', '--subdir', 'DAGS_FOLDER/lead_data_pipeline.py', '--cfg-path', '/tmp/tmp11x9iecg']
[2025-04-14T10:21:05.455+0000] {standard_task_runner.py:105} INFO - Job 38: Subtask create_raw_schema
[2025-04-14T10:21:05.497+0000] {task_command.py:467} INFO - Running <TaskInstance: extract_raw_data_pipeline.create_raw_schema manual__2025-04-14T10:21:04.298934+00:00 [running]> on host 9276b9d03819
[2025-04-14T10:21:05.574+0000] {taskinstance.py:3131} INFO - Exporting env vars: AIRFLOW_CTX_DAG_OWNER='***' AIRFLOW_CTX_DAG_ID='extract_raw_data_pipeline' AIRFLOW_CTX_TASK_ID='create_raw_schema' AIRFLOW_CTX_EXECUTION_DATE='2025-04-14T10:21:04.298934+00:00' AIRFLOW_CTX_TRY_NUMBER='1' AIRFLOW_CTX_DAG_RUN_ID='manual__2025-04-14T10:21:04.298934+00:00'
[2025-04-14T10:21:05.575+0000] {taskinstance.py:731} INFO - ::endgroup::
[2025-04-14T10:21:05.588+0000] {sql.py:266} INFO - Executing: CREATE SCHEMA IF NOT EXISTS lead_raw;
[2025-04-14T10:21:05.597+0000] {base.py:84} INFO - Retrieving connection 'postgres_conn'
[2025-04-14T10:21:05.606+0000] {base.py:84} INFO - Retrieving connection 'postgres_conn'
[2025-04-14T10:21:05.610+0000] {sql.py:509} INFO - Running statement: CREATE SCHEMA IF NOT EXISTS lead_raw;, parameters: None
[2025-04-14T10:21:05.621+0000] {taskinstance.py:340} INFO - ::group::Post task execution logs
[2025-04-14T10:21:05.622+0000] {taskinstance.py:352} INFO - Marking task as SUCCESS. dag_id=extract_raw_data_pipeline, task_id=create_raw_schema, run_id=manual__2025-04-14T10:21:04.298934+00:00, execution_date=20250414T102104, start_date=20250414T102105, end_date=20250414T102105
[2025-04-14T10:21:05.670+0000] {local_task_job_runner.py:266} INFO - Task exited with return code 0
[2025-04-14T10:21:05.680+0000] {local_task_job_runner.py:245} INFO - ::endgroup::
