[2025-05-05T14:23:43.250+0000] {local_task_job_runner.py:123} INFO - ::group::Pre task execution logs
[2025-05-05T14:23:43.265+0000] {taskinstance.py:2612} INFO - Dependencies all met for dep_context=non-requeueable deps ti=<TaskInstance: extract_raw_data_pipeline.run_dbt_trusted manual__2025-05-05T14:23:01.532731+00:00 [queued]>
[2025-05-05T14:23:43.275+0000] {taskinstance.py:2612} INFO - Dependencies all met for dep_context=requeueable deps ti=<TaskInstance: extract_raw_data_pipeline.run_dbt_trusted manual__2025-05-05T14:23:01.532731+00:00 [queued]>
[2025-05-05T14:23:43.276+0000] {taskinstance.py:2865} INFO - Starting attempt 1 of 1
[2025-05-05T14:23:43.289+0000] {taskinstance.py:2888} INFO - Executing <Task(BashOperator): run_dbt_trusted> on 2025-05-05 14:23:01.532731+00:00
[2025-05-05T14:23:43.294+0000] {warnings.py:112} WARNING - /home/***/.local/lib/python3.12/site-packages/***/task/task_runner/standard_task_runner.py:70: DeprecationWarning: This process (pid=1502) is multi-threaded, use of fork() may lead to deadlocks in the child.
  pid = os.fork()

[2025-05-05T14:23:43.296+0000] {standard_task_runner.py:72} INFO - Started process 1518 to run task
[2025-05-05T14:23:43.296+0000] {standard_task_runner.py:104} INFO - Running: ['***', 'tasks', 'run', 'extract_raw_data_pipeline', 'run_dbt_trusted', 'manual__2025-05-05T14:23:01.532731+00:00', '--job-id', '34', '--raw', '--subdir', 'DAGS_FOLDER/lead_data_pipeline.py', '--cfg-path', '/tmp/tmpf7xnavnm']
[2025-05-05T14:23:43.297+0000] {standard_task_runner.py:105} INFO - Job 34: Subtask run_dbt_trusted
[2025-05-05T14:23:43.339+0000] {task_command.py:467} INFO - Running <TaskInstance: extract_raw_data_pipeline.run_dbt_trusted manual__2025-05-05T14:23:01.532731+00:00 [running]> on host 433e63c87a30
[2025-05-05T14:23:43.416+0000] {taskinstance.py:3131} INFO - Exporting env vars: AIRFLOW_CTX_DAG_OWNER='***' AIRFLOW_CTX_DAG_ID='extract_raw_data_pipeline' AIRFLOW_CTX_TASK_ID='run_dbt_trusted' AIRFLOW_CTX_EXECUTION_DATE='2025-05-05T14:23:01.532731+00:00' AIRFLOW_CTX_TRY_NUMBER='1' AIRFLOW_CTX_DAG_RUN_ID='manual__2025-05-05T14:23:01.532731+00:00'
[2025-05-05T14:23:43.417+0000] {taskinstance.py:731} INFO - ::endgroup::
[2025-05-05T14:23:43.432+0000] {subprocess.py:63} INFO - Tmp dir root location: /tmp
[2025-05-05T14:23:43.433+0000] {subprocess.py:75} INFO - Running command: ['/usr/bin/bash', '-c', 'set -x; cd /opt/***/dbt && dbt run --select tag:trusted']
[2025-05-05T14:23:43.442+0000] {subprocess.py:86} INFO - Output:
[2025-05-05T14:23:43.443+0000] {subprocess.py:93} INFO - + cd /opt/***/dbt
[2025-05-05T14:23:43.444+0000] {subprocess.py:93} INFO - + dbt run --select tag:trusted
[2025-05-05T14:23:45.440+0000] {subprocess.py:93} INFO - [0m14:23:45  Running with dbt=1.8.0
[2025-05-05T14:23:45.689+0000] {subprocess.py:93} INFO - [0m14:23:45  Registered adapter: postgres=1.8.2
[2025-05-05T14:23:46.083+0000] {subprocess.py:93} INFO - [0m14:23:46  Found 9 models, 10 sources, 428 macros
[2025-05-05T14:23:46.085+0000] {subprocess.py:93} INFO - [0m14:23:46
[2025-05-05T14:23:46.201+0000] {subprocess.py:93} INFO - [0m14:23:46  Concurrency: 1 threads (target='dev')
[2025-05-05T14:23:46.202+0000] {subprocess.py:93} INFO - [0m14:23:46
[2025-05-05T14:23:46.213+0000] {subprocess.py:93} INFO - [0m14:23:46  1 of 4 START sql table model lead_trusted.non_pii_data ......................... [RUN]
[2025-05-05T14:23:49.644+0000] {subprocess.py:93} INFO - [0m14:23:49  1 of 4 OK created sql table model lead_trusted.non_pii_data .................... [[32mSELECT 200744[0m in 3.43s]
[2025-05-05T14:23:49.647+0000] {subprocess.py:93} INFO - [0m14:23:49  2 of 4 START sql table model lead_trusted.payment_data ......................... [RUN]
[2025-05-05T14:23:50.767+0000] {subprocess.py:93} INFO - [0m14:23:50  2 of 4 OK created sql table model lead_trusted.payment_data .................... [[32mSELECT 200744[0m in 1.12s]
[2025-05-05T14:23:50.769+0000] {subprocess.py:93} INFO - [0m14:23:50  3 of 4 START sql table model lead_trusted.pii_data ............................. [RUN]
[2025-05-05T14:23:54.600+0000] {subprocess.py:93} INFO - [0m14:23:54  3 of 4 OK created sql table model lead_trusted.pii_data ........................ [[32mSELECT 200744[0m in 3.83s]
[2025-05-05T14:23:54.602+0000] {subprocess.py:93} INFO - [0m14:23:54  4 of 4 START sql table model lead_trusted.technical_data ....................... [RUN]
[2025-05-05T14:23:56.030+0000] {subprocess.py:93} INFO - [0m14:23:56  4 of 4 OK created sql table model lead_trusted.technical_data .................. [[32mSELECT 200744[0m in 1.42s]
[2025-05-05T14:23:56.061+0000] {subprocess.py:93} INFO - [0m14:23:56
[2025-05-05T14:23:56.061+0000] {subprocess.py:93} INFO - [0m14:23:56  Finished running 4 table models in 0 hours 0 minutes and 9.97 seconds (9.97s).
[2025-05-05T14:23:56.129+0000] {subprocess.py:93} INFO - [0m14:23:56
[2025-05-05T14:23:56.131+0000] {subprocess.py:93} INFO - [0m14:23:56  [32mCompleted successfully[0m
[2025-05-05T14:23:56.132+0000] {subprocess.py:93} INFO - [0m14:23:56
[2025-05-05T14:23:56.134+0000] {subprocess.py:93} INFO - [0m14:23:56  Done. PASS=4 WARN=0 ERROR=0 SKIP=0 TOTAL=4
[2025-05-05T14:23:56.944+0000] {subprocess.py:97} INFO - Command exited with return code 0
[2025-05-05T14:23:56.970+0000] {taskinstance.py:340} INFO - ::group::Post task execution logs
[2025-05-05T14:23:56.971+0000] {taskinstance.py:352} INFO - Marking task as SUCCESS. dag_id=extract_raw_data_pipeline, task_id=run_dbt_trusted, run_id=manual__2025-05-05T14:23:01.532731+00:00, execution_date=20250505T142301, start_date=20250505T142343, end_date=20250505T142356
[2025-05-05T14:23:57.016+0000] {local_task_job_runner.py:266} INFO - Task exited with return code 0
[2025-05-05T14:23:57.032+0000] {taskinstance.py:3900} INFO - 0 downstream tasks scheduled from follow-on schedule check
[2025-05-05T14:23:57.034+0000] {local_task_job_runner.py:245} INFO - ::endgroup::
