[2025-04-17T07:59:36.305+0000] {local_task_job_runner.py:123} INFO - ::group::Pre task execution logs
[2025-04-17T07:59:36.325+0000] {taskinstance.py:2612} INFO - Dependencies all met for dep_context=non-requeueable deps ti=<TaskInstance: extract_raw_data_pipeline.extract_raw_data scheduled__2025-04-16T00:00:00+00:00 [queued]>
[2025-04-17T07:59:36.334+0000] {taskinstance.py:2612} INFO - Dependencies all met for dep_context=requeueable deps ti=<TaskInstance: extract_raw_data_pipeline.extract_raw_data scheduled__2025-04-16T00:00:00+00:00 [queued]>
[2025-04-17T07:59:36.334+0000] {taskinstance.py:2865} INFO - Starting attempt 1 of 1
[2025-04-17T07:59:36.352+0000] {taskinstance.py:2888} INFO - Executing <Task(PythonOperator): extract_raw_data> on 2025-04-16 00:00:00+00:00
[2025-04-17T07:59:36.358+0000] {warnings.py:112} WARNING - /home/***/.local/lib/python3.12/site-packages/***/task/task_runner/standard_task_runner.py:70: DeprecationWarning: This process (pid=77) is multi-threaded, use of fork() may lead to deadlocks in the child.
  pid = os.fork()

[2025-04-17T07:59:36.361+0000] {standard_task_runner.py:72} INFO - Started process 85 to run task
[2025-04-17T07:59:36.361+0000] {standard_task_runner.py:104} INFO - Running: ['***', 'tasks', 'run', 'extract_raw_data_pipeline', 'extract_raw_data', 'scheduled__2025-04-16T00:00:00+00:00', '--job-id', '3', '--raw', '--subdir', 'DAGS_FOLDER/lead_data_pipeline.py', '--cfg-path', '/tmp/tmpkeyyvw2f']
[2025-04-17T07:59:36.362+0000] {standard_task_runner.py:105} INFO - Job 3: Subtask extract_raw_data
[2025-04-17T07:59:36.415+0000] {task_command.py:467} INFO - Running <TaskInstance: extract_raw_data_pipeline.extract_raw_data scheduled__2025-04-16T00:00:00+00:00 [running]> on host ce366e4f219f
[2025-04-17T07:59:36.505+0000] {taskinstance.py:3131} INFO - Exporting env vars: AIRFLOW_CTX_DAG_OWNER='***' AIRFLOW_CTX_DAG_ID='extract_raw_data_pipeline' AIRFLOW_CTX_TASK_ID='extract_raw_data' AIRFLOW_CTX_EXECUTION_DATE='2025-04-16T00:00:00+00:00' AIRFLOW_CTX_TRY_NUMBER='1' AIRFLOW_CTX_DAG_RUN_ID='scheduled__2025-04-16T00:00:00+00:00'
[2025-04-17T07:59:36.506+0000] {taskinstance.py:731} INFO - ::endgroup::
[2025-04-17T07:59:36.542+0000] {lead_data_pipeline.py:146} INFO - Started batch processing for 2025-04-17.
[2025-04-17T07:59:36.543+0000] {lead_data_pipeline.py:35} INFO - Created synthetic data for RO country code.
[2025-04-17T07:59:36.654+0000] {lead_data_pipeline.py:103} INFO - Written 155 records to the CSV file.
[2025-04-17T07:59:38.165+0000] {lead_data_pipeline.py:119} INFO - Added UUID to the dataset.
[2025-04-17T07:59:38.480+0000] {lead_data_pipeline.py:138} INFO - Updated accessed timestamp.
[2025-04-17T07:59:38.481+0000] {lead_data_pipeline.py:154} INFO - Finished batch processing 2025-04-17.
[2025-04-17T07:59:38.482+0000] {python.py:240} INFO - Done. Returned value was: None
[2025-04-17T07:59:38.494+0000] {taskinstance.py:340} INFO - ::group::Post task execution logs
[2025-04-17T07:59:38.495+0000] {taskinstance.py:352} INFO - Marking task as SUCCESS. dag_id=extract_raw_data_pipeline, task_id=extract_raw_data, run_id=scheduled__2025-04-16T00:00:00+00:00, execution_date=20250416T000000, start_date=20250417T075936, end_date=20250417T075938
[2025-04-17T07:59:38.554+0000] {local_task_job_runner.py:266} INFO - Task exited with return code 0
[2025-04-17T07:59:38.579+0000] {taskinstance.py:3900} INFO - 0 downstream tasks scheduled from follow-on schedule check
[2025-04-17T07:59:38.583+0000] {local_task_job_runner.py:245} INFO - ::endgroup::
[2025-04-17T12:58:47.305+0000] {local_task_job_runner.py:123} INFO - ::group::Pre task execution logs
[2025-04-17T12:58:47.327+0000] {taskinstance.py:2612} INFO - Dependencies all met for dep_context=non-requeueable deps ti=<TaskInstance: extract_raw_data_pipeline.extract_raw_data scheduled__2025-04-16T00:00:00+00:00 [queued]>
[2025-04-17T12:58:47.336+0000] {taskinstance.py:2612} INFO - Dependencies all met for dep_context=requeueable deps ti=<TaskInstance: extract_raw_data_pipeline.extract_raw_data scheduled__2025-04-16T00:00:00+00:00 [queued]>
[2025-04-17T12:58:47.337+0000] {taskinstance.py:2865} INFO - Starting attempt 1 of 1
[2025-04-17T12:58:47.352+0000] {taskinstance.py:2888} INFO - Executing <Task(PythonOperator): extract_raw_data> on 2025-04-16 00:00:00+00:00
[2025-04-17T12:58:47.358+0000] {warnings.py:112} WARNING - /home/***/.local/lib/python3.12/site-packages/***/task/task_runner/standard_task_runner.py:70: DeprecationWarning: This process (pid=100) is multi-threaded, use of fork() may lead to deadlocks in the child.
  pid = os.fork()

[2025-04-17T12:58:47.363+0000] {standard_task_runner.py:72} INFO - Started process 108 to run task
[2025-04-17T12:58:47.364+0000] {standard_task_runner.py:104} INFO - Running: ['***', 'tasks', 'run', 'extract_raw_data_pipeline', 'extract_raw_data', 'scheduled__2025-04-16T00:00:00+00:00', '--job-id', '4', '--raw', '--subdir', 'DAGS_FOLDER/lead_data_pipeline.py', '--cfg-path', '/tmp/tmp9mey447y']
[2025-04-17T12:58:47.366+0000] {standard_task_runner.py:105} INFO - Job 4: Subtask extract_raw_data
[2025-04-17T12:58:47.446+0000] {task_command.py:467} INFO - Running <TaskInstance: extract_raw_data_pipeline.extract_raw_data scheduled__2025-04-16T00:00:00+00:00 [running]> on host 6a8a11e9ce0a
[2025-04-17T12:58:47.546+0000] {taskinstance.py:3131} INFO - Exporting env vars: AIRFLOW_CTX_DAG_OWNER='***' AIRFLOW_CTX_DAG_ID='extract_raw_data_pipeline' AIRFLOW_CTX_TASK_ID='extract_raw_data' AIRFLOW_CTX_EXECUTION_DATE='2025-04-16T00:00:00+00:00' AIRFLOW_CTX_TRY_NUMBER='1' AIRFLOW_CTX_DAG_RUN_ID='scheduled__2025-04-16T00:00:00+00:00'
[2025-04-17T12:58:47.548+0000] {taskinstance.py:731} INFO - ::endgroup::
[2025-04-17T12:58:47.585+0000] {lead_data_pipeline.py:146} INFO - Started batch processing for 2025-04-17.
[2025-04-17T12:58:47.585+0000] {lead_data_pipeline.py:35} INFO - Created synthetic data for RO country code.
[2025-04-17T12:58:47.891+0000] {lead_data_pipeline.py:103} INFO - Written 724 records to the CSV file.
[2025-04-17T12:58:49.402+0000] {lead_data_pipeline.py:119} INFO - Added UUID to the dataset.
[2025-04-17T12:58:49.696+0000] {lead_data_pipeline.py:138} INFO - Updated accessed timestamp.
[2025-04-17T12:58:49.697+0000] {lead_data_pipeline.py:154} INFO - Finished batch processing 2025-04-17.
[2025-04-17T12:58:49.698+0000] {python.py:240} INFO - Done. Returned value was: None
[2025-04-17T12:58:49.708+0000] {taskinstance.py:340} INFO - ::group::Post task execution logs
[2025-04-17T12:58:49.709+0000] {taskinstance.py:352} INFO - Marking task as SUCCESS. dag_id=extract_raw_data_pipeline, task_id=extract_raw_data, run_id=scheduled__2025-04-16T00:00:00+00:00, execution_date=20250416T000000, start_date=20250417T125847, end_date=20250417T125849
[2025-04-17T12:58:49.758+0000] {local_task_job_runner.py:266} INFO - Task exited with return code 0
[2025-04-17T12:58:49.784+0000] {taskinstance.py:3900} INFO - 0 downstream tasks scheduled from follow-on schedule check
[2025-04-17T12:58:49.788+0000] {local_task_job_runner.py:245} INFO - ::endgroup::
