[2025-04-17T07:28:16.343+0000] {local_task_job_runner.py:123} INFO - ::group::Pre task execution logs
[2025-04-17T07:28:16.379+0000] {taskinstance.py:2612} INFO - Dependencies all met for dep_context=non-requeueable deps ti=<TaskInstance: extract_raw_data_pipeline.run_dbt_staging scheduled__2025-04-17T07:27:00+00:00 [queued]>
[2025-04-17T07:28:16.394+0000] {taskinstance.py:2612} INFO - Dependencies all met for dep_context=requeueable deps ti=<TaskInstance: extract_raw_data_pipeline.run_dbt_staging scheduled__2025-04-17T07:27:00+00:00 [queued]>
[2025-04-17T07:28:16.397+0000] {taskinstance.py:2865} INFO - Starting attempt 1 of 1
[2025-04-17T07:28:16.459+0000] {taskinstance.py:2888} INFO - Executing <Task(BashOperator): run_dbt_staging> on 2025-04-17 07:27:00+00:00
[2025-04-17T07:28:16.482+0000] {warnings.py:112} WARNING - /home/***/.local/lib/python3.12/site-packages/***/task/task_runner/standard_task_runner.py:70: DeprecationWarning: This process (pid=12415) is multi-threaded, use of fork() may lead to deadlocks in the child.
  pid = os.fork()

[2025-04-17T07:28:16.492+0000] {standard_task_runner.py:72} INFO - Started process 12417 to run task
[2025-04-17T07:28:16.493+0000] {standard_task_runner.py:104} INFO - Running: ['***', 'tasks', 'run', 'extract_raw_data_pipeline', 'run_dbt_staging', 'scheduled__2025-04-17T07:27:00+00:00', '--job-id', '168', '--raw', '--subdir', 'DAGS_FOLDER/lead_data_pipeline.py', '--cfg-path', '/tmp/tmpexy4a78j']
[2025-04-17T07:28:16.500+0000] {standard_task_runner.py:105} INFO - Job 168: Subtask run_dbt_staging
[2025-04-17T07:28:17.049+0000] {task_command.py:467} INFO - Running <TaskInstance: extract_raw_data_pipeline.run_dbt_staging scheduled__2025-04-17T07:27:00+00:00 [running]> on host c0ac39583bd8
[2025-04-17T07:28:17.698+0000] {taskinstance.py:3131} INFO - Exporting env vars: AIRFLOW_CTX_DAG_OWNER='***' AIRFLOW_CTX_DAG_ID='extract_raw_data_pipeline' AIRFLOW_CTX_TASK_ID='run_dbt_staging' AIRFLOW_CTX_EXECUTION_DATE='2025-04-17T07:27:00+00:00' AIRFLOW_CTX_TRY_NUMBER='1' AIRFLOW_CTX_DAG_RUN_ID='scheduled__2025-04-17T07:27:00+00:00'
[2025-04-17T07:28:17.705+0000] {taskinstance.py:731} INFO - ::endgroup::
[2025-04-17T07:28:17.794+0000] {subprocess.py:63} INFO - Tmp dir root location: /tmp
[2025-04-17T07:28:17.802+0000] {subprocess.py:75} INFO - Running command: ['/usr/bin/bash', '-c', 'set -x; cd /opt/***/dbt && dbt run --select tag:staging']
[2025-04-17T07:28:17.864+0000] {subprocess.py:86} INFO - Output:
[2025-04-17T07:28:17.875+0000] {subprocess.py:93} INFO - + cd /opt/***/dbt
[2025-04-17T07:28:17.879+0000] {subprocess.py:93} INFO - + dbt run --select tag:staging
[2025-04-17T07:28:29.972+0000] {subprocess.py:93} INFO - [0m07:28:29  Running with dbt=1.8.0
[2025-04-17T07:28:30.354+0000] {subprocess.py:93} INFO - [0m07:28:30  Registered adapter: postgres=1.8.2
[2025-04-17T07:28:30.910+0000] {subprocess.py:93} INFO - [0m07:28:30  Found 9 models, 10 sources, 428 macros
[2025-04-17T07:28:30.913+0000] {subprocess.py:93} INFO - [0m07:28:30
[2025-04-17T07:28:31.066+0000] {subprocess.py:93} INFO - [0m07:28:31  Concurrency: 1 threads (target='dev')
[2025-04-17T07:28:31.067+0000] {subprocess.py:93} INFO - [0m07:28:31
[2025-04-17T07:28:31.079+0000] {subprocess.py:93} INFO - [0m07:28:31  1 of 5 START sql table model lead_staging.dim_address .......................... [RUN]
[2025-04-17T07:30:25.837+0000] {subprocess.py:93} INFO - [0m07:30:25  1 of 5 OK created sql table model lead_staging.dim_address ..................... [[32mSELECT 4164290[0m in 114.75s]
[2025-04-17T07:30:25.843+0000] {subprocess.py:93} INFO - [0m07:30:25  2 of 5 START sql table model lead_staging.dim_date ............................. [RUN]
[2025-04-17T07:33:20.753+0000] {subprocess.py:93} INFO - [0m07:33:20  2 of 5 OK created sql table model lead_staging.dim_date ........................ [[32mSELECT 4590259[0m in 174.91s]
[2025-04-17T07:33:20.759+0000] {subprocess.py:93} INFO - [0m07:33:20  3 of 5 START sql table model lead_staging.dim_finance .......................... [RUN]
[2025-04-17T07:34:38.175+0000] {subprocess.py:93} INFO - [0m07:34:38  3 of 5 OK created sql table model lead_staging.dim_finance ..................... [[32mSELECT 5234791[0m in 77.41s]
[2025-04-17T07:34:38.182+0000] {subprocess.py:93} INFO - [0m07:34:38  4 of 5 START sql table model lead_staging.dim_person ........................... [RUN]
