[2025-04-17T07:42:07.786+0000] {local_task_job_runner.py:123} INFO - ::group::Pre task execution logs
[2025-04-17T07:42:07.804+0000] {taskinstance.py:2612} INFO - Dependencies all met for dep_context=non-requeueable deps ti=<TaskInstance: extract_raw_data_pipeline.run_dbt_staging scheduled__2025-04-17T07:41:00+00:00 [queued]>
[2025-04-17T07:42:07.813+0000] {taskinstance.py:2612} INFO - Dependencies all met for dep_context=requeueable deps ti=<TaskInstance: extract_raw_data_pipeline.run_dbt_staging scheduled__2025-04-17T07:41:00+00:00 [queued]>
[2025-04-17T07:42:07.813+0000] {taskinstance.py:2865} INFO - Starting attempt 1 of 1
[2025-04-17T07:42:07.826+0000] {taskinstance.py:2888} INFO - Executing <Task(BashOperator): run_dbt_staging> on 2025-04-17 07:41:00+00:00
[2025-04-17T07:42:07.832+0000] {warnings.py:112} WARNING - /home/***/.local/lib/python3.12/site-packages/***/task/task_runner/standard_task_runner.py:70: DeprecationWarning: This process (pid=150) is multi-threaded, use of fork() may lead to deadlocks in the child.
  pid = os.fork()

[2025-04-17T07:42:07.835+0000] {standard_task_runner.py:72} INFO - Started process 152 to run task
[2025-04-17T07:42:07.835+0000] {standard_task_runner.py:104} INFO - Running: ['***', 'tasks', 'run', 'extract_raw_data_pipeline', 'run_dbt_staging', 'scheduled__2025-04-17T07:41:00+00:00', '--job-id', '219', '--raw', '--subdir', 'DAGS_FOLDER/lead_data_pipeline.py', '--cfg-path', '/tmp/tmp_2nf7dla']
[2025-04-17T07:42:07.836+0000] {standard_task_runner.py:105} INFO - Job 219: Subtask run_dbt_staging
[2025-04-17T07:42:07.887+0000] {task_command.py:467} INFO - Running <TaskInstance: extract_raw_data_pipeline.run_dbt_staging scheduled__2025-04-17T07:41:00+00:00 [running]> on host c0ac39583bd8
[2025-04-17T07:42:07.969+0000] {taskinstance.py:3131} INFO - Exporting env vars: AIRFLOW_CTX_DAG_OWNER='***' AIRFLOW_CTX_DAG_ID='extract_raw_data_pipeline' AIRFLOW_CTX_TASK_ID='run_dbt_staging' AIRFLOW_CTX_EXECUTION_DATE='2025-04-17T07:41:00+00:00' AIRFLOW_CTX_TRY_NUMBER='1' AIRFLOW_CTX_DAG_RUN_ID='scheduled__2025-04-17T07:41:00+00:00'
[2025-04-17T07:42:07.970+0000] {taskinstance.py:731} INFO - ::endgroup::
[2025-04-17T07:42:07.984+0000] {subprocess.py:63} INFO - Tmp dir root location: /tmp
[2025-04-17T07:42:07.985+0000] {subprocess.py:75} INFO - Running command: ['/usr/bin/bash', '-c', 'set -x; cd /opt/***/dbt && dbt run --select tag:staging']
[2025-04-17T07:42:07.995+0000] {subprocess.py:86} INFO - Output:
[2025-04-17T07:42:07.997+0000] {subprocess.py:93} INFO - + cd /opt/***/dbt
[2025-04-17T07:42:07.997+0000] {subprocess.py:93} INFO - + dbt run --select tag:staging
[2025-04-17T07:42:10.384+0000] {subprocess.py:93} INFO - [0m07:42:10  Running with dbt=1.8.0
[2025-04-17T07:42:10.705+0000] {subprocess.py:93} INFO - [0m07:42:10  Registered adapter: postgres=1.8.2
[2025-04-17T07:42:11.186+0000] {subprocess.py:93} INFO - [0m07:42:11  Found 9 models, 10 sources, 428 macros
[2025-04-17T07:42:11.189+0000] {subprocess.py:93} INFO - [0m07:42:11
[2025-04-17T07:42:11.327+0000] {subprocess.py:93} INFO - [0m07:42:11  Concurrency: 1 threads (target='dev')
[2025-04-17T07:42:11.328+0000] {subprocess.py:93} INFO - [0m07:42:11
[2025-04-17T07:42:11.340+0000] {subprocess.py:93} INFO - [0m07:42:11  1 of 5 START sql table model lead_staging.dim_address .......................... [RUN]
[2025-04-17T07:42:30.106+0000] {subprocess.py:93} INFO - [0m07:42:30  1 of 5 OK created sql table model lead_staging.dim_address ..................... [[32mSELECT 6103093[0m in 18.76s]
[2025-04-17T07:42:30.108+0000] {subprocess.py:93} INFO - [0m07:42:30  2 of 5 START sql table model lead_staging.dim_date ............................. [RUN]
[2025-04-17T07:42:39.038+0000] {subprocess.py:93} INFO - [0m07:42:39  2 of 5 OK created sql table model lead_staging.dim_date ........................ [[32mSELECT 6103093[0m in 8.93s]
[2025-04-17T07:42:39.041+0000] {subprocess.py:93} INFO - [0m07:42:39  3 of 5 START sql table model lead_staging.dim_finance .......................... [RUN]
[2025-04-17T07:42:49.402+0000] {subprocess.py:93} INFO - [0m07:42:49  3 of 5 OK created sql table model lead_staging.dim_finance ..................... [[32mSELECT 6103093[0m in 10.36s]
[2025-04-17T07:42:49.405+0000] {subprocess.py:93} INFO - [0m07:42:49  4 of 5 START sql table model lead_staging.dim_person ........................... [RUN]
[2025-04-17T07:43:05.113+0000] {subprocess.py:93} INFO - [0m07:43:05  4 of 5 OK created sql table model lead_staging.dim_person ...................... [[32mSELECT 6103093[0m in 15.71s]
[2025-04-17T07:43:05.117+0000] {subprocess.py:93} INFO - [0m07:43:05  5 of 5 START sql table model lead_staging.fact_network_usage ................... [RUN]
[2025-04-17T07:47:17.327+0000] {subprocess.py:93} INFO - [0m07:47:17  5 of 5 OK created sql table model lead_staging.fact_network_usage .............. [[32mSELECT 6103093[0m in 252.21s]
[2025-04-17T07:47:17.351+0000] {subprocess.py:93} INFO - [0m07:47:17
[2025-04-17T07:47:17.352+0000] {subprocess.py:93} INFO - [0m07:47:17  Finished running 5 table models in 0 hours 5 minutes and 6.16 seconds (306.16s).
[2025-04-17T07:47:17.458+0000] {subprocess.py:93} INFO - [0m07:47:17
[2025-04-17T07:47:17.459+0000] {subprocess.py:93} INFO - [0m07:47:17  [32mCompleted successfully[0m
[2025-04-17T07:47:17.461+0000] {subprocess.py:93} INFO - [0m07:47:17
[2025-04-17T07:47:17.462+0000] {subprocess.py:93} INFO - [0m07:47:17  Done. PASS=5 WARN=0 ERROR=0 SKIP=0 TOTAL=5
[2025-04-17T07:47:18.493+0000] {subprocess.py:97} INFO - Command exited with return code 0
[2025-04-17T07:47:18.567+0000] {taskinstance.py:340} INFO - ::group::Post task execution logs
[2025-04-17T07:47:18.585+0000] {taskinstance.py:352} INFO - Marking task as SUCCESS. dag_id=extract_raw_data_pipeline, task_id=run_dbt_staging, run_id=scheduled__2025-04-17T07:41:00+00:00, execution_date=20250417T074100, start_date=20250417T074207, end_date=20250417T074718
[2025-04-17T07:47:18.633+0000] {local_task_job_runner.py:266} INFO - Task exited with return code 0
[2025-04-17T07:47:18.673+0000] {taskinstance.py:3900} INFO - 1 downstream tasks scheduled from follow-on schedule check
[2025-04-17T07:47:18.758+0000] {local_task_job_runner.py:245} INFO - ::endgroup::
