[2025-05-06T13:38:03.485+0000] {local_task_job_runner.py:123} INFO - ::group::Pre task execution logs
[2025-05-06T13:38:03.501+0000] {taskinstance.py:2612} INFO - Dependencies all met for dep_context=non-requeueable deps ti=<TaskInstance: extract_raw_data_pipeline2.extract_raw_data manual__2025-05-06T13:38:02.447309+00:00 [queued]>
[2025-05-06T13:38:03.510+0000] {taskinstance.py:2612} INFO - Dependencies all met for dep_context=requeueable deps ti=<TaskInstance: extract_raw_data_pipeline2.extract_raw_data manual__2025-05-06T13:38:02.447309+00:00 [queued]>
[2025-05-06T13:38:03.510+0000] {taskinstance.py:2865} INFO - Starting attempt 1 of 1
[2025-05-06T13:38:03.524+0000] {taskinstance.py:2888} INFO - Executing <Task(PythonOperator): extract_raw_data> on 2025-05-06 13:38:02.447309+00:00
[2025-05-06T13:38:03.529+0000] {warnings.py:112} WARNING - /home/***/.local/lib/python3.12/site-packages/***/task/task_runner/standard_task_runner.py:70: DeprecationWarning: This process (pid=752) is multi-threaded, use of fork() may lead to deadlocks in the child.
  pid = os.fork()

[2025-05-06T13:38:03.531+0000] {standard_task_runner.py:72} INFO - Started process 784 to run task
[2025-05-06T13:38:03.531+0000] {standard_task_runner.py:104} INFO - Running: ['***', 'tasks', 'run', 'extract_raw_data_pipeline2', 'extract_raw_data', 'manual__2025-05-06T13:38:02.447309+00:00', '--job-id', '15', '--raw', '--subdir', 'DAGS_FOLDER/lead_data_pipeline copy.py', '--cfg-path', '/tmp/tmpcryl4vcd']
[2025-05-06T13:38:03.532+0000] {standard_task_runner.py:105} INFO - Job 15: Subtask extract_raw_data
[2025-05-06T13:38:03.578+0000] {task_command.py:467} INFO - Running <TaskInstance: extract_raw_data_pipeline2.extract_raw_data manual__2025-05-06T13:38:02.447309+00:00 [running]> on host c4a5e29a95f8
[2025-05-06T13:38:03.654+0000] {taskinstance.py:3131} INFO - Exporting env vars: AIRFLOW_CTX_DAG_OWNER='***' AIRFLOW_CTX_DAG_ID='extract_raw_data_pipeline2' AIRFLOW_CTX_TASK_ID='extract_raw_data' AIRFLOW_CTX_EXECUTION_DATE='2025-05-06T13:38:02.447309+00:00' AIRFLOW_CTX_TRY_NUMBER='1' AIRFLOW_CTX_DAG_RUN_ID='manual__2025-05-06T13:38:02.447309+00:00'
[2025-05-06T13:38:03.655+0000] {taskinstance.py:731} INFO - ::endgroup::
[2025-05-06T13:38:03.669+0000] {lead_data_pipeline copy.py:161} INFO - Started batch processing for 2025-05-06.
[2025-05-06T13:38:03.670+0000] {lead_data_pipeline copy.py:35} INFO - Created synthetic data for RO country code.
[2025-05-06T13:41:30.319+0000] {lead_data_pipeline copy.py:125} INFO - Added 100372 new records.
[2025-05-06T13:41:31.038+0000] {lead_data_pipeline copy.py:152} INFO - Exported current data to CSV
[2025-05-06T13:41:31.044+0000] {lead_data_pipeline copy.py:167} INFO - Finished batch processing 2025-05-06.
[2025-05-06T13:41:31.044+0000] {python.py:240} INFO - Done. Returned value was: None
[2025-05-06T13:41:31.055+0000] {taskinstance.py:340} INFO - ::group::Post task execution logs
[2025-05-06T13:41:31.056+0000] {taskinstance.py:352} INFO - Marking task as SUCCESS. dag_id=extract_raw_data_pipeline2, task_id=extract_raw_data, run_id=manual__2025-05-06T13:38:02.447309+00:00, execution_date=20250506T133802, start_date=20250506T133803, end_date=20250506T134131
[2025-05-06T13:41:31.100+0000] {local_task_job_runner.py:266} INFO - Task exited with return code 0
[2025-05-06T13:41:31.122+0000] {taskinstance.py:3900} INFO - 1 downstream tasks scheduled from follow-on schedule check
[2025-05-06T13:41:31.125+0000] {local_task_job_runner.py:245} INFO - ::endgroup::
