[2025-04-15T07:53:09.235+0000] {local_task_job_runner.py:123} INFO - ::group::Pre task execution logs
[2025-04-15T07:53:09.258+0000] {taskinstance.py:2612} INFO - Dependencies all met for dep_context=non-requeueable deps ti=<TaskInstance: extract_raw_data_pipeline.extract_raw_data scheduled__2025-04-15T07:52:00+00:00 [queued]>
[2025-04-15T07:53:09.269+0000] {taskinstance.py:2612} INFO - Dependencies all met for dep_context=requeueable deps ti=<TaskInstance: extract_raw_data_pipeline.extract_raw_data scheduled__2025-04-15T07:52:00+00:00 [queued]>
[2025-04-15T07:53:09.269+0000] {taskinstance.py:2865} INFO - Starting attempt 1 of 1
[2025-04-15T07:53:09.292+0000] {taskinstance.py:2888} INFO - Executing <Task(PythonOperator): extract_raw_data> on 2025-04-15 07:52:00+00:00
[2025-04-15T07:53:09.298+0000] {warnings.py:112} WARNING - /home/***/.local/lib/python3.12/site-packages/***/task/task_runner/standard_task_runner.py:70: DeprecationWarning: This process (pid=3742) is multi-threaded, use of fork() may lead to deadlocks in the child.
  pid = os.fork()

[2025-04-15T07:53:09.300+0000] {standard_task_runner.py:72} INFO - Started process 3747 to run task
[2025-04-15T07:53:09.300+0000] {standard_task_runner.py:104} INFO - Running: ['***', 'tasks', 'run', 'extract_raw_data_pipeline', 'extract_raw_data', 'scheduled__2025-04-15T07:52:00+00:00', '--job-id', '96', '--raw', '--subdir', 'DAGS_FOLDER/lead_data_pipeline.py', '--cfg-path', '/tmp/tmpozek2do0']
[2025-04-15T07:53:09.302+0000] {standard_task_runner.py:105} INFO - Job 96: Subtask extract_raw_data
[2025-04-15T07:53:09.358+0000] {task_command.py:467} INFO - Running <TaskInstance: extract_raw_data_pipeline.extract_raw_data scheduled__2025-04-15T07:52:00+00:00 [running]> on host c0ac39583bd8
[2025-04-15T07:53:09.460+0000] {taskinstance.py:3131} INFO - Exporting env vars: AIRFLOW_CTX_DAG_OWNER='***' AIRFLOW_CTX_DAG_ID='extract_raw_data_pipeline' AIRFLOW_CTX_TASK_ID='extract_raw_data' AIRFLOW_CTX_EXECUTION_DATE='2025-04-15T07:52:00+00:00' AIRFLOW_CTX_TRY_NUMBER='1' AIRFLOW_CTX_DAG_RUN_ID='scheduled__2025-04-15T07:52:00+00:00'
[2025-04-15T07:53:09.461+0000] {taskinstance.py:731} INFO - ::endgroup::
[2025-04-15T07:53:09.477+0000] {lead_data_pipeline.py:146} INFO - Started batch processing for 2025-04-15.
[2025-04-15T07:53:09.478+0000] {lead_data_pipeline.py:35} INFO - Created synthetic data for RO country code.
[2025-04-15T07:53:09.807+0000] {lead_data_pipeline.py:103} INFO - Written 824 records to the CSV file.
[2025-04-15T07:53:10.855+0000] {lead_data_pipeline.py:119} INFO - Added UUID to the dataset.
[2025-04-15T07:53:11.106+0000] {lead_data_pipeline.py:138} INFO - Updated accessed timestamp.
[2025-04-15T07:53:11.108+0000] {lead_data_pipeline.py:154} INFO - Finished batch processing 2025-04-15.
[2025-04-15T07:53:11.108+0000] {python.py:240} INFO - Done. Returned value was: None
[2025-04-15T07:53:11.118+0000] {taskinstance.py:340} INFO - ::group::Post task execution logs
[2025-04-15T07:53:11.119+0000] {taskinstance.py:352} INFO - Marking task as SUCCESS. dag_id=extract_raw_data_pipeline, task_id=extract_raw_data, run_id=scheduled__2025-04-15T07:52:00+00:00, execution_date=20250415T075200, start_date=20250415T075309, end_date=20250415T075311
[2025-04-15T07:53:11.174+0000] {local_task_job_runner.py:266} INFO - Task exited with return code 0
[2025-04-15T07:53:11.203+0000] {taskinstance.py:3900} INFO - 1 downstream tasks scheduled from follow-on schedule check
[2025-04-15T07:53:11.206+0000] {local_task_job_runner.py:245} INFO - ::endgroup::
