[2025-05-05T14:11:52.678+0000] {local_task_job_runner.py:123} INFO - ::group::Pre task execution logs
[2025-05-05T14:11:52.698+0000] {taskinstance.py:2612} INFO - Dependencies all met for dep_context=non-requeueable deps ti=<TaskInstance: extract_raw_data_pipeline.run_dbt_trusted manual__2025-05-05T14:11:12.723936+00:00 [queued]>
[2025-05-05T14:11:52.710+0000] {taskinstance.py:2612} INFO - Dependencies all met for dep_context=requeueable deps ti=<TaskInstance: extract_raw_data_pipeline.run_dbt_trusted manual__2025-05-05T14:11:12.723936+00:00 [queued]>
[2025-05-05T14:11:52.711+0000] {taskinstance.py:2865} INFO - Starting attempt 1 of 1
[2025-05-05T14:11:52.725+0000] {taskinstance.py:2888} INFO - Executing <Task(BashOperator): run_dbt_trusted> on 2025-05-05 14:11:12.723936+00:00
[2025-05-05T14:11:52.730+0000] {warnings.py:112} WARNING - /home/***/.local/lib/python3.12/site-packages/***/task/task_runner/standard_task_runner.py:70: DeprecationWarning: This process (pid=1118) is multi-threaded, use of fork() may lead to deadlocks in the child.
  pid = os.fork()

[2025-05-05T14:11:52.732+0000] {standard_task_runner.py:72} INFO - Started process 1134 to run task
[2025-05-05T14:11:52.733+0000] {standard_task_runner.py:104} INFO - Running: ['***', 'tasks', 'run', 'extract_raw_data_pipeline', 'run_dbt_trusted', 'manual__2025-05-05T14:11:12.723936+00:00', '--job-id', '24', '--raw', '--subdir', 'DAGS_FOLDER/lead_data_pipeline.py', '--cfg-path', '/tmp/tmpi33o48lw']
[2025-05-05T14:11:52.734+0000] {standard_task_runner.py:105} INFO - Job 24: Subtask run_dbt_trusted
[2025-05-05T14:11:52.780+0000] {task_command.py:467} INFO - Running <TaskInstance: extract_raw_data_pipeline.run_dbt_trusted manual__2025-05-05T14:11:12.723936+00:00 [running]> on host 433e63c87a30
[2025-05-05T14:11:52.869+0000] {taskinstance.py:3131} INFO - Exporting env vars: AIRFLOW_CTX_DAG_OWNER='***' AIRFLOW_CTX_DAG_ID='extract_raw_data_pipeline' AIRFLOW_CTX_TASK_ID='run_dbt_trusted' AIRFLOW_CTX_EXECUTION_DATE='2025-05-05T14:11:12.723936+00:00' AIRFLOW_CTX_TRY_NUMBER='1' AIRFLOW_CTX_DAG_RUN_ID='manual__2025-05-05T14:11:12.723936+00:00'
[2025-05-05T14:11:52.870+0000] {taskinstance.py:731} INFO - ::endgroup::
[2025-05-05T14:11:52.886+0000] {subprocess.py:63} INFO - Tmp dir root location: /tmp
[2025-05-05T14:11:52.887+0000] {subprocess.py:75} INFO - Running command: ['/usr/bin/bash', '-c', 'set -x; cd /opt/***/dbt && dbt run --select tag:trusted']
[2025-05-05T14:11:52.897+0000] {subprocess.py:86} INFO - Output:
[2025-05-05T14:11:52.899+0000] {subprocess.py:93} INFO - + cd /opt/***/dbt
[2025-05-05T14:11:52.900+0000] {subprocess.py:93} INFO - + dbt run --select tag:trusted
[2025-05-05T14:11:55.343+0000] {subprocess.py:93} INFO - [0m14:11:55  Running with dbt=1.8.0
[2025-05-05T14:11:55.696+0000] {subprocess.py:93} INFO - [0m14:11:55  Registered adapter: postgres=1.8.2
[2025-05-05T14:11:56.110+0000] {subprocess.py:93} INFO - [0m14:11:56  Found 9 models, 10 sources, 428 macros
[2025-05-05T14:11:56.114+0000] {subprocess.py:93} INFO - [0m14:11:56
[2025-05-05T14:11:56.259+0000] {subprocess.py:93} INFO - [0m14:11:56  Concurrency: 1 threads (target='dev')
[2025-05-05T14:11:56.260+0000] {subprocess.py:93} INFO - [0m14:11:56
[2025-05-05T14:11:56.271+0000] {subprocess.py:93} INFO - [0m14:11:56  1 of 4 START sql table model lead_trusted.non_pii_data ......................... [RUN]
[2025-05-05T14:11:56.891+0000] {subprocess.py:93} INFO - [0m14:11:56  1 of 4 OK created sql table model lead_trusted.non_pii_data .................... [[32mSELECT 100372[0m in 0.62s]
[2025-05-05T14:11:56.894+0000] {subprocess.py:93} INFO - [0m14:11:56  2 of 4 START sql table model lead_trusted.payment_data ......................... [RUN]
[2025-05-05T14:11:57.109+0000] {subprocess.py:93} INFO - [0m14:11:57  2 of 4 OK created sql table model lead_trusted.payment_data .................... [[32mSELECT 100372[0m in 0.21s]
[2025-05-05T14:11:57.114+0000] {subprocess.py:93} INFO - [0m14:11:57  3 of 4 START sql table model lead_trusted.pii_data ............................. [RUN]
[2025-05-05T14:11:57.496+0000] {subprocess.py:93} INFO - [0m14:11:57  3 of 4 OK created sql table model lead_trusted.pii_data ........................ [[32mSELECT 100372[0m in 0.38s]
[2025-05-05T14:11:57.499+0000] {subprocess.py:93} INFO - [0m14:11:57  4 of 4 START sql table model lead_trusted.technical_data ....................... [RUN]
[2025-05-05T14:11:57.786+0000] {subprocess.py:93} INFO - [0m14:11:57  4 of 4 OK created sql table model lead_trusted.technical_data .................. [[32mSELECT 100372[0m in 0.28s]
[2025-05-05T14:11:57.800+0000] {subprocess.py:93} INFO - [0m14:11:57
[2025-05-05T14:11:57.801+0000] {subprocess.py:93} INFO - [0m14:11:57  Finished running 4 table models in 0 hours 0 minutes and 1.69 seconds (1.69s).
[2025-05-05T14:11:57.854+0000] {subprocess.py:93} INFO - [0m14:11:57
[2025-05-05T14:11:57.855+0000] {subprocess.py:93} INFO - [0m14:11:57  [32mCompleted successfully[0m
[2025-05-05T14:11:57.856+0000] {subprocess.py:93} INFO - [0m14:11:57
[2025-05-05T14:11:57.857+0000] {subprocess.py:93} INFO - [0m14:11:57  Done. PASS=4 WARN=0 ERROR=0 SKIP=0 TOTAL=4
[2025-05-05T14:11:58.683+0000] {subprocess.py:97} INFO - Command exited with return code 0
[2025-05-05T14:11:58.710+0000] {taskinstance.py:340} INFO - ::group::Post task execution logs
[2025-05-05T14:11:58.711+0000] {taskinstance.py:352} INFO - Marking task as SUCCESS. dag_id=extract_raw_data_pipeline, task_id=run_dbt_trusted, run_id=manual__2025-05-05T14:11:12.723936+00:00, execution_date=20250505T141112, start_date=20250505T141152, end_date=20250505T141158
[2025-05-05T14:11:58.763+0000] {local_task_job_runner.py:266} INFO - Task exited with return code 0
[2025-05-05T14:11:58.778+0000] {taskinstance.py:3900} INFO - 0 downstream tasks scheduled from follow-on schedule check
[2025-05-05T14:11:58.780+0000] {local_task_job_runner.py:245} INFO - ::endgroup::
