[2025-04-13T10:57:18.212+0000] {local_task_job_runner.py:123} INFO - ::group::Pre task execution logs
[2025-04-13T10:57:18.228+0000] {taskinstance.py:2612} INFO - Dependencies all met for dep_context=non-requeueable deps ti=<TaskInstance: extract_raw_data_pipeline.run_dbt_trusted manual__2025-04-13T10:56:36.948170+00:00 [queued]>
[2025-04-13T10:57:18.236+0000] {taskinstance.py:2612} INFO - Dependencies all met for dep_context=requeueable deps ti=<TaskInstance: extract_raw_data_pipeline.run_dbt_trusted manual__2025-04-13T10:56:36.948170+00:00 [queued]>
[2025-04-13T10:57:18.237+0000] {taskinstance.py:2865} INFO - Starting attempt 1 of 1
[2025-04-13T10:57:18.249+0000] {taskinstance.py:2888} INFO - Executing <Task(BashOperator): run_dbt_trusted> on 2025-04-13 10:56:36.948170+00:00
[2025-04-13T10:57:18.254+0000] {warnings.py:112} WARNING - /home/***/.local/lib/python3.12/site-packages/***/task/task_runner/standard_task_runner.py:70: DeprecationWarning: This process (pid=399) is multi-threaded, use of fork() may lead to deadlocks in the child.
  pid = os.fork()

[2025-04-13T10:57:18.256+0000] {standard_task_runner.py:72} INFO - Started process 401 to run task
[2025-04-13T10:57:18.256+0000] {standard_task_runner.py:104} INFO - Running: ['***', 'tasks', 'run', 'extract_raw_data_pipeline', 'run_dbt_trusted', 'manual__2025-04-13T10:56:36.948170+00:00', '--job-id', '22', '--raw', '--subdir', 'DAGS_FOLDER/lead_data_pipeline.py', '--cfg-path', '/tmp/tmp_b3w0mmm']
[2025-04-13T10:57:18.257+0000] {standard_task_runner.py:105} INFO - Job 22: Subtask run_dbt_trusted
[2025-04-13T10:57:18.303+0000] {task_command.py:467} INFO - Running <TaskInstance: extract_raw_data_pipeline.run_dbt_trusted manual__2025-04-13T10:56:36.948170+00:00 [running]> on host 414b1c8e5c9f
[2025-04-13T10:57:18.379+0000] {taskinstance.py:3131} INFO - Exporting env vars: AIRFLOW_CTX_DAG_OWNER='***' AIRFLOW_CTX_DAG_ID='extract_raw_data_pipeline' AIRFLOW_CTX_TASK_ID='run_dbt_trusted' AIRFLOW_CTX_EXECUTION_DATE='2025-04-13T10:56:36.948170+00:00' AIRFLOW_CTX_TRY_NUMBER='1' AIRFLOW_CTX_DAG_RUN_ID='manual__2025-04-13T10:56:36.948170+00:00'
[2025-04-13T10:57:18.381+0000] {taskinstance.py:731} INFO - ::endgroup::
[2025-04-13T10:57:18.399+0000] {subprocess.py:63} INFO - Tmp dir root location: /tmp
[2025-04-13T10:57:18.400+0000] {subprocess.py:75} INFO - Running command: ['/usr/bin/bash', '-c', 'set -x; cd /opt/***/dbt && dbt run --select tag:trusted']
[2025-04-13T10:57:18.409+0000] {subprocess.py:86} INFO - Output:
[2025-04-13T10:57:18.411+0000] {subprocess.py:93} INFO - + cd /opt/***/dbt
[2025-04-13T10:57:18.411+0000] {subprocess.py:93} INFO - + dbt run --select tag:trusted
[2025-04-13T10:57:20.347+0000] {subprocess.py:93} INFO - [0m10:57:20  Running with dbt=1.8.0
[2025-04-13T10:57:20.591+0000] {subprocess.py:93} INFO - [0m10:57:20  Registered adapter: postgres=1.8.2
[2025-04-13T10:57:20.994+0000] {subprocess.py:93} INFO - [0m10:57:20  Found 9 models, 10 sources, 428 macros
[2025-04-13T10:57:20.997+0000] {subprocess.py:93} INFO - [0m10:57:20
[2025-04-13T10:57:21.137+0000] {subprocess.py:93} INFO - [0m10:57:21  Concurrency: 1 threads (target='dev')
[2025-04-13T10:57:21.138+0000] {subprocess.py:93} INFO - [0m10:57:21
[2025-04-13T10:57:21.150+0000] {subprocess.py:93} INFO - [0m10:57:21  1 of 4 START sql table model lead_trusted.non_pii_data ......................... [RUN]
[2025-04-13T10:57:23.257+0000] {subprocess.py:93} INFO - [0m10:57:23  1 of 4 OK created sql table model lead_trusted.non_pii_data .................... [[32mSELECT 100372[0m in 2.10s]
[2025-04-13T10:57:23.260+0000] {subprocess.py:93} INFO - [0m10:57:23  2 of 4 START sql table model lead_trusted.payment_data ......................... [RUN]
[2025-04-13T10:57:23.827+0000] {subprocess.py:93} INFO - [0m10:57:23  2 of 4 OK created sql table model lead_trusted.payment_data .................... [[32mSELECT 100372[0m in 0.57s]
[2025-04-13T10:57:23.830+0000] {subprocess.py:93} INFO - [0m10:57:23  3 of 4 START sql table model lead_trusted.pii_data ............................. [RUN]
[2025-04-13T10:57:25.880+0000] {subprocess.py:93} INFO - [0m10:57:25  3 of 4 OK created sql table model lead_trusted.pii_data ........................ [[32mSELECT 100372[0m in 2.05s]
[2025-04-13T10:57:25.883+0000] {subprocess.py:93} INFO - [0m10:57:25  4 of 4 START sql table model lead_trusted.technical_data ....................... [RUN]
[2025-04-13T10:57:26.514+0000] {subprocess.py:93} INFO - [0m10:57:26  4 of 4 OK created sql table model lead_trusted.technical_data .................. [[32mSELECT 100372[0m in 0.63s]
[2025-04-13T10:57:26.530+0000] {subprocess.py:93} INFO - [0m10:57:26
[2025-04-13T10:57:26.530+0000] {subprocess.py:93} INFO - [0m10:57:26  Finished running 4 table models in 0 hours 0 minutes and 5.53 seconds (5.53s).
[2025-04-13T10:57:26.587+0000] {subprocess.py:93} INFO - [0m10:57:26
[2025-04-13T10:57:26.588+0000] {subprocess.py:93} INFO - [0m10:57:26  [32mCompleted successfully[0m
[2025-04-13T10:57:26.589+0000] {subprocess.py:93} INFO - [0m10:57:26
[2025-04-13T10:57:26.590+0000] {subprocess.py:93} INFO - [0m10:57:26  Done. PASS=4 WARN=0 ERROR=0 SKIP=0 TOTAL=4
[2025-04-13T10:57:27.420+0000] {subprocess.py:97} INFO - Command exited with return code 0
[2025-04-13T10:57:27.444+0000] {taskinstance.py:340} INFO - ::group::Post task execution logs
[2025-04-13T10:57:27.445+0000] {taskinstance.py:352} INFO - Marking task as SUCCESS. dag_id=extract_raw_data_pipeline, task_id=run_dbt_trusted, run_id=manual__2025-04-13T10:56:36.948170+00:00, execution_date=20250413T105636, start_date=20250413T105718, end_date=20250413T105727
[2025-04-13T10:57:27.486+0000] {local_task_job_runner.py:266} INFO - Task exited with return code 0
[2025-04-13T10:57:27.500+0000] {taskinstance.py:3900} INFO - 0 downstream tasks scheduled from follow-on schedule check
[2025-04-13T10:57:27.502+0000] {local_task_job_runner.py:245} INFO - ::endgroup::
