[2025-04-17T07:00:22.756+0000] {local_task_job_runner.py:123} INFO - ::group::Pre task execution logs
[2025-04-17T07:00:22.838+0000] {taskinstance.py:2612} INFO - Dependencies all met for dep_context=non-requeueable deps ti=<TaskInstance: extract_raw_data_pipeline.create_raw_table scheduled__2025-04-16T07:59:00+00:00 [queued]>
[2025-04-17T07:00:22.878+0000] {taskinstance.py:2612} INFO - Dependencies all met for dep_context=requeueable deps ti=<TaskInstance: extract_raw_data_pipeline.create_raw_table scheduled__2025-04-16T07:59:00+00:00 [queued]>
[2025-04-17T07:00:22.881+0000] {taskinstance.py:2865} INFO - Starting attempt 1 of 1
[2025-04-17T07:00:22.984+0000] {taskinstance.py:2888} INFO - Executing <Task(SQLExecuteQueryOperator): create_raw_table> on 2025-04-16 07:59:00+00:00
[2025-04-17T07:00:23.009+0000] {warnings.py:112} WARNING - /home/***/.local/lib/python3.12/site-packages/***/task/task_runner/standard_task_runner.py:70: DeprecationWarning: This process (pid=12026) is multi-threaded, use of fork() may lead to deadlocks in the child.
  pid = os.fork()

[2025-04-17T07:00:23.020+0000] {standard_task_runner.py:72} INFO - Started process 12028 to run task
[2025-04-17T07:00:23.021+0000] {standard_task_runner.py:104} INFO - Running: ['***', 'tasks', 'run', 'extract_raw_data_pipeline', 'create_raw_table', 'scheduled__2025-04-16T07:59:00+00:00', '--job-id', '130', '--raw', '--subdir', 'DAGS_FOLDER/lead_data_pipeline.py', '--cfg-path', '/tmp/tmpwhlbn3ud']
[2025-04-17T07:00:23.032+0000] {standard_task_runner.py:105} INFO - Job 130: Subtask create_raw_table
[2025-04-17T07:00:23.309+0000] {task_command.py:467} INFO - Running <TaskInstance: extract_raw_data_pipeline.create_raw_table scheduled__2025-04-16T07:59:00+00:00 [running]> on host c0ac39583bd8
[2025-04-17T07:00:23.725+0000] {taskinstance.py:3131} INFO - Exporting env vars: AIRFLOW_CTX_DAG_OWNER='***' AIRFLOW_CTX_DAG_ID='extract_raw_data_pipeline' AIRFLOW_CTX_TASK_ID='create_raw_table' AIRFLOW_CTX_EXECUTION_DATE='2025-04-16T07:59:00+00:00' AIRFLOW_CTX_TRY_NUMBER='1' AIRFLOW_CTX_DAG_RUN_ID='scheduled__2025-04-16T07:59:00+00:00'
[2025-04-17T07:00:23.730+0000] {taskinstance.py:731} INFO - ::endgroup::
[2025-04-17T07:00:23.801+0000] {sql.py:266} INFO - Executing: 
        CREATE TABLE IF NOT EXISTS lead_raw.raw_batch_data (
            person_name VARCHAR(100),
            user_name VARCHAR(100),
            email VARCHAR(100),
            personal_number NUMERIC, 
            birth_date VARCHAR(100), 
            address VARCHAR(100),
            phone VARCHAR(100), 
            mac_address VARCHAR(100),
            ip_address VARCHAR(100),
            iban VARCHAR(100),
            accessed_at TIMESTAMP,
            session_duration INT,
            download_speed INT,
            upload_speed INT,
            consumed_traffic INT,
            unique_id VARCHAR(100)
        );
    
[2025-04-17T07:00:23.863+0000] {base.py:84} INFO - Retrieving connection 'postgres_conn'
[2025-04-17T07:00:24.010+0000] {base.py:84} INFO - Retrieving connection 'postgres_conn'
[2025-04-17T07:00:24.029+0000] {sql.py:509} INFO - Running statement: 
        CREATE TABLE IF NOT EXISTS lead_raw.raw_batch_data (
            person_name VARCHAR(100),
            user_name VARCHAR(100),
            email VARCHAR(100),
            personal_number NUMERIC, 
            birth_date VARCHAR(100), 
            address VARCHAR(100),
            phone VARCHAR(100), 
            mac_address VARCHAR(100),
            ip_address VARCHAR(100),
            iban VARCHAR(100),
            accessed_at TIMESTAMP,
            session_duration INT,
            download_speed INT,
            upload_speed INT,
            consumed_traffic INT,
            unique_id VARCHAR(100)
        );
    , parameters: None
[2025-04-17T07:00:24.106+0000] {taskinstance.py:340} INFO - ::group::Post task execution logs
[2025-04-17T07:00:24.113+0000] {taskinstance.py:352} INFO - Marking task as SUCCESS. dag_id=extract_raw_data_pipeline, task_id=create_raw_table, run_id=scheduled__2025-04-16T07:59:00+00:00, execution_date=20250416T075900, start_date=20250417T070022, end_date=20250417T070024
[2025-04-17T07:00:24.212+0000] {local_task_job_runner.py:266} INFO - Task exited with return code 0
[2025-04-17T07:00:24.338+0000] {taskinstance.py:3900} INFO - 1 downstream tasks scheduled from follow-on schedule check
[2025-04-17T07:00:24.345+0000] {local_task_job_runner.py:245} INFO - ::endgroup::
