[2025-05-06T13:54:55.455+0000] {local_task_job_runner.py:123} INFO - ::group::Pre task execution logs
[2025-05-06T13:54:55.472+0000] {taskinstance.py:2612} INFO - Dependencies all met for dep_context=non-requeueable deps ti=<TaskInstance: extract_raw_data_pipeline2.run_dbt_staging scheduled__2025-05-05T00:00:00+00:00 [queued]>
[2025-05-06T13:54:55.483+0000] {taskinstance.py:2612} INFO - Dependencies all met for dep_context=requeueable deps ti=<TaskInstance: extract_raw_data_pipeline2.run_dbt_staging scheduled__2025-05-05T00:00:00+00:00 [queued]>
[2025-05-06T13:54:55.484+0000] {taskinstance.py:2865} INFO - Starting attempt 1 of 1
[2025-05-06T13:54:55.498+0000] {taskinstance.py:2888} INFO - Executing <Task(BashOperator): run_dbt_staging> on 2025-05-05 00:00:00+00:00
[2025-05-06T13:54:55.504+0000] {warnings.py:112} WARNING - /home/***/.local/lib/python3.12/site-packages/***/task/task_runner/standard_task_runner.py:70: DeprecationWarning: This process (pid=1406) is multi-threaded, use of fork() may lead to deadlocks in the child.
  pid = os.fork()

[2025-05-06T13:54:55.506+0000] {standard_task_runner.py:72} INFO - Started process 1422 to run task
[2025-05-06T13:54:55.506+0000] {standard_task_runner.py:104} INFO - Running: ['***', 'tasks', 'run', 'extract_raw_data_pipeline2', 'run_dbt_staging', 'scheduled__2025-05-05T00:00:00+00:00', '--job-id', '31', '--raw', '--subdir', 'DAGS_FOLDER/lead_data_pipeline copy.py', '--cfg-path', '/tmp/tmp2ikewz4z']
[2025-05-06T13:54:55.508+0000] {standard_task_runner.py:105} INFO - Job 31: Subtask run_dbt_staging
[2025-05-06T13:54:55.553+0000] {task_command.py:467} INFO - Running <TaskInstance: extract_raw_data_pipeline2.run_dbt_staging scheduled__2025-05-05T00:00:00+00:00 [running]> on host c4a5e29a95f8
[2025-05-06T13:54:55.626+0000] {taskinstance.py:3131} INFO - Exporting env vars: AIRFLOW_CTX_DAG_OWNER='***' AIRFLOW_CTX_DAG_ID='extract_raw_data_pipeline2' AIRFLOW_CTX_TASK_ID='run_dbt_staging' AIRFLOW_CTX_EXECUTION_DATE='2025-05-05T00:00:00+00:00' AIRFLOW_CTX_TRY_NUMBER='1' AIRFLOW_CTX_DAG_RUN_ID='scheduled__2025-05-05T00:00:00+00:00'
[2025-05-06T13:54:55.627+0000] {taskinstance.py:731} INFO - ::endgroup::
[2025-05-06T13:54:55.641+0000] {subprocess.py:63} INFO - Tmp dir root location: /tmp
[2025-05-06T13:54:55.642+0000] {subprocess.py:75} INFO - Running command: ['/usr/bin/bash', '-c', 'set -x; cd /opt/***/dbt && dbt run --select tag:staging']
[2025-05-06T13:54:55.723+0000] {subprocess.py:86} INFO - Output:
[2025-05-06T13:54:55.725+0000] {subprocess.py:93} INFO - + cd /opt/***/dbt
[2025-05-06T13:54:55.725+0000] {subprocess.py:93} INFO - + dbt run --select tag:staging
[2025-05-06T13:54:57.931+0000] {subprocess.py:93} INFO - [0m13:54:57  Running with dbt=1.8.0
[2025-05-06T13:54:58.227+0000] {subprocess.py:93} INFO - [0m13:54:58  Registered adapter: postgres=1.8.2
[2025-05-06T13:54:58.664+0000] {subprocess.py:93} INFO - [0m13:54:58  Found 9 models, 10 sources, 428 macros
[2025-05-06T13:54:58.668+0000] {subprocess.py:93} INFO - [0m13:54:58
[2025-05-06T13:54:58.792+0000] {subprocess.py:93} INFO - [0m13:54:58  Concurrency: 1 threads (target='dev')
[2025-05-06T13:54:58.793+0000] {subprocess.py:93} INFO - [0m13:54:58
[2025-05-06T13:54:58.804+0000] {subprocess.py:93} INFO - [0m13:54:58  1 of 5 START sql table model lead_staging.dim_address .......................... [RUN]
[2025-05-06T13:54:59.093+0000] {subprocess.py:93} INFO - [0m13:54:59  1 of 5 OK created sql table model lead_staging.dim_address ..................... [[32mSELECT 100481[0m in 0.29s]
[2025-05-06T13:54:59.096+0000] {subprocess.py:93} INFO - [0m13:54:59  2 of 5 START sql table model lead_staging.dim_date ............................. [RUN]
[2025-05-06T13:54:59.241+0000] {subprocess.py:93} INFO - [0m13:54:59  2 of 5 OK created sql table model lead_staging.dim_date ........................ [[32mSELECT 100481[0m in 0.14s]
[2025-05-06T13:54:59.244+0000] {subprocess.py:93} INFO - [0m13:54:59  3 of 5 START sql table model lead_staging.dim_finance .......................... [RUN]
[2025-05-06T13:54:59.403+0000] {subprocess.py:93} INFO - [0m13:54:59  3 of 5 OK created sql table model lead_staging.dim_finance ..................... [[32mSELECT 100481[0m in 0.16s]
[2025-05-06T13:54:59.406+0000] {subprocess.py:93} INFO - [0m13:54:59  4 of 5 START sql table model lead_staging.dim_person ........................... [RUN]
[2025-05-06T13:54:59.588+0000] {subprocess.py:93} INFO - [0m13:54:59  4 of 5 OK created sql table model lead_staging.dim_person ...................... [[32mSELECT 100481[0m in 0.18s]
[2025-05-06T13:54:59.591+0000] {subprocess.py:93} INFO - [0m13:54:59  5 of 5 START sql table model lead_staging.fact_network_usage ................... [RUN]
[2025-05-06T13:54:59.749+0000] {subprocess.py:93} INFO - [0m13:54:59  5 of 5 OK created sql table model lead_staging.fact_network_usage .............. [[32mSELECT 100481[0m in 0.16s]
[2025-05-06T13:54:59.765+0000] {subprocess.py:93} INFO - [0m13:54:59
[2025-05-06T13:54:59.766+0000] {subprocess.py:93} INFO - [0m13:54:59  Finished running 5 table models in 0 hours 0 minutes and 1.10 seconds (1.10s).
[2025-05-06T13:54:59.825+0000] {subprocess.py:93} INFO - [0m13:54:59
[2025-05-06T13:54:59.826+0000] {subprocess.py:93} INFO - [0m13:54:59  [32mCompleted successfully[0m
[2025-05-06T13:54:59.827+0000] {subprocess.py:93} INFO - [0m13:54:59
[2025-05-06T13:54:59.828+0000] {subprocess.py:93} INFO - [0m13:54:59  Done. PASS=5 WARN=0 ERROR=0 SKIP=0 TOTAL=5
[2025-05-06T13:55:00.651+0000] {subprocess.py:97} INFO - Command exited with return code 0
[2025-05-06T13:55:00.675+0000] {taskinstance.py:340} INFO - ::group::Post task execution logs
[2025-05-06T13:55:00.676+0000] {taskinstance.py:352} INFO - Marking task as SUCCESS. dag_id=extract_raw_data_pipeline2, task_id=run_dbt_staging, run_id=scheduled__2025-05-05T00:00:00+00:00, execution_date=20250505T000000, start_date=20250506T135455, end_date=20250506T135500
[2025-05-06T13:55:00.703+0000] {local_task_job_runner.py:266} INFO - Task exited with return code 0
[2025-05-06T13:55:00.721+0000] {taskinstance.py:3900} INFO - 1 downstream tasks scheduled from follow-on schedule check
[2025-05-06T13:55:00.723+0000] {local_task_job_runner.py:245} INFO - ::endgroup::
