[2025-04-16T12:00:35.159+0000] {local_task_job_runner.py:123} INFO - ::group::Pre task execution logs
[2025-04-16T12:00:35.181+0000] {taskinstance.py:2612} INFO - Dependencies all met for dep_context=non-requeueable deps ti=<TaskInstance: extract_raw_data_pipeline.run_dbt_staging scheduled__2025-04-16T07:58:00+00:00 [queued]>
[2025-04-16T12:00:35.191+0000] {taskinstance.py:2612} INFO - Dependencies all met for dep_context=requeueable deps ti=<TaskInstance: extract_raw_data_pipeline.run_dbt_staging scheduled__2025-04-16T07:58:00+00:00 [queued]>
[2025-04-16T12:00:35.192+0000] {taskinstance.py:2865} INFO - Starting attempt 1 of 1
[2025-04-16T12:00:35.220+0000] {taskinstance.py:2888} INFO - Executing <Task(BashOperator): run_dbt_staging> on 2025-04-16 07:58:00+00:00
[2025-04-16T12:00:35.226+0000] {warnings.py:112} WARNING - /home/***/.local/lib/python3.12/site-packages/***/task/task_runner/standard_task_runner.py:70: DeprecationWarning: This process (pid=4482) is multi-threaded, use of fork() may lead to deadlocks in the child.
  pid = os.fork()

[2025-04-16T12:00:35.230+0000] {standard_task_runner.py:104} INFO - Running: ['***', 'tasks', 'run', 'extract_raw_data_pipeline', 'run_dbt_staging', 'scheduled__2025-04-16T07:58:00+00:00', '--job-id', '125', '--raw', '--subdir', 'DAGS_FOLDER/lead_data_pipeline.py', '--cfg-path', '/tmp/tmpt40sylqz']
[2025-04-16T12:00:35.231+0000] {standard_task_runner.py:72} INFO - Started process 4484 to run task
[2025-04-16T12:00:35.232+0000] {standard_task_runner.py:105} INFO - Job 125: Subtask run_dbt_staging
[2025-04-16T12:00:35.318+0000] {task_command.py:467} INFO - Running <TaskInstance: extract_raw_data_pipeline.run_dbt_staging scheduled__2025-04-16T07:58:00+00:00 [running]> on host c0ac39583bd8
[2025-04-16T12:00:35.432+0000] {taskinstance.py:3131} INFO - Exporting env vars: AIRFLOW_CTX_DAG_OWNER='***' AIRFLOW_CTX_DAG_ID='extract_raw_data_pipeline' AIRFLOW_CTX_TASK_ID='run_dbt_staging' AIRFLOW_CTX_EXECUTION_DATE='2025-04-16T07:58:00+00:00' AIRFLOW_CTX_TRY_NUMBER='1' AIRFLOW_CTX_DAG_RUN_ID='scheduled__2025-04-16T07:58:00+00:00'
[2025-04-16T12:00:35.433+0000] {taskinstance.py:731} INFO - ::endgroup::
[2025-04-16T12:00:35.454+0000] {subprocess.py:63} INFO - Tmp dir root location: /tmp
[2025-04-16T12:00:35.456+0000] {subprocess.py:75} INFO - Running command: ['/usr/bin/bash', '-c', 'set -x; cd /opt/***/dbt && dbt run --select tag:staging']
[2025-04-16T12:00:35.466+0000] {subprocess.py:86} INFO - Output:
[2025-04-16T12:00:35.470+0000] {subprocess.py:93} INFO - + cd /opt/***/dbt
[2025-04-16T12:00:35.471+0000] {subprocess.py:93} INFO - + dbt run --select tag:staging
[2025-04-16T12:00:38.523+0000] {subprocess.py:93} INFO - [0m12:00:38  Running with dbt=1.8.0
[2025-04-16T12:00:38.846+0000] {subprocess.py:93} INFO - [0m12:00:38  Registered adapter: postgres=1.8.2
[2025-04-16T12:00:39.347+0000] {subprocess.py:93} INFO - [0m12:00:39  Found 9 models, 10 sources, 428 macros
[2025-04-16T12:00:39.350+0000] {subprocess.py:93} INFO - [0m12:00:39
[2025-04-16T12:00:39.515+0000] {subprocess.py:93} INFO - [0m12:00:39  Concurrency: 1 threads (target='dev')
[2025-04-16T12:00:39.516+0000] {subprocess.py:93} INFO - [0m12:00:39
[2025-04-16T12:00:39.532+0000] {subprocess.py:93} INFO - [0m12:00:39  1 of 5 START sql table model lead_staging.dim_address .......................... [RUN]
[2025-04-16T12:00:51.608+0000] {subprocess.py:93} INFO - [0m12:00:51  1 of 5 OK created sql table model lead_staging.dim_address ..................... [[32mSELECT 2482253[0m in 12.07s]
[2025-04-16T12:00:51.612+0000] {subprocess.py:93} INFO - [0m12:00:51  2 of 5 START sql table model lead_staging.dim_date ............................. [RUN]
[2025-04-16T12:02:31.965+0000] {subprocess.py:93} INFO - [0m12:02:31  2 of 5 OK created sql table model lead_staging.dim_date ........................ [[32mSELECT 2482253[0m in 100.35s]
[2025-04-16T12:02:31.967+0000] {subprocess.py:93} INFO - [0m12:02:31  3 of 5 START sql table model lead_staging.dim_finance .......................... [RUN]
[2025-04-16T12:05:02.936+0000] {subprocess.py:93} INFO - [0m12:05:02  3 of 5 OK created sql table model lead_staging.dim_finance ..................... [[32mSELECT 2482253[0m in 150.97s]
[2025-04-16T12:05:02.939+0000] {subprocess.py:93} INFO - [0m12:05:02  4 of 5 START sql table model lead_staging.dim_person ........................... [RUN]
[2025-04-16T12:06:05.528+0000] {subprocess.py:93} INFO - [0m12:06:05  4 of 5 OK created sql table model lead_staging.dim_person ...................... [[32mSELECT 2482253[0m in 62.59s]
[2025-04-16T12:06:05.530+0000] {subprocess.py:93} INFO - [0m12:06:05  5 of 5 START sql table model lead_staging.fact_network_usage ................... [RUN]
[2025-04-16T12:06:30.497+0000] {subprocess.py:93} INFO - [0m12:06:30  5 of 5 OK created sql table model lead_staging.fact_network_usage .............. [[32mSELECT 2482253[0m in 24.96s]
[2025-04-16T12:06:30.515+0000] {subprocess.py:93} INFO - [0m12:06:30
[2025-04-16T12:06:30.516+0000] {subprocess.py:93} INFO - [0m12:06:30  Finished running 5 table models in 0 hours 5 minutes and 51.16 seconds (351.16s).
[2025-04-16T12:06:30.588+0000] {subprocess.py:93} INFO - [0m12:06:30
[2025-04-16T12:06:30.589+0000] {subprocess.py:93} INFO - [0m12:06:30  [32mCompleted successfully[0m
[2025-04-16T12:06:30.589+0000] {subprocess.py:93} INFO - [0m12:06:30
[2025-04-16T12:06:30.590+0000] {subprocess.py:93} INFO - [0m12:06:30  Done. PASS=5 WARN=0 ERROR=0 SKIP=0 TOTAL=5
[2025-04-16T12:06:31.596+0000] {subprocess.py:97} INFO - Command exited with return code 0
[2025-04-16T12:06:31.630+0000] {taskinstance.py:340} INFO - ::group::Post task execution logs
[2025-04-16T12:06:31.631+0000] {taskinstance.py:352} INFO - Marking task as SUCCESS. dag_id=extract_raw_data_pipeline, task_id=run_dbt_staging, run_id=scheduled__2025-04-16T07:58:00+00:00, execution_date=20250416T075800, start_date=20250416T120035, end_date=20250416T120631
[2025-04-16T12:06:31.679+0000] {local_task_job_runner.py:266} INFO - Task exited with return code 0
[2025-04-16T12:06:31.704+0000] {taskinstance.py:3900} INFO - 1 downstream tasks scheduled from follow-on schedule check
[2025-04-16T12:06:31.705+0000] {local_task_job_runner.py:245} INFO - ::endgroup::
