[2025-04-17T07:09:34.683+0000] {local_task_job_runner.py:123} INFO - ::group::Pre task execution logs
[2025-04-17T07:09:34.786+0000] {taskinstance.py:2612} INFO - Dependencies all met for dep_context=non-requeueable deps ti=<TaskInstance: extract_raw_data_pipeline.run_dbt_staging scheduled__2025-04-17T07:08:00+00:00 [queued]>
[2025-04-17T07:09:34.836+0000] {taskinstance.py:2612} INFO - Dependencies all met for dep_context=requeueable deps ti=<TaskInstance: extract_raw_data_pipeline.run_dbt_staging scheduled__2025-04-17T07:08:00+00:00 [queued]>
[2025-04-17T07:09:34.839+0000] {taskinstance.py:2865} INFO - Starting attempt 1 of 1
[2025-04-17T07:09:34.933+0000] {taskinstance.py:2888} INFO - Executing <Task(BashOperator): run_dbt_staging> on 2025-04-17 07:08:00+00:00
[2025-04-17T07:09:34.962+0000] {warnings.py:112} WARNING - /home/***/.local/lib/python3.12/site-packages/***/task/task_runner/standard_task_runner.py:70: DeprecationWarning: This process (pid=12208) is multi-threaded, use of fork() may lead to deadlocks in the child.
  pid = os.fork()

[2025-04-17T07:09:34.971+0000] {standard_task_runner.py:72} INFO - Started process 12211 to run task
[2025-04-17T07:09:34.973+0000] {standard_task_runner.py:104} INFO - Running: ['***', 'tasks', 'run', 'extract_raw_data_pipeline', 'run_dbt_staging', 'scheduled__2025-04-17T07:08:00+00:00', '--job-id', '148', '--raw', '--subdir', 'DAGS_FOLDER/lead_data_pipeline.py', '--cfg-path', '/tmp/tmp90h79vh9']
[2025-04-17T07:09:34.983+0000] {standard_task_runner.py:105} INFO - Job 148: Subtask run_dbt_staging
[2025-04-17T07:09:35.314+0000] {task_command.py:467} INFO - Running <TaskInstance: extract_raw_data_pipeline.run_dbt_staging scheduled__2025-04-17T07:08:00+00:00 [running]> on host c0ac39583bd8
[2025-04-17T07:09:35.818+0000] {taskinstance.py:3131} INFO - Exporting env vars: AIRFLOW_CTX_DAG_OWNER='***' AIRFLOW_CTX_DAG_ID='extract_raw_data_pipeline' AIRFLOW_CTX_TASK_ID='run_dbt_staging' AIRFLOW_CTX_EXECUTION_DATE='2025-04-17T07:08:00+00:00' AIRFLOW_CTX_TRY_NUMBER='1' AIRFLOW_CTX_DAG_RUN_ID='scheduled__2025-04-17T07:08:00+00:00'
[2025-04-17T07:09:35.824+0000] {taskinstance.py:731} INFO - ::endgroup::
[2025-04-17T07:09:35.920+0000] {subprocess.py:63} INFO - Tmp dir root location: /tmp
[2025-04-17T07:09:35.925+0000] {subprocess.py:75} INFO - Running command: ['/usr/bin/bash', '-c', 'set -x; cd /opt/***/dbt && dbt run --select tag:staging']
[2025-04-17T07:09:35.968+0000] {subprocess.py:86} INFO - Output:
[2025-04-17T07:09:35.979+0000] {subprocess.py:93} INFO - + cd /opt/***/dbt
[2025-04-17T07:09:35.985+0000] {subprocess.py:93} INFO - + dbt run --select tag:staging
[2025-04-17T07:16:01.775+0000] {job.py:229} INFO - Heartbeat recovered after 376.55 seconds
[2025-04-17T07:16:02.501+0000] {subprocess.py:93} INFO - [0m07:16:02  Running with dbt=1.8.0
[2025-04-17T07:16:02.937+0000] {subprocess.py:93} INFO - [0m07:16:02  Registered adapter: postgres=1.8.2
[2025-04-17T07:16:03.578+0000] {subprocess.py:93} INFO - [0m07:16:03  Found 9 models, 10 sources, 428 macros
[2025-04-17T07:16:03.581+0000] {subprocess.py:93} INFO - [0m07:16:03
[2025-04-17T07:16:03.793+0000] {subprocess.py:93} INFO - [0m07:16:03  Concurrency: 1 threads (target='dev')
[2025-04-17T07:16:03.795+0000] {subprocess.py:93} INFO - [0m07:16:03
[2025-04-17T07:16:03.819+0000] {subprocess.py:93} INFO - [0m07:16:03  1 of 5 START sql table model lead_staging.dim_address .......................... [RUN]
[2025-04-17T07:28:06.608+0000] {job.py:229} INFO - Heartbeat recovered after 678.20 seconds
[2025-04-17T07:30:05.130+0000] {subprocess.py:93} INFO - [0m07:30:05  1 of 5 OK created sql table model lead_staging.dim_address ..................... [[32mSELECT 3319244[0m in 841.31s]
[2025-04-17T07:30:05.134+0000] {subprocess.py:93} INFO - [0m07:30:05  2 of 5 START sql table model lead_staging.dim_date ............................. [RUN]
[2025-04-17T07:30:25.854+0000] {subprocess.py:93} INFO - [0m07:30:25  2 of 5 OK created sql table model lead_staging.dim_date ........................ [[32mSELECT 4376994[0m in 20.72s]
[2025-04-17T07:30:25.859+0000] {subprocess.py:93} INFO - [0m07:30:25  3 of 5 START sql table model lead_staging.dim_finance .......................... [RUN]
[2025-04-17T07:33:20.755+0000] {subprocess.py:93} INFO - [0m07:33:20  3 of 5 OK created sql table model lead_staging.dim_finance ..................... [[32mSELECT 4590259[0m in 174.89s]
[2025-04-17T07:33:20.764+0000] {subprocess.py:93} INFO - [0m07:33:20  4 of 5 START sql table model lead_staging.dim_person ........................... [RUN]
[2025-04-17T07:34:38.179+0000] {subprocess.py:93} INFO - [0m07:34:38  4 of 5 OK created sql table model lead_staging.dim_person ...................... [[32mSELECT 5234791[0m in 77.41s]
[2025-04-17T07:34:38.185+0000] {subprocess.py:93} INFO - [0m07:34:38  5 of 5 START sql table model lead_staging.fact_network_usage ................... [RUN]
