[2025-04-17T07:49:11.840+0000] {local_task_job_runner.py:123} INFO - ::group::Pre task execution logs
[2025-04-17T07:49:11.861+0000] {taskinstance.py:2612} INFO - Dependencies all met for dep_context=non-requeueable deps ti=<TaskInstance: extract_raw_data_pipeline.run_dbt_staging scheduled__2025-04-17T07:48:00+00:00 [queued]>
[2025-04-17T07:49:11.871+0000] {taskinstance.py:2612} INFO - Dependencies all met for dep_context=requeueable deps ti=<TaskInstance: extract_raw_data_pipeline.run_dbt_staging scheduled__2025-04-17T07:48:00+00:00 [queued]>
[2025-04-17T07:49:11.871+0000] {taskinstance.py:2865} INFO - Starting attempt 1 of 1
[2025-04-17T07:49:11.888+0000] {taskinstance.py:2888} INFO - Executing <Task(BashOperator): run_dbt_staging> on 2025-04-17 07:48:00+00:00
[2025-04-17T07:49:11.893+0000] {warnings.py:112} WARNING - /home/***/.local/lib/python3.12/site-packages/***/task/task_runner/standard_task_runner.py:70: DeprecationWarning: This process (pid=737) is multi-threaded, use of fork() may lead to deadlocks in the child.
  pid = os.fork()

[2025-04-17T07:49:11.895+0000] {standard_task_runner.py:72} INFO - Started process 739 to run task
[2025-04-17T07:49:11.896+0000] {standard_task_runner.py:104} INFO - Running: ['***', 'tasks', 'run', 'extract_raw_data_pipeline', 'run_dbt_staging', 'scheduled__2025-04-17T07:48:00+00:00', '--job-id', '270', '--raw', '--subdir', 'DAGS_FOLDER/lead_data_pipeline.py', '--cfg-path', '/tmp/tmpbji2kb07']
[2025-04-17T07:49:11.897+0000] {standard_task_runner.py:105} INFO - Job 270: Subtask run_dbt_staging
[2025-04-17T07:49:11.962+0000] {task_command.py:467} INFO - Running <TaskInstance: extract_raw_data_pipeline.run_dbt_staging scheduled__2025-04-17T07:48:00+00:00 [running]> on host c0ac39583bd8
[2025-04-17T07:49:12.060+0000] {taskinstance.py:3131} INFO - Exporting env vars: AIRFLOW_CTX_DAG_OWNER='***' AIRFLOW_CTX_DAG_ID='extract_raw_data_pipeline' AIRFLOW_CTX_TASK_ID='run_dbt_staging' AIRFLOW_CTX_EXECUTION_DATE='2025-04-17T07:48:00+00:00' AIRFLOW_CTX_TRY_NUMBER='1' AIRFLOW_CTX_DAG_RUN_ID='scheduled__2025-04-17T07:48:00+00:00'
[2025-04-17T07:49:12.062+0000] {taskinstance.py:731} INFO - ::endgroup::
[2025-04-17T07:49:12.084+0000] {subprocess.py:63} INFO - Tmp dir root location: /tmp
[2025-04-17T07:49:12.085+0000] {subprocess.py:75} INFO - Running command: ['/usr/bin/bash', '-c', 'set -x; cd /opt/***/dbt && dbt run --select tag:staging']
[2025-04-17T07:49:12.099+0000] {subprocess.py:86} INFO - Output:
[2025-04-17T07:49:12.107+0000] {subprocess.py:93} INFO - + cd /opt/***/dbt
[2025-04-17T07:49:12.108+0000] {subprocess.py:93} INFO - + dbt run --select tag:staging
[2025-04-17T07:49:15.301+0000] {subprocess.py:93} INFO - [0m07:49:15  Running with dbt=1.8.0
[2025-04-17T07:49:15.813+0000] {subprocess.py:93} INFO - [0m07:49:15  Registered adapter: postgres=1.8.2
[2025-04-17T07:49:16.369+0000] {subprocess.py:93} INFO - [0m07:49:16  Found 9 models, 10 sources, 428 macros
[2025-04-17T07:49:16.373+0000] {subprocess.py:93} INFO - [0m07:49:16
[2025-04-17T07:49:16.542+0000] {subprocess.py:93} INFO - [0m07:49:16  Concurrency: 1 threads (target='dev')
[2025-04-17T07:49:16.543+0000] {subprocess.py:93} INFO - [0m07:49:16
[2025-04-17T07:49:16.555+0000] {subprocess.py:93} INFO - [0m07:49:16  1 of 5 START sql table model lead_staging.dim_address .......................... [RUN]
