[2025-04-15T08:07:27.492+0000] {local_task_job_runner.py:123} INFO - ::group::Pre task execution logs
[2025-04-15T08:07:27.517+0000] {taskinstance.py:2612} INFO - Dependencies all met for dep_context=non-requeueable deps ti=<TaskInstance: extract_raw_data_pipeline.create_raw_schema scheduled__2025-04-15T07:58:00+00:00 [queued]>
[2025-04-15T08:07:27.528+0000] {taskinstance.py:2612} INFO - Dependencies all met for dep_context=requeueable deps ti=<TaskInstance: extract_raw_data_pipeline.create_raw_schema scheduled__2025-04-15T07:58:00+00:00 [queued]>
[2025-04-15T08:07:27.529+0000] {taskinstance.py:2865} INFO - Starting attempt 1 of 1
[2025-04-15T08:07:27.551+0000] {taskinstance.py:2888} INFO - Executing <Task(SQLExecuteQueryOperator): create_raw_schema> on 2025-04-15 07:58:00+00:00
[2025-04-15T08:07:27.557+0000] {warnings.py:112} WARNING - /home/***/.local/lib/python3.12/site-packages/***/task/task_runner/standard_task_runner.py:70: DeprecationWarning: This process (pid=3831) is multi-threaded, use of fork() may lead to deadlocks in the child.
  pid = os.fork()

[2025-04-15T08:07:27.559+0000] {standard_task_runner.py:72} INFO - Started process 3872 to run task
[2025-04-15T08:07:27.559+0000] {standard_task_runner.py:104} INFO - Running: ['***', 'tasks', 'run', 'extract_raw_data_pipeline', 'create_raw_schema', 'scheduled__2025-04-15T07:58:00+00:00', '--job-id', '106', '--raw', '--subdir', 'DAGS_FOLDER/lead_data_pipeline.py', '--cfg-path', '/tmp/tmpdcibt6wo']
[2025-04-15T08:07:27.560+0000] {standard_task_runner.py:105} INFO - Job 106: Subtask create_raw_schema
[2025-04-15T08:07:27.625+0000] {task_command.py:467} INFO - Running <TaskInstance: extract_raw_data_pipeline.create_raw_schema scheduled__2025-04-15T07:58:00+00:00 [running]> on host c0ac39583bd8
[2025-04-15T08:07:27.770+0000] {taskinstance.py:3131} INFO - Exporting env vars: AIRFLOW_CTX_DAG_OWNER='***' AIRFLOW_CTX_DAG_ID='extract_raw_data_pipeline' AIRFLOW_CTX_TASK_ID='create_raw_schema' AIRFLOW_CTX_EXECUTION_DATE='2025-04-15T07:58:00+00:00' AIRFLOW_CTX_TRY_NUMBER='1' AIRFLOW_CTX_DAG_RUN_ID='scheduled__2025-04-15T07:58:00+00:00'
[2025-04-15T08:07:27.772+0000] {taskinstance.py:731} INFO - ::endgroup::
[2025-04-15T08:07:27.790+0000] {sql.py:266} INFO - Executing: CREATE SCHEMA IF NOT EXISTS lead_raw;
[2025-04-15T08:07:27.805+0000] {base.py:84} INFO - Retrieving connection 'postgres_conn'
[2025-04-15T08:07:27.859+0000] {base.py:84} INFO - Retrieving connection 'postgres_conn'
[2025-04-15T08:07:27.865+0000] {sql.py:509} INFO - Running statement: CREATE SCHEMA IF NOT EXISTS lead_raw;, parameters: None
[2025-04-15T08:07:27.881+0000] {taskinstance.py:340} INFO - ::group::Post task execution logs
[2025-04-15T08:07:27.882+0000] {taskinstance.py:352} INFO - Marking task as SUCCESS. dag_id=extract_raw_data_pipeline, task_id=create_raw_schema, run_id=scheduled__2025-04-15T07:58:00+00:00, execution_date=20250415T075800, start_date=20250415T080727, end_date=20250415T080727
[2025-04-15T08:07:27.909+0000] {local_task_job_runner.py:266} INFO - Task exited with return code 0
[2025-04-15T08:07:27.936+0000] {taskinstance.py:3900} INFO - 0 downstream tasks scheduled from follow-on schedule check
[2025-04-15T08:07:27.943+0000] {local_task_job_runner.py:245} INFO - ::endgroup::
