[2025-04-15T16:31:28.901+0000] {local_task_job_runner.py:123} INFO - ::group::Pre task execution logs
[2025-04-15T16:31:29.070+0000] {taskinstance.py:2612} INFO - Dependencies all met for dep_context=non-requeueable deps ti=<TaskInstance: extract_raw_data_pipeline.run_dbt_trusted scheduled__2025-04-15T07:58:00+00:00 [queued]>
[2025-04-15T16:31:29.161+0000] {taskinstance.py:2612} INFO - Dependencies all met for dep_context=requeueable deps ti=<TaskInstance: extract_raw_data_pipeline.run_dbt_trusted scheduled__2025-04-15T07:58:00+00:00 [queued]>
[2025-04-15T16:31:29.167+0000] {taskinstance.py:2865} INFO - Starting attempt 1 of 1
[2025-04-15T16:31:29.515+0000] {taskinstance.py:2888} INFO - Executing <Task(BashOperator): run_dbt_trusted> on 2025-04-15 07:58:00+00:00
[2025-04-15T16:31:29.566+0000] {warnings.py:112} WARNING - /home/***/.local/lib/python3.12/site-packages/***/task/task_runner/standard_task_runner.py:70: DeprecationWarning: This process (pid=4339) is multi-threaded, use of fork() may lead to deadlocks in the child.
  pid = os.fork()

[2025-04-15T16:31:29.586+0000] {standard_task_runner.py:72} INFO - Started process 4341 to run task
[2025-04-15T16:31:29.595+0000] {standard_task_runner.py:104} INFO - Running: ['***', 'tasks', 'run', 'extract_raw_data_pipeline', 'run_dbt_trusted', 'scheduled__2025-04-15T07:58:00+00:00', '--job-id', '117', '--raw', '--subdir', 'DAGS_FOLDER/lead_data_pipeline.py', '--cfg-path', '/tmp/tmp3v4gkfb4']
[2025-04-15T16:31:29.609+0000] {standard_task_runner.py:105} INFO - Job 117: Subtask run_dbt_trusted
[2025-04-15T16:31:30.096+0000] {task_command.py:467} INFO - Running <TaskInstance: extract_raw_data_pipeline.run_dbt_trusted scheduled__2025-04-15T07:58:00+00:00 [running]> on host c0ac39583bd8
[2025-04-15T16:31:31.811+0000] {taskinstance.py:3131} INFO - Exporting env vars: AIRFLOW_CTX_DAG_OWNER='***' AIRFLOW_CTX_DAG_ID='extract_raw_data_pipeline' AIRFLOW_CTX_TASK_ID='run_dbt_trusted' AIRFLOW_CTX_EXECUTION_DATE='2025-04-15T07:58:00+00:00' AIRFLOW_CTX_TRY_NUMBER='1' AIRFLOW_CTX_DAG_RUN_ID='scheduled__2025-04-15T07:58:00+00:00'
[2025-04-15T16:31:31.826+0000] {taskinstance.py:731} INFO - ::endgroup::
[2025-04-15T16:31:31.965+0000] {subprocess.py:63} INFO - Tmp dir root location: /tmp
[2025-04-15T16:31:31.972+0000] {subprocess.py:75} INFO - Running command: ['/usr/bin/bash', '-c', 'set -x; cd /opt/***/dbt && dbt run --select tag:trusted']
[2025-04-15T16:31:32.036+0000] {subprocess.py:86} INFO - Output:
[2025-04-15T16:31:32.060+0000] {subprocess.py:93} INFO - + cd /opt/***/dbt
[2025-04-15T16:31:32.069+0000] {subprocess.py:93} INFO - + dbt run --select tag:trusted
[2025-04-15T16:31:58.377+0000] {subprocess.py:93} INFO - [0m16:31:58  Running with dbt=1.8.0
[2025-04-15T16:32:03.293+0000] {subprocess.py:93} INFO - [0m16:32:03  Registered adapter: postgres=1.8.2
[2025-04-15T16:32:04.092+0000] {subprocess.py:93} INFO - [0m16:32:04  Found 9 models, 10 sources, 428 macros
[2025-04-15T16:32:04.100+0000] {subprocess.py:93} INFO - [0m16:32:04
[2025-04-15T16:32:04.617+0000] {subprocess.py:93} INFO - [0m16:32:04  Concurrency: 1 threads (target='dev')
[2025-04-15T16:32:04.618+0000] {subprocess.py:93} INFO - [0m16:32:04
[2025-04-15T16:32:04.636+0000] {subprocess.py:93} INFO - [0m16:32:04  1 of 4 START sql table model lead_trusted.non_pii_data ......................... [RUN]
[2025-04-15T16:39:02.724+0000] {job.py:229} INFO - Heartbeat recovered after 394.20 seconds
[2025-04-15T18:26:42.099+0000] {job.py:229} INFO - Heartbeat recovered after 6449.05 seconds
[2025-04-15T18:56:39.641+0000] {job.py:229} INFO - Heartbeat recovered after 1777.32 seconds
[2025-04-15T18:57:23.676+0000] {job.py:229} INFO - Heartbeat recovered after 18.66 seconds
[2025-04-16T00:00:12.943+0000] {job.py:229} INFO - Heartbeat recovered after 18154.07 seconds
[2025-04-16T00:02:41.848+0000] {job.py:229} INFO - Heartbeat recovered after 143.87 seconds
[2025-04-16T00:03:31.529+0000] {job.py:229} INFO - Heartbeat recovered after 19.23 seconds
[2025-04-16T12:00:20.359+0000] {job.py:229} INFO - Heartbeat recovered after 43003.69 seconds
[2025-04-16T12:00:51.830+0000] {subprocess.py:93} INFO - [0m12:00:51  1 of 4 OK created sql table model lead_trusted.non_pii_data .................... [[32mSELECT 21225910[0m in 70127.18s]
[2025-04-16T12:00:51.841+0000] {subprocess.py:93} INFO - [0m12:00:51  2 of 4 START sql table model lead_trusted.payment_data ......................... [RUN]
[2025-04-16T12:01:03.868+0000] {subprocess.py:93} INFO - [0m12:01:03  2 of 4 OK created sql table model lead_trusted.payment_data .................... [[32mSELECT 3977366[0m in 12.03s]
[2025-04-16T12:01:03.871+0000] {subprocess.py:93} INFO - [0m12:01:03  3 of 4 START sql table model lead_trusted.pii_data ............................. [RUN]
[2025-04-16T12:04:45.471+0000] {subprocess.py:93} INFO - [0m12:04:45  3 of 4 OK created sql table model lead_trusted.pii_data ........................ [[32mSELECT 27812086[0m in 221.60s]
[2025-04-16T12:04:45.474+0000] {subprocess.py:93} INFO - [0m12:04:45  4 of 4 START sql table model lead_trusted.technical_data ....................... [RUN]
[2025-04-16T12:04:58.806+0000] {subprocess.py:93} INFO - [0m12:04:58  4 of 4 OK created sql table model lead_trusted.technical_data .................. [[32mSELECT 3977366[0m in 13.33s]
[2025-04-16T12:04:58.829+0000] {subprocess.py:93} INFO - [0m12:04:58
[2025-04-16T12:04:58.830+0000] {subprocess.py:93} INFO - [0m12:04:58  Finished running 4 table models in 19 hours 32 minutes and 54.73 seconds (70374.73s).
[2025-04-16T12:04:58.911+0000] {subprocess.py:93} INFO - [0m12:04:58
[2025-04-16T12:04:58.912+0000] {subprocess.py:93} INFO - [0m12:04:58  [32mCompleted successfully[0m
[2025-04-16T12:04:58.913+0000] {subprocess.py:93} INFO - [0m12:04:58
[2025-04-16T12:04:58.914+0000] {subprocess.py:93} INFO - [0m12:04:58  Done. PASS=4 WARN=0 ERROR=0 SKIP=0 TOTAL=4
[2025-04-16T12:05:00.101+0000] {subprocess.py:97} INFO - Command exited with return code 0
[2025-04-16T12:05:00.194+0000] {taskinstance.py:340} INFO - ::group::Post task execution logs
[2025-04-16T12:05:00.195+0000] {taskinstance.py:352} INFO - Marking task as SUCCESS. dag_id=extract_raw_data_pipeline, task_id=run_dbt_trusted, run_id=scheduled__2025-04-15T07:58:00+00:00, execution_date=20250415T075800, start_date=20250415T163129, end_date=20250416T120500
[2025-04-16T12:05:00.268+0000] {local_task_job_runner.py:266} INFO - Task exited with return code 0
[2025-04-16T12:05:00.299+0000] {taskinstance.py:3900} INFO - 0 downstream tasks scheduled from follow-on schedule check
[2025-04-16T12:05:00.308+0000] {local_task_job_runner.py:245} INFO - ::endgroup::
