[2025-04-17T07:51:01.576+0000] {local_task_job_runner.py:123} INFO - ::group::Pre task execution logs
[2025-04-17T07:51:01.597+0000] {taskinstance.py:2612} INFO - Dependencies all met for dep_context=non-requeueable deps ti=<TaskInstance: extract_raw_data_pipeline.extract_raw_data scheduled__2025-04-17T07:50:00+00:00 [queued]>
[2025-04-17T07:51:01.606+0000] {taskinstance.py:2612} INFO - Dependencies all met for dep_context=requeueable deps ti=<TaskInstance: extract_raw_data_pipeline.extract_raw_data scheduled__2025-04-17T07:50:00+00:00 [queued]>
[2025-04-17T07:51:01.607+0000] {taskinstance.py:2865} INFO - Starting attempt 1 of 1
[2025-04-17T07:51:01.664+0000] {taskinstance.py:2888} INFO - Executing <Task(PythonOperator): extract_raw_data> on 2025-04-17 07:50:00+00:00
[2025-04-17T07:51:01.672+0000] {warnings.py:112} WARNING - /home/***/.local/lib/python3.12/site-packages/***/task/task_runner/standard_task_runner.py:70: DeprecationWarning: This process (pid=818) is multi-threaded, use of fork() may lead to deadlocks in the child.
  pid = os.fork()

[2025-04-17T07:51:01.674+0000] {standard_task_runner.py:72} INFO - Started process 820 to run task
[2025-04-17T07:51:01.674+0000] {standard_task_runner.py:104} INFO - Running: ['***', 'tasks', 'run', 'extract_raw_data_pipeline', 'extract_raw_data', 'scheduled__2025-04-17T07:50:00+00:00', '--job-id', '276', '--raw', '--subdir', 'DAGS_FOLDER/lead_data_pipeline.py', '--cfg-path', '/tmp/tmpfsj0rosc']
[2025-04-17T07:51:01.676+0000] {standard_task_runner.py:105} INFO - Job 276: Subtask extract_raw_data
[2025-04-17T07:51:01.739+0000] {task_command.py:467} INFO - Running <TaskInstance: extract_raw_data_pipeline.extract_raw_data scheduled__2025-04-17T07:50:00+00:00 [running]> on host c0ac39583bd8
[2025-04-17T07:51:01.875+0000] {taskinstance.py:3131} INFO - Exporting env vars: AIRFLOW_CTX_DAG_OWNER='***' AIRFLOW_CTX_DAG_ID='extract_raw_data_pipeline' AIRFLOW_CTX_TASK_ID='extract_raw_data' AIRFLOW_CTX_EXECUTION_DATE='2025-04-17T07:50:00+00:00' AIRFLOW_CTX_TRY_NUMBER='1' AIRFLOW_CTX_DAG_RUN_ID='scheduled__2025-04-17T07:50:00+00:00'
[2025-04-17T07:51:01.876+0000] {taskinstance.py:731} INFO - ::endgroup::
[2025-04-17T07:51:01.897+0000] {lead_data_pipeline.py:146} INFO - Started batch processing for 2025-04-17.
[2025-04-17T07:51:01.898+0000] {lead_data_pipeline.py:35} INFO - Created synthetic data for RO country code.
[2025-04-17T07:51:02.354+0000] {lead_data_pipeline.py:103} INFO - Written 1101 records to the CSV file.
[2025-04-17T07:51:03.665+0000] {lead_data_pipeline.py:119} INFO - Added UUID to the dataset.
[2025-04-17T07:51:03.943+0000] {lead_data_pipeline.py:138} INFO - Updated accessed timestamp.
[2025-04-17T07:51:03.944+0000] {lead_data_pipeline.py:154} INFO - Finished batch processing 2025-04-17.
[2025-04-17T07:51:03.945+0000] {python.py:240} INFO - Done. Returned value was: None
[2025-04-17T07:51:03.958+0000] {taskinstance.py:340} INFO - ::group::Post task execution logs
[2025-04-17T07:51:03.959+0000] {taskinstance.py:352} INFO - Marking task as SUCCESS. dag_id=extract_raw_data_pipeline, task_id=extract_raw_data, run_id=scheduled__2025-04-17T07:50:00+00:00, execution_date=20250417T075000, start_date=20250417T075101, end_date=20250417T075103
[2025-04-17T07:51:04.064+0000] {local_task_job_runner.py:266} INFO - Task exited with return code 0
[2025-04-17T07:51:04.091+0000] {taskinstance.py:3900} INFO - 0 downstream tasks scheduled from follow-on schedule check
[2025-04-17T07:51:04.093+0000] {local_task_job_runner.py:245} INFO - ::endgroup::
