[2025-04-15T07:22:06.586+0000] {local_task_job_runner.py:123} INFO - ::group::Pre task execution logs
[2025-04-15T07:22:06.707+0000] {taskinstance.py:2612} INFO - Dependencies all met for dep_context=non-requeueable deps ti=<TaskInstance: extract_raw_data_pipeline.extract_raw_data scheduled__2025-04-15T07:21:00+00:00 [queued]>
[2025-04-15T07:22:06.768+0000] {taskinstance.py:2612} INFO - Dependencies all met for dep_context=requeueable deps ti=<TaskInstance: extract_raw_data_pipeline.extract_raw_data scheduled__2025-04-15T07:21:00+00:00 [queued]>
[2025-04-15T07:22:06.772+0000] {taskinstance.py:2865} INFO - Starting attempt 1 of 1
[2025-04-15T07:22:06.877+0000] {taskinstance.py:2888} INFO - Executing <Task(PythonOperator): extract_raw_data> on 2025-04-15 07:21:00+00:00
[2025-04-15T07:22:06.906+0000] {warnings.py:112} WARNING - /home/***/.local/lib/python3.12/site-packages/***/task/task_runner/standard_task_runner.py:70: DeprecationWarning: This process (pid=3561) is multi-threaded, use of fork() may lead to deadlocks in the child.
  pid = os.fork()

[2025-04-15T07:22:06.918+0000] {standard_task_runner.py:72} INFO - Started process 3581 to run task
[2025-04-15T07:22:06.922+0000] {standard_task_runner.py:104} INFO - Running: ['***', 'tasks', 'run', 'extract_raw_data_pipeline', 'extract_raw_data', 'scheduled__2025-04-15T07:21:00+00:00', '--job-id', '84', '--raw', '--subdir', 'DAGS_FOLDER/lead_data_pipeline.py', '--cfg-path', '/tmp/tmp33v856ga']
[2025-04-15T07:22:06.932+0000] {standard_task_runner.py:105} INFO - Job 84: Subtask extract_raw_data
[2025-04-15T07:22:07.220+0000] {task_command.py:467} INFO - Running <TaskInstance: extract_raw_data_pipeline.extract_raw_data scheduled__2025-04-15T07:21:00+00:00 [running]> on host c0ac39583bd8
[2025-04-15T07:22:07.746+0000] {taskinstance.py:3131} INFO - Exporting env vars: AIRFLOW_CTX_DAG_OWNER='***' AIRFLOW_CTX_DAG_ID='extract_raw_data_pipeline' AIRFLOW_CTX_TASK_ID='extract_raw_data' AIRFLOW_CTX_EXECUTION_DATE='2025-04-15T07:21:00+00:00' AIRFLOW_CTX_TRY_NUMBER='1' AIRFLOW_CTX_DAG_RUN_ID='scheduled__2025-04-15T07:21:00+00:00'
[2025-04-15T07:22:07.754+0000] {taskinstance.py:731} INFO - ::endgroup::
[2025-04-15T07:22:07.850+0000] {lead_data_pipeline.py:146} INFO - Started batch processing for 2025-04-15.
[2025-04-15T07:22:07.854+0000] {lead_data_pipeline.py:35} INFO - Created synthetic data for RO country code.
[2025-04-15T07:22:09.779+0000] {lead_data_pipeline.py:103} INFO - Written 499 records to the CSV file.
[2025-04-15T07:37:14.288+0000] {job.py:229} INFO - Heartbeat recovered after 902.25 seconds
[2025-04-15T07:37:15.178+0000] {lead_data_pipeline.py:119} INFO - Added UUID to the dataset.
[2025-04-15T07:37:15.538+0000] {lead_data_pipeline.py:138} INFO - Updated accessed timestamp.
[2025-04-15T07:37:15.540+0000] {lead_data_pipeline.py:154} INFO - Finished batch processing 2025-04-15.
[2025-04-15T07:37:15.541+0000] {python.py:240} INFO - Done. Returned value was: None
[2025-04-15T07:37:15.556+0000] {taskinstance.py:340} INFO - ::group::Post task execution logs
[2025-04-15T07:37:15.557+0000] {taskinstance.py:352} INFO - Marking task as SUCCESS. dag_id=extract_raw_data_pipeline, task_id=extract_raw_data, run_id=scheduled__2025-04-15T07:21:00+00:00, execution_date=20250415T072100, start_date=20250415T072206, end_date=20250415T073715
[2025-04-15T07:37:15.655+0000] {local_task_job_runner.py:266} INFO - Task exited with return code 0
[2025-04-15T07:37:15.691+0000] {taskinstance.py:3900} INFO - 1 downstream tasks scheduled from follow-on schedule check
[2025-04-15T07:37:15.693+0000] {local_task_job_runner.py:245} INFO - ::endgroup::
