[2025-04-15T07:06:31.420+0000] {local_task_job_runner.py:123} INFO - ::group::Pre task execution logs
[2025-04-15T07:06:31.436+0000] {taskinstance.py:2612} INFO - Dependencies all met for dep_context=non-requeueable deps ti=<TaskInstance: extract_raw_data_pipeline.run_dbt_staging scheduled__2025-04-15T07:05:00+00:00 [queued]>
[2025-04-15T07:06:31.444+0000] {taskinstance.py:2612} INFO - Dependencies all met for dep_context=requeueable deps ti=<TaskInstance: extract_raw_data_pipeline.run_dbt_staging scheduled__2025-04-15T07:05:00+00:00 [queued]>
[2025-04-15T07:06:31.444+0000] {taskinstance.py:2865} INFO - Starting attempt 1 of 1
[2025-04-15T07:06:31.457+0000] {taskinstance.py:2888} INFO - Executing <Task(BashOperator): run_dbt_staging> on 2025-04-15 07:05:00+00:00
[2025-04-15T07:06:31.462+0000] {warnings.py:112} WARNING - /home/***/.local/lib/python3.12/site-packages/***/task/task_runner/standard_task_runner.py:70: DeprecationWarning: This process (pid=3453) is multi-threaded, use of fork() may lead to deadlocks in the child.
  pid = os.fork()

[2025-04-15T07:06:31.464+0000] {standard_task_runner.py:72} INFO - Started process 3458 to run task
[2025-04-15T07:06:31.464+0000] {standard_task_runner.py:104} INFO - Running: ['***', 'tasks', 'run', 'extract_raw_data_pipeline', 'run_dbt_staging', 'scheduled__2025-04-15T07:05:00+00:00', '--job-id', '70', '--raw', '--subdir', 'DAGS_FOLDER/lead_data_pipeline.py', '--cfg-path', '/tmp/tmpvh0iovtz']
[2025-04-15T07:06:31.466+0000] {standard_task_runner.py:105} INFO - Job 70: Subtask run_dbt_staging
[2025-04-15T07:06:31.509+0000] {task_command.py:467} INFO - Running <TaskInstance: extract_raw_data_pipeline.run_dbt_staging scheduled__2025-04-15T07:05:00+00:00 [running]> on host c0ac39583bd8
[2025-04-15T07:06:31.586+0000] {taskinstance.py:3131} INFO - Exporting env vars: AIRFLOW_CTX_DAG_OWNER='***' AIRFLOW_CTX_DAG_ID='extract_raw_data_pipeline' AIRFLOW_CTX_TASK_ID='run_dbt_staging' AIRFLOW_CTX_EXECUTION_DATE='2025-04-15T07:05:00+00:00' AIRFLOW_CTX_TRY_NUMBER='1' AIRFLOW_CTX_DAG_RUN_ID='scheduled__2025-04-15T07:05:00+00:00'
[2025-04-15T07:06:31.587+0000] {taskinstance.py:731} INFO - ::endgroup::
[2025-04-15T07:06:31.601+0000] {subprocess.py:63} INFO - Tmp dir root location: /tmp
[2025-04-15T07:06:31.602+0000] {subprocess.py:75} INFO - Running command: ['/usr/bin/bash', '-c', 'set -x; cd /opt/***/dbt && dbt run --select tag:staging']
[2025-04-15T07:06:31.610+0000] {subprocess.py:86} INFO - Output:
[2025-04-15T07:06:31.611+0000] {subprocess.py:93} INFO - + cd /opt/***/dbt
[2025-04-15T07:06:31.612+0000] {subprocess.py:93} INFO - + dbt run --select tag:staging
[2025-04-15T07:06:40.694+0000] {subprocess.py:93} INFO - [0m07:06:40  Running with dbt=1.8.0
[2025-04-15T07:06:42.627+0000] {subprocess.py:93} INFO - [0m07:06:42  Registered adapter: postgres=1.8.2
[2025-04-15T07:06:46.184+0000] {subprocess.py:93} INFO - [0m07:06:46  Found 9 models, 10 sources, 428 macros
[2025-04-15T07:06:46.211+0000] {subprocess.py:93} INFO - [0m07:06:46
[2025-04-15T07:06:47.059+0000] {subprocess.py:93} INFO - [0m07:06:47  Concurrency: 1 threads (target='dev')
[2025-04-15T07:06:47.064+0000] {subprocess.py:93} INFO - [0m07:06:47
[2025-04-15T07:06:47.139+0000] {subprocess.py:93} INFO - [0m07:06:47  1 of 5 START sql table model lead_staging.dim_address .......................... [RUN]
[2025-04-15T07:21:48.711+0000] {job.py:229} INFO - Heartbeat recovered after 901.96 seconds
[2025-04-15T07:21:50.016+0000] {subprocess.py:93} INFO - [0m07:21:50  1 of 5 OK created sql table model lead_staging.dim_address ..................... [[32mSELECT 808210[0m in 902.87s]
[2025-04-15T07:21:50.020+0000] {subprocess.py:93} INFO - [0m07:21:50  2 of 5 START sql table model lead_staging.dim_date ............................. [RUN]
[2025-04-15T07:21:51.780+0000] {subprocess.py:93} INFO - [0m07:21:51  2 of 5 OK created sql table model lead_staging.dim_date ........................ [[32mSELECT 808210[0m in 1.76s]
[2025-04-15T07:21:51.786+0000] {subprocess.py:93} INFO - [0m07:21:51  3 of 5 START sql table model lead_staging.dim_finance .......................... [RUN]
[2025-04-15T07:21:53.363+0000] {subprocess.py:93} INFO - [0m07:21:53  3 of 5 OK created sql table model lead_staging.dim_finance ..................... [[32mSELECT 808210[0m in 1.57s]
[2025-04-15T07:21:53.367+0000] {subprocess.py:93} INFO - [0m07:21:53  4 of 5 START sql table model lead_staging.dim_person ........................... [RUN]
[2025-04-15T07:21:55.052+0000] {subprocess.py:93} INFO - [0m07:21:55  4 of 5 OK created sql table model lead_staging.dim_person ...................... [[32mSELECT 808210[0m in 1.68s]
[2025-04-15T07:21:55.055+0000] {subprocess.py:93} INFO - [0m07:21:55  5 of 5 START sql table model lead_staging.fact_network_usage ................... [RUN]
[2025-04-15T07:21:56.895+0000] {subprocess.py:93} INFO - [0m07:21:56  5 of 5 OK created sql table model lead_staging.fact_network_usage .............. [[32mSELECT 808210[0m in 1.84s]
[2025-04-15T07:21:56.915+0000] {subprocess.py:93} INFO - [0m07:21:56
[2025-04-15T07:21:56.916+0000] {subprocess.py:93} INFO - [0m07:21:56  Finished running 5 table models in 0 hours 15 minutes and 10.70 seconds (910.70s).
[2025-04-15T07:21:56.981+0000] {subprocess.py:93} INFO - [0m07:21:56
[2025-04-15T07:21:56.982+0000] {subprocess.py:93} INFO - [0m07:21:56  [32mCompleted successfully[0m
[2025-04-15T07:21:56.983+0000] {subprocess.py:93} INFO - [0m07:21:56
[2025-04-15T07:21:56.984+0000] {subprocess.py:93} INFO - [0m07:21:56  Done. PASS=5 WARN=0 ERROR=0 SKIP=0 TOTAL=5
[2025-04-15T07:21:57.910+0000] {subprocess.py:97} INFO - Command exited with return code 0
[2025-04-15T07:21:57.940+0000] {taskinstance.py:340} INFO - ::group::Post task execution logs
[2025-04-15T07:21:57.941+0000] {taskinstance.py:352} INFO - Marking task as SUCCESS. dag_id=extract_raw_data_pipeline, task_id=run_dbt_staging, run_id=scheduled__2025-04-15T07:05:00+00:00, execution_date=20250415T070500, start_date=20250415T070631, end_date=20250415T072157
[2025-04-15T07:21:57.974+0000] {local_task_job_runner.py:266} INFO - Task exited with return code 0
[2025-04-15T07:21:57.994+0000] {taskinstance.py:3900} INFO - 1 downstream tasks scheduled from follow-on schedule check
[2025-04-15T07:21:57.996+0000] {local_task_job_runner.py:245} INFO - ::endgroup::
