[2025-04-14T10:17:43.002+0000] {local_task_job_runner.py:123} INFO - ::group::Pre task execution logs
[2025-04-14T10:17:43.021+0000] {taskinstance.py:2612} INFO - Dependencies all met for dep_context=non-requeueable deps ti=<TaskInstance: extract_raw_data_pipeline.create_raw_schema scheduled__2025-04-13T07:59:00+00:00 [queued]>
[2025-04-14T10:17:43.030+0000] {taskinstance.py:2612} INFO - Dependencies all met for dep_context=requeueable deps ti=<TaskInstance: extract_raw_data_pipeline.create_raw_schema scheduled__2025-04-13T07:59:00+00:00 [queued]>
[2025-04-14T10:17:43.030+0000] {taskinstance.py:2865} INFO - Starting attempt 1 of 1
[2025-04-14T10:17:43.045+0000] {taskinstance.py:2888} INFO - Executing <Task(SQLExecuteQueryOperator): create_raw_schema> on 2025-04-13 07:59:00+00:00
[2025-04-14T10:17:43.050+0000] {warnings.py:112} WARNING - /home/***/.local/lib/python3.12/site-packages/***/task/task_runner/standard_task_runner.py:70: DeprecationWarning: This process (pid=57) is multi-threaded, use of fork() may lead to deadlocks in the child.
  pid = os.fork()

[2025-04-14T10:17:43.052+0000] {standard_task_runner.py:72} INFO - Started process 66 to run task
[2025-04-14T10:17:43.053+0000] {standard_task_runner.py:104} INFO - Running: ['***', 'tasks', 'run', 'extract_raw_data_pipeline', 'create_raw_schema', 'scheduled__2025-04-13T07:59:00+00:00', '--job-id', '26', '--raw', '--subdir', 'DAGS_FOLDER/lead_data_pipeline.py', '--cfg-path', '/tmp/tmpcopa7cc9']
[2025-04-14T10:17:43.055+0000] {standard_task_runner.py:105} INFO - Job 26: Subtask create_raw_schema
[2025-04-14T10:17:43.117+0000] {task_command.py:467} INFO - Running <TaskInstance: extract_raw_data_pipeline.create_raw_schema scheduled__2025-04-13T07:59:00+00:00 [running]> on host 9276b9d03819
[2025-04-14T10:17:43.217+0000] {taskinstance.py:3131} INFO - Exporting env vars: AIRFLOW_CTX_DAG_OWNER='***' AIRFLOW_CTX_DAG_ID='extract_raw_data_pipeline' AIRFLOW_CTX_TASK_ID='create_raw_schema' AIRFLOW_CTX_EXECUTION_DATE='2025-04-13T07:59:00+00:00' AIRFLOW_CTX_TRY_NUMBER='1' AIRFLOW_CTX_DAG_RUN_ID='scheduled__2025-04-13T07:59:00+00:00'
[2025-04-14T10:17:43.220+0000] {taskinstance.py:731} INFO - ::endgroup::
[2025-04-14T10:17:43.251+0000] {sql.py:266} INFO - Executing: CREATE SCHEMA IF NOT EXISTS lead_raw;
[2025-04-14T10:17:43.260+0000] {base.py:84} INFO - Retrieving connection 'postgres_conn'
[2025-04-14T10:17:43.274+0000] {base.py:84} INFO - Retrieving connection 'postgres_conn'
[2025-04-14T10:17:43.278+0000] {sql.py:509} INFO - Running statement: CREATE SCHEMA IF NOT EXISTS lead_raw;, parameters: None
[2025-04-14T10:17:43.291+0000] {taskinstance.py:340} INFO - ::group::Post task execution logs
[2025-04-14T10:17:43.292+0000] {taskinstance.py:352} INFO - Marking task as SUCCESS. dag_id=extract_raw_data_pipeline, task_id=create_raw_schema, run_id=scheduled__2025-04-13T07:59:00+00:00, execution_date=20250413T075900, start_date=20250414T101743, end_date=20250414T101743
[2025-04-14T10:17:43.312+0000] {local_task_job_runner.py:266} INFO - Task exited with return code 0
[2025-04-14T10:17:43.323+0000] {local_task_job_runner.py:245} INFO - ::endgroup::
