[2025-05-06T13:41:31.917+0000] {local_task_job_runner.py:123} INFO - ::group::Pre task execution logs
[2025-05-06T13:41:31.932+0000] {taskinstance.py:2612} INFO - Dependencies all met for dep_context=non-requeueable deps ti=<TaskInstance: extract_raw_data_pipeline2.create_raw_table manual__2025-05-06T13:38:02.447309+00:00 [queued]>
[2025-05-06T13:41:31.939+0000] {taskinstance.py:2612} INFO - Dependencies all met for dep_context=requeueable deps ti=<TaskInstance: extract_raw_data_pipeline2.create_raw_table manual__2025-05-06T13:38:02.447309+00:00 [queued]>
[2025-05-06T13:41:31.940+0000] {taskinstance.py:2865} INFO - Starting attempt 1 of 1
[2025-05-06T13:41:31.954+0000] {taskinstance.py:2888} INFO - Executing <Task(SQLExecuteQueryOperator): create_raw_table> on 2025-05-06 13:38:02.447309+00:00
[2025-05-06T13:41:31.959+0000] {warnings.py:112} WARNING - /home/***/.local/lib/python3.12/site-packages/***/task/task_runner/standard_task_runner.py:70: DeprecationWarning: This process (pid=868) is multi-threaded, use of fork() may lead to deadlocks in the child.
  pid = os.fork()

[2025-05-06T13:41:31.961+0000] {standard_task_runner.py:72} INFO - Started process 884 to run task
[2025-05-06T13:41:31.961+0000] {standard_task_runner.py:104} INFO - Running: ['***', 'tasks', 'run', 'extract_raw_data_pipeline2', 'create_raw_table', 'manual__2025-05-06T13:38:02.447309+00:00', '--job-id', '16', '--raw', '--subdir', 'DAGS_FOLDER/lead_data_pipeline copy.py', '--cfg-path', '/tmp/tmpwqu6xu1o']
[2025-05-06T13:41:31.963+0000] {standard_task_runner.py:105} INFO - Job 16: Subtask create_raw_table
[2025-05-06T13:41:32.005+0000] {task_command.py:467} INFO - Running <TaskInstance: extract_raw_data_pipeline2.create_raw_table manual__2025-05-06T13:38:02.447309+00:00 [running]> on host c4a5e29a95f8
[2025-05-06T13:41:32.074+0000] {taskinstance.py:3131} INFO - Exporting env vars: AIRFLOW_CTX_DAG_OWNER='***' AIRFLOW_CTX_DAG_ID='extract_raw_data_pipeline2' AIRFLOW_CTX_TASK_ID='create_raw_table' AIRFLOW_CTX_EXECUTION_DATE='2025-05-06T13:38:02.447309+00:00' AIRFLOW_CTX_TRY_NUMBER='1' AIRFLOW_CTX_DAG_RUN_ID='manual__2025-05-06T13:38:02.447309+00:00'
[2025-05-06T13:41:32.075+0000] {taskinstance.py:731} INFO - ::endgroup::
[2025-05-06T13:41:32.086+0000] {sql.py:266} INFO - Executing: 
        CREATE TABLE IF NOT EXISTS lead_raw.raw_batch_data (
            person_name VARCHAR(100),
            user_name VARCHAR(100),
            email VARCHAR(100),
            personal_number NUMERIC, 
            birth_date VARCHAR(100), 
            address VARCHAR(100),
            phone VARCHAR(100), 
            mac_address VARCHAR(100),
            ip_address VARCHAR(100),
            iban VARCHAR(100),
            accessed_at TIMESTAMP,
            session_duration INT,
            download_speed INT,
            upload_speed INT,
            consumed_traffic INT,
            unique_id VARCHAR(100),
            is_current BOOLEAN DEFAULT TRUE
        );
    
[2025-05-06T13:41:32.094+0000] {base.py:84} INFO - Retrieving connection 'postgres_conn'
[2025-05-06T13:41:32.102+0000] {base.py:84} INFO - Retrieving connection 'postgres_conn'
[2025-05-06T13:41:32.105+0000] {sql.py:509} INFO - Running statement: 
        CREATE TABLE IF NOT EXISTS lead_raw.raw_batch_data (
            person_name VARCHAR(100),
            user_name VARCHAR(100),
            email VARCHAR(100),
            personal_number NUMERIC, 
            birth_date VARCHAR(100), 
            address VARCHAR(100),
            phone VARCHAR(100), 
            mac_address VARCHAR(100),
            ip_address VARCHAR(100),
            iban VARCHAR(100),
            accessed_at TIMESTAMP,
            session_duration INT,
            download_speed INT,
            upload_speed INT,
            consumed_traffic INT,
            unique_id VARCHAR(100),
            is_current BOOLEAN DEFAULT TRUE
        );
    , parameters: None
[2025-05-06T13:41:32.115+0000] {taskinstance.py:340} INFO - ::group::Post task execution logs
[2025-05-06T13:41:32.116+0000] {taskinstance.py:352} INFO - Marking task as SUCCESS. dag_id=extract_raw_data_pipeline2, task_id=create_raw_table, run_id=manual__2025-05-06T13:38:02.447309+00:00, execution_date=20250506T133802, start_date=20250506T134131, end_date=20250506T134132
[2025-05-06T13:41:32.136+0000] {local_task_job_runner.py:266} INFO - Task exited with return code 0
[2025-05-06T13:41:32.160+0000] {taskinstance.py:3900} INFO - 1 downstream tasks scheduled from follow-on schedule check
[2025-05-06T13:41:32.161+0000] {local_task_job_runner.py:245} INFO - ::endgroup::
